ARM GAS  C:\Users\saman\AppData\Local\Temp\cc8Oz7d1.s 			page 1


   1              		.syntax unified
   2              		.cpu cortex-m3
   3              		.fpu softvfp
   4              		.eabi_attribute 20, 1
   5              		.eabi_attribute 21, 1
   6              		.eabi_attribute 23, 3
   7              		.eabi_attribute 24, 1
   8              		.eabi_attribute 25, 1
   9              		.eabi_attribute 26, 1
  10              		.eabi_attribute 30, 1
  11              		.eabi_attribute 34, 1
  12              		.eabi_attribute 18, 4
  13              		.thumb
  14              		.syntax unified
  15              		.file	"cymetadata.c"
  16              		.text
  17              	.Ltext0:
  18              		.cfi_sections	.debug_frame
  19              		.global	cy_metadata
  20              		.global	cy_meta_flashprotect
  21              		.global	cy_meta_wonvl
  22              		.global	cy_meta_custnvl
  23              		.global	cy_meta_configecc
  24              		.section	.cyconfigecc,"a",%progbits
  25              		.align	2
  26              		.type	cy_meta_configecc, %object
  27              		.size	cy_meta_configecc, 1432
  28              	cy_meta_configecc:
  29 0000 02       		.byte	2
  30 0001 4F       		.byte	79
  31 0002 00       		.byte	0
  32 0003 40       		.byte	64
  33 0004 02       		.byte	2
  34 0005 64       		.byte	100
  35 0006 00       		.byte	0
  36 0007 40       		.byte	64
  37 0008 02       		.byte	2
  38 0009 65       		.byte	101
  39 000a 00       		.byte	0
  40 000b 40       		.byte	64
  41 000c 01       		.byte	1
  42 000d 01       		.byte	1
  43 000e 01       		.byte	1
  44 000f 40       		.byte	64
  45 0010 02       		.byte	2
  46 0011 07       		.byte	7
  47 0012 01       		.byte	1
  48 0013 40       		.byte	64
  49 0014 4A       		.byte	74
  50 0015 08       		.byte	8
  51 0016 01       		.byte	1
  52 0017 40       		.byte	64
  53 0018 3F       		.byte	63
  54 0019 09       		.byte	9
  55 001a 01       		.byte	1
  56 001b 40       		.byte	64
  57 001c 66       		.byte	102
ARM GAS  C:\Users\saman\AppData\Local\Temp\cc8Oz7d1.s 			page 2


  58 001d 0A       		.byte	10
  59 001e 01       		.byte	1
  60 001f 40       		.byte	64
  61 0020 33       		.byte	51
  62 0021 0B       		.byte	11
  63 0022 01       		.byte	1
  64 0023 40       		.byte	64
  65 0024 01       		.byte	1
  66 0025 0D       		.byte	13
  67 0026 01       		.byte	1
  68 0027 40       		.byte	64
  69 0028 01       		.byte	1
  70 0029 0F       		.byte	15
  71 002a 01       		.byte	1
  72 002b 40       		.byte	64
  73 002c 01       		.byte	1
  74 002d 17       		.byte	23
  75 002e 01       		.byte	1
  76 002f 40       		.byte	64
  77 0030 0E       		.byte	14
  78 0031 18       		.byte	24
  79 0032 01       		.byte	1
  80 0033 40       		.byte	64
  81 0034 45       		.byte	69
  82 0035 19       		.byte	25
  83 0036 01       		.byte	1
  84 0037 40       		.byte	64
  85 0038 08       		.byte	8
  86 0039 1A       		.byte	26
  87 003a 01       		.byte	1
  88 003b 40       		.byte	64
  89 003c 43       		.byte	67
  90 003d 1B       		.byte	27
  91 003e 01       		.byte	1
  92 003f 40       		.byte	64
  93 0040 04       		.byte	4
  94 0041 40       		.byte	64
  95 0042 01       		.byte	1
  96 0043 40       		.byte	64
  97 0044 04       		.byte	4
  98 0045 41       		.byte	65
  99 0046 01       		.byte	1
 100 0047 40       		.byte	64
 101 0048 04       		.byte	4
 102 0049 42       		.byte	66
 103 004a 01       		.byte	1
 104 004b 40       		.byte	64
 105 004c 0A       		.byte	10
 106 004d 43       		.byte	67
 107 004e 01       		.byte	1
 108 004f 40       		.byte	64
 109 0050 02       		.byte	2
 110 0051 44       		.byte	68
 111 0052 01       		.byte	1
 112 0053 40       		.byte	64
 113 0054 01       		.byte	1
 114 0055 45       		.byte	69
ARM GAS  C:\Users\saman\AppData\Local\Temp\cc8Oz7d1.s 			page 3


 115 0056 01       		.byte	1
 116 0057 40       		.byte	64
 117 0058 01       		.byte	1
 118 0059 46       		.byte	70
 119 005a 01       		.byte	1
 120 005b 40       		.byte	64
 121 005c 03       		.byte	3
 122 005d 47       		.byte	71
 123 005e 01       		.byte	1
 124 005f 40       		.byte	64
 125 0060 01       		.byte	1
 126 0061 48       		.byte	72
 127 0062 01       		.byte	1
 128 0063 40       		.byte	64
 129 0064 01       		.byte	1
 130 0065 4C       		.byte	76
 131 0066 01       		.byte	1
 132 0067 40       		.byte	64
 133 0068 0B       		.byte	11
 134 0069 4D       		.byte	77
 135 006a 01       		.byte	1
 136 006b 40       		.byte	64
 137 006c 04       		.byte	4
 138 006d 50       		.byte	80
 139 006e 01       		.byte	1
 140 006f 40       		.byte	64
 141 0070 01       		.byte	1
 142 0071 51       		.byte	81
 143 0072 01       		.byte	1
 144 0073 40       		.byte	64
 145 0074 01       		.byte	1
 146 0075 20       		.byte	32
 147 0076 0A       		.byte	10
 148 0077 1B       		.byte	27
 149 0078 8A       		.byte	-118
 150 0079 0F       		.byte	15
 151 007a 8B       		.byte	-117
 152 007b 38       		.byte	56
 153 007c 89       		.byte	-119
 154 007d 0F       		.byte	15
 155 007e 8B       		.byte	-117
 156 007f 72       		.byte	114
 157 0080 E6       		.byte	-26
 158 0081 01       		.byte	1
 159 0082 E4       		.byte	-28
 160 0083 40       		.byte	64
 161 0084 E6       		.byte	-26
 162 0085 08       		.byte	8
 163 0086 01       		.byte	1
 164 0087 06       		.byte	6
 165 0088 03       		.byte	3
 166 0089 28       		.byte	40
 167 008a 04       		.byte	4
 168 008b 04       		.byte	4
 169 008c 06       		.byte	6
 170 008d 02       		.byte	2
 171 008e 09       		.byte	9
ARM GAS  C:\Users\saman\AppData\Local\Temp\cc8Oz7d1.s 			page 4


 172 008f 1C       		.byte	28
 173 0090 0A       		.byte	10
 174 0091 01       		.byte	1
 175 0092 10       		.byte	16
 176 0093 08       		.byte	8
 177 0094 15       		.byte	21
 178 0095 2A       		.byte	42
 179 0096 17       		.byte	23
 180 0097 14       		.byte	20
 181 0098 1A       		.byte	26
 182 0099 01       		.byte	1
 183 009a 24       		.byte	36
 184 009b 06       		.byte	6
 185 009c 25       		.byte	37
 186 009d 01       		.byte	1
 187 009e 28       		.byte	40
 188 009f 06       		.byte	6
 189 00a0 29       		.byte	41
 190 00a1 01       		.byte	1
 191 00a2 2C       		.byte	44
 192 00a3 02       		.byte	2
 193 00a4 2D       		.byte	45
 194 00a5 08       		.byte	8
 195 00a6 2E       		.byte	46
 196 00a7 04       		.byte	4
 197 00a8 2F       		.byte	47
 198 00a9 32       		.byte	50
 199 00aa 31       		.byte	49
 200 00ab 20       		.byte	32
 201 00ac 32       		.byte	50
 202 00ad 01       		.byte	1
 203 00ae 34       		.byte	52
 204 00af 06       		.byte	6
 205 00b0 35       		.byte	53
 206 00b1 1E       		.byte	30
 207 00b2 36       		.byte	54
 208 00b3 08       		.byte	8
 209 00b4 37       		.byte	55
 210 00b5 01       		.byte	1
 211 00b6 39       		.byte	57
 212 00b7 A0       		.byte	-96
 213 00b8 3E       		.byte	62
 214 00b9 44       		.byte	68
 215 00ba 3F       		.byte	63
 216 00bb 41       		.byte	65
 217 00bc 54       		.byte	84
 218 00bd 40       		.byte	64
 219 00be 58       		.byte	88
 220 00bf 04       		.byte	4
 221 00c0 59       		.byte	89
 222 00c1 04       		.byte	4
 223 00c2 5B       		.byte	91
 224 00c3 04       		.byte	4
 225 00c4 5C       		.byte	92
 226 00c5 01       		.byte	1
 227 00c6 5F       		.byte	95
 228 00c7 01       		.byte	1
ARM GAS  C:\Users\saman\AppData\Local\Temp\cc8Oz7d1.s 			page 5


 229 00c8 81       		.byte	-127
 230 00c9 4D       		.byte	77
 231 00ca 82       		.byte	-126
 232 00cb 80       		.byte	-128
 233 00cc 83       		.byte	-125
 234 00cd 30       		.byte	48
 235 00ce 84       		.byte	-124
 236 00cf 8D       		.byte	-115
 237 00d0 85       		.byte	-123
 238 00d1 08       		.byte	8
 239 00d2 87       		.byte	-121
 240 00d3 34       		.byte	52
 241 00d4 88       		.byte	-120
 242 00d5 02       		.byte	2
 243 00d6 8A       		.byte	-118
 244 00d7 0D       		.byte	13
 245 00d8 8B       		.byte	-117
 246 00d9 02       		.byte	2
 247 00da 8C       		.byte	-116
 248 00db 42       		.byte	66
 249 00dc 8E       		.byte	-114
 250 00dd 08       		.byte	8
 251 00de 90       		.byte	-112
 252 00df 0D       		.byte	13
 253 00e0 92       		.byte	-110
 254 00e1 80       		.byte	-128
 255 00e2 94       		.byte	-108
 256 00e3 40       		.byte	64
 257 00e4 95       		.byte	-107
 258 00e5 54       		.byte	84
 259 00e6 97       		.byte	-105
 260 00e7 2B       		.byte	43
 261 00e8 9C       		.byte	-100
 262 00e9 11       		.byte	17
 263 00ea 9E       		.byte	-98
 264 00eb 22       		.byte	34
 265 00ec A0       		.byte	-96
 266 00ed 8D       		.byte	-115
 267 00ee A4       		.byte	-92
 268 00ef 8D       		.byte	-115
 269 00f0 A8       		.byte	-88
 270 00f1 62       		.byte	98
 271 00f2 AA       		.byte	-86
 272 00f3 14       		.byte	20
 273 00f4 AC       		.byte	-84
 274 00f5 8D       		.byte	-115
 275 00f6 AD       		.byte	-83
 276 00f7 64       		.byte	100
 277 00f8 AF       		.byte	-81
 278 00f9 1B       		.byte	27
 279 00fa B2       		.byte	-78
 280 00fb 0F       		.byte	15
 281 00fc B3       		.byte	-77
 282 00fd 03       		.byte	3
 283 00fe B4       		.byte	-76
 284 00ff 80       		.byte	-128
 285 0100 B5       		.byte	-75
ARM GAS  C:\Users\saman\AppData\Local\Temp\cc8Oz7d1.s 			page 6


 286 0101 3C       		.byte	60
 287 0102 B6       		.byte	-74
 288 0103 70       		.byte	112
 289 0104 B7       		.byte	-73
 290 0105 40       		.byte	64
 291 0106 B8       		.byte	-72
 292 0107 02       		.byte	2
 293 0108 BA       		.byte	-70
 294 0109 88       		.byte	-120
 295 010a BB       		.byte	-69
 296 010b 20       		.byte	32
 297 010c BE       		.byte	-66
 298 010d 11       		.byte	17
 299 010e BF       		.byte	-65
 300 010f 40       		.byte	64
 301 0110 D4       		.byte	-44
 302 0111 09       		.byte	9
 303 0112 D8       		.byte	-40
 304 0113 04       		.byte	4
 305 0114 D9       		.byte	-39
 306 0115 04       		.byte	4
 307 0116 DB       		.byte	-37
 308 0117 04       		.byte	4
 309 0118 DF       		.byte	-33
 310 0119 01       		.byte	1
 311 011a 00       		.byte	0
 312 011b 08       		.byte	8
 313 011c 01       		.byte	1
 314 011d 80       		.byte	-128
 315 011e 02       		.byte	2
 316 011f 40       		.byte	64
 317 0120 03       		.byte	3
 318 0121 08       		.byte	8
 319 0122 04       		.byte	4
 320 0123 04       		.byte	4
 321 0124 06       		.byte	6
 322 0125 04       		.byte	4
 323 0126 09       		.byte	9
 324 0127 08       		.byte	8
 325 0128 0A       		.byte	10
 326 0129 50       		.byte	80
 327 012a 0B       		.byte	11
 328 012b 01       		.byte	1
 329 012c 0E       		.byte	14
 330 012d 88       		.byte	-120
 331 012e 10       		.byte	16
 332 012f A0       		.byte	-96
 333 0130 12       		.byte	18
 334 0131 08       		.byte	8
 335 0132 13       		.byte	19
 336 0133 80       		.byte	-128
 337 0134 15       		.byte	21
 338 0135 54       		.byte	84
 339 0136 19       		.byte	25
 340 0137 80       		.byte	-128
 341 0138 1A       		.byte	26
 342 0139 04       		.byte	4
ARM GAS  C:\Users\saman\AppData\Local\Temp\cc8Oz7d1.s 			page 7


 343 013a 1B       		.byte	27
 344 013b 09       		.byte	9
 345 013c 1C       		.byte	28
 346 013d 04       		.byte	4
 347 013e 1D       		.byte	29
 348 013f 10       		.byte	16
 349 0140 1F       		.byte	31
 350 0141 84       		.byte	-124
 351 0142 22       		.byte	34
 352 0143 80       		.byte	-128
 353 0144 23       		.byte	35
 354 0145 14       		.byte	20
 355 0146 25       		.byte	37
 356 0147 10       		.byte	16
 357 0148 27       		.byte	39
 358 0149 42       		.byte	66
 359 014a 29       		.byte	41
 360 014b 80       		.byte	-128
 361 014c 2C       		.byte	44
 362 014d 10       		.byte	16
 363 014e 2D       		.byte	45
 364 014f 80       		.byte	-128
 365 0150 2E       		.byte	46
 366 0151 20       		.byte	32
 367 0152 32       		.byte	50
 368 0153 08       		.byte	8
 369 0154 36       		.byte	54
 370 0155 08       		.byte	8
 371 0156 3B       		.byte	59
 372 0157 15       		.byte	21
 373 0158 3D       		.byte	61
 374 0159 20       		.byte	32
 375 015a 3F       		.byte	63
 376 015b 01       		.byte	1
 377 015c 42       		.byte	66
 378 015d 0C       		.byte	12
 379 015e 59       		.byte	89
 380 015f 05       		.byte	5
 381 0160 5A       		.byte	90
 382 0161 10       		.byte	16
 383 0162 5B       		.byte	91
 384 0163 40       		.byte	64
 385 0164 62       		.byte	98
 386 0165 80       		.byte	-128
 387 0166 66       		.byte	102
 388 0167 58       		.byte	88
 389 0168 87       		.byte	-121
 390 0169 01       		.byte	1
 391 016a 8E       		.byte	-114
 392 016b 20       		.byte	32
 393 016c 8F       		.byte	-113
 394 016d 80       		.byte	-128
 395 016e 95       		.byte	-107
 396 016f 54       		.byte	84
 397 0170 97       		.byte	-105
 398 0171 18       		.byte	24
 399 0172 9C       		.byte	-100
ARM GAS  C:\Users\saman\AppData\Local\Temp\cc8Oz7d1.s 			page 8


 400 0173 02       		.byte	2
 401 0174 9D       		.byte	-99
 402 0175 10       		.byte	16
 403 0176 9F       		.byte	-97
 404 0177 02       		.byte	2
 405 0178 A2       		.byte	-94
 406 0179 40       		.byte	64
 407 017a A3       		.byte	-93
 408 017b 10       		.byte	16
 409 017c A6       		.byte	-90
 410 017d 01       		.byte	1
 411 017e AF       		.byte	-81
 412 017f 10       		.byte	16
 413 0180 B4       		.byte	-76
 414 0181 02       		.byte	2
 415 0182 B7       		.byte	-73
 416 0183 08       		.byte	8
 417 0184 C0       		.byte	-64
 418 0185 6F       		.byte	111
 419 0186 C2       		.byte	-62
 420 0187 5D       		.byte	93
 421 0188 C4       		.byte	-60
 422 0189 EF       		.byte	-17
 423 018a CA       		.byte	-54
 424 018b 78       		.byte	120
 425 018c CC       		.byte	-52
 426 018d 42       		.byte	66
 427 018e CE       		.byte	-50
 428 018f A7       		.byte	-89
 429 0190 D6       		.byte	-42
 430 0191 0F       		.byte	15
 431 0192 D8       		.byte	-40
 432 0193 78       		.byte	120
 433 0194 E4       		.byte	-28
 434 0195 40       		.byte	64
 435 0196 E8       		.byte	-24
 436 0197 08       		.byte	8
 437 0198 02       		.byte	2
 438 0199 08       		.byte	8
 439 019a 04       		.byte	4
 440 019b E0       		.byte	-32
 441 019c 08       		.byte	8
 442 019d E0       		.byte	-32
 443 019e 0C       		.byte	12
 444 019f 40       		.byte	64
 445 01a0 0E       		.byte	14
 446 01a1 20       		.byte	32
 447 01a2 10       		.byte	16
 448 01a3 13       		.byte	19
 449 01a4 12       		.byte	18
 450 01a5 0C       		.byte	12
 451 01a6 14       		.byte	20
 452 01a7 13       		.byte	19
 453 01a8 16       		.byte	22
 454 01a9 04       		.byte	4
 455 01aa 18       		.byte	24
 456 01ab 20       		.byte	32
ARM GAS  C:\Users\saman\AppData\Local\Temp\cc8Oz7d1.s 			page 9


 457 01ac 1A       		.byte	26
 458 01ad C0       		.byte	-64
 459 01ae 20       		.byte	32
 460 01af 80       		.byte	-128
 461 01b0 22       		.byte	34
 462 01b1 20       		.byte	32
 463 01b2 25       		.byte	37
 464 01b3 01       		.byte	1
 465 01b4 26       		.byte	38
 466 01b5 15       		.byte	21
 467 01b6 28       		.byte	40
 468 01b7 03       		.byte	3
 469 01b8 2A       		.byte	42
 470 01b9 14       		.byte	20
 471 01ba 2C       		.byte	44
 472 01bb 0A       		.byte	10
 473 01bc 2E       		.byte	46
 474 01bd 14       		.byte	20
 475 01be 30       		.byte	48
 476 01bf 0F       		.byte	15
 477 01c0 33       		.byte	51
 478 01c1 01       		.byte	1
 479 01c2 34       		.byte	52
 480 01c3 E0       		.byte	-32
 481 01c4 36       		.byte	54
 482 01c5 10       		.byte	16
 483 01c6 3A       		.byte	58
 484 01c7 02       		.byte	2
 485 01c8 3E       		.byte	62
 486 01c9 40       		.byte	64
 487 01ca 3F       		.byte	63
 488 01cb 04       		.byte	4
 489 01cc 40       		.byte	64
 490 01cd 12       		.byte	18
 491 01ce 41       		.byte	65
 492 01cf 03       		.byte	3
 493 01d0 45       		.byte	69
 494 01d1 EE       		.byte	-18
 495 01d2 46       		.byte	70
 496 01d3 B0       		.byte	-80
 497 01d4 47       		.byte	71
 498 01d5 0C       		.byte	12
 499 01d6 48       		.byte	72
 500 01d7 1B       		.byte	27
 501 01d8 49       		.byte	73
 502 01d9 FF       		.byte	-1
 503 01da 4A       		.byte	74
 504 01db FF       		.byte	-1
 505 01dc 4B       		.byte	75
 506 01dd FF       		.byte	-1
 507 01de 4E       		.byte	78
 508 01df F0       		.byte	-16
 509 01e0 4F       		.byte	79
 510 01e1 44       		.byte	68
 511 01e2 50       		.byte	80
 512 01e3 0C       		.byte	12
 513 01e4 54       		.byte	84
ARM GAS  C:\Users\saman\AppData\Local\Temp\cc8Oz7d1.s 			page 10


 514 01e5 01       		.byte	1
 515 01e6 58       		.byte	88
 516 01e7 04       		.byte	4
 517 01e8 59       		.byte	89
 518 01e9 04       		.byte	4
 519 01ea 5A       		.byte	90
 520 01eb 04       		.byte	4
 521 01ec 5B       		.byte	91
 522 01ed 04       		.byte	4
 523 01ee 5C       		.byte	92
 524 01ef 01       		.byte	1
 525 01f0 5D       		.byte	93
 526 01f1 11       		.byte	17
 527 01f2 5F       		.byte	95
 528 01f3 01       		.byte	1
 529 01f4 66       		.byte	102
 530 01f5 C0       		.byte	-64
 531 01f6 6A       		.byte	106
 532 01f7 40       		.byte	64
 533 01f8 6B       		.byte	107
 534 01f9 02       		.byte	2
 535 01fa 80       		.byte	-128
 536 01fb 09       		.byte	9
 537 01fc 82       		.byte	-126
 538 01fd 10       		.byte	16
 539 01fe 83       		.byte	-125
 540 01ff 08       		.byte	8
 541 0200 86       		.byte	-122
 542 0201 20       		.byte	32
 543 0202 88       		.byte	-120
 544 0203 14       		.byte	20
 545 0204 89       		.byte	-119
 546 0205 40       		.byte	64
 547 0206 8B       		.byte	-117
 548 0207 03       		.byte	3
 549 0208 8C       		.byte	-116
 550 0209 10       		.byte	16
 551 020a 92       		.byte	-110
 552 020b 03       		.byte	3
 553 020c 95       		.byte	-107
 554 020d 1C       		.byte	28
 555 020e 97       		.byte	-105
 556 020f 23       		.byte	35
 557 0210 99       		.byte	-103
 558 0211 21       		.byte	33
 559 0212 9B       		.byte	-101
 560 0213 0E       		.byte	14
 561 0214 9C       		.byte	-100
 562 0215 70       		.byte	112
 563 0216 9E       		.byte	-98
 564 0217 0C       		.byte	12
 565 0218 9F       		.byte	-97
 566 0219 1C       		.byte	28
 567 021a A4       		.byte	-92
 568 021b 5C       		.byte	92
 569 021c A6       		.byte	-90
 570 021d 02       		.byte	2
ARM GAS  C:\Users\saman\AppData\Local\Temp\cc8Oz7d1.s 			page 11


 571 021e A8       		.byte	-88
 572 021f 6C       		.byte	108
 573 0220 AA       		.byte	-86
 574 0221 11       		.byte	17
 575 0222 AD       		.byte	-83
 576 0223 21       		.byte	33
 577 0224 AF       		.byte	-81
 578 0225 16       		.byte	22
 579 0226 B0       		.byte	-80
 580 0227 1F       		.byte	31
 581 0228 B1       		.byte	-79
 582 0229 60       		.byte	96
 583 022a B3       		.byte	-77
 584 022b 1A       		.byte	26
 585 022c B5       		.byte	-75
 586 022d 0F       		.byte	15
 587 022e B6       		.byte	-74
 588 022f 60       		.byte	96
 589 0230 B8       		.byte	-72
 590 0231 80       		.byte	-128
 591 0232 B9       		.byte	-71
 592 0233 02       		.byte	2
 593 0234 BB       		.byte	-69
 594 0235 28       		.byte	40
 595 0236 BE       		.byte	-66
 596 0237 40       		.byte	64
 597 0238 C0       		.byte	-64
 598 0239 01       		.byte	1
 599 023a C7       		.byte	-57
 600 023b 40       		.byte	64
 601 023c C9       		.byte	-55
 602 023d FF       		.byte	-1
 603 023e CA       		.byte	-54
 604 023f 07       		.byte	7
 605 0240 CB       		.byte	-53
 606 0241 FF       		.byte	-1
 607 0242 CC       		.byte	-52
 608 0243 40       		.byte	64
 609 0244 CD       		.byte	-51
 610 0245 20       		.byte	32
 611 0246 CE       		.byte	-50
 612 0247 F0       		.byte	-16
 613 0248 CF       		.byte	-49
 614 0249 05       		.byte	5
 615 024a D0       		.byte	-48
 616 024b 08       		.byte	8
 617 024c D4       		.byte	-44
 618 024d 18       		.byte	24
 619 024e D8       		.byte	-40
 620 024f 04       		.byte	4
 621 0250 D9       		.byte	-39
 622 0251 04       		.byte	4
 623 0252 DA       		.byte	-38
 624 0253 04       		.byte	4
 625 0254 DB       		.byte	-37
 626 0255 04       		.byte	4
 627 0256 DC       		.byte	-36
ARM GAS  C:\Users\saman\AppData\Local\Temp\cc8Oz7d1.s 			page 12


 628 0257 11       		.byte	17
 629 0258 DD       		.byte	-35
 630 0259 11       		.byte	17
 631 025a DF       		.byte	-33
 632 025b 01       		.byte	1
 633 025c E0       		.byte	-32
 634 025d 40       		.byte	64
 635 025e E1       		.byte	-31
 636 025f A8       		.byte	-88
 637 0260 E2       		.byte	-30
 638 0261 40       		.byte	64
 639 0262 E3       		.byte	-29
 640 0263 20       		.byte	32
 641 0264 01       		.byte	1
 642 0265 54       		.byte	84
 643 0266 03       		.byte	3
 644 0267 40       		.byte	64
 645 0268 04       		.byte	4
 646 0269 20       		.byte	32
 647 026a 06       		.byte	6
 648 026b 21       		.byte	33
 649 026c 07       		.byte	7
 650 026d 40       		.byte	64
 651 026e 09       		.byte	9
 652 026f 04       		.byte	4
 653 0270 0A       		.byte	10
 654 0271 44       		.byte	68
 655 0272 0D       		.byte	13
 656 0273 40       		.byte	64
 657 0274 0E       		.byte	14
 658 0275 80       		.byte	-128
 659 0276 0F       		.byte	15
 660 0277 02       		.byte	2
 661 0278 10       		.byte	16
 662 0279 2A       		.byte	42
 663 027a 12       		.byte	18
 664 027b 80       		.byte	-128
 665 027c 13       		.byte	19
 666 027d 20       		.byte	32
 667 027e 17       		.byte	23
 668 027f 18       		.byte	24
 669 0280 19       		.byte	25
 670 0281 40       		.byte	64
 671 0282 1A       		.byte	26
 672 0283 44       		.byte	68
 673 0284 1B       		.byte	27
 674 0285 11       		.byte	17
 675 0286 1D       		.byte	29
 676 0287 80       		.byte	-128
 677 0288 1E       		.byte	30
 678 0289 80       		.byte	-128
 679 028a 22       		.byte	34
 680 028b 04       		.byte	4
 681 028c 25       		.byte	37
 682 028d 0C       		.byte	12
 683 028e 27       		.byte	39
 684 028f 58       		.byte	88
ARM GAS  C:\Users\saman\AppData\Local\Temp\cc8Oz7d1.s 			page 13


 685 0290 29       		.byte	41
 686 0291 08       		.byte	8
 687 0292 2E       		.byte	46
 688 0293 40       		.byte	64
 689 0294 37       		.byte	55
 690 0295 58       		.byte	88
 691 0296 3E       		.byte	62
 692 0297 22       		.byte	34
 693 0298 41       		.byte	65
 694 0299 68       		.byte	104
 695 029a 45       		.byte	69
 696 029b 80       		.byte	-128
 697 029c 49       		.byte	73
 698 029d 09       		.byte	9
 699 029e 50       		.byte	80
 700 029f 18       		.byte	24
 701 02a0 54       		.byte	84
 702 02a1 20       		.byte	32
 703 02a2 55       		.byte	85
 704 02a3 20       		.byte	32
 705 02a4 56       		.byte	86
 706 02a5 23       		.byte	35
 707 02a6 59       		.byte	89
 708 02a7 41       		.byte	65
 709 02a8 5A       		.byte	90
 710 02a9 08       		.byte	8
 711 02aa 5B       		.byte	91
 712 02ab 20       		.byte	32
 713 02ac 5E       		.byte	94
 714 02ad 02       		.byte	2
 715 02ae 64       		.byte	100
 716 02af 02       		.byte	2
 717 02b0 67       		.byte	103
 718 02b1 08       		.byte	8
 719 02b2 8D       		.byte	-115
 720 02b3 10       		.byte	16
 721 02b4 8E       		.byte	-114
 722 02b5 80       		.byte	-128
 723 02b6 9F       		.byte	-97
 724 02b7 02       		.byte	2
 725 02b8 C0       		.byte	-64
 726 02b9 FF       		.byte	-1
 727 02ba C2       		.byte	-62
 728 02bb 9E       		.byte	-98
 729 02bc C4       		.byte	-60
 730 02bd 6F       		.byte	111
 731 02be CA       		.byte	-54
 732 02bf 12       		.byte	18
 733 02c0 CC       		.byte	-52
 734 02c1 70       		.byte	112
 735 02c2 CE       		.byte	-50
 736 02c3 A0       		.byte	-96
 737 02c4 D0       		.byte	-48
 738 02c5 1E       		.byte	30
 739 02c6 D6       		.byte	-42
 740 02c7 8F       		.byte	-113
 741 02c8 D8       		.byte	-40
ARM GAS  C:\Users\saman\AppData\Local\Temp\cc8Oz7d1.s 			page 14


 742 02c9 30       		.byte	48
 743 02ca 9F       		.byte	-97
 744 02cb 02       		.byte	2
 745 02cc 83       		.byte	-125
 746 02cd 02       		.byte	2
 747 02ce E8       		.byte	-24
 748 02cf 20       		.byte	32
 749 02d0 06       		.byte	6
 750 02d1 07       		.byte	7
 751 02d2 08       		.byte	8
 752 02d3 04       		.byte	4
 753 02d4 0E       		.byte	14
 754 02d5 07       		.byte	7
 755 02d6 12       		.byte	18
 756 02d7 06       		.byte	6
 757 02d8 14       		.byte	20
 758 02d9 06       		.byte	6
 759 02da 18       		.byte	24
 760 02db 07       		.byte	7
 761 02dc 24       		.byte	36
 762 02dd 07       		.byte	7
 763 02de 2C       		.byte	44
 764 02df 02       		.byte	2
 765 02e0 30       		.byte	48
 766 02e1 06       		.byte	6
 767 02e2 34       		.byte	52
 768 02e3 01       		.byte	1
 769 02e4 38       		.byte	56
 770 02e5 20       		.byte	32
 771 02e6 58       		.byte	88
 772 02e7 04       		.byte	4
 773 02e8 5C       		.byte	92
 774 02e9 01       		.byte	1
 775 02ea 5F       		.byte	95
 776 02eb 01       		.byte	1
 777 02ec 01       		.byte	1
 778 02ed 88       		.byte	-120
 779 02ee 02       		.byte	2
 780 02ef 80       		.byte	-128
 781 02f0 03       		.byte	3
 782 02f1 08       		.byte	8
 783 02f2 04       		.byte	4
 784 02f3 40       		.byte	64
 785 02f4 05       		.byte	5
 786 02f5 10       		.byte	16
 787 02f6 07       		.byte	7
 788 02f7 14       		.byte	20
 789 02f8 0A       		.byte	10
 790 02f9 40       		.byte	64
 791 02fa 0B       		.byte	11
 792 02fb 12       		.byte	18
 793 02fc 0D       		.byte	13
 794 02fd 20       		.byte	32
 795 02fe 0F       		.byte	15
 796 02ff A0       		.byte	-96
 797 0300 10       		.byte	16
 798 0301 28       		.byte	40
ARM GAS  C:\Users\saman\AppData\Local\Temp\cc8Oz7d1.s 			page 15


 799 0302 11       		.byte	17
 800 0303 01       		.byte	1
 801 0304 12       		.byte	18
 802 0305 02       		.byte	2
 803 0306 14       		.byte	20
 804 0307 10       		.byte	16
 805 0308 15       		.byte	21
 806 0309 40       		.byte	64
 807 030a 18       		.byte	24
 808 030b 04       		.byte	4
 809 030c 19       		.byte	25
 810 030d 01       		.byte	1
 811 030e 1B       		.byte	27
 812 030f 08       		.byte	8
 813 0310 1E       		.byte	30
 814 0311 08       		.byte	8
 815 0312 1F       		.byte	31
 816 0313 02       		.byte	2
 817 0314 21       		.byte	33
 818 0315 C0       		.byte	-64
 819 0316 22       		.byte	34
 820 0317 8B       		.byte	-117
 821 0318 23       		.byte	35
 822 0319 11       		.byte	17
 823 031a 29       		.byte	41
 824 031b 80       		.byte	-128
 825 031c 2A       		.byte	42
 826 031d 02       		.byte	2
 827 031e 30       		.byte	48
 828 031f 28       		.byte	40
 829 0320 32       		.byte	50
 830 0321 41       		.byte	65
 831 0322 39       		.byte	57
 832 0323 89       		.byte	-119
 833 0324 3B       		.byte	59
 834 0325 10       		.byte	16
 835 0326 40       		.byte	64
 836 0327 04       		.byte	4
 837 0328 41       		.byte	65
 838 0329 80       		.byte	-128
 839 032a 49       		.byte	73
 840 032b 84       		.byte	-124
 841 032c 4A       		.byte	74
 842 032d 08       		.byte	8
 843 032e 4B       		.byte	75
 844 032f 02       		.byte	2
 845 0330 51       		.byte	81
 846 0331 0C       		.byte	12
 847 0332 52       		.byte	82
 848 0333 50       		.byte	80
 849 0334 63       		.byte	99
 850 0335 04       		.byte	4
 851 0336 68       		.byte	104
 852 0337 2C       		.byte	44
 853 0338 69       		.byte	105
 854 0339 01       		.byte	1
 855 033a 6A       		.byte	106
ARM GAS  C:\Users\saman\AppData\Local\Temp\cc8Oz7d1.s 			page 16


 856 033b C0       		.byte	-64
 857 033c 6B       		.byte	107
 858 033d 80       		.byte	-128
 859 033e 70       		.byte	112
 860 033f 80       		.byte	-128
 861 0340 72       		.byte	114
 862 0341 02       		.byte	2
 863 0342 7A       		.byte	122
 864 0343 01       		.byte	1
 865 0344 7B       		.byte	123
 866 0345 02       		.byte	2
 867 0346 93       		.byte	-109
 868 0347 04       		.byte	4
 869 0348 95       		.byte	-107
 870 0349 54       		.byte	84
 871 034a 96       		.byte	-106
 872 034b 40       		.byte	64
 873 034c 97       		.byte	-105
 874 034d 01       		.byte	1
 875 034e 99       		.byte	-103
 876 034f 90       		.byte	-112
 877 0350 9C       		.byte	-100
 878 0351 02       		.byte	2
 879 0352 9D       		.byte	-99
 880 0353 05       		.byte	5
 881 0354 9E       		.byte	-98
 882 0355 54       		.byte	84
 883 0356 9F       		.byte	-97
 884 0357 80       		.byte	-128
 885 0358 A3       		.byte	-93
 886 0359 10       		.byte	16
 887 035a A4       		.byte	-92
 888 035b A4       		.byte	-92
 889 035c A5       		.byte	-91
 890 035d 08       		.byte	8
 891 035e A6       		.byte	-90
 892 035f 0D       		.byte	13
 893 0360 B0       		.byte	-80
 894 0361 10       		.byte	16
 895 0362 C0       		.byte	-64
 896 0363 EF       		.byte	-17
 897 0364 C2       		.byte	-62
 898 0365 7D       		.byte	125
 899 0366 C4       		.byte	-60
 900 0367 AF       		.byte	-81
 901 0368 CA       		.byte	-54
 902 0369 09       		.byte	9
 903 036a CC       		.byte	-52
 904 036b 0F       		.byte	15
 905 036c CE       		.byte	-50
 906 036d 0F       		.byte	15
 907 036e D0       		.byte	-48
 908 036f 0C       		.byte	12
 909 0370 D2       		.byte	-46
 910 0371 0C       		.byte	12
 911 0372 D8       		.byte	-40
 912 0373 04       		.byte	4
ARM GAS  C:\Users\saman\AppData\Local\Temp\cc8Oz7d1.s 			page 17


 913 0374 E8       		.byte	-24
 914 0375 20       		.byte	32
 915 0376 24       		.byte	36
 916 0377 01       		.byte	1
 917 0378 28       		.byte	40
 918 0379 01       		.byte	1
 919 037a 2C       		.byte	44
 920 037b 01       		.byte	1
 921 037c 36       		.byte	54
 922 037d 01       		.byte	1
 923 037e 3A       		.byte	58
 924 037f 02       		.byte	2
 925 0380 58       		.byte	88
 926 0381 04       		.byte	4
 927 0382 5C       		.byte	92
 928 0383 01       		.byte	1
 929 0384 5F       		.byte	95
 930 0385 01       		.byte	1
 931 0386 04       		.byte	4
 932 0387 40       		.byte	64
 933 0388 05       		.byte	5
 934 0389 01       		.byte	1
 935 038a 07       		.byte	7
 936 038b 28       		.byte	40
 937 038c 0C       		.byte	12
 938 038d 10       		.byte	16
 939 038e 0E       		.byte	14
 940 038f 04       		.byte	4
 941 0390 0F       		.byte	15
 942 0391 A0       		.byte	-96
 943 0392 10       		.byte	16
 944 0393 02       		.byte	2
 945 0394 11       		.byte	17
 946 0395 14       		.byte	20
 947 0396 15       		.byte	21
 948 0397 40       		.byte	64
 949 0398 17       		.byte	23
 950 0399 16       		.byte	22
 951 039a 19       		.byte	25
 952 039b 01       		.byte	1
 953 039c 1B       		.byte	27
 954 039d 40       		.byte	64
 955 039e 1C       		.byte	28
 956 039f 40       		.byte	64
 957 03a0 1D       		.byte	29
 958 03a1 80       		.byte	-128
 959 03a2 1E       		.byte	30
 960 03a3 24       		.byte	36
 961 03a4 1F       		.byte	31
 962 03a5 02       		.byte	2
 963 03a6 25       		.byte	37
 964 03a7 01       		.byte	1
 965 03a8 26       		.byte	38
 966 03a9 24       		.byte	36
 967 03aa 27       		.byte	39
 968 03ab 11       		.byte	17
 969 03ac 2C       		.byte	44
ARM GAS  C:\Users\saman\AppData\Local\Temp\cc8Oz7d1.s 			page 18


 970 03ad 84       		.byte	-124
 971 03ae 2E       		.byte	46
 972 03af 04       		.byte	4
 973 03b0 2F       		.byte	47
 974 03b1 02       		.byte	2
 975 03b2 34       		.byte	52
 976 03b3 20       		.byte	32
 977 03b4 36       		.byte	54
 978 03b5 84       		.byte	-124
 979 03b6 37       		.byte	55
 980 03b7 01       		.byte	1
 981 03b8 3D       		.byte	61
 982 03b9 02       		.byte	2
 983 03ba 3E       		.byte	62
 984 03bb 28       		.byte	40
 985 03bc 3F       		.byte	63
 986 03bd 80       		.byte	-128
 987 03be 44       		.byte	68
 988 03bf 14       		.byte	20
 989 03c0 45       		.byte	69
 990 03c1 A0       		.byte	-96
 991 03c2 47       		.byte	71
 992 03c3 01       		.byte	1
 993 03c4 4E       		.byte	78
 994 03c5 80       		.byte	-128
 995 03c6 4F       		.byte	79
 996 03c7 80       		.byte	-128
 997 03c8 56       		.byte	86
 998 03c9 04       		.byte	4
 999 03ca 5E       		.byte	94
 1000 03cb 20       		.byte	32
 1001 03cc 6C       		.byte	108
 1002 03cd 02       		.byte	2
 1003 03ce 6D       		.byte	109
 1004 03cf 14       		.byte	20
 1005 03d0 74       		.byte	116
 1006 03d1 80       		.byte	-128
 1007 03d2 76       		.byte	118
 1008 03d3 28       		.byte	40
 1009 03d4 77       		.byte	119
 1010 03d5 2A       		.byte	42
 1011 03d6 80       		.byte	-128
 1012 03d7 02       		.byte	2
 1013 03d8 81       		.byte	-127
 1014 03d9 21       		.byte	33
 1015 03da 82       		.byte	-126
 1016 03db 20       		.byte	32
 1017 03dc 8C       		.byte	-116
 1018 03dd 20       		.byte	32
 1019 03de 8D       		.byte	-115
 1020 03df 40       		.byte	64
 1021 03e0 94       		.byte	-108
 1022 03e1 40       		.byte	64
 1023 03e2 95       		.byte	-107
 1024 03e3 54       		.byte	84
 1025 03e4 9B       		.byte	-101
 1026 03e5 04       		.byte	4
ARM GAS  C:\Users\saman\AppData\Local\Temp\cc8Oz7d1.s 			page 19


 1027 03e6 9C       		.byte	-100
 1028 03e7 12       		.byte	18
 1029 03e8 9E       		.byte	-98
 1030 03e9 04       		.byte	4
 1031 03ea 9F       		.byte	-97
 1032 03eb 10       		.byte	16
 1033 03ec A3       		.byte	-93
 1034 03ed 10       		.byte	16
 1035 03ee A5       		.byte	-91
 1036 03ef 20       		.byte	32
 1037 03f0 A7       		.byte	-89
 1038 03f1 40       		.byte	64
 1039 03f2 AB       		.byte	-85
 1040 03f3 08       		.byte	8
 1041 03f4 B5       		.byte	-75
 1042 03f5 08       		.byte	8
 1043 03f6 B6       		.byte	-74
 1044 03f7 02       		.byte	2
 1045 03f8 C0       		.byte	-64
 1046 03f9 F0       		.byte	-16
 1047 03fa C2       		.byte	-62
 1048 03fb 70       		.byte	112
 1049 03fc C4       		.byte	-60
 1050 03fd F7       		.byte	-9
 1051 03fe CA       		.byte	-54
 1052 03ff F0       		.byte	-16
 1053 0400 CC       		.byte	-52
 1054 0401 F0       		.byte	-16
 1055 0402 CE       		.byte	-50
 1056 0403 F0       		.byte	-16
 1057 0404 D0       		.byte	-48
 1058 0405 F0       		.byte	-16
 1059 0406 D2       		.byte	-46
 1060 0407 10       		.byte	16
 1061 0408 D6       		.byte	-42
 1062 0409 20       		.byte	32
 1063 040a EC       		.byte	-20
 1064 040b 01       		.byte	1
 1065 040c 32       		.byte	50
 1066 040d 40       		.byte	64
 1067 040e 82       		.byte	-126
 1068 040f 40       		.byte	64
 1069 0410 CC       		.byte	-52
 1070 0411 10       		.byte	16
 1071 0412 E6       		.byte	-26
 1072 0413 80       		.byte	-128
 1073 0414 04       		.byte	4
 1074 0415 20       		.byte	32
 1075 0416 08       		.byte	8
 1076 0417 02       		.byte	2
 1077 0418 C0       		.byte	-64
 1078 0419 80       		.byte	-128
 1079 041a C2       		.byte	-62
 1080 041b 10       		.byte	16
 1081 041c 53       		.byte	83
 1082 041d 08       		.byte	8
 1083 041e 90       		.byte	-112
ARM GAS  C:\Users\saman\AppData\Local\Temp\cc8Oz7d1.s 			page 20


 1084 041f 20       		.byte	32
 1085 0420 98       		.byte	-104
 1086 0421 02       		.byte	2
 1087 0422 D4       		.byte	-44
 1088 0423 20       		.byte	32
 1089 0424 1B       		.byte	27
 1090 0425 08       		.byte	8
 1091 0426 60       		.byte	96
 1092 0427 08       		.byte	8
 1093 0428 84       		.byte	-124
 1094 0429 08       		.byte	8
 1095 042a 8C       		.byte	-116
 1096 042b 10       		.byte	16
 1097 042c 90       		.byte	-112
 1098 042d 20       		.byte	32
 1099 042e 98       		.byte	-104
 1100 042f 02       		.byte	2
 1101 0430 A7       		.byte	-89
 1102 0431 08       		.byte	8
 1103 0432 C6       		.byte	-58
 1104 0433 10       		.byte	16
 1105 0434 D8       		.byte	-40
 1106 0435 40       		.byte	64
 1107 0436 E6       		.byte	-26
 1108 0437 10       		.byte	16
 1109 0438 72       		.byte	114
 1110 0439 20       		.byte	32
 1111 043a DC       		.byte	-36
 1112 043b 01       		.byte	1
 1113 043c 9E       		.byte	-98
 1114 043d 20       		.byte	32
 1115 043e 9E       		.byte	-98
 1116 043f 20       		.byte	32
 1117 0440 8F       		.byte	-113
 1118 0441 01       		.byte	1
 1119 0442 AE       		.byte	-82
 1120 0443 20       		.byte	32
 1121 0444 E0       		.byte	-32
 1122 0445 02       		.byte	2
 1123 0446 B0       		.byte	-80
 1124 0447 02       		.byte	2
 1125 0448 93       		.byte	-109
 1126 0449 02       		.byte	2
 1127 044a 12       		.byte	18
 1128 044b 80       		.byte	-128
 1129 044c 70       		.byte	112
 1130 044d 04       		.byte	4
 1131 044e 7F       		.byte	127
 1132 044f 01       		.byte	1
 1133 0450 8E       		.byte	-114
 1134 0451 80       		.byte	-128
 1135 0452 90       		.byte	-112
 1136 0453 08       		.byte	8
 1137 0454 93       		.byte	-109
 1138 0455 02       		.byte	2
 1139 0456 A8       		.byte	-88
 1140 0457 04       		.byte	4
ARM GAS  C:\Users\saman\AppData\Local\Temp\cc8Oz7d1.s 			page 21


 1141 0458 C4       		.byte	-60
 1142 0459 08       		.byte	8
 1143 045a DC       		.byte	-36
 1144 045b 01       		.byte	1
 1145 045c DE       		.byte	-34
 1146 045d 04       		.byte	4
 1147 045e E2       		.byte	-30
 1148 045f 02       		.byte	2
 1149 0460 00       		.byte	0
 1150 0461 03       		.byte	3
 1151 0462 0C       		.byte	12
 1152 0463 03       		.byte	3
 1153 0464 10       		.byte	16
 1154 0465 03       		.byte	3
 1155 0466 1C       		.byte	28
 1156 0467 03       		.byte	3
 1157 0468 00       		.byte	0
 1158 0469 03       		.byte	3
 1159 046a 00       		.byte	0
 1160 046b 00       		.byte	0
 1161 046c 80       		.byte	-128
 1162 046d A4       		.byte	-92
 1163 046e 00       		.byte	0
 1164 046f 00       		.byte	0
 1165 0470 40       		.byte	64
 1166 0471 00       		.byte	0
 1167 0472 00       		.byte	0
 1168 0473 00       		.byte	0
 1169 0474 07       		.byte	7
 1170 0475 9A       		.byte	-102
 1171 0476 38       		.byte	56
 1172 0477 00       		.byte	0
 1173 0478 84       		.byte	-124
 1174 0479 02       		.byte	2
 1175 047a 00       		.byte	0
 1176 047b 00       		.byte	0
 1177 047c 01       		.byte	1
 1178 047d 21       		.byte	33
 1179 047e 00       		.byte	0
 1180 047f D8       		.byte	-40
 1181 0480 56       		.byte	86
 1182 0481 13       		.byte	19
 1183 0482 09       		.byte	9
 1184 0483 64       		.byte	100
 1185 0484 04       		.byte	4
 1186 0485 38       		.byte	56
 1187 0486 80       		.byte	-128
 1188 0487 C0       		.byte	-64
 1189 0488 0A       		.byte	10
 1190 0489 02       		.byte	2
 1191 048a 10       		.byte	16
 1192 048b 98       		.byte	-104
 1193 048c 00       		.byte	0
 1194 048d 98       		.byte	-104
 1195 048e 00       		.byte	0
 1196 048f 02       		.byte	2
 1197 0490 60       		.byte	96
ARM GAS  C:\Users\saman\AppData\Local\Temp\cc8Oz7d1.s 			page 22


 1198 0491 98       		.byte	-104
 1199 0492 00       		.byte	0
 1200 0493 02       		.byte	2
 1201 0494 84       		.byte	-124
 1202 0495 9A       		.byte	-102
 1203 0496 00       		.byte	0
 1204 0497 00       		.byte	0
 1205 0498 84       		.byte	-124
 1206 0499 00       		.byte	0
 1207 049a 00       		.byte	0
 1208 049b 00       		.byte	0
 1209 049c 80       		.byte	-128
 1210 049d 00       		.byte	0
 1211 049e 04       		.byte	4
 1212 049f 00       		.byte	0
 1213 04a0 04       		.byte	4
 1214 04a1 FC       		.byte	-4
 1215 04a2 00       		.byte	0
 1216 04a3 03       		.byte	3
 1217 04a4 80       		.byte	-128
 1218 04a5 E0       		.byte	-32
 1219 04a6 7F       		.byte	127
 1220 04a7 0F       		.byte	15
 1221 04a8 80       		.byte	-128
 1222 04a9 00       		.byte	0
 1223 04aa 00       		.byte	0
 1224 04ab 13       		.byte	19
 1225 04ac 08       		.byte	8
 1226 04ad 00       		.byte	0
 1227 04ae 00       		.byte	0
 1228 04af 0A       		.byte	10
 1229 04b0 00       		.byte	0
 1230 04b1 00       		.byte	0
 1231 04b2 11       		.byte	17
 1232 04b3 00       		.byte	0
 1233 04b4 65       		.byte	101
 1234 04b5 01       		.byte	1
 1235 04b6 20       		.byte	32
 1236 04b7 00       		.byte	0
 1237 04b8 00       		.byte	0
 1238 04b9 BE       		.byte	-66
 1239 04ba FD       		.byte	-3
 1240 04bb 0C       		.byte	12
 1241 04bc 1F       		.byte	31
 1242 04bd FF       		.byte	-1
 1243 04be FF       		.byte	-1
 1244 04bf FF       		.byte	-1
 1245 04c0 22       		.byte	34
 1246 04c1 00       		.byte	0
 1247 04c2 F0       		.byte	-16
 1248 04c3 08       		.byte	8
 1249 04c4 04       		.byte	4
 1250 04c5 00       		.byte	0
 1251 04c6 00       		.byte	0
 1252 04c7 00       		.byte	0
 1253 04c8 00       		.byte	0
 1254 04c9 00       		.byte	0
ARM GAS  C:\Users\saman\AppData\Local\Temp\cc8Oz7d1.s 			page 23


 1255 04ca 02       		.byte	2
 1256 04cb 24       		.byte	36
 1257 04cc 04       		.byte	4
 1258 04cd 04       		.byte	4
 1259 04ce 04       		.byte	4
 1260 04cf 04       		.byte	4
 1261 04d0 00       		.byte	0
 1262 04d1 00       		.byte	0
 1263 04d2 00       		.byte	0
 1264 04d3 01       		.byte	1
 1265 04d4 00       		.byte	0
 1266 04d5 00       		.byte	0
 1267 04d6 C0       		.byte	-64
 1268 04d7 00       		.byte	0
 1269 04d8 40       		.byte	64
 1270 04d9 01       		.byte	1
 1271 04da 10       		.byte	16
 1272 04db 11       		.byte	17
 1273 04dc C0       		.byte	-64
 1274 04dd 01       		.byte	1
 1275 04de 00       		.byte	0
 1276 04df 11       		.byte	17
 1277 04e0 40       		.byte	64
 1278 04e1 01       		.byte	1
 1279 04e2 40       		.byte	64
 1280 04e3 01       		.byte	1
 1281 04e4 00       		.byte	0
 1282 04e5 00       		.byte	0
 1283 04e6 00       		.byte	0
 1284 04e7 00       		.byte	0
 1285 04e8 00       		.byte	0
 1286 04e9 00       		.byte	0
 1287 04ea 00       		.byte	0
 1288 04eb 00       		.byte	0
 1289 04ec 00       		.byte	0
 1290 04ed 00       		.byte	0
 1291 04ee 00       		.byte	0
 1292 04ef 00       		.byte	0
 1293 04f0 00       		.byte	0
 1294 04f1 00       		.byte	0
 1295 04f2 00       		.byte	0
 1296 04f3 00       		.byte	0
 1297 04f4 3F       		.byte	63
 1298 04f5 00       		.byte	0
 1299 04f6 00       		.byte	0
 1300 04f7 04       		.byte	4
 1301 04f8 0C       		.byte	12
 1302 04f9 08       		.byte	8
 1303 04fa 00       		.byte	0
 1304 04fb 00       		.byte	0
 1305 04fc 04       		.byte	4
 1306 04fd 18       		.byte	24
 1307 04fe 00       		.byte	0
 1308 04ff 00       		.byte	0
 1309 0500 1F       		.byte	31
 1310 0501 00       		.byte	0
 1311 0502 20       		.byte	32
ARM GAS  C:\Users\saman\AppData\Local\Temp\cc8Oz7d1.s 			page 24


 1312 0503 23       		.byte	35
 1313 0504 00       		.byte	0
 1314 0505 00       		.byte	0
 1315 0506 23       		.byte	35
 1316 0507 40       		.byte	64
 1317 0508 03       		.byte	3
 1318 0509 3C       		.byte	60
 1319 050a 40       		.byte	64
 1320 050b 02       		.byte	2
 1321 050c 33       		.byte	51
 1322 050d 04       		.byte	4
 1323 050e 0C       		.byte	12
 1324 050f 80       		.byte	-128
 1325 0510 00       		.byte	0
 1326 0511 00       		.byte	0
 1327 0512 00       		.byte	0
 1328 0513 40       		.byte	64
 1329 0514 08       		.byte	8
 1330 0515 10       		.byte	16
 1331 0516 00       		.byte	0
 1332 0517 00       		.byte	0
 1333 0518 02       		.byte	2
 1334 0519 27       		.byte	39
 1335 051a 80       		.byte	-128
 1336 051b 18       		.byte	24
 1337 051c 1C       		.byte	28
 1338 051d 3F       		.byte	63
 1339 051e 23       		.byte	35
 1340 051f 00       		.byte	0
 1341 0520 01       		.byte	1
 1342 0521 1C       		.byte	28
 1343 0522 80       		.byte	-128
 1344 0523 21       		.byte	33
 1345 0524 2C       		.byte	44
 1346 0525 80       		.byte	-128
 1347 0526 10       		.byte	16
 1348 0527 1F       		.byte	31
 1349 0528 0F       		.byte	15
 1350 0529 40       		.byte	64
 1351 052a C0       		.byte	-64
 1352 052b 38       		.byte	56
 1353 052c 00       		.byte	0
 1354 052d 00       		.byte	0
 1355 052e 22       		.byte	34
 1356 052f 08       		.byte	8
 1357 0530 00       		.byte	0
 1358 0531 00       		.byte	0
 1359 0532 44       		.byte	68
 1360 0533 10       		.byte	16
 1361 0534 35       		.byte	53
 1362 0535 02       		.byte	2
 1363 0536 04       		.byte	4
 1364 0537 00       		.byte	0
 1365 0538 01       		.byte	1
 1366 0539 C0       		.byte	-64
 1367 053a 00       		.byte	0
 1368 053b 0E       		.byte	14
ARM GAS  C:\Users\saman\AppData\Local\Temp\cc8Oz7d1.s 			page 25


 1369 053c 12       		.byte	18
 1370 053d FF       		.byte	-1
 1371 053e FF       		.byte	-1
 1372 053f FF       		.byte	-1
 1373 0540 62       		.byte	98
 1374 0541 A0       		.byte	-96
 1375 0542 F0       		.byte	-16
 1376 0543 41       		.byte	65
 1377 0544 0C       		.byte	12
 1378 0545 00       		.byte	0
 1379 0546 00       		.byte	0
 1380 0547 00       		.byte	0
 1381 0548 00       		.byte	0
 1382 0549 00       		.byte	0
 1383 054a 02       		.byte	2
 1384 054b 11       		.byte	17
 1385 054c 04       		.byte	4
 1386 054d 04       		.byte	4
 1387 054e 04       		.byte	4
 1388 054f 04       		.byte	4
 1389 0550 11       		.byte	17
 1390 0551 11       		.byte	17
 1391 0552 00       		.byte	0
 1392 0553 01       		.byte	1
 1393 0554 00       		.byte	0
 1394 0555 00       		.byte	0
 1395 0556 00       		.byte	0
 1396 0557 00       		.byte	0
 1397 0558 00       		.byte	0
 1398 0559 00       		.byte	0
 1399 055a 40       		.byte	64
 1400 055b 02       		.byte	2
 1401 055c 00       		.byte	0
 1402 055d 10       		.byte	16
 1403 055e 30       		.byte	48
 1404 055f 10       		.byte	16
 1405 0560 00       		.byte	0
 1406 0561 10       		.byte	16
 1407 0562 10       		.byte	16
 1408 0563 12       		.byte	18
 1409 0564 00       		.byte	0
 1410 0565 00       		.byte	0
 1411 0566 00       		.byte	0
 1412 0567 00       		.byte	0
 1413 0568 00       		.byte	0
 1414 0569 00       		.byte	0
 1415 056a 00       		.byte	0
 1416 056b 00       		.byte	0
 1417 056c 00       		.byte	0
 1418 056d 00       		.byte	0
 1419 056e 00       		.byte	0
 1420 056f 00       		.byte	0
 1421 0570 00       		.byte	0
 1422 0571 00       		.byte	0
 1423 0572 00       		.byte	0
 1424 0573 00       		.byte	0
 1425 0574 18       		.byte	24
ARM GAS  C:\Users\saman\AppData\Local\Temp\cc8Oz7d1.s 			page 26


 1426 0575 00       		.byte	0
 1427 0576 00       		.byte	0
 1428 0577 00       		.byte	0
 1429 0578 00       		.byte	0
 1430 0579 00       		.byte	0
 1431 057a 00       		.byte	0
 1432 057b 00       		.byte	0
 1433 057c 80       		.byte	-128
 1434 057d 00       		.byte	0
 1435 057e 40       		.byte	64
 1436 057f BC       		.byte	-68
 1437 0580 BC       		.byte	-68
 1438 0581 00       		.byte	0
 1439 0582 B4       		.byte	-76
 1440 0583 00       		.byte	0
 1441 0584 00       		.byte	0
 1442 0585 00       		.byte	0
 1443 0586 00       		.byte	0
 1444 0587 00       		.byte	0
 1445 0588 00       		.byte	0
 1446 0589 0B       		.byte	11
 1447 058a 0B       		.byte	11
 1448 058b 00       		.byte	0
 1449 058c 00       		.byte	0
 1450 058d 00       		.byte	0
 1451 058e 00       		.byte	0
 1452 058f 00       		.byte	0
 1453 0590 00       		.byte	0
 1454 0591 18       		.byte	24
 1455 0592 18       		.byte	24
 1456 0593 00       		.byte	0
 1457 0594 08       		.byte	8
 1458 0595 00       		.byte	0
 1459 0596 00       		.byte	0
 1460 0597 00       		.byte	0
 1461              		.section	.cywolatch,"a",%progbits
 1462              		.align	2
 1463              		.type	cy_meta_wonvl, %object
 1464              		.size	cy_meta_wonvl, 4
 1465              	cy_meta_wonvl:
 1466 0000 BC       		.byte	-68
 1467 0001 90       		.byte	-112
 1468 0002 AC       		.byte	-84
 1469 0003 AF       		.byte	-81
 1470              		.section	.cycustnvl,"a",%progbits
 1471              		.align	2
 1472              		.type	cy_meta_custnvl, %object
 1473              		.size	cy_meta_custnvl, 4
 1474              	cy_meta_custnvl:
 1475 0000 00       		.byte	0
 1476 0001 00       		.byte	0
 1477 0002 40       		.byte	64
 1478 0003 05       		.byte	5
 1479              		.section	.cymeta,"a",%progbits
 1480              		.align	2
 1481              		.type	cy_metadata, %object
 1482              		.size	cy_metadata, 12
ARM GAS  C:\Users\saman\AppData\Local\Temp\cc8Oz7d1.s 			page 27


 1483              	cy_metadata:
 1484 0000 00       		.byte	0
 1485 0001 01       		.byte	1
 1486 0002 2E       		.byte	46
 1487 0003 16       		.byte	22
 1488 0004 10       		.byte	16
 1489 0005 69       		.byte	105
 1490 0006 00       		.byte	0
 1491 0007 01       		.byte	1
 1492 0008 00       		.byte	0
 1493 0009 00       		.byte	0
 1494 000a 00       		.byte	0
 1495 000b 00       		.byte	0
 1496              		.section	.cyflashprotect,"a",%progbits
 1497              		.align	2
 1498              		.type	cy_meta_flashprotect, %object
 1499              		.size	cy_meta_flashprotect, 256
 1500              	cy_meta_flashprotect:
 1501 0000 00000000 		.space	256
 1501      00000000 
 1501      00000000 
 1501      00000000 
 1501      00000000 
 1502              		.text
 1503              	.Letext0:
 1504              		.file 1 "c:\\program files (x86)\\cypress\\psoc creator\\4.4\\psoc creator\\import\\gnu\\arm\\5.4.
 1505              		.file 2 "c:\\program files (x86)\\cypress\\psoc creator\\4.4\\psoc creator\\import\\gnu\\arm\\5.4.
 1506              		.file 3 "Generated_Source\\PSoC5\\cymetadata.c"
 1507              		.section	.debug_info,"",%progbits
 1508              	.Ldebug_info0:
 1509 0000 32010000 		.4byte	0x132
 1510 0004 0400     		.2byte	0x4
 1511 0006 00000000 		.4byte	.Ldebug_abbrev0
 1512 000a 04       		.byte	0x4
 1513 000b 01       		.uleb128 0x1
 1514 000c 30000000 		.4byte	.LASF17
 1515 0010 0C       		.byte	0xc
 1516 0011 B5010000 		.4byte	.LASF18
 1517 0015 7E010000 		.4byte	.LASF19
 1518 0019 00000000 		.4byte	.Ldebug_line0
 1519 001d 02       		.uleb128 0x2
 1520 001e 01       		.byte	0x1
 1521 001f 06       		.byte	0x6
 1522 0020 16000000 		.4byte	.LASF0
 1523 0024 03       		.uleb128 0x3
 1524 0025 00000000 		.4byte	.LASF9
 1525 0029 01       		.byte	0x1
 1526 002a 1D       		.byte	0x1d
 1527 002b 2F000000 		.4byte	0x2f
 1528 002f 02       		.uleb128 0x2
 1529 0030 01       		.byte	0x1
 1530 0031 08       		.byte	0x8
 1531 0032 22000000 		.4byte	.LASF1
 1532 0036 02       		.uleb128 0x2
 1533 0037 02       		.byte	0x2
 1534 0038 05       		.byte	0x5
 1535 0039 6B010000 		.4byte	.LASF2
ARM GAS  C:\Users\saman\AppData\Local\Temp\cc8Oz7d1.s 			page 28


 1536 003d 02       		.uleb128 0x2
 1537 003e 02       		.byte	0x2
 1538 003f 07       		.byte	0x7
 1539 0040 D0000000 		.4byte	.LASF3
 1540 0044 02       		.uleb128 0x2
 1541 0045 04       		.byte	0x4
 1542 0046 05       		.byte	0x5
 1543 0047 75010000 		.4byte	.LASF4
 1544 004b 02       		.uleb128 0x2
 1545 004c 04       		.byte	0x4
 1546 004d 07       		.byte	0x7
 1547 004e BE000000 		.4byte	.LASF5
 1548 0052 02       		.uleb128 0x2
 1549 0053 08       		.byte	0x8
 1550 0054 05       		.byte	0x5
 1551 0055 5D010000 		.4byte	.LASF6
 1552 0059 02       		.uleb128 0x2
 1553 005a 08       		.byte	0x8
 1554 005b 07       		.byte	0x7
 1555 005c 12010000 		.4byte	.LASF7
 1556 0060 04       		.uleb128 0x4
 1557 0061 04       		.byte	0x4
 1558 0062 05       		.byte	0x5
 1559 0063 696E7400 		.ascii	"int\000"
 1560 0067 02       		.uleb128 0x2
 1561 0068 04       		.byte	0x4
 1562 0069 07       		.byte	0x7
 1563 006a 05010000 		.4byte	.LASF8
 1564 006e 03       		.uleb128 0x3
 1565 006f 29010000 		.4byte	.LASF10
 1566 0073 02       		.byte	0x2
 1567 0074 18       		.byte	0x18
 1568 0075 24000000 		.4byte	0x24
 1569 0079 05       		.uleb128 0x5
 1570 007a 91000000 		.4byte	0x91
 1571 007e 8A000000 		.4byte	0x8a
 1572 0082 06       		.uleb128 0x6
 1573 0083 8A000000 		.4byte	0x8a
 1574 0087 9705     		.2byte	0x597
 1575 0089 00       		.byte	0
 1576 008a 02       		.uleb128 0x2
 1577 008b 04       		.byte	0x4
 1578 008c 07       		.byte	0x7
 1579 008d 54010000 		.4byte	.LASF11
 1580 0091 07       		.uleb128 0x7
 1581 0092 6E000000 		.4byte	0x6e
 1582 0096 08       		.uleb128 0x8
 1583 0097 F3000000 		.4byte	.LASF12
 1584 009b 03       		.byte	0x3
 1585 009c 1F       		.byte	0x1f
 1586 009d A7000000 		.4byte	0xa7
 1587 00a1 05       		.uleb128 0x5
 1588 00a2 03       		.byte	0x3
 1589 00a3 00000000 		.4byte	cy_meta_configecc
 1590 00a7 07       		.uleb128 0x7
 1591 00a8 79000000 		.4byte	0x79
 1592 00ac 05       		.uleb128 0x5
ARM GAS  C:\Users\saman\AppData\Local\Temp\cc8Oz7d1.s 			page 29


 1593 00ad 91000000 		.4byte	0x91
 1594 00b1 BC000000 		.4byte	0xbc
 1595 00b5 09       		.uleb128 0x9
 1596 00b6 8A000000 		.4byte	0x8a
 1597 00ba 03       		.byte	0x3
 1598 00bb 00       		.byte	0
 1599 00bc 08       		.uleb128 0x8
 1600 00bd E3000000 		.4byte	.LASF13
 1601 00c1 03       		.byte	0x3
 1602 00c2 DF       		.byte	0xdf
 1603 00c3 CD000000 		.4byte	0xcd
 1604 00c7 05       		.uleb128 0x5
 1605 00c8 03       		.byte	0x3
 1606 00c9 00000000 		.4byte	cy_meta_custnvl
 1607 00cd 07       		.uleb128 0x7
 1608 00ce AC000000 		.4byte	0xac
 1609 00d2 08       		.uleb128 0x8
 1610 00d3 46010000 		.4byte	.LASF14
 1611 00d7 03       		.byte	0x3
 1612 00d8 ED       		.byte	0xed
 1613 00d9 E3000000 		.4byte	0xe3
 1614 00dd 05       		.uleb128 0x5
 1615 00de 03       		.byte	0x3
 1616 00df 00000000 		.4byte	cy_meta_wonvl
 1617 00e3 07       		.uleb128 0x7
 1618 00e4 AC000000 		.4byte	0xac
 1619 00e8 05       		.uleb128 0x5
 1620 00e9 91000000 		.4byte	0x91
 1621 00ed F8000000 		.4byte	0xf8
 1622 00f1 09       		.uleb128 0x9
 1623 00f2 8A000000 		.4byte	0x8a
 1624 00f6 FF       		.byte	0xff
 1625 00f7 00       		.byte	0
 1626 00f8 08       		.uleb128 0x8
 1627 00f9 31010000 		.4byte	.LASF15
 1628 00fd 03       		.byte	0x3
 1629 00fe FB       		.byte	0xfb
 1630 00ff 09010000 		.4byte	0x109
 1631 0103 05       		.uleb128 0x5
 1632 0104 03       		.byte	0x3
 1633 0105 00000000 		.4byte	cy_meta_flashprotect
 1634 0109 07       		.uleb128 0x7
 1635 010a E8000000 		.4byte	0xe8
 1636 010e 05       		.uleb128 0x5
 1637 010f 91000000 		.4byte	0x91
 1638 0113 1E010000 		.4byte	0x11e
 1639 0117 09       		.uleb128 0x9
 1640 0118 8A000000 		.4byte	0x8a
 1641 011c 0B       		.byte	0xb
 1642 011d 00       		.byte	0
 1643 011e 0A       		.uleb128 0xa
 1644 011f 0A000000 		.4byte	.LASF16
 1645 0123 03       		.byte	0x3
 1646 0124 2801     		.2byte	0x128
 1647 0126 30010000 		.4byte	0x130
 1648 012a 05       		.uleb128 0x5
 1649 012b 03       		.byte	0x3
ARM GAS  C:\Users\saman\AppData\Local\Temp\cc8Oz7d1.s 			page 30


 1650 012c 00000000 		.4byte	cy_metadata
 1651 0130 07       		.uleb128 0x7
 1652 0131 0E010000 		.4byte	0x10e
 1653 0135 00       		.byte	0
 1654              		.section	.debug_abbrev,"",%progbits
 1655              	.Ldebug_abbrev0:
 1656 0000 01       		.uleb128 0x1
 1657 0001 11       		.uleb128 0x11
 1658 0002 01       		.byte	0x1
 1659 0003 25       		.uleb128 0x25
 1660 0004 0E       		.uleb128 0xe
 1661 0005 13       		.uleb128 0x13
 1662 0006 0B       		.uleb128 0xb
 1663 0007 03       		.uleb128 0x3
 1664 0008 0E       		.uleb128 0xe
 1665 0009 1B       		.uleb128 0x1b
 1666 000a 0E       		.uleb128 0xe
 1667 000b 10       		.uleb128 0x10
 1668 000c 17       		.uleb128 0x17
 1669 000d 00       		.byte	0
 1670 000e 00       		.byte	0
 1671 000f 02       		.uleb128 0x2
 1672 0010 24       		.uleb128 0x24
 1673 0011 00       		.byte	0
 1674 0012 0B       		.uleb128 0xb
 1675 0013 0B       		.uleb128 0xb
 1676 0014 3E       		.uleb128 0x3e
 1677 0015 0B       		.uleb128 0xb
 1678 0016 03       		.uleb128 0x3
 1679 0017 0E       		.uleb128 0xe
 1680 0018 00       		.byte	0
 1681 0019 00       		.byte	0
 1682 001a 03       		.uleb128 0x3
 1683 001b 16       		.uleb128 0x16
 1684 001c 00       		.byte	0
 1685 001d 03       		.uleb128 0x3
 1686 001e 0E       		.uleb128 0xe
 1687 001f 3A       		.uleb128 0x3a
 1688 0020 0B       		.uleb128 0xb
 1689 0021 3B       		.uleb128 0x3b
 1690 0022 0B       		.uleb128 0xb
 1691 0023 49       		.uleb128 0x49
 1692 0024 13       		.uleb128 0x13
 1693 0025 00       		.byte	0
 1694 0026 00       		.byte	0
 1695 0027 04       		.uleb128 0x4
 1696 0028 24       		.uleb128 0x24
 1697 0029 00       		.byte	0
 1698 002a 0B       		.uleb128 0xb
 1699 002b 0B       		.uleb128 0xb
 1700 002c 3E       		.uleb128 0x3e
 1701 002d 0B       		.uleb128 0xb
 1702 002e 03       		.uleb128 0x3
 1703 002f 08       		.uleb128 0x8
 1704 0030 00       		.byte	0
 1705 0031 00       		.byte	0
 1706 0032 05       		.uleb128 0x5
ARM GAS  C:\Users\saman\AppData\Local\Temp\cc8Oz7d1.s 			page 31


 1707 0033 01       		.uleb128 0x1
 1708 0034 01       		.byte	0x1
 1709 0035 49       		.uleb128 0x49
 1710 0036 13       		.uleb128 0x13
 1711 0037 01       		.uleb128 0x1
 1712 0038 13       		.uleb128 0x13
 1713 0039 00       		.byte	0
 1714 003a 00       		.byte	0
 1715 003b 06       		.uleb128 0x6
 1716 003c 21       		.uleb128 0x21
 1717 003d 00       		.byte	0
 1718 003e 49       		.uleb128 0x49
 1719 003f 13       		.uleb128 0x13
 1720 0040 2F       		.uleb128 0x2f
 1721 0041 05       		.uleb128 0x5
 1722 0042 00       		.byte	0
 1723 0043 00       		.byte	0
 1724 0044 07       		.uleb128 0x7
 1725 0045 26       		.uleb128 0x26
 1726 0046 00       		.byte	0
 1727 0047 49       		.uleb128 0x49
 1728 0048 13       		.uleb128 0x13
 1729 0049 00       		.byte	0
 1730 004a 00       		.byte	0
 1731 004b 08       		.uleb128 0x8
 1732 004c 34       		.uleb128 0x34
 1733 004d 00       		.byte	0
 1734 004e 03       		.uleb128 0x3
 1735 004f 0E       		.uleb128 0xe
 1736 0050 3A       		.uleb128 0x3a
 1737 0051 0B       		.uleb128 0xb
 1738 0052 3B       		.uleb128 0x3b
 1739 0053 0B       		.uleb128 0xb
 1740 0054 49       		.uleb128 0x49
 1741 0055 13       		.uleb128 0x13
 1742 0056 3F       		.uleb128 0x3f
 1743 0057 19       		.uleb128 0x19
 1744 0058 02       		.uleb128 0x2
 1745 0059 18       		.uleb128 0x18
 1746 005a 00       		.byte	0
 1747 005b 00       		.byte	0
 1748 005c 09       		.uleb128 0x9
 1749 005d 21       		.uleb128 0x21
 1750 005e 00       		.byte	0
 1751 005f 49       		.uleb128 0x49
 1752 0060 13       		.uleb128 0x13
 1753 0061 2F       		.uleb128 0x2f
 1754 0062 0B       		.uleb128 0xb
 1755 0063 00       		.byte	0
 1756 0064 00       		.byte	0
 1757 0065 0A       		.uleb128 0xa
 1758 0066 34       		.uleb128 0x34
 1759 0067 00       		.byte	0
 1760 0068 03       		.uleb128 0x3
 1761 0069 0E       		.uleb128 0xe
 1762 006a 3A       		.uleb128 0x3a
 1763 006b 0B       		.uleb128 0xb
ARM GAS  C:\Users\saman\AppData\Local\Temp\cc8Oz7d1.s 			page 32


 1764 006c 3B       		.uleb128 0x3b
 1765 006d 05       		.uleb128 0x5
 1766 006e 49       		.uleb128 0x49
 1767 006f 13       		.uleb128 0x13
 1768 0070 3F       		.uleb128 0x3f
 1769 0071 19       		.uleb128 0x19
 1770 0072 02       		.uleb128 0x2
 1771 0073 18       		.uleb128 0x18
 1772 0074 00       		.byte	0
 1773 0075 00       		.byte	0
 1774 0076 00       		.byte	0
 1775              		.section	.debug_aranges,"",%progbits
 1776 0000 14000000 		.4byte	0x14
 1777 0004 0200     		.2byte	0x2
 1778 0006 00000000 		.4byte	.Ldebug_info0
 1779 000a 04       		.byte	0x4
 1780 000b 00       		.byte	0
 1781 000c 0000     		.2byte	0
 1782 000e 0000     		.2byte	0
 1783 0010 00000000 		.4byte	0
 1784 0014 00000000 		.4byte	0
 1785              		.section	.debug_line,"",%progbits
 1786              	.Ldebug_line0:
 1787 0000 3D010000 		.section	.debug_str,"MS",%progbits,1
 1787      02003701 
 1787      00000201 
 1787      FB0E0D00 
 1787      01010101 
 1788              	.LASF9:
 1789 0000 5F5F7569 		.ascii	"__uint8_t\000"
 1789      6E74385F 
 1789      7400
 1790              	.LASF16:
 1791 000a 63795F6D 		.ascii	"cy_metadata\000"
 1791      65746164 
 1791      61746100 
 1792              	.LASF0:
 1793 0016 7369676E 		.ascii	"signed char\000"
 1793      65642063 
 1793      68617200 
 1794              	.LASF1:
 1795 0022 756E7369 		.ascii	"unsigned char\000"
 1795      676E6564 
 1795      20636861 
 1795      7200
 1796              	.LASF17:
 1797 0030 474E5520 		.ascii	"GNU C11 5.4.1 20160609 (release) [ARM/embedded-5-br"
 1797      43313120 
 1797      352E342E 
 1797      31203230 
 1797      31363036 
 1798 0063 616E6368 		.ascii	"anch revision 237715] -mcpu=cortex-m3 -mthumb -g -O"
 1798      20726576 
 1798      6973696F 
 1798      6E203233 
 1798      37373135 
 1799 0096 67202D66 		.ascii	"g -ffunction-sections -ffat-lto-objects\000"
ARM GAS  C:\Users\saman\AppData\Local\Temp\cc8Oz7d1.s 			page 33


 1799      66756E63 
 1799      74696F6E 
 1799      2D736563 
 1799      74696F6E 
 1800              	.LASF5:
 1801 00be 6C6F6E67 		.ascii	"long unsigned int\000"
 1801      20756E73 
 1801      69676E65 
 1801      6420696E 
 1801      7400
 1802              	.LASF3:
 1803 00d0 73686F72 		.ascii	"short unsigned int\000"
 1803      7420756E 
 1803      7369676E 
 1803      65642069 
 1803      6E7400
 1804              	.LASF13:
 1805 00e3 63795F6D 		.ascii	"cy_meta_custnvl\000"
 1805      6574615F 
 1805      63757374 
 1805      6E766C00 
 1806              	.LASF12:
 1807 00f3 63795F6D 		.ascii	"cy_meta_configecc\000"
 1807      6574615F 
 1807      636F6E66 
 1807      69676563 
 1807      6300
 1808              	.LASF8:
 1809 0105 756E7369 		.ascii	"unsigned int\000"
 1809      676E6564 
 1809      20696E74 
 1809      00
 1810              	.LASF7:
 1811 0112 6C6F6E67 		.ascii	"long long unsigned int\000"
 1811      206C6F6E 
 1811      6720756E 
 1811      7369676E 
 1811      65642069 
 1812              	.LASF10:
 1813 0129 75696E74 		.ascii	"uint8_t\000"
 1813      385F7400 
 1814              	.LASF15:
 1815 0131 63795F6D 		.ascii	"cy_meta_flashprotect\000"
 1815      6574615F 
 1815      666C6173 
 1815      6870726F 
 1815      74656374 
 1816              	.LASF14:
 1817 0146 63795F6D 		.ascii	"cy_meta_wonvl\000"
 1817      6574615F 
 1817      776F6E76 
 1817      6C00
 1818              	.LASF11:
 1819 0154 73697A65 		.ascii	"sizetype\000"
 1819      74797065 
 1819      00
 1820              	.LASF6:
ARM GAS  C:\Users\saman\AppData\Local\Temp\cc8Oz7d1.s 			page 34


 1821 015d 6C6F6E67 		.ascii	"long long int\000"
 1821      206C6F6E 
 1821      6720696E 
 1821      7400
 1822              	.LASF2:
 1823 016b 73686F72 		.ascii	"short int\000"
 1823      7420696E 
 1823      7400
 1824              	.LASF4:
 1825 0175 6C6F6E67 		.ascii	"long int\000"
 1825      20696E74 
 1825      00
 1826              	.LASF19:
 1827 017e 443A5C68 		.ascii	"D:\\h_da\\sem2\\eaa\\lab2\\lab2\\my\\assignment2\\E"
 1827      5F64615C 
 1827      73656D32 
 1827      5C656161 
 1827      5C6C6162 
 1828 01a9 436C6F63 		.ascii	"Clock.cydsn\000"
 1828      6B2E6379 
 1828      64736E00 
 1829              	.LASF18:
 1830 01b5 47656E65 		.ascii	"Generated_Source\\PSoC5\\cymetadata.c\000"
 1830      72617465 
 1830      645F536F 
 1830      75726365 
 1830      5C50536F 
 1831              		.ident	"GCC: (GNU Tools for ARM Embedded Processors) 5.4.1 20160609 (release) [ARM/embedded-5-bran
