ARM GAS  C:\Users\saman\AppData\Local\Temp\ccrl9Zab.s 			page 1


   1              		.syntax unified
   2              		.cpu cortex-m3
   3              		.fpu softvfp
   4              		.eabi_attribute 20, 1
   5              		.eabi_attribute 21, 1
   6              		.eabi_attribute 23, 3
   7              		.eabi_attribute 24, 1
   8              		.eabi_attribute 25, 1
   9              		.eabi_attribute 26, 1
  10              		.eabi_attribute 30, 1
  11              		.eabi_attribute 34, 1
  12              		.eabi_attribute 18, 4
  13              		.thumb
  14              		.syntax unified
  15              		.file	"ErikaOS_eecfg.c"
  16              		.text
  17              	.Ltext0:
  18              		.cfi_sections	.debug_frame
  19              		.global	EE_oo_autostart_task_data
  20              		.comm	EE_ApplicationMode,4,4
  21              		.global	EE_oo_action_ROM
  22              		.comm	EE_oo_counter_object_RAM,16,4
  23              		.global	EE_oo_counter_object_ROM
  24              		.global	EE_ALARM_ID
  25              		.global	EE_ALARM_NAME
  26              		.global	EE_alarm_ROM
  27              		.global	EE_counter_RAM
  28              		.global	EE_counter_ROM
  29              		.global	EE_th_is_extended
  30              		.global	EE_th_waswaiting
  31              		.global	EE_th_event_waitmask
  32              		.global	EE_th_event_active
  33              		.global	EE_th_terminate_nextask
  34              		.global	EE_rq_free
  35              		.comm	EE_rq_pairs_tid,20,4
  36              		.global	EE_rq_pairs_next
  37              		.global	EE_rq_link
  38              		.global	EE_th_rnact_max
  39              		.global	EE_th_rnact
  40              		.global	EE_rq_bitmask
  41              		.global	EE_rq_queues_tail
  42              		.global	EE_rq_queues_head
  43              		.global	EE_sys_ceiling
  44              		.global	EE_stkfirst
  45              		.global	EE_th_next
  46              		.global	EE_th_status
  47              		.global	EE_th_dispatch_prio
  48              		.global	EE_EVENT_ID
  49              		.global	EE_EVENT_NAME
  50              		.global	EE_TASK_NAME
  51              		.global	EE_th_ready_prio
  52              		.global	EE_terminate_real_th_body
  53              		.comm	EE_terminate_data,20,4
  54              		.global	EE_hal_thread_body
  55              		.global	EE_cortex_mx_IRQ_tos
  56              		.global	EE_cortex_mx_active_tos
  57              		.global	EE_cortex_mx_system_tos
ARM GAS  C:\Users\saman\AppData\Local\Temp\ccrl9Zab.s 			page 2


  58              		.global	EE_std_thread_tos
  59              		.comm	EE_cortex_mx_stack_9,512,4
  60              		.comm	EE_cortex_mx_stack_4,8192,4
  61              		.section	.rodata
  62              		.align	2
  63              		.type	EE_oo_autostart_task_data, %object
  64              		.size	EE_oo_autostart_task_data, 8
  65              	EE_oo_autostart_task_data:
  66 0000 01000000 		.word	1
  67 0004 08000000 		.word	EE_oo_autostart_task_mode_OSDEFAULTAPPMODE
  68              		.type	EE_oo_autostart_task_mode_OSDEFAULTAPPMODE, %object
  69              		.size	EE_oo_autostart_task_mode_OSDEFAULTAPPMODE, 4
  70              	EE_oo_autostart_task_mode_OSDEFAULTAPPMODE:
  71 0008 00000000 		.space	4
  72              		.type	EE_oo_action_ROM, %object
  73              		.size	EE_oo_action_ROM, 20
  74              	EE_oo_action_ROM:
  75 000c 03       		.byte	3
  76 000d 000000   		.space	3
  77 0010 00000000 		.word	0
  78 0014 00000000 		.word	0
  79 0018 00000000 		.word	callback_function
  80 001c FFFFFFFF 		.word	-1
  81              		.type	EE_oo_counter_object_ROM, %object
  82              		.size	EE_oo_counter_object_ROM, 12
  83              	EE_oo_counter_object_ROM:
  84 0020 00000000 		.space	12
  84      00000000 
  84      00000000 
  85              		.type	EE_ALARM_ID, %object
  86              		.size	EE_ALARM_ID, 4
  87              	EE_ALARM_ID:
  88 002c 00000000 		.space	4
  89              		.type	EE_alarm_ROM, %object
  90              		.size	EE_alarm_ROM, 4
  91              	EE_alarm_ROM:
  92 0030 00000000 		.space	4
  93              		.type	EE_counter_ROM, %object
  94              		.size	EE_counter_ROM, 12
  95              	EE_counter_ROM:
  96 0034 70110100 		.word	70000
  97 0038 01000000 		.word	1
  98 003c 01000000 		.word	1
  99              		.type	EE_th_is_extended, %object
 100              		.size	EE_th_is_extended, 20
 101              	EE_th_is_extended:
 102 0040 00000000 		.word	0
 103 0044 00000000 		.word	0
 104 0048 00000000 		.word	0
 105 004c 01000000 		.word	1
 106 0050 00000000 		.word	0
 107              		.type	EE_th_rnact_max, %object
 108              		.size	EE_th_rnact_max, 20
 109              	EE_th_rnact_max:
 110 0054 01000000 		.word	1
 111 0058 01000000 		.word	1
 112 005c 01000000 		.word	1
ARM GAS  C:\Users\saman\AppData\Local\Temp\ccrl9Zab.s 			page 3


 113 0060 01000000 		.word	1
 114 0064 01000000 		.word	1
 115              		.type	EE_th_dispatch_prio, %object
 116              		.size	EE_th_dispatch_prio, 20
 117              	EE_th_dispatch_prio:
 118 0068 80000000 		.word	128
 119 006c 02000000 		.word	2
 120 0070 20000000 		.word	32
 121 0074 10000000 		.word	16
 122 0078 08000000 		.word	8
 123              		.type	EE_EVENT_ID, %object
 124              		.size	EE_EVENT_ID, 8
 125              	EE_EVENT_ID:
 126 007c 01000000 		.word	1
 127 0080 02000000 		.word	2
 128              		.type	EE_th_ready_prio, %object
 129              		.size	EE_th_ready_prio, 20
 130              	EE_th_ready_prio:
 131 0084 01000000 		.word	1
 132 0088 02000000 		.word	2
 133 008c 20000000 		.word	32
 134 0090 10000000 		.word	16
 135 0094 08000000 		.word	8
 136              		.type	EE_terminate_real_th_body, %object
 137              		.size	EE_terminate_real_th_body, 20
 138              	EE_terminate_real_th_body:
 139 0098 00000000 		.word	Functsk_init
 140 009c 00000000 		.word	Functsk_background
 141 00a0 00000000 		.word	Functsk_input
 142 00a4 00000000 		.word	Functsk_control
 143 00a8 00000000 		.word	Functsk_system
 144              		.type	EE_hal_thread_body, %object
 145              		.size	EE_hal_thread_body, 20
 146              	EE_hal_thread_body:
 147 00ac 00000000 		.word	EE_oo_thread_stub
 148 00b0 00000000 		.word	EE_oo_thread_stub
 149 00b4 00000000 		.word	EE_oo_thread_stub
 150 00b8 00000000 		.word	EE_oo_thread_stub
 151 00bc 00000000 		.word	EE_oo_thread_stub
 152              		.type	EE_std_thread_tos, %object
 153              		.size	EE_std_thread_tos, 24
 154              	EE_std_thread_tos:
 155 00c0 00000000 		.word	0
 156 00c4 00000000 		.word	0
 157 00c8 00000000 		.word	0
 158 00cc 00000000 		.word	0
 159 00d0 01000000 		.word	1
 160 00d4 00000000 		.word	0
 161              		.data
 162              		.align	2
 163              		.type	EE_ALARM_NAME, %object
 164              		.size	EE_ALARM_NAME, 4
 165              	EE_ALARM_NAME:
 166 0000 00000000 		.word	.LC0
 167              		.type	EE_counter_RAM, %object
 168              		.size	EE_counter_RAM, 8
 169              	EE_counter_RAM:
ARM GAS  C:\Users\saman\AppData\Local\Temp\ccrl9Zab.s 			page 4


 170 0004 00000000 		.word	0
 171 0008 FFFFFFFF 		.word	-1
 172              		.type	EE_th_terminate_nextask, %object
 173              		.size	EE_th_terminate_nextask, 20
 174              	EE_th_terminate_nextask:
 175 000c FFFFFFFF 		.word	-1
 176 0010 FFFFFFFF 		.word	-1
 177 0014 FFFFFFFF 		.word	-1
 178 0018 FFFFFFFF 		.word	-1
 179 001c FFFFFFFF 		.word	-1
 180              		.type	EE_rq_pairs_next, %object
 181              		.size	EE_rq_pairs_next, 20
 182              	EE_rq_pairs_next:
 183 0020 01000000 		.word	1
 184 0024 02000000 		.word	2
 185 0028 03000000 		.word	3
 186 002c 04000000 		.word	4
 187 0030 FFFFFFFF 		.word	-1
 188              		.type	EE_rq_link, %object
 189              		.size	EE_rq_link, 20
 190              	EE_rq_link:
 191 0034 00000000 		.word	0
 192 0038 01000000 		.word	1
 193 003c 05000000 		.word	5
 194 0040 04000000 		.word	4
 195 0044 03000000 		.word	3
 196              		.type	EE_th_rnact, %object
 197              		.size	EE_th_rnact, 20
 198              	EE_th_rnact:
 199 0048 01000000 		.word	1
 200 004c 01000000 		.word	1
 201 0050 01000000 		.word	1
 202 0054 01000000 		.word	1
 203 0058 01000000 		.word	1
 204              		.type	EE_rq_queues_tail, %object
 205              		.size	EE_rq_queues_tail, 64
 206              	EE_rq_queues_tail:
 207 005c FFFFFFFF 		.word	-1
 208 0060 FFFFFFFF 		.word	-1
 209 0064 FFFFFFFF 		.word	-1
 210 0068 FFFFFFFF 		.word	-1
 211 006c FFFFFFFF 		.word	-1
 212 0070 FFFFFFFF 		.word	-1
 213 0074 FFFFFFFF 		.word	-1
 214 0078 FFFFFFFF 		.word	-1
 215 007c FFFFFFFF 		.word	-1
 216 0080 FFFFFFFF 		.word	-1
 217 0084 FFFFFFFF 		.word	-1
 218 0088 FFFFFFFF 		.word	-1
 219 008c FFFFFFFF 		.word	-1
 220 0090 FFFFFFFF 		.word	-1
 221 0094 FFFFFFFF 		.word	-1
 222 0098 FFFFFFFF 		.word	-1
 223              		.type	EE_rq_queues_head, %object
 224              		.size	EE_rq_queues_head, 64
 225              	EE_rq_queues_head:
 226 009c FFFFFFFF 		.word	-1
ARM GAS  C:\Users\saman\AppData\Local\Temp\ccrl9Zab.s 			page 5


 227 00a0 FFFFFFFF 		.word	-1
 228 00a4 FFFFFFFF 		.word	-1
 229 00a8 FFFFFFFF 		.word	-1
 230 00ac FFFFFFFF 		.word	-1
 231 00b0 FFFFFFFF 		.word	-1
 232 00b4 FFFFFFFF 		.word	-1
 233 00b8 FFFFFFFF 		.word	-1
 234 00bc FFFFFFFF 		.word	-1
 235 00c0 FFFFFFFF 		.word	-1
 236 00c4 FFFFFFFF 		.word	-1
 237 00c8 FFFFFFFF 		.word	-1
 238 00cc FFFFFFFF 		.word	-1
 239 00d0 FFFFFFFF 		.word	-1
 240 00d4 FFFFFFFF 		.word	-1
 241 00d8 FFFFFFFF 		.word	-1
 242              		.type	EE_stkfirst, %object
 243              		.size	EE_stkfirst, 4
 244              	EE_stkfirst:
 245 00dc FFFFFFFF 		.word	-1
 246              		.type	EE_th_next, %object
 247              		.size	EE_th_next, 20
 248              	EE_th_next:
 249 00e0 FFFFFFFF 		.word	-1
 250 00e4 FFFFFFFF 		.word	-1
 251 00e8 FFFFFFFF 		.word	-1
 252 00ec FFFFFFFF 		.word	-1
 253 00f0 FFFFFFFF 		.word	-1
 254              		.type	EE_th_status, %object
 255              		.size	EE_th_status, 20
 256              	EE_th_status:
 257 00f4 03000000 		.word	3
 258 00f8 03000000 		.word	3
 259 00fc 03000000 		.word	3
 260 0100 03000000 		.word	3
 261 0104 03000000 		.word	3
 262              		.type	EE_EVENT_NAME, %object
 263              		.size	EE_EVENT_NAME, 8
 264              	EE_EVENT_NAME:
 265 0108 0C000000 		.word	.LC1
 266 010c 18000000 		.word	.LC2
 267              		.type	EE_TASK_NAME, %object
 268              		.size	EE_TASK_NAME, 20
 269              	EE_TASK_NAME:
 270 0110 24000000 		.word	.LC3
 271 0114 30000000 		.word	.LC4
 272 0118 40000000 		.word	.LC5
 273 011c 4C000000 		.word	.LC6
 274 0120 58000000 		.word	.LC7
 275              		.type	EE_cortex_mx_IRQ_tos, %object
 276              		.size	EE_cortex_mx_IRQ_tos, 4
 277              	EE_cortex_mx_IRQ_tos:
 278 0124 00020000 		.word	EE_cortex_mx_stack_9+512
 279              		.type	EE_cortex_mx_system_tos, %object
 280              		.size	EE_cortex_mx_system_tos, 8
 281              	EE_cortex_mx_system_tos:
 282 0128 00000000 		.word	0
 283 012c D81F0000 		.word	EE_cortex_mx_stack_4+8152
ARM GAS  C:\Users\saman\AppData\Local\Temp\ccrl9Zab.s 			page 6


 284              		.section	.rodata.str1.4,"aMS",%progbits,1
 285              		.align	2
 286              	.LC0:
 287 0000 616C726D 		.ascii	"alrm_1ms\000"
 287      5F316D73 
 287      00
 288 0009 000000   		.space	3
 289              	.LC1:
 290 000c 65765F6F 		.ascii	"ev_onData\000"
 290      6E446174 
 290      6100
 291 0016 0000     		.space	2
 292              	.LC2:
 293 0018 65765F62 		.ascii	"ev_button\000"
 293      7574746F 
 293      6E00
 294 0022 0000     		.space	2
 295              	.LC3:
 296 0024 74736B5F 		.ascii	"tsk_init\000"
 296      696E6974 
 296      00
 297 002d 000000   		.space	3
 298              	.LC4:
 299 0030 74736B5F 		.ascii	"tsk_background\000"
 299      6261636B 
 299      67726F75 
 299      6E6400
 300 003f 00       		.space	1
 301              	.LC5:
 302 0040 74736B5F 		.ascii	"tsk_input\000"
 302      696E7075 
 302      7400
 303 004a 0000     		.space	2
 304              	.LC6:
 305 004c 74736B5F 		.ascii	"tsk_control\000"
 305      636F6E74 
 305      726F6C00 
 306              	.LC7:
 307 0058 74736B5F 		.ascii	"tsk_system\000"
 307      73797374 
 307      656D00
 308              		.bss
 309              		.align	2
 310              		.type	EE_th_waswaiting, %object
 311              		.size	EE_th_waswaiting, 20
 312              	EE_th_waswaiting:
 313 0000 00000000 		.space	20
 313      00000000 
 313      00000000 
 313      00000000 
 313      00000000 
 314              		.type	EE_th_event_waitmask, %object
 315              		.size	EE_th_event_waitmask, 20
 316              	EE_th_event_waitmask:
 317 0014 00000000 		.space	20
 317      00000000 
 317      00000000 
ARM GAS  C:\Users\saman\AppData\Local\Temp\ccrl9Zab.s 			page 7


 317      00000000 
 317      00000000 
 318              		.type	EE_th_event_active, %object
 319              		.size	EE_th_event_active, 20
 320              	EE_th_event_active:
 321 0028 00000000 		.space	20
 321      00000000 
 321      00000000 
 321      00000000 
 321      00000000 
 322              		.type	EE_rq_free, %object
 323              		.size	EE_rq_free, 4
 324              	EE_rq_free:
 325 003c 00000000 		.space	4
 326              		.type	EE_rq_bitmask, %object
 327              		.size	EE_rq_bitmask, 2
 328              	EE_rq_bitmask:
 329 0040 0000     		.space	2
 330 0042 0000     		.space	2
 331              		.type	EE_sys_ceiling, %object
 332              		.size	EE_sys_ceiling, 4
 333              	EE_sys_ceiling:
 334 0044 00000000 		.space	4
 335              		.type	EE_cortex_mx_active_tos, %object
 336              		.size	EE_cortex_mx_active_tos, 4
 337              	EE_cortex_mx_active_tos:
 338 0048 00000000 		.space	4
 339              		.text
 340              	.Letext0:
 341              		.file 1 "Generated_Source\\PSoC5\\ErikaOS_common_ee_types.inc"
 342              		.file 2 "Generated_Source\\PSoC5\\ErikaOS_cortex_mx_ee_cpu.inc"
 343              		.file 3 "Generated_Source\\PSoC5\\ErikaOS_ee_oo_common.inc"
 344              		.file 4 "Generated_Source\\PSoC5\\ErikaOS_common_ee_hal_structs.inc"
 345              		.file 5 "Generated_Source\\PSoC5\\ErikaOS_eecfg.c"
 346              		.file 6 "Generated_Source\\PSoC5\\ErikaOS_ee_oo_intfunc.inc"
 347              		.file 7 "Generated_Source\\PSoC5\\ErikaOS_cortex_mx_ee_context.inc"
 348              		.file 8 "Generated_Source\\PSoC5\\ErikaOS_common_ee_primitives.inc"
 349              		.section	.debug_info,"",%progbits
 350              	.Ldebug_info0:
 351 0000 B3080000 		.4byte	0x8b3
 352 0004 0400     		.2byte	0x4
 353 0006 00000000 		.4byte	.Ldebug_abbrev0
 354 000a 04       		.byte	0x4
 355 000b 01       		.uleb128 0x1
 356 000c FC040000 		.4byte	.LASF112
 357 0010 0C       		.byte	0xc
 358 0011 7B000000 		.4byte	.LASF113
 359 0015 91060000 		.4byte	.LASF114
 360 0019 00000000 		.4byte	.Ldebug_line0
 361 001d 02       		.uleb128 0x2
 362 001e 01       		.byte	0x1
 363 001f 06       		.byte	0x6
 364 0020 36010000 		.4byte	.LASF0
 365 0024 02       		.uleb128 0x2
 366 0025 01       		.byte	0x1
 367 0026 08       		.byte	0x8
 368 0027 74040000 		.4byte	.LASF1
ARM GAS  C:\Users\saman\AppData\Local\Temp\ccrl9Zab.s 			page 8


 369 002b 02       		.uleb128 0x2
 370 002c 02       		.byte	0x2
 371 002d 05       		.byte	0x5
 372 002e B9040000 		.4byte	.LASF2
 373 0032 02       		.uleb128 0x2
 374 0033 02       		.byte	0x2
 375 0034 07       		.byte	0x7
 376 0035 9A020000 		.4byte	.LASF3
 377 0039 02       		.uleb128 0x2
 378 003a 04       		.byte	0x4
 379 003b 05       		.byte	0x5
 380 003c BD010000 		.4byte	.LASF4
 381 0040 02       		.uleb128 0x2
 382 0041 04       		.byte	0x4
 383 0042 07       		.byte	0x7
 384 0043 58020000 		.4byte	.LASF5
 385 0047 02       		.uleb128 0x2
 386 0048 08       		.byte	0x8
 387 0049 05       		.byte	0x5
 388 004a 28010000 		.4byte	.LASF6
 389 004e 02       		.uleb128 0x2
 390 004f 08       		.byte	0x8
 391 0050 07       		.byte	0x7
 392 0051 5E000000 		.4byte	.LASF7
 393 0055 03       		.uleb128 0x3
 394 0056 04       		.byte	0x4
 395 0057 05       		.byte	0x5
 396 0058 696E7400 		.ascii	"int\000"
 397 005c 02       		.uleb128 0x2
 398 005d 04       		.byte	0x4
 399 005e 07       		.byte	0x7
 400 005f 20020000 		.4byte	.LASF8
 401 0063 02       		.uleb128 0x2
 402 0064 08       		.byte	0x8
 403 0065 04       		.byte	0x4
 404 0066 C2030000 		.4byte	.LASF9
 405 006a 04       		.uleb128 0x4
 406 006b 41040000 		.4byte	.LASF10
 407 006f 01       		.byte	0x1
 408 0070 52       		.byte	0x52
 409 0071 32000000 		.4byte	0x32
 410 0075 04       		.uleb128 0x4
 411 0076 3C070000 		.4byte	.LASF11
 412 007a 01       		.byte	0x1
 413 007b 53       		.byte	0x53
 414 007c 55000000 		.4byte	0x55
 415 0080 04       		.uleb128 0x4
 416 0081 32070000 		.4byte	.LASF12
 417 0085 01       		.byte	0x1
 418 0086 54       		.byte	0x54
 419 0087 5C000000 		.4byte	0x5c
 420 008b 04       		.uleb128 0x4
 421 008c 87070000 		.4byte	.LASF13
 422 0090 01       		.byte	0x1
 423 0091 64       		.byte	0x64
 424 0092 96000000 		.4byte	0x96
 425 0096 05       		.uleb128 0x5
ARM GAS  C:\Users\saman\AppData\Local\Temp\ccrl9Zab.s 			page 9


 426 0097 04       		.byte	0x4
 427 0098 06       		.uleb128 0x6
 428 0099 04       		.byte	0x4
 429 009a 9E000000 		.4byte	0x9e
 430 009e 07       		.uleb128 0x7
 431 009f 04       		.uleb128 0x4
 432 00a0 45030000 		.4byte	.LASF14
 433 00a4 01       		.byte	0x1
 434 00a5 70       		.byte	0x70
 435 00a6 98000000 		.4byte	0x98
 436 00aa 04       		.uleb128 0x4
 437 00ab 96050000 		.4byte	.LASF15
 438 00af 01       		.byte	0x1
 439 00b0 73       		.byte	0x73
 440 00b1 98000000 		.4byte	0x98
 441 00b5 04       		.uleb128 0x4
 442 00b6 2D020000 		.4byte	.LASF16
 443 00ba 02       		.byte	0x2
 444 00bb 4D       		.byte	0x4d
 445 00bc 80000000 		.4byte	0x80
 446 00c0 04       		.uleb128 0x4
 447 00c1 E4030000 		.4byte	.LASF17
 448 00c5 02       		.byte	0x2
 449 00c6 4E       		.byte	0x4e
 450 00c7 75000000 		.4byte	0x75
 451 00cb 04       		.uleb128 0x4
 452 00cc A1070000 		.4byte	.LASF18
 453 00d0 02       		.byte	0x2
 454 00d1 4F       		.byte	0x4f
 455 00d2 80000000 		.4byte	0x80
 456 00d6 04       		.uleb128 0x4
 457 00d7 3D000000 		.4byte	.LASF19
 458 00db 02       		.byte	0x2
 459 00dc 54       		.byte	0x54
 460 00dd B5000000 		.4byte	0xb5
 461 00e1 04       		.uleb128 0x4
 462 00e2 13020000 		.4byte	.LASF20
 463 00e6 02       		.byte	0x2
 464 00e7 78       		.byte	0x78
 465 00e8 75000000 		.4byte	0x75
 466 00ec 08       		.uleb128 0x8
 467 00ed DA000000 		.4byte	.LASF61
 468 00f1 04       		.byte	0x4
 469 00f2 04       		.byte	0x4
 470 00f3 4D       		.byte	0x4d
 471 00f4 05010000 		.4byte	0x105
 472 00f8 09       		.uleb128 0x9
 473 00f9 73070000 		.4byte	.LASF28
 474 00fd 04       		.byte	0x4
 475 00fe 4E       		.byte	0x4e
 476 00ff 8B000000 		.4byte	0x8b
 477 0103 00       		.byte	0
 478 0104 00       		.byte	0
 479 0105 0A       		.uleb128 0xa
 480 0106 A9030000 		.4byte	.LASF21
 481 010a 03       		.byte	0x3
 482 010b 1101     		.2byte	0x111
ARM GAS  C:\Users\saman\AppData\Local\Temp\ccrl9Zab.s 			page 10


 483 010d 6A000000 		.4byte	0x6a
 484 0111 0A       		.uleb128 0xa
 485 0112 D1000000 		.4byte	.LASF22
 486 0116 03       		.byte	0x3
 487 0117 F701     		.2byte	0x1f7
 488 0119 E1000000 		.4byte	0xe1
 489 011d 0A       		.uleb128 0xa
 490 011e 59010000 		.4byte	.LASF23
 491 0122 03       		.byte	0x3
 492 0123 2C02     		.2byte	0x22c
 493 0125 B5000000 		.4byte	0xb5
 494 0129 0A       		.uleb128 0xa
 495 012a 1D000000 		.4byte	.LASF24
 496 012e 03       		.byte	0x3
 497 012f 3502     		.2byte	0x235
 498 0131 B5000000 		.4byte	0xb5
 499 0135 0A       		.uleb128 0xa
 500 0136 EF050000 		.4byte	.LASF25
 501 013a 03       		.byte	0x3
 502 013b 5D02     		.2byte	0x25d
 503 013d B5000000 		.4byte	0xb5
 504 0141 0A       		.uleb128 0xa
 505 0142 32000000 		.4byte	.LASF26
 506 0146 03       		.byte	0x3
 507 0147 6302     		.2byte	0x263
 508 0149 B5000000 		.4byte	0xb5
 509 014d 0A       		.uleb128 0xa
 510 014e 56030000 		.4byte	.LASF27
 511 0152 03       		.byte	0x3
 512 0153 6C02     		.2byte	0x26c
 513 0155 B5000000 		.4byte	0xb5
 514 0159 0B       		.uleb128 0xb
 515 015a 0C       		.byte	0xc
 516 015b 03       		.byte	0x3
 517 015c 7202     		.2byte	0x272
 518 015e 8A010000 		.4byte	0x18a
 519 0162 0C       		.uleb128 0xc
 520 0163 E1000000 		.4byte	.LASF29
 521 0167 03       		.byte	0x3
 522 0168 7302     		.2byte	0x273
 523 016a 29010000 		.4byte	0x129
 524 016e 00       		.byte	0
 525 016f 0C       		.uleb128 0xc
 526 0170 EC030000 		.4byte	.LASF30
 527 0174 03       		.byte	0x3
 528 0175 7402     		.2byte	0x274
 529 0177 29010000 		.4byte	0x129
 530 017b 04       		.byte	0x4
 531 017c 0C       		.uleb128 0xc
 532 017d 0A020000 		.4byte	.LASF31
 533 0181 03       		.byte	0x3
 534 0182 7502     		.2byte	0x275
 535 0184 29010000 		.4byte	0x129
 536 0188 08       		.byte	0x8
 537 0189 00       		.byte	0
 538 018a 0A       		.uleb128 0xa
 539 018b E5040000 		.4byte	.LASF32
ARM GAS  C:\Users\saman\AppData\Local\Temp\ccrl9Zab.s 			page 11


 540 018f 03       		.byte	0x3
 541 0190 7A02     		.2byte	0x27a
 542 0192 59010000 		.4byte	0x159
 543 0196 0B       		.uleb128 0xb
 544 0197 08       		.byte	0x8
 545 0198 03       		.byte	0x3
 546 0199 7D02     		.2byte	0x27d
 547 019b BA010000 		.4byte	0x1ba
 548 019f 0C       		.uleb128 0xc
 549 01a0 1A020000 		.4byte	.LASF33
 550 01a4 03       		.byte	0x3
 551 01a5 7E02     		.2byte	0x27e
 552 01a7 29010000 		.4byte	0x129
 553 01ab 00       		.byte	0
 554 01ac 0C       		.uleb128 0xc
 555 01ad E9050000 		.4byte	.LASF34
 556 01b1 03       		.byte	0x3
 557 01b2 7F02     		.2byte	0x27f
 558 01b4 35010000 		.4byte	0x135
 559 01b8 04       		.byte	0x4
 560 01b9 00       		.byte	0
 561 01ba 0A       		.uleb128 0xa
 562 01bb 9A010000 		.4byte	.LASF35
 563 01bf 03       		.byte	0x3
 564 01c0 8002     		.2byte	0x280
 565 01c2 96010000 		.4byte	0x196
 566 01c6 0D       		.uleb128 0xd
 567 01c7 01       		.byte	0x1
 568 01c8 24000000 		.4byte	0x24
 569 01cc 03       		.byte	0x3
 570 01cd 8A02     		.2byte	0x28a
 571 01cf E0010000 		.4byte	0x1e0
 572 01d3 0E       		.uleb128 0xe
 573 01d4 82040000 		.4byte	.LASF36
 574 01d8 00       		.byte	0
 575 01d9 0E       		.uleb128 0xe
 576 01da 4B040000 		.4byte	.LASF37
 577 01de 01       		.byte	0x1
 578 01df 00       		.byte	0
 579 01e0 0A       		.uleb128 0xa
 580 01e1 C5020000 		.4byte	.LASF38
 581 01e5 03       		.byte	0x3
 582 01e6 8D02     		.2byte	0x28d
 583 01e8 C6010000 		.4byte	0x1c6
 584 01ec 0A       		.uleb128 0xa
 585 01ed F1020000 		.4byte	.LASF39
 586 01f1 03       		.byte	0x3
 587 01f2 9002     		.2byte	0x290
 588 01f4 E0010000 		.4byte	0x1e0
 589 01f8 0B       		.uleb128 0xb
 590 01f9 0C       		.byte	0xc
 591 01fa 03       		.byte	0x3
 592 01fb 9402     		.2byte	0x294
 593 01fd 27020000 		.4byte	0x227
 594 0201 0F       		.uleb128 0xf
 595 0202 6300     		.ascii	"c\000"
 596 0204 03       		.byte	0x3
ARM GAS  C:\Users\saman\AppData\Local\Temp\ccrl9Zab.s 			page 12


 597 0205 9602     		.2byte	0x296
 598 0207 4D010000 		.4byte	0x14d
 599 020b 00       		.byte	0
 600 020c 0C       		.uleb128 0xc
 601 020d 46060000 		.4byte	.LASF40
 602 0211 03       		.byte	0x3
 603 0212 9802     		.2byte	0x298
 604 0214 35010000 		.4byte	0x135
 605 0218 04       		.byte	0x4
 606 0219 0C       		.uleb128 0xc
 607 021a 95020000 		.4byte	.LASF41
 608 021e 03       		.byte	0x3
 609 021f 9A02     		.2byte	0x29a
 610 0221 EC010000 		.4byte	0x1ec
 611 0225 08       		.byte	0x8
 612 0226 00       		.byte	0
 613 0227 0A       		.uleb128 0xa
 614 0228 A2000000 		.4byte	.LASF42
 615 022c 03       		.byte	0x3
 616 022d 9B02     		.2byte	0x29b
 617 022f F8010000 		.4byte	0x1f8
 618 0233 0B       		.uleb128 0xb
 619 0234 10       		.byte	0x10
 620 0235 03       		.byte	0x3
 621 0236 9F02     		.2byte	0x29f
 622 0238 71020000 		.4byte	0x271
 623 023c 0C       		.uleb128 0xc
 624 023d F9030000 		.4byte	.LASF43
 625 0241 03       		.byte	0x3
 626 0242 A002     		.2byte	0x2a0
 627 0244 D6000000 		.4byte	0xd6
 628 0248 00       		.byte	0
 629 0249 0C       		.uleb128 0xc
 630 024a 6A070000 		.4byte	.LASF44
 631 024e 03       		.byte	0x3
 632 024f A102     		.2byte	0x2a1
 633 0251 29010000 		.4byte	0x129
 634 0255 04       		.byte	0x4
 635 0256 0C       		.uleb128 0xc
 636 0257 75000000 		.4byte	.LASF45
 637 025b 03       		.byte	0x3
 638 025c A202     		.2byte	0x2a2
 639 025e 29010000 		.4byte	0x129
 640 0262 08       		.byte	0x8
 641 0263 0C       		.uleb128 0xc
 642 0264 00000000 		.4byte	.LASF46
 643 0268 03       		.byte	0x3
 644 0269 A302     		.2byte	0x2a3
 645 026b 35010000 		.4byte	0x135
 646 026f 0C       		.byte	0xc
 647 0270 00       		.byte	0
 648 0271 0A       		.uleb128 0xa
 649 0272 FE030000 		.4byte	.LASF47
 650 0276 03       		.byte	0x3
 651 0277 A402     		.2byte	0x2a4
 652 0279 33020000 		.4byte	0x233
 653 027d 0D       		.uleb128 0xd
ARM GAS  C:\Users\saman\AppData\Local\Temp\ccrl9Zab.s 			page 13


 654 027e 01       		.byte	0x1
 655 027f 24000000 		.4byte	0x24
 656 0283 03       		.byte	0x3
 657 0284 A702     		.2byte	0x2a7
 658 0286 A3020000 		.4byte	0x2a3
 659 028a 0E       		.uleb128 0xe
 660 028b 06060000 		.4byte	.LASF48
 661 028f 00       		.byte	0
 662 0290 0E       		.uleb128 0xe
 663 0291 4E060000 		.4byte	.LASF49
 664 0295 01       		.byte	0x1
 665 0296 0E       		.uleb128 0xe
 666 0297 25060000 		.4byte	.LASF50
 667 029b 02       		.byte	0x2
 668 029c 0E       		.uleb128 0xe
 669 029d C8050000 		.4byte	.LASF51
 670 02a1 03       		.byte	0x3
 671 02a2 00       		.byte	0
 672 02a3 0A       		.uleb128 0xa
 673 02a4 42010000 		.4byte	.LASF52
 674 02a8 03       		.byte	0x3
 675 02a9 AC02     		.2byte	0x2ac
 676 02ab 7D020000 		.4byte	0x27d
 677 02af 0A       		.uleb128 0xa
 678 02b0 E1060000 		.4byte	.LASF53
 679 02b4 03       		.byte	0x3
 680 02b5 AF02     		.2byte	0x2af
 681 02b7 A3020000 		.4byte	0x2a3
 682 02bb 0B       		.uleb128 0xb
 683 02bc 14       		.byte	0x14
 684 02bd 03       		.byte	0x3
 685 02be B202     		.2byte	0x2b2
 686 02c0 04030000 		.4byte	0x304
 687 02c4 0C       		.uleb128 0xc
 688 02c5 80060000 		.4byte	.LASF54
 689 02c9 03       		.byte	0x3
 690 02ca B302     		.2byte	0x2b3
 691 02cc AF020000 		.4byte	0x2af
 692 02d0 00       		.byte	0
 693 02d1 0C       		.uleb128 0xc
 694 02d2 7B070000 		.4byte	.LASF55
 695 02d6 03       		.byte	0x3
 696 02d7 B402     		.2byte	0x2b4
 697 02d9 11010000 		.4byte	0x111
 698 02dd 04       		.byte	0x4
 699 02de 0C       		.uleb128 0xc
 700 02df 8A050000 		.4byte	.LASF56
 701 02e3 03       		.byte	0x3
 702 02e4 B602     		.2byte	0x2b6
 703 02e6 1D010000 		.4byte	0x11d
 704 02ea 08       		.byte	0x8
 705 02eb 0F       		.uleb128 0xf
 706 02ec 6600     		.ascii	"f\000"
 707 02ee 03       		.byte	0x3
 708 02ef B802     		.2byte	0x2b8
 709 02f1 9F000000 		.4byte	0x9f
 710 02f5 0C       		.byte	0xc
ARM GAS  C:\Users\saman\AppData\Local\Temp\ccrl9Zab.s 			page 14


 711 02f6 0C       		.uleb128 0xc
 712 02f7 B0040000 		.4byte	.LASF57
 713 02fb 03       		.byte	0x3
 714 02fc BA02     		.2byte	0x2ba
 715 02fe 4D010000 		.4byte	0x14d
 716 0302 10       		.byte	0x10
 717 0303 00       		.byte	0
 718 0304 0A       		.uleb128 0xa
 719 0305 2B040000 		.4byte	.LASF58
 720 0309 03       		.byte	0x3
 721 030a BB02     		.2byte	0x2bb
 722 030c BB020000 		.4byte	0x2bb
 723 0310 0B       		.uleb128 0xb
 724 0311 04       		.byte	0x4
 725 0312 03       		.byte	0x3
 726 0313 BD02     		.2byte	0x2bd
 727 0315 27030000 		.4byte	0x327
 728 0319 0C       		.uleb128 0xc
 729 031a 7B030000 		.4byte	.LASF59
 730 031e 03       		.byte	0x3
 731 031f BF02     		.2byte	0x2bf
 732 0321 41010000 		.4byte	0x141
 733 0325 00       		.byte	0
 734 0326 00       		.byte	0
 735 0327 0A       		.uleb128 0xa
 736 0328 35020000 		.4byte	.LASF60
 737 032c 03       		.byte	0x3
 738 032d C402     		.2byte	0x2c4
 739 032f 10030000 		.4byte	0x310
 740 0333 10       		.uleb128 0x10
 741 0334 7B020000 		.4byte	.LASF62
 742 0338 08       		.byte	0x8
 743 0339 03       		.byte	0x3
 744 033a 0E04     		.2byte	0x40e
 745 033c 5A030000 		.4byte	0x35a
 746 0340 0F       		.uleb128 0xf
 747 0341 6E7400   		.ascii	"nt\000"
 748 0344 03       		.byte	0x3
 749 0345 0F04     		.2byte	0x40f
 750 0347 B5000000 		.4byte	0xb5
 751 034b 00       		.byte	0
 752 034c 0C       		.uleb128 0xc
 753 034d 8C060000 		.4byte	.LASF63
 754 0351 03       		.byte	0x3
 755 0352 1004     		.2byte	0x410
 756 0354 6A030000 		.4byte	0x36a
 757 0358 04       		.byte	0x4
 758 0359 00       		.byte	0
 759 035a 11       		.uleb128 0x11
 760 035b 65030000 		.4byte	0x365
 761 035f 65030000 		.4byte	0x365
 762 0363 12       		.uleb128 0x12
 763 0364 00       		.byte	0
 764 0365 13       		.uleb128 0x13
 765 0366 E1000000 		.4byte	0xe1
 766 036a 06       		.uleb128 0x6
 767 036b 04       		.byte	0x4
ARM GAS  C:\Users\saman\AppData\Local\Temp\ccrl9Zab.s 			page 15


 768 036c 5A030000 		.4byte	0x35a
 769 0370 11       		.uleb128 0x11
 770 0371 65030000 		.4byte	0x365
 771 0375 80030000 		.4byte	0x380
 772 0379 14       		.uleb128 0x14
 773 037a 80030000 		.4byte	0x380
 774 037e 00       		.byte	0
 775 037f 00       		.byte	0
 776 0380 02       		.uleb128 0x2
 777 0381 04       		.byte	0x4
 778 0382 07       		.byte	0x7
 779 0383 B9030000 		.4byte	.LASF64
 780 0387 15       		.uleb128 0x15
 781 0388 F1000000 		.4byte	.LASF115
 782 038c 05       		.byte	0x5
 783 038d 6507     		.2byte	0x765
 784 038f 99030000 		.4byte	0x399
 785 0393 05       		.uleb128 0x5
 786 0394 03       		.byte	0x3
 787 0395 08000000 		.4byte	EE_oo_autostart_task_mode_OSDEFAULTAPPMODE
 788 0399 13       		.uleb128 0x13
 789 039a 70030000 		.4byte	0x370
 790 039e 11       		.uleb128 0x11
 791 039f AE030000 		.4byte	0x3ae
 792 03a3 AE030000 		.4byte	0x3ae
 793 03a7 14       		.uleb128 0x14
 794 03a8 80030000 		.4byte	0x380
 795 03ac 04       		.byte	0x4
 796 03ad 00       		.byte	0
 797 03ae 13       		.uleb128 0x13
 798 03af AA000000 		.4byte	0xaa
 799 03b3 16       		.uleb128 0x16
 800 03b4 5E060000 		.4byte	.LASF65
 801 03b8 05       		.byte	0x5
 802 03b9 D2       		.byte	0xd2
 803 03ba C4030000 		.4byte	0x3c4
 804 03be 05       		.uleb128 0x5
 805 03bf 03       		.byte	0x3
 806 03c0 00000000 		.4byte	EE_hal_thread_body
 807 03c4 13       		.uleb128 0x13
 808 03c5 9E030000 		.4byte	0x39e
 809 03c9 11       		.uleb128 0x11
 810 03ca D9030000 		.4byte	0x3d9
 811 03ce D9030000 		.4byte	0x3d9
 812 03d2 14       		.uleb128 0x14
 813 03d3 80030000 		.4byte	0x380
 814 03d7 05       		.byte	0x5
 815 03d8 00       		.byte	0
 816 03d9 13       		.uleb128 0x13
 817 03da B5000000 		.4byte	0xb5
 818 03de 16       		.uleb128 0x16
 819 03df B6050000 		.4byte	.LASF66
 820 03e3 05       		.byte	0x5
 821 03e4 71       		.byte	0x71
 822 03e5 EF030000 		.4byte	0x3ef
 823 03e9 05       		.uleb128 0x5
 824 03ea 03       		.byte	0x3
ARM GAS  C:\Users\saman\AppData\Local\Temp\ccrl9Zab.s 			page 16


 825 03eb 00000000 		.4byte	EE_std_thread_tos
 826 03ef 13       		.uleb128 0x13
 827 03f0 C9030000 		.4byte	0x3c9
 828 03f4 11       		.uleb128 0x11
 829 03f5 80000000 		.4byte	0x80
 830 03f9 04040000 		.4byte	0x404
 831 03fd 14       		.uleb128 0x14
 832 03fe 80030000 		.4byte	0x380
 833 0402 04       		.byte	0x4
 834 0403 00       		.byte	0
 835 0404 16       		.uleb128 0x16
 836 0405 45070000 		.4byte	.LASF67
 837 0409 05       		.byte	0x5
 838 040a ED       		.byte	0xed
 839 040b F4030000 		.4byte	0x3f4
 840 040f 05       		.uleb128 0x5
 841 0410 03       		.byte	0x3
 842 0411 00000000 		.4byte	EE_terminate_data
 843 0415 16       		.uleb128 0x16
 844 0416 96040000 		.4byte	.LASF68
 845 041a 05       		.byte	0x5
 846 041b F0       		.byte	0xf0
 847 041c 26040000 		.4byte	0x426
 848 0420 05       		.uleb128 0x5
 849 0421 03       		.byte	0x3
 850 0422 00000000 		.4byte	EE_terminate_real_th_body
 851 0426 13       		.uleb128 0x13
 852 0427 9E030000 		.4byte	0x39e
 853 042b 11       		.uleb128 0x11
 854 042c EC000000 		.4byte	0xec
 855 0430 3B040000 		.4byte	0x43b
 856 0434 14       		.uleb128 0x14
 857 0435 80030000 		.4byte	0x380
 858 0439 01       		.byte	0x1
 859 043a 00       		.byte	0
 860 043b 16       		.uleb128 0x16
 861 043c 5C040000 		.4byte	.LASF69
 862 0440 05       		.byte	0x5
 863 0441 8D       		.byte	0x8d
 864 0442 2B040000 		.4byte	0x42b
 865 0446 05       		.uleb128 0x5
 866 0447 03       		.byte	0x3
 867 0448 00000000 		.4byte	EE_cortex_mx_system_tos
 868 044c 16       		.uleb128 0x16
 869 044d 82010000 		.4byte	.LASF70
 870 0451 05       		.byte	0x5
 871 0452 A9       		.byte	0xa9
 872 0453 B5000000 		.4byte	0xb5
 873 0457 05       		.uleb128 0x5
 874 0458 03       		.byte	0x3
 875 0459 00000000 		.4byte	EE_cortex_mx_active_tos
 876 045d 11       		.uleb128 0x11
 877 045e D9030000 		.4byte	0x3d9
 878 0462 6D040000 		.4byte	0x46d
 879 0466 14       		.uleb128 0x14
 880 0467 80030000 		.4byte	0x380
 881 046b 04       		.byte	0x4
ARM GAS  C:\Users\saman\AppData\Local\Temp\ccrl9Zab.s 			page 17


 882 046c 00       		.byte	0
 883 046d 17       		.uleb128 0x17
 884 046e 15060000 		.4byte	.LASF71
 885 0472 05       		.byte	0x5
 886 0473 E202     		.2byte	0x2e2
 887 0475 7F040000 		.4byte	0x47f
 888 0479 05       		.uleb128 0x5
 889 047a 03       		.byte	0x3
 890 047b 00000000 		.4byte	EE_th_rnact_max
 891 047f 13       		.uleb128 0x13
 892 0480 5D040000 		.4byte	0x45d
 893 0484 17       		.uleb128 0x17
 894 0485 F0060000 		.4byte	.LASF72
 895 0489 05       		.byte	0x5
 896 048a 0C01     		.2byte	0x10c
 897 048c 96040000 		.4byte	0x496
 898 0490 05       		.uleb128 0x5
 899 0491 03       		.byte	0x3
 900 0492 00000000 		.4byte	EE_th_ready_prio
 901 0496 13       		.uleb128 0x13
 902 0497 5D040000 		.4byte	0x45d
 903 049b 17       		.uleb128 0x17
 904 049c 07030000 		.4byte	.LASF73
 905 04a0 05       		.byte	0x5
 906 04a1 4502     		.2byte	0x245
 907 04a3 AD040000 		.4byte	0x4ad
 908 04a7 05       		.uleb128 0x5
 909 04a8 03       		.byte	0x3
 910 04a9 00000000 		.4byte	EE_th_dispatch_prio
 911 04ad 13       		.uleb128 0x13
 912 04ae 5D040000 		.4byte	0x45d
 913 04b2 11       		.uleb128 0x11
 914 04b3 C2040000 		.4byte	0x4c2
 915 04b7 C2040000 		.4byte	0x4c2
 916 04bb 14       		.uleb128 0x14
 917 04bc 80030000 		.4byte	0x380
 918 04c0 04       		.byte	0x4
 919 04c1 00       		.byte	0
 920 04c2 06       		.uleb128 0x6
 921 04c3 04       		.byte	0x4
 922 04c4 CF040000 		.4byte	0x4cf
 923 04c8 02       		.uleb128 0x2
 924 04c9 01       		.byte	0x1
 925 04ca 08       		.byte	0x8
 926 04cb 01060000 		.4byte	.LASF74
 927 04cf 13       		.uleb128 0x13
 928 04d0 C8040000 		.4byte	0x4c8
 929 04d4 17       		.uleb128 0x17
 930 04d5 D8040000 		.4byte	.LASF75
 931 04d9 05       		.byte	0x5
 932 04da 2801     		.2byte	0x128
 933 04dc B2040000 		.4byte	0x4b2
 934 04e0 05       		.uleb128 0x5
 935 04e1 03       		.byte	0x3
 936 04e2 00000000 		.4byte	EE_TASK_NAME
 937 04e6 11       		.uleb128 0x11
 938 04e7 C2040000 		.4byte	0x4c2
ARM GAS  C:\Users\saman\AppData\Local\Temp\ccrl9Zab.s 			page 18


 939 04eb F6040000 		.4byte	0x4f6
 940 04ef 14       		.uleb128 0x14
 941 04f0 80030000 		.4byte	0x380
 942 04f4 01       		.byte	0x1
 943 04f5 00       		.byte	0
 944 04f6 17       		.uleb128 0x17
 945 04f7 67010000 		.4byte	.LASF76
 946 04fb 05       		.byte	0x5
 947 04fc 8101     		.2byte	0x181
 948 04fe E6040000 		.4byte	0x4e6
 949 0502 05       		.uleb128 0x5
 950 0503 03       		.byte	0x3
 951 0504 00000000 		.4byte	EE_EVENT_NAME
 952 0508 11       		.uleb128 0x11
 953 0509 C2040000 		.4byte	0x4c2
 954 050d 18050000 		.4byte	0x518
 955 0511 14       		.uleb128 0x14
 956 0512 80030000 		.4byte	0x380
 957 0516 00       		.byte	0
 958 0517 00       		.byte	0
 959 0518 17       		.uleb128 0x17
 960 0519 4A020000 		.4byte	.LASF77
 961 051d 05       		.byte	0x5
 962 051e 3D06     		.2byte	0x63d
 963 0520 08050000 		.4byte	0x508
 964 0524 05       		.uleb128 0x5
 965 0525 03       		.byte	0x3
 966 0526 00000000 		.4byte	EE_ALARM_NAME
 967 052a 11       		.uleb128 0x11
 968 052b 3A050000 		.4byte	0x53a
 969 052f 3A050000 		.4byte	0x53a
 970 0533 14       		.uleb128 0x14
 971 0534 80030000 		.4byte	0x380
 972 0538 01       		.byte	0x1
 973 0539 00       		.byte	0
 974 053a 13       		.uleb128 0x13
 975 053b 40000000 		.4byte	0x40
 976 053f 17       		.uleb128 0x17
 977 0540 B1010000 		.4byte	.LASF78
 978 0544 05       		.byte	0x5
 979 0545 E201     		.2byte	0x1e2
 980 0547 51050000 		.4byte	0x551
 981 054b 05       		.uleb128 0x5
 982 054c 03       		.byte	0x3
 983 054d 00000000 		.4byte	EE_EVENT_ID
 984 0551 13       		.uleb128 0x13
 985 0552 2A050000 		.4byte	0x52a
 986 0556 11       		.uleb128 0x11
 987 0557 3A050000 		.4byte	0x53a
 988 055b 66050000 		.4byte	0x566
 989 055f 14       		.uleb128 0x14
 990 0560 80030000 		.4byte	0x380
 991 0564 00       		.byte	0
 992 0565 00       		.byte	0
 993 0566 17       		.uleb128 0x17
 994 0567 1C010000 		.4byte	.LASF79
 995 056b 05       		.byte	0x5
ARM GAS  C:\Users\saman\AppData\Local\Temp\ccrl9Zab.s 			page 19


 996 056c 5906     		.2byte	0x659
 997 056e 78050000 		.4byte	0x578
 998 0572 05       		.uleb128 0x5
 999 0573 03       		.byte	0x3
 1000 0574 00000000 		.4byte	EE_ALARM_ID
 1001 0578 13       		.uleb128 0x13
 1002 0579 56050000 		.4byte	0x556
 1003 057d 11       		.uleb128 0x11
 1004 057e B5000000 		.4byte	0xb5
 1005 0582 8D050000 		.4byte	0x58d
 1006 0586 14       		.uleb128 0x14
 1007 0587 80030000 		.4byte	0x380
 1008 058b 04       		.byte	0x4
 1009 058c 00       		.byte	0
 1010 058d 17       		.uleb128 0x17
 1011 058e E4020000 		.4byte	.LASF80
 1012 0592 05       		.byte	0x5
 1013 0593 8102     		.2byte	0x281
 1014 0595 7D050000 		.4byte	0x57d
 1015 0599 05       		.uleb128 0x5
 1016 059a 03       		.byte	0x3
 1017 059b 00000000 		.4byte	EE_th_status
 1018 059f 11       		.uleb128 0x11
 1019 05a0 E1000000 		.4byte	0xe1
 1020 05a4 AF050000 		.4byte	0x5af
 1021 05a8 14       		.uleb128 0x14
 1022 05a9 80030000 		.4byte	0x380
 1023 05ad 04       		.byte	0x4
 1024 05ae 00       		.byte	0
 1025 05af 17       		.uleb128 0x17
 1026 05b0 8B040000 		.4byte	.LASF81
 1027 05b4 05       		.byte	0x5
 1028 05b5 9D02     		.2byte	0x29d
 1029 05b7 9F050000 		.4byte	0x59f
 1030 05bb 05       		.uleb128 0x5
 1031 05bc 03       		.byte	0x3
 1032 05bd 00000000 		.4byte	EE_th_next
 1033 05c1 17       		.uleb128 0x17
 1034 05c2 01070000 		.4byte	.LASF82
 1035 05c6 05       		.byte	0x5
 1036 05c7 C702     		.2byte	0x2c7
 1037 05c9 7D050000 		.4byte	0x57d
 1038 05cd 05       		.uleb128 0x5
 1039 05ce 03       		.byte	0x3
 1040 05cf 00000000 		.4byte	EE_th_rnact
 1041 05d3 17       		.uleb128 0x17
 1042 05d4 05000000 		.4byte	.LASF83
 1043 05d8 05       		.byte	0x5
 1044 05d9 7703     		.2byte	0x377
 1045 05db 9F050000 		.4byte	0x59f
 1046 05df 05       		.uleb128 0x5
 1047 05e0 03       		.byte	0x3
 1048 05e1 00000000 		.4byte	EE_th_terminate_nextask
 1049 05e5 17       		.uleb128 0x17
 1050 05e6 26000000 		.4byte	.LASF84
 1051 05ea 05       		.byte	0x5
 1052 05eb B902     		.2byte	0x2b9
ARM GAS  C:\Users\saman\AppData\Local\Temp\ccrl9Zab.s 			page 20


 1053 05ed E1000000 		.4byte	0xe1
 1054 05f1 05       		.uleb128 0x5
 1055 05f2 03       		.byte	0x3
 1056 05f3 00000000 		.4byte	EE_stkfirst
 1057 05f7 17       		.uleb128 0x17
 1058 05f8 71060000 		.4byte	.LASF85
 1059 05fc 05       		.byte	0x5
 1060 05fd BC02     		.2byte	0x2bc
 1061 05ff B5000000 		.4byte	0xb5
 1062 0603 05       		.uleb128 0x5
 1063 0604 03       		.byte	0x3
 1064 0605 00000000 		.4byte	EE_sys_ceiling
 1065 0609 17       		.uleb128 0x17
 1066 060a D9030000 		.4byte	.LASF86
 1067 060e 05       		.byte	0x5
 1068 060f FD02     		.2byte	0x2fd
 1069 0611 7D050000 		.4byte	0x57d
 1070 0615 05       		.uleb128 0x5
 1071 0616 03       		.byte	0x3
 1072 0617 00000000 		.4byte	EE_rq_link
 1073 061b 11       		.uleb128 0x11
 1074 061c C0000000 		.4byte	0xc0
 1075 0620 2B060000 		.4byte	0x62b
 1076 0624 14       		.uleb128 0x14
 1077 0625 80030000 		.4byte	0x380
 1078 0629 0F       		.byte	0xf
 1079 062a 00       		.byte	0
 1080 062b 17       		.uleb128 0x17
 1081 062c C6010000 		.4byte	.LASF87
 1082 0630 05       		.byte	0x5
 1083 0631 BF02     		.2byte	0x2bf
 1084 0633 1B060000 		.4byte	0x61b
 1085 0637 05       		.uleb128 0x5
 1086 0638 03       		.byte	0x3
 1087 0639 00000000 		.4byte	EE_rq_queues_head
 1088 063d 17       		.uleb128 0x17
 1089 063e A4050000 		.4byte	.LASF88
 1090 0642 05       		.byte	0x5
 1091 0643 C102     		.2byte	0x2c1
 1092 0645 1B060000 		.4byte	0x61b
 1093 0649 05       		.uleb128 0x5
 1094 064a 03       		.byte	0x3
 1095 064b 00000000 		.4byte	EE_rq_queues_tail
 1096 064f 11       		.uleb128 0x11
 1097 0650 C0000000 		.4byte	0xc0
 1098 0654 5F060000 		.4byte	0x65f
 1099 0658 14       		.uleb128 0x14
 1100 0659 80030000 		.4byte	0x380
 1101 065d 04       		.byte	0x4
 1102 065e 00       		.byte	0
 1103 065f 17       		.uleb128 0x17
 1104 0660 C0000000 		.4byte	.LASF89
 1105 0664 05       		.byte	0x5
 1106 0665 1B03     		.2byte	0x31b
 1107 0667 4F060000 		.4byte	0x64f
 1108 066b 05       		.uleb128 0x5
 1109 066c 03       		.byte	0x3
ARM GAS  C:\Users\saman\AppData\Local\Temp\ccrl9Zab.s 			page 21


 1110 066d 00000000 		.4byte	EE_rq_pairs_next
 1111 0671 17       		.uleb128 0x17
 1112 0672 0D070000 		.4byte	.LASF90
 1113 0676 05       		.byte	0x5
 1114 0677 7003     		.2byte	0x370
 1115 0679 9F050000 		.4byte	0x59f
 1116 067d 05       		.uleb128 0x5
 1117 067e 03       		.byte	0x3
 1118 067f 00000000 		.4byte	EE_rq_pairs_tid
 1119 0683 17       		.uleb128 0x17
 1120 0684 DB050000 		.4byte	.LASF91
 1121 0688 05       		.byte	0x5
 1122 0689 C402     		.2byte	0x2c4
 1123 068b 05010000 		.4byte	0x105
 1124 068f 05       		.uleb128 0x5
 1125 0690 03       		.byte	0x3
 1126 0691 00000000 		.4byte	EE_rq_bitmask
 1127 0695 17       		.uleb128 0x17
 1128 0696 CE030000 		.4byte	.LASF92
 1129 069a 05       		.byte	0x5
 1130 069b 7303     		.2byte	0x373
 1131 069d C0000000 		.4byte	0xc0
 1132 06a1 05       		.uleb128 0x5
 1133 06a2 03       		.byte	0x3
 1134 06a3 00000000 		.4byte	EE_rq_free
 1135 06a7 17       		.uleb128 0x17
 1136 06a8 57070000 		.4byte	.LASF93
 1137 06ac 05       		.byte	0x5
 1138 06ad 9A03     		.2byte	0x39a
 1139 06af 7D050000 		.4byte	0x57d
 1140 06b3 05       		.uleb128 0x5
 1141 06b4 03       		.byte	0x3
 1142 06b5 00000000 		.4byte	EE_th_event_active
 1143 06b9 17       		.uleb128 0x17
 1144 06ba C3040000 		.4byte	.LASF94
 1145 06be 05       		.byte	0x5
 1146 06bf B603     		.2byte	0x3b6
 1147 06c1 7D050000 		.4byte	0x57d
 1148 06c5 05       		.uleb128 0x5
 1149 06c6 03       		.byte	0x3
 1150 06c7 00000000 		.4byte	EE_th_event_waitmask
 1151 06cb 11       		.uleb128 0x11
 1152 06cc D6000000 		.4byte	0xd6
 1153 06d0 DB060000 		.4byte	0x6db
 1154 06d4 14       		.uleb128 0x14
 1155 06d5 80030000 		.4byte	0x380
 1156 06d9 04       		.byte	0x4
 1157 06da 00       		.byte	0
 1158 06db 17       		.uleb128 0x17
 1159 06dc 6A020000 		.4byte	.LASF95
 1160 06e0 05       		.byte	0x5
 1161 06e1 D203     		.2byte	0x3d2
 1162 06e3 CB060000 		.4byte	0x6cb
 1163 06e7 05       		.uleb128 0x5
 1164 06e8 03       		.byte	0x3
 1165 06e9 00000000 		.4byte	EE_th_waswaiting
 1166 06ed 17       		.uleb128 0x17
ARM GAS  C:\Users\saman\AppData\Local\Temp\ccrl9Zab.s 			page 22


 1167 06ee 8F070000 		.4byte	.LASF96
 1168 06f2 05       		.byte	0x5
 1169 06f3 EE03     		.2byte	0x3ee
 1170 06f5 FF060000 		.4byte	0x6ff
 1171 06f9 05       		.uleb128 0x5
 1172 06fa 03       		.byte	0x3
 1173 06fb 00000000 		.4byte	EE_th_is_extended
 1174 06ff 13       		.uleb128 0x13
 1175 0700 5D040000 		.4byte	0x45d
 1176 0704 11       		.uleb128 0x11
 1177 0705 14070000 		.4byte	0x714
 1178 0709 14070000 		.4byte	0x714
 1179 070d 14       		.uleb128 0x14
 1180 070e 80030000 		.4byte	0x380
 1181 0712 00       		.byte	0
 1182 0713 00       		.byte	0
 1183 0714 13       		.uleb128 0x13
 1184 0715 8A010000 		.4byte	0x18a
 1185 0719 17       		.uleb128 0x17
 1186 071a 1C040000 		.4byte	.LASF97
 1187 071e 05       		.byte	0x5
 1188 071f FF05     		.2byte	0x5ff
 1189 0721 2B070000 		.4byte	0x72b
 1190 0725 05       		.uleb128 0x5
 1191 0726 03       		.byte	0x3
 1192 0727 00000000 		.4byte	EE_counter_ROM
 1193 072b 13       		.uleb128 0x13
 1194 072c 04070000 		.4byte	0x704
 1195 0730 11       		.uleb128 0x11
 1196 0731 40070000 		.4byte	0x740
 1197 0735 40070000 		.4byte	0x740
 1198 0739 14       		.uleb128 0x14
 1199 073a 80030000 		.4byte	0x380
 1200 073e 00       		.byte	0
 1201 073f 00       		.byte	0
 1202 0740 13       		.uleb128 0x13
 1203 0741 27020000 		.4byte	0x227
 1204 0745 17       		.uleb128 0x17
 1205 0746 62030000 		.4byte	.LASF98
 1206 074a 05       		.byte	0x5
 1207 074b 9606     		.2byte	0x696
 1208 074d 57070000 		.4byte	0x757
 1209 0751 05       		.uleb128 0x5
 1210 0752 03       		.byte	0x3
 1211 0753 00000000 		.4byte	EE_oo_counter_object_ROM
 1212 0757 13       		.uleb128 0x13
 1213 0758 30070000 		.4byte	0x730
 1214 075c 11       		.uleb128 0x11
 1215 075d 6C070000 		.4byte	0x76c
 1216 0761 6C070000 		.4byte	0x76c
 1217 0765 14       		.uleb128 0x14
 1218 0766 80030000 		.4byte	0x380
 1219 076a 00       		.byte	0
 1220 076b 00       		.byte	0
 1221 076c 13       		.uleb128 0x13
 1222 076d 04030000 		.4byte	0x304
 1223 0771 17       		.uleb128 0x17
ARM GAS  C:\Users\saman\AppData\Local\Temp\ccrl9Zab.s 			page 23


 1224 0772 98030000 		.4byte	.LASF99
 1225 0776 05       		.byte	0x5
 1226 0777 BA06     		.2byte	0x6ba
 1227 0779 83070000 		.4byte	0x783
 1228 077d 05       		.uleb128 0x5
 1229 077e 03       		.byte	0x3
 1230 077f 00000000 		.4byte	EE_oo_action_ROM
 1231 0783 13       		.uleb128 0x13
 1232 0784 5C070000 		.4byte	0x75c
 1233 0788 11       		.uleb128 0x11
 1234 0789 98070000 		.4byte	0x798
 1235 078d 98070000 		.4byte	0x798
 1236 0791 14       		.uleb128 0x14
 1237 0792 80030000 		.4byte	0x380
 1238 0796 00       		.byte	0
 1239 0797 00       		.byte	0
 1240 0798 13       		.uleb128 0x13
 1241 0799 27030000 		.4byte	0x327
 1242 079d 17       		.uleb128 0x17
 1243 079e 75010000 		.4byte	.LASF100
 1244 07a2 05       		.byte	0x5
 1245 07a3 2006     		.2byte	0x620
 1246 07a5 AF070000 		.4byte	0x7af
 1247 07a9 05       		.uleb128 0x5
 1248 07aa 03       		.byte	0x3
 1249 07ab 00000000 		.4byte	EE_alarm_ROM
 1250 07af 13       		.uleb128 0x13
 1251 07b0 88070000 		.4byte	0x788
 1252 07b4 11       		.uleb128 0x11
 1253 07b5 BA010000 		.4byte	0x1ba
 1254 07b9 C4070000 		.4byte	0x7c4
 1255 07bd 14       		.uleb128 0x14
 1256 07be 80030000 		.4byte	0x380
 1257 07c2 00       		.byte	0
 1258 07c3 00       		.byte	0
 1259 07c4 17       		.uleb128 0x17
 1260 07c5 37060000 		.4byte	.LASF101
 1261 07c9 05       		.byte	0x5
 1262 07ca 0C06     		.2byte	0x60c
 1263 07cc B4070000 		.4byte	0x7b4
 1264 07d0 05       		.uleb128 0x5
 1265 07d1 03       		.byte	0x3
 1266 07d2 00000000 		.4byte	EE_counter_RAM
 1267 07d6 11       		.uleb128 0x11
 1268 07d7 71020000 		.4byte	0x271
 1269 07db E6070000 		.4byte	0x7e6
 1270 07df 14       		.uleb128 0x14
 1271 07e0 80030000 		.4byte	0x380
 1272 07e4 00       		.byte	0
 1273 07e5 00       		.byte	0
 1274 07e6 17       		.uleb128 0x17
 1275 07e7 C8060000 		.4byte	.LASF102
 1276 07eb 05       		.byte	0x5
 1277 07ec B106     		.2byte	0x6b1
 1278 07ee D6070000 		.4byte	0x7d6
 1279 07f2 05       		.uleb128 0x5
 1280 07f3 03       		.byte	0x3
ARM GAS  C:\Users\saman\AppData\Local\Temp\ccrl9Zab.s 			page 24


 1281 07f4 00000000 		.4byte	EE_oo_counter_object_RAM
 1282 07f8 11       		.uleb128 0x11
 1283 07f9 08080000 		.4byte	0x808
 1284 07fd 08080000 		.4byte	0x808
 1285 0801 14       		.uleb128 0x14
 1286 0802 80030000 		.4byte	0x380
 1287 0806 00       		.byte	0
 1288 0807 00       		.byte	0
 1289 0808 13       		.uleb128 0x13
 1290 0809 33030000 		.4byte	0x333
 1291 080d 17       		.uleb128 0x17
 1292 080e A9070000 		.4byte	.LASF103
 1293 0812 05       		.byte	0x5
 1294 0813 9607     		.2byte	0x796
 1295 0815 1F080000 		.4byte	0x81f
 1296 0819 05       		.uleb128 0x5
 1297 081a 03       		.byte	0x3
 1298 081b 00000000 		.4byte	EE_oo_autostart_task_data
 1299 081f 13       		.uleb128 0x13
 1300 0820 F8070000 		.4byte	0x7f8
 1301 0824 18       		.uleb128 0x18
 1302 0825 AD020000 		.4byte	.LASF104
 1303 0829 06       		.byte	0x6
 1304 082a 40       		.byte	0x40
 1305 082b B5000000 		.4byte	0xb5
 1306 082f 18       		.uleb128 0x18
 1307 0830 D8010000 		.4byte	.LASF105
 1308 0834 06       		.byte	0x6
 1309 0835 47       		.byte	0x47
 1310 0836 CB000000 		.4byte	0xcb
 1311 083a 17       		.uleb128 0x17
 1312 083b 85030000 		.4byte	.LASF106
 1313 083f 05       		.byte	0x5
 1314 0840 5C07     		.2byte	0x75c
 1315 0842 B5000000 		.4byte	0xb5
 1316 0846 05       		.uleb128 0x5
 1317 0847 03       		.byte	0x3
 1318 0848 00000000 		.4byte	EE_ApplicationMode
 1319 084c 18       		.uleb128 0x18
 1320 084d F1010000 		.4byte	.LASF107
 1321 0851 07       		.byte	0x7
 1322 0852 48       		.byte	0x48
 1323 0853 E1000000 		.4byte	0xe1
 1324 0857 18       		.uleb128 0x18
 1325 0858 1D070000 		.4byte	.LASF108
 1326 085c 08       		.byte	0x8
 1327 085d 44       		.byte	0x44
 1328 085e B5000000 		.4byte	0xb5
 1329 0862 16       		.uleb128 0x16
 1330 0863 49000000 		.4byte	.LASF109
 1331 0867 05       		.byte	0x5
 1332 0868 AD       		.byte	0xad
 1333 0869 EC000000 		.4byte	0xec
 1334 086d 05       		.uleb128 0x5
 1335 086e 03       		.byte	0x3
 1336 086f 00000000 		.4byte	EE_cortex_mx_IRQ_tos
 1337 0873 11       		.uleb128 0x11
ARM GAS  C:\Users\saman\AppData\Local\Temp\ccrl9Zab.s 			page 25


 1338 0874 55000000 		.4byte	0x55
 1339 0878 84080000 		.4byte	0x884
 1340 087c 19       		.uleb128 0x19
 1341 087d 80030000 		.4byte	0x380
 1342 0881 FF07     		.2byte	0x7ff
 1343 0883 00       		.byte	0
 1344 0884 16       		.uleb128 0x16
 1345 0885 1B030000 		.4byte	.LASF110
 1346 0889 05       		.byte	0x5
 1347 088a 1D       		.byte	0x1d
 1348 088b 73080000 		.4byte	0x873
 1349 088f 05       		.uleb128 0x5
 1350 0890 03       		.byte	0x3
 1351 0891 00000000 		.4byte	EE_cortex_mx_stack_4
 1352 0895 11       		.uleb128 0x11
 1353 0896 55000000 		.4byte	0x55
 1354 089a A5080000 		.4byte	0x8a5
 1355 089e 14       		.uleb128 0x14
 1356 089f 80030000 		.4byte	0x380
 1357 08a3 7F       		.byte	0x7f
 1358 08a4 00       		.byte	0
 1359 08a5 16       		.uleb128 0x16
 1360 08a6 30030000 		.4byte	.LASF111
 1361 08aa 05       		.byte	0x5
 1362 08ab 32       		.byte	0x32
 1363 08ac 95080000 		.4byte	0x895
 1364 08b0 05       		.uleb128 0x5
 1365 08b1 03       		.byte	0x3
 1366 08b2 00000000 		.4byte	EE_cortex_mx_stack_9
 1367 08b6 00       		.byte	0
 1368              		.section	.debug_abbrev,"",%progbits
 1369              	.Ldebug_abbrev0:
 1370 0000 01       		.uleb128 0x1
 1371 0001 11       		.uleb128 0x11
 1372 0002 01       		.byte	0x1
 1373 0003 25       		.uleb128 0x25
 1374 0004 0E       		.uleb128 0xe
 1375 0005 13       		.uleb128 0x13
 1376 0006 0B       		.uleb128 0xb
 1377 0007 03       		.uleb128 0x3
 1378 0008 0E       		.uleb128 0xe
 1379 0009 1B       		.uleb128 0x1b
 1380 000a 0E       		.uleb128 0xe
 1381 000b 10       		.uleb128 0x10
 1382 000c 17       		.uleb128 0x17
 1383 000d 00       		.byte	0
 1384 000e 00       		.byte	0
 1385 000f 02       		.uleb128 0x2
 1386 0010 24       		.uleb128 0x24
 1387 0011 00       		.byte	0
 1388 0012 0B       		.uleb128 0xb
 1389 0013 0B       		.uleb128 0xb
 1390 0014 3E       		.uleb128 0x3e
 1391 0015 0B       		.uleb128 0xb
 1392 0016 03       		.uleb128 0x3
 1393 0017 0E       		.uleb128 0xe
 1394 0018 00       		.byte	0
ARM GAS  C:\Users\saman\AppData\Local\Temp\ccrl9Zab.s 			page 26


 1395 0019 00       		.byte	0
 1396 001a 03       		.uleb128 0x3
 1397 001b 24       		.uleb128 0x24
 1398 001c 00       		.byte	0
 1399 001d 0B       		.uleb128 0xb
 1400 001e 0B       		.uleb128 0xb
 1401 001f 3E       		.uleb128 0x3e
 1402 0020 0B       		.uleb128 0xb
 1403 0021 03       		.uleb128 0x3
 1404 0022 08       		.uleb128 0x8
 1405 0023 00       		.byte	0
 1406 0024 00       		.byte	0
 1407 0025 04       		.uleb128 0x4
 1408 0026 16       		.uleb128 0x16
 1409 0027 00       		.byte	0
 1410 0028 03       		.uleb128 0x3
 1411 0029 0E       		.uleb128 0xe
 1412 002a 3A       		.uleb128 0x3a
 1413 002b 0B       		.uleb128 0xb
 1414 002c 3B       		.uleb128 0x3b
 1415 002d 0B       		.uleb128 0xb
 1416 002e 49       		.uleb128 0x49
 1417 002f 13       		.uleb128 0x13
 1418 0030 00       		.byte	0
 1419 0031 00       		.byte	0
 1420 0032 05       		.uleb128 0x5
 1421 0033 0F       		.uleb128 0xf
 1422 0034 00       		.byte	0
 1423 0035 0B       		.uleb128 0xb
 1424 0036 0B       		.uleb128 0xb
 1425 0037 00       		.byte	0
 1426 0038 00       		.byte	0
 1427 0039 06       		.uleb128 0x6
 1428 003a 0F       		.uleb128 0xf
 1429 003b 00       		.byte	0
 1430 003c 0B       		.uleb128 0xb
 1431 003d 0B       		.uleb128 0xb
 1432 003e 49       		.uleb128 0x49
 1433 003f 13       		.uleb128 0x13
 1434 0040 00       		.byte	0
 1435 0041 00       		.byte	0
 1436 0042 07       		.uleb128 0x7
 1437 0043 15       		.uleb128 0x15
 1438 0044 00       		.byte	0
 1439 0045 27       		.uleb128 0x27
 1440 0046 19       		.uleb128 0x19
 1441 0047 00       		.byte	0
 1442 0048 00       		.byte	0
 1443 0049 08       		.uleb128 0x8
 1444 004a 13       		.uleb128 0x13
 1445 004b 01       		.byte	0x1
 1446 004c 03       		.uleb128 0x3
 1447 004d 0E       		.uleb128 0xe
 1448 004e 0B       		.uleb128 0xb
 1449 004f 0B       		.uleb128 0xb
 1450 0050 3A       		.uleb128 0x3a
 1451 0051 0B       		.uleb128 0xb
ARM GAS  C:\Users\saman\AppData\Local\Temp\ccrl9Zab.s 			page 27


 1452 0052 3B       		.uleb128 0x3b
 1453 0053 0B       		.uleb128 0xb
 1454 0054 01       		.uleb128 0x1
 1455 0055 13       		.uleb128 0x13
 1456 0056 00       		.byte	0
 1457 0057 00       		.byte	0
 1458 0058 09       		.uleb128 0x9
 1459 0059 0D       		.uleb128 0xd
 1460 005a 00       		.byte	0
 1461 005b 03       		.uleb128 0x3
 1462 005c 0E       		.uleb128 0xe
 1463 005d 3A       		.uleb128 0x3a
 1464 005e 0B       		.uleb128 0xb
 1465 005f 3B       		.uleb128 0x3b
 1466 0060 0B       		.uleb128 0xb
 1467 0061 49       		.uleb128 0x49
 1468 0062 13       		.uleb128 0x13
 1469 0063 38       		.uleb128 0x38
 1470 0064 0B       		.uleb128 0xb
 1471 0065 00       		.byte	0
 1472 0066 00       		.byte	0
 1473 0067 0A       		.uleb128 0xa
 1474 0068 16       		.uleb128 0x16
 1475 0069 00       		.byte	0
 1476 006a 03       		.uleb128 0x3
 1477 006b 0E       		.uleb128 0xe
 1478 006c 3A       		.uleb128 0x3a
 1479 006d 0B       		.uleb128 0xb
 1480 006e 3B       		.uleb128 0x3b
 1481 006f 05       		.uleb128 0x5
 1482 0070 49       		.uleb128 0x49
 1483 0071 13       		.uleb128 0x13
 1484 0072 00       		.byte	0
 1485 0073 00       		.byte	0
 1486 0074 0B       		.uleb128 0xb
 1487 0075 13       		.uleb128 0x13
 1488 0076 01       		.byte	0x1
 1489 0077 0B       		.uleb128 0xb
 1490 0078 0B       		.uleb128 0xb
 1491 0079 3A       		.uleb128 0x3a
 1492 007a 0B       		.uleb128 0xb
 1493 007b 3B       		.uleb128 0x3b
 1494 007c 05       		.uleb128 0x5
 1495 007d 01       		.uleb128 0x1
 1496 007e 13       		.uleb128 0x13
 1497 007f 00       		.byte	0
 1498 0080 00       		.byte	0
 1499 0081 0C       		.uleb128 0xc
 1500 0082 0D       		.uleb128 0xd
 1501 0083 00       		.byte	0
 1502 0084 03       		.uleb128 0x3
 1503 0085 0E       		.uleb128 0xe
 1504 0086 3A       		.uleb128 0x3a
 1505 0087 0B       		.uleb128 0xb
 1506 0088 3B       		.uleb128 0x3b
 1507 0089 05       		.uleb128 0x5
 1508 008a 49       		.uleb128 0x49
ARM GAS  C:\Users\saman\AppData\Local\Temp\ccrl9Zab.s 			page 28


 1509 008b 13       		.uleb128 0x13
 1510 008c 38       		.uleb128 0x38
 1511 008d 0B       		.uleb128 0xb
 1512 008e 00       		.byte	0
 1513 008f 00       		.byte	0
 1514 0090 0D       		.uleb128 0xd
 1515 0091 04       		.uleb128 0x4
 1516 0092 01       		.byte	0x1
 1517 0093 0B       		.uleb128 0xb
 1518 0094 0B       		.uleb128 0xb
 1519 0095 49       		.uleb128 0x49
 1520 0096 13       		.uleb128 0x13
 1521 0097 3A       		.uleb128 0x3a
 1522 0098 0B       		.uleb128 0xb
 1523 0099 3B       		.uleb128 0x3b
 1524 009a 05       		.uleb128 0x5
 1525 009b 01       		.uleb128 0x1
 1526 009c 13       		.uleb128 0x13
 1527 009d 00       		.byte	0
 1528 009e 00       		.byte	0
 1529 009f 0E       		.uleb128 0xe
 1530 00a0 28       		.uleb128 0x28
 1531 00a1 00       		.byte	0
 1532 00a2 03       		.uleb128 0x3
 1533 00a3 0E       		.uleb128 0xe
 1534 00a4 1C       		.uleb128 0x1c
 1535 00a5 0B       		.uleb128 0xb
 1536 00a6 00       		.byte	0
 1537 00a7 00       		.byte	0
 1538 00a8 0F       		.uleb128 0xf
 1539 00a9 0D       		.uleb128 0xd
 1540 00aa 00       		.byte	0
 1541 00ab 03       		.uleb128 0x3
 1542 00ac 08       		.uleb128 0x8
 1543 00ad 3A       		.uleb128 0x3a
 1544 00ae 0B       		.uleb128 0xb
 1545 00af 3B       		.uleb128 0x3b
 1546 00b0 05       		.uleb128 0x5
 1547 00b1 49       		.uleb128 0x49
 1548 00b2 13       		.uleb128 0x13
 1549 00b3 38       		.uleb128 0x38
 1550 00b4 0B       		.uleb128 0xb
 1551 00b5 00       		.byte	0
 1552 00b6 00       		.byte	0
 1553 00b7 10       		.uleb128 0x10
 1554 00b8 13       		.uleb128 0x13
 1555 00b9 01       		.byte	0x1
 1556 00ba 03       		.uleb128 0x3
 1557 00bb 0E       		.uleb128 0xe
 1558 00bc 0B       		.uleb128 0xb
 1559 00bd 0B       		.uleb128 0xb
 1560 00be 3A       		.uleb128 0x3a
 1561 00bf 0B       		.uleb128 0xb
 1562 00c0 3B       		.uleb128 0x3b
 1563 00c1 05       		.uleb128 0x5
 1564 00c2 01       		.uleb128 0x1
 1565 00c3 13       		.uleb128 0x13
ARM GAS  C:\Users\saman\AppData\Local\Temp\ccrl9Zab.s 			page 29


 1566 00c4 00       		.byte	0
 1567 00c5 00       		.byte	0
 1568 00c6 11       		.uleb128 0x11
 1569 00c7 01       		.uleb128 0x1
 1570 00c8 01       		.byte	0x1
 1571 00c9 49       		.uleb128 0x49
 1572 00ca 13       		.uleb128 0x13
 1573 00cb 01       		.uleb128 0x1
 1574 00cc 13       		.uleb128 0x13
 1575 00cd 00       		.byte	0
 1576 00ce 00       		.byte	0
 1577 00cf 12       		.uleb128 0x12
 1578 00d0 21       		.uleb128 0x21
 1579 00d1 00       		.byte	0
 1580 00d2 00       		.byte	0
 1581 00d3 00       		.byte	0
 1582 00d4 13       		.uleb128 0x13
 1583 00d5 26       		.uleb128 0x26
 1584 00d6 00       		.byte	0
 1585 00d7 49       		.uleb128 0x49
 1586 00d8 13       		.uleb128 0x13
 1587 00d9 00       		.byte	0
 1588 00da 00       		.byte	0
 1589 00db 14       		.uleb128 0x14
 1590 00dc 21       		.uleb128 0x21
 1591 00dd 00       		.byte	0
 1592 00de 49       		.uleb128 0x49
 1593 00df 13       		.uleb128 0x13
 1594 00e0 2F       		.uleb128 0x2f
 1595 00e1 0B       		.uleb128 0xb
 1596 00e2 00       		.byte	0
 1597 00e3 00       		.byte	0
 1598 00e4 15       		.uleb128 0x15
 1599 00e5 34       		.uleb128 0x34
 1600 00e6 00       		.byte	0
 1601 00e7 03       		.uleb128 0x3
 1602 00e8 0E       		.uleb128 0xe
 1603 00e9 3A       		.uleb128 0x3a
 1604 00ea 0B       		.uleb128 0xb
 1605 00eb 3B       		.uleb128 0x3b
 1606 00ec 05       		.uleb128 0x5
 1607 00ed 49       		.uleb128 0x49
 1608 00ee 13       		.uleb128 0x13
 1609 00ef 02       		.uleb128 0x2
 1610 00f0 18       		.uleb128 0x18
 1611 00f1 00       		.byte	0
 1612 00f2 00       		.byte	0
 1613 00f3 16       		.uleb128 0x16
 1614 00f4 34       		.uleb128 0x34
 1615 00f5 00       		.byte	0
 1616 00f6 03       		.uleb128 0x3
 1617 00f7 0E       		.uleb128 0xe
 1618 00f8 3A       		.uleb128 0x3a
 1619 00f9 0B       		.uleb128 0xb
 1620 00fa 3B       		.uleb128 0x3b
 1621 00fb 0B       		.uleb128 0xb
 1622 00fc 49       		.uleb128 0x49
ARM GAS  C:\Users\saman\AppData\Local\Temp\ccrl9Zab.s 			page 30


 1623 00fd 13       		.uleb128 0x13
 1624 00fe 3F       		.uleb128 0x3f
 1625 00ff 19       		.uleb128 0x19
 1626 0100 02       		.uleb128 0x2
 1627 0101 18       		.uleb128 0x18
 1628 0102 00       		.byte	0
 1629 0103 00       		.byte	0
 1630 0104 17       		.uleb128 0x17
 1631 0105 34       		.uleb128 0x34
 1632 0106 00       		.byte	0
 1633 0107 03       		.uleb128 0x3
 1634 0108 0E       		.uleb128 0xe
 1635 0109 3A       		.uleb128 0x3a
 1636 010a 0B       		.uleb128 0xb
 1637 010b 3B       		.uleb128 0x3b
 1638 010c 05       		.uleb128 0x5
 1639 010d 49       		.uleb128 0x49
 1640 010e 13       		.uleb128 0x13
 1641 010f 3F       		.uleb128 0x3f
 1642 0110 19       		.uleb128 0x19
 1643 0111 02       		.uleb128 0x2
 1644 0112 18       		.uleb128 0x18
 1645 0113 00       		.byte	0
 1646 0114 00       		.byte	0
 1647 0115 18       		.uleb128 0x18
 1648 0116 34       		.uleb128 0x34
 1649 0117 00       		.byte	0
 1650 0118 03       		.uleb128 0x3
 1651 0119 0E       		.uleb128 0xe
 1652 011a 3A       		.uleb128 0x3a
 1653 011b 0B       		.uleb128 0xb
 1654 011c 3B       		.uleb128 0x3b
 1655 011d 0B       		.uleb128 0xb
 1656 011e 49       		.uleb128 0x49
 1657 011f 13       		.uleb128 0x13
 1658 0120 3F       		.uleb128 0x3f
 1659 0121 19       		.uleb128 0x19
 1660 0122 3C       		.uleb128 0x3c
 1661 0123 19       		.uleb128 0x19
 1662 0124 00       		.byte	0
 1663 0125 00       		.byte	0
 1664 0126 19       		.uleb128 0x19
 1665 0127 21       		.uleb128 0x21
 1666 0128 00       		.byte	0
 1667 0129 49       		.uleb128 0x49
 1668 012a 13       		.uleb128 0x13
 1669 012b 2F       		.uleb128 0x2f
 1670 012c 05       		.uleb128 0x5
 1671 012d 00       		.byte	0
 1672 012e 00       		.byte	0
 1673 012f 00       		.byte	0
 1674              		.section	.debug_aranges,"",%progbits
 1675 0000 14000000 		.4byte	0x14
 1676 0004 0200     		.2byte	0x2
 1677 0006 00000000 		.4byte	.Ldebug_info0
 1678 000a 04       		.byte	0x4
 1679 000b 00       		.byte	0
ARM GAS  C:\Users\saman\AppData\Local\Temp\ccrl9Zab.s 			page 31


 1680 000c 0000     		.2byte	0
 1681 000e 0000     		.2byte	0
 1682 0010 00000000 		.4byte	0
 1683 0014 00000000 		.4byte	0
 1684              		.section	.debug_line,"",%progbits
 1685              	.Ldebug_line0:
 1686 0000 28010000 		.section	.debug_str,"MS",%progbits,1
 1686      02002201 
 1686      00000201 
 1686      FB0E0D00 
 1686      01010101 
 1687              	.LASF46:
 1688 0000 6E657874 		.ascii	"next\000"
 1688      00
 1689              	.LASF83:
 1690 0005 45455F74 		.ascii	"EE_th_terminate_nextask\000"
 1690      685F7465 
 1690      726D696E 
 1690      6174655F 
 1690      6E657874 
 1691              	.LASF24:
 1692 001d 5469636B 		.ascii	"TickType\000"
 1692      54797065 
 1692      00
 1693              	.LASF84:
 1694 0026 45455F73 		.ascii	"EE_stkfirst\000"
 1694      746B6669 
 1694      72737400 
 1695              	.LASF26:
 1696 0032 41637469 		.ascii	"ActionType\000"
 1696      6F6E5479 
 1696      706500
 1697              	.LASF19:
 1698 003d 45455F54 		.ascii	"EE_TYPEBOOL\000"
 1698      59504542 
 1698      4F4F4C00 
 1699              	.LASF109:
 1700 0049 45455F63 		.ascii	"EE_cortex_mx_IRQ_tos\000"
 1700      6F727465 
 1700      785F6D78 
 1700      5F495251 
 1700      5F746F73 
 1701              	.LASF7:
 1702 005e 6C6F6E67 		.ascii	"long long unsigned int\000"
 1702      206C6F6E 
 1702      6720756E 
 1702      7369676E 
 1702      65642069 
 1703              	.LASF45:
 1704 0075 64656C74 		.ascii	"delta\000"
 1704      6100
 1705              	.LASF113:
 1706 007b 47656E65 		.ascii	"Generated_Source\\PSoC5\\ErikaOS_eecfg.c\000"
 1706      72617465 
 1706      645F536F 
 1706      75726365 
 1706      5C50536F 
ARM GAS  C:\Users\saman\AppData\Local\Temp\ccrl9Zab.s 			page 32


 1707              	.LASF42:
 1708 00a2 45455F6F 		.ascii	"EE_oo_counter_object_ROM_type\000"
 1708      6F5F636F 
 1708      756E7465 
 1708      725F6F62 
 1708      6A656374 
 1709              	.LASF89:
 1710 00c0 45455F72 		.ascii	"EE_rq_pairs_next\000"
 1710      715F7061 
 1710      6972735F 
 1710      6E657874 
 1710      00
 1711              	.LASF22:
 1712 00d1 5461736B 		.ascii	"TaskType\000"
 1712      54797065 
 1712      00
 1713              	.LASF61:
 1714 00da 45455F54 		.ascii	"EE_TOS\000"
 1714      4F5300
 1715              	.LASF29:
 1716 00e1 6D617861 		.ascii	"maxallowedvalue\000"
 1716      6C6C6F77 
 1716      65647661 
 1716      6C756500 
 1717              	.LASF115:
 1718 00f1 45455F6F 		.ascii	"EE_oo_autostart_task_mode_OSDEFAULTAPPMODE\000"
 1718      6F5F6175 
 1718      746F7374 
 1718      6172745F 
 1718      7461736B 
 1719              	.LASF79:
 1720 011c 45455F41 		.ascii	"EE_ALARM_ID\000"
 1720      4C41524D 
 1720      5F494400 
 1721              	.LASF6:
 1722 0128 6C6F6E67 		.ascii	"long long int\000"
 1722      206C6F6E 
 1722      6720696E 
 1722      7400
 1723              	.LASF0:
 1724 0136 7369676E 		.ascii	"signed char\000"
 1724      65642063 
 1724      68617200 
 1725              	.LASF52:
 1726 0142 45455F6F 		.ascii	"EE_oo_action_kind_type\000"
 1726      6F5F6163 
 1726      74696F6E 
 1726      5F6B696E 
 1726      645F7479 
 1727              	.LASF23:
 1728 0159 4576656E 		.ascii	"EventMaskType\000"
 1728      744D6173 
 1728      6B547970 
 1728      6500
 1729              	.LASF76:
 1730 0167 45455F45 		.ascii	"EE_EVENT_NAME\000"
 1730      56454E54 
ARM GAS  C:\Users\saman\AppData\Local\Temp\ccrl9Zab.s 			page 33


 1730      5F4E414D 
 1730      4500
 1731              	.LASF100:
 1732 0175 45455F61 		.ascii	"EE_alarm_ROM\000"
 1732      6C61726D 
 1732      5F524F4D 
 1732      00
 1733              	.LASF70:
 1734 0182 45455F63 		.ascii	"EE_cortex_mx_active_tos\000"
 1734      6F727465 
 1734      785F6D78 
 1734      5F616374 
 1734      6976655F 
 1735              	.LASF35:
 1736 019a 45455F6F 		.ascii	"EE_oo_counter_RAM_type\000"
 1736      6F5F636F 
 1736      756E7465 
 1736      725F5241 
 1736      4D5F7479 
 1737              	.LASF78:
 1738 01b1 45455F45 		.ascii	"EE_EVENT_ID\000"
 1738      56454E54 
 1738      5F494400 
 1739              	.LASF4:
 1740 01bd 6C6F6E67 		.ascii	"long int\000"
 1740      20696E74 
 1740      00
 1741              	.LASF87:
 1742 01c6 45455F72 		.ascii	"EE_rq_queues_head\000"
 1742      715F7175 
 1742      65756573 
 1742      5F686561 
 1742      6400
 1743              	.LASF105:
 1744 01d8 45455F6F 		.ascii	"EE_oo_IRQ_suspend_status\000"
 1744      6F5F4952 
 1744      515F7375 
 1744      7370656E 
 1744      645F7374 
 1745              	.LASF107:
 1746 01f1 45455F73 		.ascii	"EE_std_endcycle_next_tid\000"
 1746      74645F65 
 1746      6E646379 
 1746      636C655F 
 1746      6E657874 
 1747              	.LASF31:
 1748 020a 6D696E63 		.ascii	"mincycle\000"
 1748      79636C65 
 1748      00
 1749              	.LASF20:
 1750 0213 45455F54 		.ascii	"EE_TID\000"
 1750      494400
 1751              	.LASF33:
 1752 021a 76616C75 		.ascii	"value\000"
 1752      6500
 1753              	.LASF8:
 1754 0220 756E7369 		.ascii	"unsigned int\000"
ARM GAS  C:\Users\saman\AppData\Local\Temp\ccrl9Zab.s 			page 34


 1754      676E6564 
 1754      20696E74 
 1754      00
 1755              	.LASF16:
 1756 022d 45455F55 		.ascii	"EE_UREG\000"
 1756      52454700 
 1757              	.LASF60:
 1758 0235 45455F6F 		.ascii	"EE_oo_alarm_ROM_type\000"
 1758      6F5F616C 
 1758      61726D5F 
 1758      524F4D5F 
 1758      74797065 
 1759              	.LASF77:
 1760 024a 45455F41 		.ascii	"EE_ALARM_NAME\000"
 1760      4C41524D 
 1760      5F4E414D 
 1760      4500
 1761              	.LASF5:
 1762 0258 6C6F6E67 		.ascii	"long unsigned int\000"
 1762      20756E73 
 1762      69676E65 
 1762      6420696E 
 1762      7400
 1763              	.LASF95:
 1764 026a 45455F74 		.ascii	"EE_th_waswaiting\000"
 1764      685F7761 
 1764      73776169 
 1764      74696E67 
 1764      00
 1765              	.LASF62:
 1766 027b 45455F6F 		.ascii	"EE_oo_autostart_task_type\000"
 1766      6F5F6175 
 1766      746F7374 
 1766      6172745F 
 1766      7461736B 
 1767              	.LASF41:
 1768 0295 6B696E64 		.ascii	"kind\000"
 1768      00
 1769              	.LASF3:
 1770 029a 73686F72 		.ascii	"short unsigned int\000"
 1770      7420756E 
 1770      7369676E 
 1770      65642069 
 1770      6E7400
 1771              	.LASF104:
 1772 02ad 45455F6F 		.ascii	"EE_oo_IRQ_disable_count\000"
 1772      6F5F4952 
 1772      515F6469 
 1772      7361626C 
 1772      655F636F 
 1773              	.LASF38:
 1774 02c5 45455F6F 		.ascii	"EE_oo_counter_object_kind_type\000"
 1774      6F5F636F 
 1774      756E7465 
 1774      725F6F62 
 1774      6A656374 
 1775              	.LASF80:
ARM GAS  C:\Users\saman\AppData\Local\Temp\ccrl9Zab.s 			page 35


 1776 02e4 45455F74 		.ascii	"EE_th_status\000"
 1776      685F7374 
 1776      61747573 
 1776      00
 1777              	.LASF39:
 1778 02f1 436F756E 		.ascii	"CounterObjectKindType\000"
 1778      7465724F 
 1778      626A6563 
 1778      744B696E 
 1778      64547970 
 1779              	.LASF73:
 1780 0307 45455F74 		.ascii	"EE_th_dispatch_prio\000"
 1780      685F6469 
 1780      73706174 
 1780      63685F70 
 1780      72696F00 
 1781              	.LASF110:
 1782 031b 45455F63 		.ascii	"EE_cortex_mx_stack_4\000"
 1782      6F727465 
 1782      785F6D78 
 1782      5F737461 
 1782      636B5F34 
 1783              	.LASF111:
 1784 0330 45455F63 		.ascii	"EE_cortex_mx_stack_9\000"
 1784      6F727465 
 1784      785F6D78 
 1784      5F737461 
 1784      636B5F39 
 1785              	.LASF14:
 1786 0345 45455F56 		.ascii	"EE_VOID_CALLBACK\000"
 1786      4F49445F 
 1786      43414C4C 
 1786      4241434B 
 1786      00
 1787              	.LASF27:
 1788 0356 436F756E 		.ascii	"CounterType\000"
 1788      74657254 
 1788      79706500 
 1789              	.LASF98:
 1790 0362 45455F6F 		.ascii	"EE_oo_counter_object_ROM\000"
 1790      6F5F636F 
 1790      756E7465 
 1790      725F6F62 
 1790      6A656374 
 1791              	.LASF59:
 1792 037b 61637469 		.ascii	"action_id\000"
 1792      6F6E5F69 
 1792      6400
 1793              	.LASF106:
 1794 0385 45455F41 		.ascii	"EE_ApplicationMode\000"
 1794      70706C69 
 1794      63617469 
 1794      6F6E4D6F 
 1794      646500
 1795              	.LASF99:
 1796 0398 45455F6F 		.ascii	"EE_oo_action_ROM\000"
 1796      6F5F6163 
ARM GAS  C:\Users\saman\AppData\Local\Temp\ccrl9Zab.s 			page 36


 1796      74696F6E 
 1796      5F524F4D 
 1796      00
 1797              	.LASF21:
 1798 03a9 45455F54 		.ascii	"EE_TYPE_RQ_MASK\000"
 1798      5950455F 
 1798      52515F4D 
 1798      41534B00 
 1799              	.LASF64:
 1800 03b9 73697A65 		.ascii	"sizetype\000"
 1800      74797065 
 1800      00
 1801              	.LASF9:
 1802 03c2 6C6F6E67 		.ascii	"long double\000"
 1802      20646F75 
 1802      626C6500 
 1803              	.LASF92:
 1804 03ce 45455F72 		.ascii	"EE_rq_free\000"
 1804      715F6672 
 1804      656500
 1805              	.LASF86:
 1806 03d9 45455F72 		.ascii	"EE_rq_link\000"
 1806      715F6C69 
 1806      6E6B00
 1807              	.LASF17:
 1808 03e4 45455F53 		.ascii	"EE_SREG\000"
 1808      52454700 
 1809              	.LASF30:
 1810 03ec 7469636B 		.ascii	"ticksperbase\000"
 1810      73706572 
 1810      62617365 
 1810      00
 1811              	.LASF43:
 1812 03f9 75736564 		.ascii	"used\000"
 1812      00
 1813              	.LASF47:
 1814 03fe 45455F6F 		.ascii	"EE_oo_counter_object_RAM_type\000"
 1814      6F5F636F 
 1814      756E7465 
 1814      725F6F62 
 1814      6A656374 
 1815              	.LASF97:
 1816 041c 45455F63 		.ascii	"EE_counter_ROM\000"
 1816      6F756E74 
 1816      65725F52 
 1816      4F4D00
 1817              	.LASF58:
 1818 042b 45455F6F 		.ascii	"EE_oo_action_ROM_type\000"
 1818      6F5F6163 
 1818      74696F6E 
 1818      5F524F4D 
 1818      5F747970 
 1819              	.LASF10:
 1820 0441 45455F55 		.ascii	"EE_UINT16\000"
 1820      494E5431 
 1820      3600
 1821              	.LASF37:
ARM GAS  C:\Users\saman\AppData\Local\Temp\ccrl9Zab.s 			page 37


 1822 044b 45455F53 		.ascii	"EE_SCHEDULETABLE\000"
 1822      43484544 
 1822      554C4554 
 1822      41424C45 
 1822      00
 1823              	.LASF69:
 1824 045c 45455F63 		.ascii	"EE_cortex_mx_system_tos\000"
 1824      6F727465 
 1824      785F6D78 
 1824      5F737973 
 1824      74656D5F 
 1825              	.LASF1:
 1826 0474 756E7369 		.ascii	"unsigned char\000"
 1826      676E6564 
 1826      20636861 
 1826      7200
 1827              	.LASF36:
 1828 0482 45455F41 		.ascii	"EE_ALARM\000"
 1828      4C41524D 
 1828      00
 1829              	.LASF81:
 1830 048b 45455F74 		.ascii	"EE_th_next\000"
 1830      685F6E65 
 1830      787400
 1831              	.LASF68:
 1832 0496 45455F74 		.ascii	"EE_terminate_real_th_body\000"
 1832      65726D69 
 1832      6E617465 
 1832      5F726561 
 1832      6C5F7468 
 1833              	.LASF57:
 1834 04b0 696E6363 		.ascii	"inccount\000"
 1834      6F756E74 
 1834      00
 1835              	.LASF2:
 1836 04b9 73686F72 		.ascii	"short int\000"
 1836      7420696E 
 1836      7400
 1837              	.LASF94:
 1838 04c3 45455F74 		.ascii	"EE_th_event_waitmask\000"
 1838      685F6576 
 1838      656E745F 
 1838      77616974 
 1838      6D61736B 
 1839              	.LASF75:
 1840 04d8 45455F54 		.ascii	"EE_TASK_NAME\000"
 1840      41534B5F 
 1840      4E414D45 
 1840      00
 1841              	.LASF32:
 1842 04e5 45455F6F 		.ascii	"EE_oo_counter_ROM_type\000"
 1842      6F5F636F 
 1842      756E7465 
 1842      725F524F 
 1842      4D5F7479 
 1843              	.LASF112:
 1844 04fc 474E5520 		.ascii	"GNU C11 5.4.1 20160609 (release) [ARM/embedded-5-br"
ARM GAS  C:\Users\saman\AppData\Local\Temp\ccrl9Zab.s 			page 38


 1844      43313120 
 1844      352E342E 
 1844      31203230 
 1844      31363036 
 1845 052f 616E6368 		.ascii	"anch revision 237715] -mcpu=cortex-m3 -mthumb -g -O"
 1845      20726576 
 1845      6973696F 
 1845      6E203233 
 1845      37373135 
 1846 0562 67202D66 		.ascii	"g -ffunction-sections -ffat-lto-objects\000"
 1846      66756E63 
 1846      74696F6E 
 1846      2D736563 
 1846      74696F6E 
 1847              	.LASF56:
 1848 058a 61637469 		.ascii	"action_mask\000"
 1848      6F6E5F6D 
 1848      61736B00 
 1849              	.LASF15:
 1850 0596 45455F54 		.ascii	"EE_THREAD_PTR\000"
 1850      48524541 
 1850      445F5054 
 1850      5200
 1851              	.LASF88:
 1852 05a4 45455F72 		.ascii	"EE_rq_queues_tail\000"
 1852      715F7175 
 1852      65756573 
 1852      5F746169 
 1852      6C00
 1853              	.LASF66:
 1854 05b6 45455F73 		.ascii	"EE_std_thread_tos\000"
 1854      74645F74 
 1854      68726561 
 1854      645F746F 
 1854      7300
 1855              	.LASF51:
 1856 05c8 45455F41 		.ascii	"EE_ACTION_CALLBACK\000"
 1856      4354494F 
 1856      4E5F4341 
 1856      4C4C4241 
 1856      434B00
 1857              	.LASF91:
 1858 05db 45455F72 		.ascii	"EE_rq_bitmask\000"
 1858      715F6269 
 1858      746D6173 
 1858      6B00
 1859              	.LASF34:
 1860 05e9 66697273 		.ascii	"first\000"
 1860      7400
 1861              	.LASF25:
 1862 05ef 436F756E 		.ascii	"CounterObjectType\000"
 1862      7465724F 
 1862      626A6563 
 1862      74547970 
 1862      6500
 1863              	.LASF74:
 1864 0601 63686172 		.ascii	"char\000"
ARM GAS  C:\Users\saman\AppData\Local\Temp\ccrl9Zab.s 			page 39


 1864      00
 1865              	.LASF48:
 1866 0606 45455F41 		.ascii	"EE_ACTION_TASK\000"
 1866      4354494F 
 1866      4E5F5441 
 1866      534B00
 1867              	.LASF71:
 1868 0615 45455F74 		.ascii	"EE_th_rnact_max\000"
 1868      685F726E 
 1868      6163745F 
 1868      6D617800 
 1869              	.LASF50:
 1870 0625 45455F41 		.ascii	"EE_ACTION_COUNTER\000"
 1870      4354494F 
 1870      4E5F434F 
 1870      554E5445 
 1870      5200
 1871              	.LASF101:
 1872 0637 45455F63 		.ascii	"EE_counter_RAM\000"
 1872      6F756E74 
 1872      65725F52 
 1872      414D00
 1873              	.LASF40:
 1874 0646 73706563 		.ascii	"spec_id\000"
 1874      5F696400 
 1875              	.LASF49:
 1876 064e 45455F41 		.ascii	"EE_ACTION_EVENT\000"
 1876      4354494F 
 1876      4E5F4556 
 1876      454E5400 
 1877              	.LASF65:
 1878 065e 45455F68 		.ascii	"EE_hal_thread_body\000"
 1878      616C5F74 
 1878      68726561 
 1878      645F626F 
 1878      647900
 1879              	.LASF85:
 1880 0671 45455F73 		.ascii	"EE_sys_ceiling\000"
 1880      79735F63 
 1880      65696C69 
 1880      6E6700
 1881              	.LASF54:
 1882 0680 61637469 		.ascii	"action_kind\000"
 1882      6F6E5F6B 
 1882      696E6400 
 1883              	.LASF63:
 1884 068c 7461736B 		.ascii	"task\000"
 1884      00
 1885              	.LASF114:
 1886 0691 443A5C68 		.ascii	"D:\\h_da\\sem2\\eaa\\lab2\\lab2\\my\\assignment2\\E"
 1886      5F64615C 
 1886      73656D32 
 1886      5C656161 
 1886      5C6C6162 
 1887 06bc 436C6F63 		.ascii	"Clock.cydsn\000"
 1887      6B2E6379 
 1887      64736E00 
ARM GAS  C:\Users\saman\AppData\Local\Temp\ccrl9Zab.s 			page 40


 1888              	.LASF102:
 1889 06c8 45455F6F 		.ascii	"EE_oo_counter_object_RAM\000"
 1889      6F5F636F 
 1889      756E7465 
 1889      725F6F62 
 1889      6A656374 
 1890              	.LASF53:
 1891 06e1 41637469 		.ascii	"ActionKindType\000"
 1891      6F6E4B69 
 1891      6E645479 
 1891      706500
 1892              	.LASF72:
 1893 06f0 45455F74 		.ascii	"EE_th_ready_prio\000"
 1893      685F7265 
 1893      6164795F 
 1893      7072696F 
 1893      00
 1894              	.LASF82:
 1895 0701 45455F74 		.ascii	"EE_th_rnact\000"
 1895      685F726E 
 1895      61637400 
 1896              	.LASF90:
 1897 070d 45455F72 		.ascii	"EE_rq_pairs_tid\000"
 1897      715F7061 
 1897      6972735F 
 1897      74696400 
 1898              	.LASF108:
 1899 071d 45455F49 		.ascii	"EE_IRQ_nesting_level\000"
 1899      52515F6E 
 1899      65737469 
 1899      6E675F6C 
 1899      6576656C 
 1900              	.LASF12:
 1901 0732 45455F55 		.ascii	"EE_UINT32\000"
 1901      494E5433 
 1901      3200
 1902              	.LASF11:
 1903 073c 45455F49 		.ascii	"EE_INT32\000"
 1903      4E543332 
 1903      00
 1904              	.LASF67:
 1905 0745 45455F74 		.ascii	"EE_terminate_data\000"
 1905      65726D69 
 1905      6E617465 
 1905      5F646174 
 1905      6100
 1906              	.LASF93:
 1907 0757 45455F74 		.ascii	"EE_th_event_active\000"
 1907      685F6576 
 1907      656E745F 
 1907      61637469 
 1907      766500
 1908              	.LASF44:
 1909 076a 636E7463 		.ascii	"cntcycle\000"
 1909      79636C65 
 1909      00
 1910              	.LASF28:
ARM GAS  C:\Users\saman\AppData\Local\Temp\ccrl9Zab.s 			page 41


 1911 0773 5359535F 		.ascii	"SYS_tos\000"
 1911      746F7300 
 1912              	.LASF55:
 1913 077b 61637469 		.ascii	"action_task\000"
 1913      6F6E5F74 
 1913      61736B00 
 1914              	.LASF13:
 1915 0787 45455F41 		.ascii	"EE_ADDR\000"
 1915      44445200 
 1916              	.LASF96:
 1917 078f 45455F74 		.ascii	"EE_th_is_extended\000"
 1917      685F6973 
 1917      5F657874 
 1917      656E6465 
 1917      6400
 1918              	.LASF18:
 1919 07a1 45455F46 		.ascii	"EE_FREG\000"
 1919      52454700 
 1920              	.LASF103:
 1921 07a9 45455F6F 		.ascii	"EE_oo_autostart_task_data\000"
 1921      6F5F6175 
 1921      746F7374 
 1921      6172745F 
 1921      7461736B 
 1922              		.ident	"GCC: (GNU Tools for ARM Embedded Processors) 5.4.1 20160609 (release) [ARM/embedded-5-bran
