ARM GAS  C:\Users\saman\AppData\Local\Temp\cc48ZE2B.s 			page 1


   1              		.syntax unified
   2              		.cpu cortex-m3
   3              		.fpu softvfp
   4              		.eabi_attribute 20, 1
   5              		.eabi_attribute 21, 1
   6              		.eabi_attribute 23, 3
   7              		.eabi_attribute 24, 1
   8              		.eabi_attribute 25, 1
   9              		.eabi_attribute 26, 1
  10              		.eabi_attribute 30, 1
  11              		.eabi_attribute 34, 1
  12              		.eabi_attribute 18, 4
  13              		.thumb
  14              		.syntax unified
  15              		.file	"sc_display_type.c"
  16              		.text
  17              	.Ltext0:
  18              		.cfi_sections	.debug_frame
  19              		.global	__aeabi_i2d
  20              		.global	__aeabi_dmul
  21              		.global	__aeabi_dadd
  22              		.global	__aeabi_d2uiz
  23              		.section	.text.SC_DISPLAY_driverOut,"ax",%progbits
  24              		.align	2
  25              		.global	SC_DISPLAY_driverOut
  26              		.thumb
  27              		.thumb_func
  28              		.type	SC_DISPLAY_driverOut, %function
  29              	SC_DISPLAY_driverOut:
  30              	.LFB111:
  31              		.file 1 "source\\rte\\sc_display_type.c"
   1:source\rte/sc_display_type.c **** /*
   2:source\rte/sc_display_type.c ****  * Filename: sc_display_type.c
   3:source\rte/sc_display_type.c ****  *
   4:source\rte/sc_display_type.c ****  * Author: Autogenerated by H-DA RTE Generator, (c) Prof. Fromm
   5:source\rte/sc_display_type.c ****  *
   6:source\rte/sc_display_type.c ****  * description: Signalclass
   7:source\rte/sc_display_type.c ****  * name: sc_display
   8:source\rte/sc_display_type.c ****  * shortname: display
   9:source\rte/sc_display_type.c ****  *
  10:source\rte/sc_display_type.c ****  */
  11:source\rte/sc_display_type.c **** 
  12:source\rte/sc_display_type.c **** #include "project.h"
  13:source\rte/sc_display_type.c **** #include "global.h"
  14:source\rte/sc_display_type.c **** #include "rte.h"
  15:source\rte/sc_display_type.c **** #include "rte_types.h"
  16:source\rte/sc_display_type.c **** #include "sc_display_type.h"
  17:source\rte/sc_display_type.c **** 
  18:source\rte/sc_display_type.c **** 
  19:source\rte/sc_display_type.c **** 
  20:source\rte/sc_display_type.c **** /* USER CODE START SC_DISPLAY_INCLUDE */
  21:source\rte/sc_display_type.c **** 
  22:source\rte/sc_display_type.c **** /* USER CODE END SC_DISPLAY_INCLUDE */
  23:source\rte/sc_display_type.c **** 
  24:source\rte/sc_display_type.c **** 
  25:source\rte/sc_display_type.c **** 
  26:source\rte/sc_display_type.c **** 
ARM GAS  C:\Users\saman\AppData\Local\Temp\cc48ZE2B.s 			page 2


  27:source\rte/sc_display_type.c **** /* USER CODE START SC_DISPLAY_USERDEFINITIONS */
  28:source\rte/sc_display_type.c **** 
  29:source\rte/sc_display_type.c **** /* USER CODE END SC_DISPLAY_USERDEFINITIONS */
  30:source\rte/sc_display_type.c **** 
  31:source\rte/sc_display_type.c **** 
  32:source\rte/sc_display_type.c **** /*****************************************************************************************
  33:source\rte/sc_display_type.c ****  *************** Port Wrapper Implementation for SC_DISPLAY signal  ****************
  34:source\rte/sc_display_type.c ****  *****************************************************************************************/
  35:source\rte/sc_display_type.c ****  
  36:source\rte/sc_display_type.c ****  
  37:source\rte/sc_display_type.c **** /**
  38:source\rte/sc_display_type.c ****  * Default OUT driver API
  39:source\rte/sc_display_type.c ****  */
  40:source\rte/sc_display_type.c **** inline RC_t SC_DISPLAY_driverOut(const SC_DISPLAY_data_t  *const data)
  41:source\rte/sc_display_type.c **** {
  32              		.loc 1 41 0
  33              		.cfi_startproc
  34              		@ args = 0, pretend = 0, frame = 128
  35              		@ frame_needed = 0, uses_anonymous_args = 0
  36              	.LVL0:
  37 0000 2DE9F04F 		push	{r4, r5, r6, r7, r8, r9, r10, fp, lr}
  38              		.cfi_def_cfa_offset 36
  39              		.cfi_offset 4, -36
  40              		.cfi_offset 5, -32
  41              		.cfi_offset 6, -28
  42              		.cfi_offset 7, -24
  43              		.cfi_offset 8, -20
  44              		.cfi_offset 9, -16
  45              		.cfi_offset 10, -12
  46              		.cfi_offset 11, -8
  47              		.cfi_offset 14, -4
  48 0004 A1B0     		sub	sp, sp, #132
  49              		.cfi_def_cfa_offset 168
  50 0006 0446     		mov	r4, r0
  51              	.LVL1:
  42:source\rte/sc_display_type.c **** 	/* USER CODE START driverOutSC_DISPLAY */
  43:source\rte/sc_display_type.c ****     
  44:source\rte/sc_display_type.c ****     char blinker = ':';
  45:source\rte/sc_display_type.c ****     static uint8_t toggle = 0;
  46:source\rte/sc_display_type.c ****     
  47:source\rte/sc_display_type.c ****     uint16_t local_hour_value = data->hour.value;
  52              		.loc 1 47 0
  53 0008 90F80A80 		ldrb	r8, [r0, #10]	@ zero_extendqisi2
  54              	.LVL2:
  48:source\rte/sc_display_type.c ****     uint16_t local_minute_value = data->minute.value;
  55              		.loc 1 48 0
  56 000c 90F816A0 		ldrb	r10, [r0, #22]	@ zero_extendqisi2
  57              	.LVL3:
  49:source\rte/sc_display_type.c ****     
  50:source\rte/sc_display_type.c ****     TFT_colors_t    bg_color_hour = data->hour.font_type.bg_colour;
  58              		.loc 1 50 0
  59 0010 B0F804B0 		ldrh	fp, [r0, #4]
  60              	.LVL4:
  51:source\rte/sc_display_type.c ****     TFT_colors_t    txt_color_hour = data->hour.font_type.widget;
  61              		.loc 1 51 0
  62 0014 B0F80690 		ldrh	r9, [r0, #6]
  63              	.LVL5:
ARM GAS  C:\Users\saman\AppData\Local\Temp\cc48ZE2B.s 			page 3


  52:source\rte/sc_display_type.c ****     
  53:source\rte/sc_display_type.c ****     uint16_t    hour_size = data->hour.font_type.size;
  64              		.loc 1 53 0
  65 0018 8578     		ldrb	r5, [r0, #2]	@ zero_extendqisi2
  66              	.LVL6:
  54:source\rte/sc_display_type.c ****     uint16_t    hour_x_pos = data->hour.font_type.x_pos;
  67              		.loc 1 54 0
  68 001a 077A     		ldrb	r7, [r0, #8]	@ zero_extendqisi2
  69              	.LVL7:
  55:source\rte/sc_display_type.c ****     uint16_t    hour_y_pos = data->hour.font_type.y_pos;
  56:source\rte/sc_display_type.c **** 
  57:source\rte/sc_display_type.c ****     // Print the hours
  58:source\rte/sc_display_type.c ****     TFT_setCursor(hour_x_pos, hour_y_pos);
  70              		.loc 1 58 0
  71 001c 467A     		ldrb	r6, [r0, #9]	@ zero_extendqisi2
  72 001e 3146     		mov	r1, r6
  73 0020 3846     		mov	r0, r7
  74              	.LVL8:
  75 0022 FFF7FEFF 		bl	TFT_setCursor
  76              	.LVL9:
  59:source\rte/sc_display_type.c ****     TFT_setColors(txt_color_hour, bg_color_hour);
  77              		.loc 1 59 0
  78 0026 5946     		mov	r1, fp
  79 0028 4846     		mov	r0, r9
  80 002a FFF7FEFF 		bl	TFT_setColors
  81              	.LVL10:
  60:source\rte/sc_display_type.c ****     TFT_setTextSize(hour_size);
  82              		.loc 1 60 0
  83 002e 2846     		mov	r0, r5
  84 0030 FFF7FEFF 		bl	TFT_setTextSize
  85              	.LVL11:
  86              	.LBB2:
  61:source\rte/sc_display_type.c ****     TFT_printf("%02d", local_hour_value);
  87              		.loc 1 61 0
  88 0034 4246     		mov	r2, r8
  89 0036 2B49     		ldr	r1, .L5
  90 0038 6846     		mov	r0, sp
  91 003a FFF7FEFF 		bl	sprintf
  92              	.LVL12:
  93 003e 6846     		mov	r0, sp
  94 0040 FFF7FEFF 		bl	TFT_print
  95              	.LVL13:
  96              	.LBE2:
  62:source\rte/sc_display_type.c **** 
  63:source\rte/sc_display_type.c ****     // Determine the x position for the blinker
  64:source\rte/sc_display_type.c ****     uint16_t blinker_x_pos = hour_x_pos + 2 * (hour_size) * 5.5; // Adjust based on character width
  97              		.loc 1 64 0
  98 0044 6800     		lsls	r0, r5, #1
  99 0046 FFF7FEFF 		bl	__aeabi_i2d
 100              	.LVL14:
 101 004a 0022     		movs	r2, #0
 102 004c 264B     		ldr	r3, .L5+4
 103 004e FFF7FEFF 		bl	__aeabi_dmul
 104              	.LVL15:
 105 0052 8046     		mov	r8, r0
 106              	.LVL16:
 107 0054 8946     		mov	r9, r1
ARM GAS  C:\Users\saman\AppData\Local\Temp\cc48ZE2B.s 			page 4


 108              	.LVL17:
 109 0056 3846     		mov	r0, r7
 110 0058 FFF7FEFF 		bl	__aeabi_i2d
 111              	.LVL18:
 112 005c 4246     		mov	r2, r8
 113 005e 4B46     		mov	r3, r9
 114 0060 FFF7FEFF 		bl	__aeabi_dadd
 115              	.LVL19:
 116 0064 FFF7FEFF 		bl	__aeabi_d2uiz
 117              	.LVL20:
 118 0068 1FFA80F8 		uxth	r8, r0
 119              	.LVL21:
  65:source\rte/sc_display_type.c **** 
  66:source\rte/sc_display_type.c ****     // Print the blinker (colon)
  67:source\rte/sc_display_type.c ****     if (toggle == 0)
 120              		.loc 1 67 0
 121 006c 1F4B     		ldr	r3, .L5+8
 122 006e 1B78     		ldrb	r3, [r3]	@ zero_extendqisi2
 123 0070 23B9     		cbnz	r3, .L2
  68:source\rte/sc_display_type.c ****     {
  69:source\rte/sc_display_type.c ****         blinker = ':';
  70:source\rte/sc_display_type.c ****         toggle  = 1;
 124              		.loc 1 70 0
 125 0072 0122     		movs	r2, #1
 126 0074 1D4B     		ldr	r3, .L5+8
 127 0076 1A70     		strb	r2, [r3]
  69:source\rte/sc_display_type.c ****         toggle  = 1;
 128              		.loc 1 69 0
 129 0078 3A27     		movs	r7, #58
 130              	.LVL22:
 131 007a 03E0     		b	.L3
 132              	.LVL23:
 133              	.L2:
  71:source\rte/sc_display_type.c ****     }
  72:source\rte/sc_display_type.c ****     else
  73:source\rte/sc_display_type.c ****     {
  74:source\rte/sc_display_type.c ****         blinker = ' ';
  75:source\rte/sc_display_type.c ****         toggle  = 0;
 134              		.loc 1 75 0
 135 007c 0022     		movs	r2, #0
 136 007e 1B4B     		ldr	r3, .L5+8
 137 0080 1A70     		strb	r2, [r3]
  74:source\rte/sc_display_type.c ****         toggle  = 0;
 138              		.loc 1 74 0
 139 0082 2027     		movs	r7, #32
 140              	.LVL24:
 141              	.L3:
  76:source\rte/sc_display_type.c ****     }
  77:source\rte/sc_display_type.c ****     TFT_setColors(WHITE, BLACK);
 142              		.loc 1 77 0
 143 0084 0021     		movs	r1, #0
 144 0086 4FF6FF70 		movw	r0, #65535
 145 008a FFF7FEFF 		bl	TFT_setColors
 146              	.LVL25:
  78:source\rte/sc_display_type.c ****     TFT_setTextSize(hour_size);
 147              		.loc 1 78 0
 148 008e 2846     		mov	r0, r5
ARM GAS  C:\Users\saman\AppData\Local\Temp\cc48ZE2B.s 			page 5


 149 0090 FFF7FEFF 		bl	TFT_setTextSize
 150              	.LVL26:
  79:source\rte/sc_display_type.c ****     TFT_setCursor(blinker_x_pos, hour_y_pos);
 151              		.loc 1 79 0
 152 0094 3146     		mov	r1, r6
 153 0096 0FFA88F0 		sxth	r0, r8
 154 009a FFF7FEFF 		bl	TFT_setCursor
 155              	.LVL27:
 156              	.LBB3:
  80:source\rte/sc_display_type.c ****     TFT_printf("%c", blinker);
 157              		.loc 1 80 0
 158 009e 3A46     		mov	r2, r7
 159 00a0 1349     		ldr	r1, .L5+12
 160 00a2 6846     		mov	r0, sp
 161 00a4 FFF7FEFF 		bl	sprintf
 162              	.LVL28:
 163 00a8 6846     		mov	r0, sp
 164 00aa FFF7FEFF 		bl	TFT_print
 165              	.LVL29:
 166              	.LBE3:
  81:source\rte/sc_display_type.c **** 
  82:source\rte/sc_display_type.c ****     TFT_colors_t    bg_color_min = data->minute.font_type.bg_colour;
 167              		.loc 1 82 0
 168 00ae 278A     		ldrh	r7, [r4, #16]
 169              	.LVL30:
  83:source\rte/sc_display_type.c ****     TFT_colors_t    txt_color_min = data->minute.font_type.widget;
 170              		.loc 1 83 0
 171 00b0 668A     		ldrh	r6, [r4, #18]
 172              	.LVL31:
  84:source\rte/sc_display_type.c ****     
  85:source\rte/sc_display_type.c ****     uint16_t    minute_size = data->minute.font_type.size;
 173              		.loc 1 85 0
 174 00b2 A57B     		ldrb	r5, [r4, #14]	@ zero_extendqisi2
 175              	.LVL32:
  86:source\rte/sc_display_type.c ****     uint16_t    minute_x_pos = data->minute.font_type.x_pos;
  87:source\rte/sc_display_type.c ****     uint16_t    minute_y_pos = data->minute.font_type.y_pos;
  88:source\rte/sc_display_type.c **** 
  89:source\rte/sc_display_type.c ****     // Print the minutes
  90:source\rte/sc_display_type.c ****     TFT_setCursor(minute_x_pos, minute_y_pos);
 176              		.loc 1 90 0
 177 00b4 617D     		ldrb	r1, [r4, #21]	@ zero_extendqisi2
 178 00b6 207D     		ldrb	r0, [r4, #20]	@ zero_extendqisi2
 179 00b8 FFF7FEFF 		bl	TFT_setCursor
 180              	.LVL33:
  91:source\rte/sc_display_type.c ****     TFT_setColors(txt_color_min, bg_color_min);
 181              		.loc 1 91 0
 182 00bc 3946     		mov	r1, r7
 183 00be 3046     		mov	r0, r6
 184 00c0 FFF7FEFF 		bl	TFT_setColors
 185              	.LVL34:
  92:source\rte/sc_display_type.c ****     TFT_setTextSize(minute_size);
 186              		.loc 1 92 0
 187 00c4 2846     		mov	r0, r5
 188 00c6 FFF7FEFF 		bl	TFT_setTextSize
 189              	.LVL35:
 190              	.LBB4:
  93:source\rte/sc_display_type.c ****     TFT_printf("%02d", local_minute_value);
ARM GAS  C:\Users\saman\AppData\Local\Temp\cc48ZE2B.s 			page 6


 191              		.loc 1 93 0
 192 00ca 5246     		mov	r2, r10
 193 00cc 0549     		ldr	r1, .L5
 194 00ce 6846     		mov	r0, sp
 195 00d0 FFF7FEFF 		bl	sprintf
 196              	.LVL36:
 197 00d4 6846     		mov	r0, sp
 198 00d6 FFF7FEFF 		bl	TFT_print
 199              	.LVL37:
 200              	.LBE4:
  94:source\rte/sc_display_type.c **** 
  95:source\rte/sc_display_type.c **** 	//Write scaled data to driver
  96:source\rte/sc_display_type.c **** 
  97:source\rte/sc_display_type.c **** 	return RC_SUCCESS;
  98:source\rte/sc_display_type.c **** 	/* USER CODE END driverOutSC_DISPLAY */
  99:source\rte/sc_display_type.c **** }
 201              		.loc 1 99 0
 202 00da 0020     		movs	r0, #0
 203 00dc 21B0     		add	sp, sp, #132
 204              		.cfi_def_cfa_offset 36
 205              		@ sp needed
 206 00de BDE8F08F 		pop	{r4, r5, r6, r7, r8, r9, r10, fp, pc}
 207              	.LVL38:
 208              	.L6:
 209 00e2 00BF     		.align	2
 210              	.L5:
 211 00e4 00000000 		.word	.LC0
 212 00e8 00001640 		.word	1075183616
 213 00ec 00000000 		.word	.LANCHOR0
 214 00f0 08000000 		.word	.LC1
 215              		.cfi_endproc
 216              	.LFE111:
 217              		.size	SC_DISPLAY_driverOut, .-SC_DISPLAY_driverOut
 218              		.section	.rodata.str1.4,"aMS",%progbits,1
 219              		.align	2
 220              	.LC0:
 221 0000 25303264 		.ascii	"%02d\000"
 221      00
 222 0005 000000   		.space	3
 223              	.LC1:
 224 0008 256300   		.ascii	"%c\000"
 225              		.bss
 226              		.set	.LANCHOR0,. + 0
 227              		.type	toggle.7437, %object
 228              		.size	toggle.7437, 1
 229              	toggle.7437:
 230 0000 00       		.space	1
 231              		.text
 232              	.Letext0:
 233              		.file 2 "c:\\program files (x86)\\cypress\\psoc creator\\4.4\\psoc creator\\import\\gnu\\arm\\5.4.
 234              		.file 3 "c:\\program files (x86)\\cypress\\psoc creator\\4.4\\psoc creator\\import\\gnu\\arm\\5.4.
 235              		.file 4 "Generated_Source\\PSoC5/ErikaOS_common_ee_types.inc"
 236              		.file 5 "Generated_Source\\PSoC5/ErikaOS_cortex_mx_ee_cpu.inc"
 237              		.file 6 ".\\source\\bsw/global.h"
 238              		.file 7 ".\\source\\bsw\\tft/tft.h"
 239              		.file 8 ".\\source\\asw/clock_type.h"
 240              		.file 9 "source\\rte\\sc_display_type.h"
ARM GAS  C:\Users\saman\AppData\Local\Temp\cc48ZE2B.s 			page 7


 241              		.file 10 "Generated_Source\\PSoC5/ErikaOS_ee_oo_intfunc.inc"
 242              		.file 11 "Generated_Source\\PSoC5/ErikaOS_cortex_mx_ee_context.inc"
 243              		.file 12 "Generated_Source\\PSoC5/ErikaOS_common_ee_primitives.inc"
 244              		.file 13 "Generated_Source\\PSoC5/core_cm3.h"
 245              		.file 14 "c:\\program files (x86)\\cypress\\psoc creator\\4.4\\psoc creator\\import\\gnu\\arm\\5.4
 246              		.section	.debug_info,"",%progbits
 247              	.Ldebug_info0:
 248 0000 9F060000 		.4byte	0x69f
 249 0004 0400     		.2byte	0x4
 250 0006 00000000 		.4byte	.Ldebug_abbrev0
 251 000a 04       		.byte	0x4
 252 000b 01       		.uleb128 0x1
 253 000c 80050000 		.4byte	.LASF116
 254 0010 0C       		.byte	0xc
 255 0011 F6020000 		.4byte	.LASF117
 256 0015 8E000000 		.4byte	.LASF118
 257 0019 00000000 		.4byte	.Ldebug_ranges0+0
 258 001d 00000000 		.4byte	0
 259 0021 00000000 		.4byte	.Ldebug_line0
 260 0025 02       		.uleb128 0x2
 261 0026 01       		.byte	0x1
 262 0027 06       		.byte	0x6
 263 0028 4B030000 		.4byte	.LASF0
 264 002c 03       		.uleb128 0x3
 265 002d BF020000 		.4byte	.LASF3
 266 0031 02       		.byte	0x2
 267 0032 1D       		.byte	0x1d
 268 0033 37000000 		.4byte	0x37
 269 0037 02       		.uleb128 0x2
 270 0038 01       		.byte	0x1
 271 0039 08       		.byte	0x8
 272 003a 33030000 		.4byte	.LASF1
 273 003e 02       		.uleb128 0x2
 274 003f 02       		.byte	0x2
 275 0040 05       		.byte	0x5
 276 0041 2C000000 		.4byte	.LASF2
 277 0045 03       		.uleb128 0x3
 278 0046 0F010000 		.4byte	.LASF4
 279 004a 02       		.byte	0x2
 280 004b 2B       		.byte	0x2b
 281 004c 50000000 		.4byte	0x50
 282 0050 02       		.uleb128 0x2
 283 0051 02       		.byte	0x2
 284 0052 07       		.byte	0x7
 285 0053 EB030000 		.4byte	.LASF5
 286 0057 03       		.uleb128 0x3
 287 0058 5D040000 		.4byte	.LASF6
 288 005c 02       		.byte	0x2
 289 005d 3F       		.byte	0x3f
 290 005e 62000000 		.4byte	0x62
 291 0062 02       		.uleb128 0x2
 292 0063 04       		.byte	0x4
 293 0064 05       		.byte	0x5
 294 0065 8B020000 		.4byte	.LASF7
 295 0069 02       		.uleb128 0x2
 296 006a 04       		.byte	0x4
 297 006b 07       		.byte	0x7
ARM GAS  C:\Users\saman\AppData\Local\Temp\cc48ZE2B.s 			page 8


 298 006c D1040000 		.4byte	.LASF8
 299 0070 02       		.uleb128 0x2
 300 0071 08       		.byte	0x8
 301 0072 05       		.byte	0x5
 302 0073 33020000 		.4byte	.LASF9
 303 0077 02       		.uleb128 0x2
 304 0078 08       		.byte	0x8
 305 0079 07       		.byte	0x7
 306 007a 57030000 		.4byte	.LASF10
 307 007e 04       		.uleb128 0x4
 308 007f 04       		.byte	0x4
 309 0080 05       		.byte	0x5
 310 0081 696E7400 		.ascii	"int\000"
 311 0085 02       		.uleb128 0x2
 312 0086 04       		.byte	0x4
 313 0087 07       		.byte	0x7
 314 0088 0D020000 		.4byte	.LASF11
 315 008c 03       		.uleb128 0x3
 316 008d 5A010000 		.4byte	.LASF12
 317 0091 03       		.byte	0x3
 318 0092 18       		.byte	0x18
 319 0093 2C000000 		.4byte	0x2c
 320 0097 03       		.uleb128 0x3
 321 0098 9D030000 		.4byte	.LASF13
 322 009c 03       		.byte	0x3
 323 009d 24       		.byte	0x24
 324 009e 45000000 		.4byte	0x45
 325 00a2 03       		.uleb128 0x3
 326 00a3 4F040000 		.4byte	.LASF14
 327 00a7 03       		.byte	0x3
 328 00a8 2C       		.byte	0x2c
 329 00a9 57000000 		.4byte	0x57
 330 00ad 02       		.uleb128 0x2
 331 00ae 04       		.byte	0x4
 332 00af 04       		.byte	0x4
 333 00b0 01020000 		.4byte	.LASF15
 334 00b4 02       		.uleb128 0x2
 335 00b5 08       		.byte	0x8
 336 00b6 04       		.byte	0x4
 337 00b7 E9040000 		.4byte	.LASF16
 338 00bb 02       		.uleb128 0x2
 339 00bc 01       		.byte	0x1
 340 00bd 08       		.byte	0x8
 341 00be 18040000 		.4byte	.LASF17
 342 00c2 02       		.uleb128 0x2
 343 00c3 08       		.byte	0x8
 344 00c4 04       		.byte	0x4
 345 00c5 DB000000 		.4byte	.LASF18
 346 00c9 03       		.uleb128 0x3
 347 00ca BF030000 		.4byte	.LASF19
 348 00ce 04       		.byte	0x4
 349 00cf 53       		.byte	0x53
 350 00d0 7E000000 		.4byte	0x7e
 351 00d4 03       		.uleb128 0x3
 352 00d5 41030000 		.4byte	.LASF20
 353 00d9 04       		.byte	0x4
 354 00da 54       		.byte	0x54
ARM GAS  C:\Users\saman\AppData\Local\Temp\cc48ZE2B.s 			page 9


 355 00db 85000000 		.4byte	0x85
 356 00df 03       		.uleb128 0x3
 357 00e0 05000000 		.4byte	.LASF21
 358 00e4 05       		.byte	0x5
 359 00e5 4D       		.byte	0x4d
 360 00e6 D4000000 		.4byte	0xd4
 361 00ea 03       		.uleb128 0x3
 362 00eb D3000000 		.4byte	.LASF22
 363 00ef 05       		.byte	0x5
 364 00f0 4F       		.byte	0x4f
 365 00f1 D4000000 		.4byte	0xd4
 366 00f5 03       		.uleb128 0x3
 367 00f6 1A010000 		.4byte	.LASF23
 368 00fa 05       		.byte	0x5
 369 00fb 78       		.byte	0x78
 370 00fc C9000000 		.4byte	0xc9
 371 0100 02       		.uleb128 0x2
 372 0101 04       		.byte	0x4
 373 0102 07       		.byte	0x7
 374 0103 66000000 		.4byte	.LASF24
 375 0107 05       		.uleb128 0x5
 376 0108 01       		.byte	0x1
 377 0109 25000000 		.4byte	0x25
 378 010d 06       		.byte	0x6
 379 010e CF       		.byte	0xcf
 380 010f B0010000 		.4byte	0x1b0
 381 0113 06       		.uleb128 0x6
 382 0114 0D000000 		.4byte	.LASF25
 383 0118 00       		.byte	0
 384 0119 07       		.uleb128 0x7
 385 011a 9C040000 		.4byte	.LASF26
 386 011e 7F       		.sleb128 -1
 387 011f 07       		.uleb128 0x7
 388 0120 A6030000 		.4byte	.LASF27
 389 0124 7E       		.sleb128 -2
 390 0125 07       		.uleb128 0x7
 391 0126 C5000000 		.4byte	.LASF28
 392 012a 7D       		.sleb128 -3
 393 012b 07       		.uleb128 0x7
 394 012c 2A040000 		.4byte	.LASF29
 395 0130 7C       		.sleb128 -4
 396 0131 07       		.uleb128 0x7
 397 0132 F2010000 		.4byte	.LASF30
 398 0136 7B       		.sleb128 -5
 399 0137 07       		.uleb128 0x7
 400 0138 36000000 		.4byte	.LASF31
 401 013c 7A       		.sleb128 -6
 402 013d 07       		.uleb128 0x7
 403 013e 94020000 		.4byte	.LASF32
 404 0142 79       		.sleb128 -7
 405 0143 07       		.uleb128 0x7
 406 0144 3A040000 		.4byte	.LASF33
 407 0148 78       		.sleb128 -8
 408 0149 07       		.uleb128 0x7
 409 014a 64060000 		.4byte	.LASF34
 410 014e 77       		.sleb128 -9
 411 014f 07       		.uleb128 0x7
ARM GAS  C:\Users\saman\AppData\Local\Temp\cc48ZE2B.s 			page 10


 412 0150 AC020000 		.4byte	.LASF35
 413 0154 76       		.sleb128 -10
 414 0155 07       		.uleb128 0x7
 415 0156 89060000 		.4byte	.LASF36
 416 015a 75       		.sleb128 -11
 417 015b 07       		.uleb128 0x7
 418 015c 8F030000 		.4byte	.LASF37
 419 0160 74       		.sleb128 -12
 420 0161 07       		.uleb128 0x7
 421 0162 F8040000 		.4byte	.LASF38
 422 0166 73       		.sleb128 -13
 423 0167 07       		.uleb128 0x7
 424 0168 13030000 		.4byte	.LASF39
 425 016c 72       		.sleb128 -14
 426 016d 07       		.uleb128 0x7
 427 016e 18000000 		.4byte	.LASF40
 428 0172 71       		.sleb128 -15
 429 0173 07       		.uleb128 0x7
 430 0174 C9020000 		.4byte	.LASF41
 431 0178 70       		.sleb128 -16
 432 0179 07       		.uleb128 0x7
 433 017a 75040000 		.4byte	.LASF42
 434 017e 6F       		.sleb128 -17
 435 017f 07       		.uleb128 0x7
 436 0180 47000000 		.4byte	.LASF43
 437 0184 6E       		.sleb128 -18
 438 0185 07       		.uleb128 0x7
 439 0186 67020000 		.4byte	.LASF44
 440 018a 6D       		.sleb128 -19
 441 018b 07       		.uleb128 0x7
 442 018c 89040000 		.4byte	.LASF45
 443 0190 6C       		.sleb128 -20
 444 0191 07       		.uleb128 0x7
 445 0192 E4020000 		.4byte	.LASF46
 446 0196 6B       		.sleb128 -21
 447 0197 07       		.uleb128 0x7
 448 0198 3E050000 		.4byte	.LASF47
 449 019c 6A       		.sleb128 -22
 450 019d 07       		.uleb128 0x7
 451 019e 62010000 		.4byte	.LASF48
 452 01a2 69       		.sleb128 -23
 453 01a3 07       		.uleb128 0x7
 454 01a4 7A020000 		.4byte	.LASF49
 455 01a8 68       		.sleb128 -24
 456 01a9 07       		.uleb128 0x7
 457 01aa 1A020000 		.4byte	.LASF50
 458 01ae 67       		.sleb128 -25
 459 01af 00       		.byte	0
 460 01b0 03       		.uleb128 0x3
 461 01b1 7A060000 		.4byte	.LASF51
 462 01b5 06       		.byte	0x6
 463 01b6 EA       		.byte	0xea
 464 01b7 07010000 		.4byte	0x107
 465 01bb 05       		.uleb128 0x5
 466 01bc 02       		.byte	0x2
 467 01bd 50000000 		.4byte	0x50
 468 01c1 07       		.byte	0x7
ARM GAS  C:\Users\saman\AppData\Local\Temp\cc48ZE2B.s 			page 11


 469 01c2 5C       		.byte	0x5c
 470 01c3 59020000 		.4byte	0x259
 471 01c7 08       		.uleb128 0x8
 472 01c8 57040000 		.4byte	.LASF52
 473 01cc FFFF     		.2byte	0xffff
 474 01ce 06       		.uleb128 0x6
 475 01cf 7B030000 		.4byte	.LASF53
 476 01d3 00       		.byte	0
 477 01d4 08       		.uleb128 0x8
 478 01d5 25060000 		.4byte	.LASF54
 479 01d9 00F8     		.2byte	0xf800
 480 01db 08       		.uleb128 0x8
 481 01dc 5F060000 		.4byte	.LASF55
 482 01e0 1FF8     		.2byte	0xf81f
 483 01e2 08       		.uleb128 0x8
 484 01e3 B7010000 		.4byte	.LASF56
 485 01e7 FF07     		.2byte	0x7ff
 486 01e9 08       		.uleb128 0x8
 487 01ea 39010000 		.4byte	.LASF57
 488 01ee E0FF     		.2byte	0xffe0
 489 01f0 09       		.uleb128 0x9
 490 01f1 52454400 		.ascii	"RED\000"
 491 01f5 1F       		.byte	0x1f
 492 01f6 08       		.uleb128 0x8
 493 01f7 F0040000 		.4byte	.LASF58
 494 01fb 1FF8     		.2byte	0xf81f
 495 01fd 08       		.uleb128 0x8
 496 01fe 0E060000 		.4byte	.LASF59
 497 0202 E007     		.2byte	0x7e0
 498 0204 08       		.uleb128 0x8
 499 0205 BA020000 		.4byte	.LASF60
 500 0209 E0FF     		.2byte	0xffe0
 501 020b 08       		.uleb128 0x8
 502 020c 80010000 		.4byte	.LASF61
 503 0210 FF07     		.2byte	0x7ff
 504 0212 08       		.uleb128 0x8
 505 0213 28050000 		.4byte	.LASF62
 506 0217 3D02     		.2byte	0x23d
 507 0219 08       		.uleb128 0x8
 508 021a E3040000 		.4byte	.LASF63
 509 021e 3FE0     		.2byte	0xe03f
 510 0220 08       		.uleb128 0x8
 511 0221 D4010000 		.4byte	.LASF64
 512 0225 210C     		.2byte	0xc21
 513 0227 08       		.uleb128 0x8
 514 0228 17050000 		.4byte	.LASF65
 515 022c 89F3     		.2byte	0xf389
 516 022e 08       		.uleb128 0x8
 517 022f DA020000 		.4byte	.LASF66
 518 0233 BE3E     		.2byte	0x3ebe
 519 0235 08       		.uleb128 0x8
 520 0236 E2030000 		.4byte	.LASF67
 521 023a 2A1A     		.2byte	0x1a2a
 522 023c 08       		.uleb128 0x8
 523 023d F1000000 		.4byte	.LASF68
 524 0241 21F8     		.2byte	0xf821
 525 0243 08       		.uleb128 0x8
ARM GAS  C:\Users\saman\AppData\Local\Temp\cc48ZE2B.s 			page 12


 526 0244 07020000 		.4byte	.LASF69
 527 0248 6318     		.2byte	0x1863
 528 024a 08       		.uleb128 0x8
 529 024b BC010000 		.4byte	.LASF70
 530 024f 658A     		.2byte	0x8a65
 531 0251 08       		.uleb128 0x8
 532 0252 AA040000 		.4byte	.LASF71
 533 0256 D448     		.2byte	0x48d4
 534 0258 00       		.byte	0
 535 0259 03       		.uleb128 0x3
 536 025a 6E030000 		.4byte	.LASF72
 537 025e 07       		.byte	0x7
 538 025f 72       		.byte	0x72
 539 0260 BB010000 		.4byte	0x1bb
 540 0264 05       		.uleb128 0x5
 541 0265 01       		.byte	0x1
 542 0266 37000000 		.4byte	0x37
 543 026a 08       		.byte	0x8
 544 026b 34       		.byte	0x34
 545 026c 83020000 		.4byte	0x283
 546 0270 06       		.uleb128 0x6
 547 0271 50050000 		.4byte	.LASF73
 548 0275 00       		.byte	0
 549 0276 06       		.uleb128 0x6
 550 0277 70050000 		.4byte	.LASF74
 551 027b 01       		.byte	0x1
 552 027c 06       		.uleb128 0x6
 553 027d 00000000 		.4byte	.LASF75
 554 0281 02       		.byte	0x2
 555 0282 00       		.byte	0
 556 0283 03       		.uleb128 0x3
 557 0284 49060000 		.4byte	.LASF76
 558 0288 08       		.byte	0x8
 559 0289 38       		.byte	0x38
 560 028a 64020000 		.4byte	0x264
 561 028e 0A       		.uleb128 0xa
 562 028f 08       		.byte	0x8
 563 0290 08       		.byte	0x8
 564 0291 3A       		.byte	0x3a
 565 0292 D3020000 		.4byte	0x2d3
 566 0296 0B       		.uleb128 0xb
 567 0297 0A050000 		.4byte	.LASF77
 568 029b 08       		.byte	0x8
 569 029c 3C       		.byte	0x3c
 570 029d 8C000000 		.4byte	0x8c
 571 02a1 00       		.byte	0
 572 02a2 0B       		.uleb128 0xb
 573 02a3 E7000000 		.4byte	.LASF78
 574 02a7 08       		.byte	0x8
 575 02a8 3D       		.byte	0x3d
 576 02a9 59020000 		.4byte	0x259
 577 02ad 02       		.byte	0x2
 578 02ae 0B       		.uleb128 0xb
 579 02af 79010000 		.4byte	.LASF79
 580 02b3 08       		.byte	0x8
 581 02b4 3E       		.byte	0x3e
 582 02b5 59020000 		.4byte	0x259
ARM GAS  C:\Users\saman\AppData\Local\Temp\cc48ZE2B.s 			page 13


 583 02b9 04       		.byte	0x4
 584 02ba 0B       		.uleb128 0xb
 585 02bb A6020000 		.4byte	.LASF80
 586 02bf 08       		.byte	0x8
 587 02c0 3F       		.byte	0x3f
 588 02c1 8C000000 		.4byte	0x8c
 589 02c5 06       		.byte	0x6
 590 02c6 0B       		.uleb128 0xb
 591 02c7 B8040000 		.4byte	.LASF81
 592 02cb 08       		.byte	0x8
 593 02cc 40       		.byte	0x40
 594 02cd 8C000000 		.4byte	0x8c
 595 02d1 07       		.byte	0x7
 596 02d2 00       		.byte	0
 597 02d3 03       		.uleb128 0x3
 598 02d4 41020000 		.4byte	.LASF82
 599 02d8 08       		.byte	0x8
 600 02d9 41       		.byte	0x41
 601 02da 8E020000 		.4byte	0x28e
 602 02de 0A       		.uleb128 0xa
 603 02df 0C       		.byte	0xc
 604 02e0 08       		.byte	0x8
 605 02e1 43       		.byte	0x43
 606 02e2 0B030000 		.4byte	0x30b
 607 02e6 0B       		.uleb128 0xb
 608 02e7 79010000 		.4byte	.LASF79
 609 02eb 08       		.byte	0x8
 610 02ec 45       		.byte	0x45
 611 02ed 83020000 		.4byte	0x283
 612 02f1 00       		.byte	0
 613 02f2 0B       		.uleb128 0xb
 614 02f3 7F060000 		.4byte	.LASF83
 615 02f7 08       		.byte	0x8
 616 02f8 46       		.byte	0x46
 617 02f9 D3020000 		.4byte	0x2d3
 618 02fd 02       		.byte	0x2
 619 02fe 0B       		.uleb128 0xb
 620 02ff 33010000 		.4byte	.LASF84
 621 0303 08       		.byte	0x8
 622 0304 47       		.byte	0x47
 623 0305 8C000000 		.4byte	0x8c
 624 0309 0A       		.byte	0xa
 625 030a 00       		.byte	0
 626 030b 03       		.uleb128 0x3
 627 030c 3F010000 		.4byte	.LASF85
 628 0310 08       		.byte	0x8
 629 0311 48       		.byte	0x48
 630 0312 DE020000 		.4byte	0x2de
 631 0316 0A       		.uleb128 0xa
 632 0317 18       		.byte	0x18
 633 0318 09       		.byte	0x9
 634 0319 21       		.byte	0x21
 635 031a 37030000 		.4byte	0x337
 636 031e 0B       		.uleb128 0xb
 637 031f 26030000 		.4byte	.LASF86
 638 0323 09       		.byte	0x9
 639 0324 23       		.byte	0x23
ARM GAS  C:\Users\saman\AppData\Local\Temp\cc48ZE2B.s 			page 14


 640 0325 0B030000 		.4byte	0x30b
 641 0329 00       		.byte	0
 642 032a 0B       		.uleb128 0xb
 643 032b B1040000 		.4byte	.LASF87
 644 032f 09       		.byte	0x9
 645 0330 24       		.byte	0x24
 646 0331 0B030000 		.4byte	0x30b
 647 0335 0C       		.byte	0xc
 648 0336 00       		.byte	0
 649 0337 03       		.uleb128 0x3
 650 0338 21010000 		.4byte	.LASF88
 651 033c 09       		.byte	0x9
 652 033d 27       		.byte	0x27
 653 033e 16030000 		.4byte	0x316
 654 0342 0C       		.uleb128 0xc
 655 0343 6F000000 		.4byte	.LASF119
 656 0347 01       		.byte	0x1
 657 0348 28       		.byte	0x28
 658 0349 B0010000 		.4byte	0x1b0
 659 034d 00000000 		.4byte	.LFB111
 660 0351 F4000000 		.4byte	.LFE111-.LFB111
 661 0355 01       		.uleb128 0x1
 662 0356 9C       		.byte	0x9c
 663 0357 00060000 		.4byte	0x600
 664 035b 0D       		.uleb128 0xd
 665 035c A5040000 		.4byte	.LASF120
 666 0360 01       		.byte	0x1
 667 0361 28       		.byte	0x28
 668 0362 0B060000 		.4byte	0x60b
 669 0366 00000000 		.4byte	.LLST0
 670 036a 0E       		.uleb128 0xe
 671 036b 0F050000 		.4byte	.LASF89
 672 036f 01       		.byte	0x1
 673 0370 2C       		.byte	0x2c
 674 0371 BB000000 		.4byte	0xbb
 675 0375 2C000000 		.4byte	.LLST1
 676 0379 0F       		.uleb128 0xf
 677 037a 42060000 		.4byte	.LASF90
 678 037e 01       		.byte	0x1
 679 037f 2D       		.byte	0x2d
 680 0380 8C000000 		.4byte	0x8c
 681 0384 05       		.uleb128 0x5
 682 0385 03       		.byte	0x3
 683 0386 00000000 		.4byte	toggle.7437
 684 038a 0E       		.uleb128 0xe
 685 038b 14060000 		.4byte	.LASF91
 686 038f 01       		.byte	0x1
 687 0390 2F       		.byte	0x2f
 688 0391 97000000 		.4byte	0x97
 689 0395 59000000 		.4byte	.LLST2
 690 0399 0E       		.uleb128 0xe
 691 039a FC000000 		.4byte	.LASF92
 692 039e 01       		.byte	0x1
 693 039f 30       		.byte	0x30
 694 03a0 97000000 		.4byte	0x97
 695 03a4 71000000 		.4byte	.LLST3
 696 03a8 0E       		.uleb128 0xe
ARM GAS  C:\Users\saman\AppData\Local\Temp\cc48ZE2B.s 			page 15


 697 03a9 81030000 		.4byte	.LASF93
 698 03ad 01       		.byte	0x1
 699 03ae 32       		.byte	0x32
 700 03af 59020000 		.4byte	0x259
 701 03b3 89000000 		.4byte	.LLST4
 702 03b7 0E       		.uleb128 0xe
 703 03b8 61050000 		.4byte	.LASF94
 704 03bc 01       		.byte	0x1
 705 03bd 33       		.byte	0x33
 706 03be 59020000 		.4byte	0x259
 707 03c2 9C000000 		.4byte	.LLST5
 708 03c6 0E       		.uleb128 0xe
 709 03c7 84000000 		.4byte	.LASF95
 710 03cb 01       		.byte	0x1
 711 03cc 35       		.byte	0x35
 712 03cd 97000000 		.4byte	0x97
 713 03d1 AF000000 		.4byte	.LLST6
 714 03d5 0E       		.uleb128 0xe
 715 03d6 4F010000 		.4byte	.LASF96
 716 03da 01       		.byte	0x1
 717 03db 36       		.byte	0x36
 718 03dc 97000000 		.4byte	0x97
 719 03e0 C7000000 		.4byte	.LLST7
 720 03e4 0E       		.uleb128 0xe
 721 03e5 B4030000 		.4byte	.LASF97
 722 03e9 01       		.byte	0x1
 723 03ea 37       		.byte	0x37
 724 03eb 97000000 		.4byte	0x97
 725 03ef EF000000 		.4byte	.LLST8
 726 03f3 0E       		.uleb128 0xe
 727 03f4 94010000 		.4byte	.LASF98
 728 03f8 01       		.byte	0x1
 729 03f9 40       		.byte	0x40
 730 03fa 97000000 		.4byte	0x97
 731 03fe 2B010000 		.4byte	.LLST9
 732 0402 0E       		.uleb128 0xe
 733 0403 87010000 		.4byte	.LASF99
 734 0407 01       		.byte	0x1
 735 0408 52       		.byte	0x52
 736 0409 59020000 		.4byte	0x259
 737 040d 3E010000 		.4byte	.LLST10
 738 0411 0E       		.uleb128 0xe
 739 0412 FE030000 		.4byte	.LASF100
 740 0416 01       		.byte	0x1
 741 0417 53       		.byte	0x53
 742 0418 59020000 		.4byte	0x259
 743 041c 51010000 		.4byte	.LLST11
 744 0420 0E       		.uleb128 0xe
 745 0421 0C040000 		.4byte	.LASF101
 746 0425 01       		.byte	0x1
 747 0426 55       		.byte	0x55
 748 0427 97000000 		.4byte	0x97
 749 042b 64010000 		.4byte	.LLST12
 750 042f 0E       		.uleb128 0xe
 751 0430 D5030000 		.4byte	.LASF102
 752 0434 01       		.byte	0x1
 753 0435 56       		.byte	0x56
ARM GAS  C:\Users\saman\AppData\Local\Temp\cc48ZE2B.s 			page 16


 754 0436 97000000 		.4byte	0x97
 755 043a 7C010000 		.4byte	.LLST13
 756 043e 0E       		.uleb128 0xe
 757 043f C8030000 		.4byte	.LASF103
 758 0443 01       		.byte	0x1
 759 0444 57       		.byte	0x57
 760 0445 97000000 		.4byte	0x97
 761 0449 96010000 		.4byte	.LLST14
 762 044d 10       		.uleb128 0x10
 763 044e 34000000 		.4byte	.LBB2
 764 0452 10000000 		.4byte	.LBE2-.LBB2
 765 0456 9D040000 		.4byte	0x49d
 766 045a 0F       		.uleb128 0xf
 767 045b 20050000 		.4byte	.LASF104
 768 045f 01       		.byte	0x1
 769 0460 3D       		.byte	0x3d
 770 0461 10060000 		.4byte	0x610
 771 0465 03       		.uleb128 0x3
 772 0466 91       		.byte	0x91
 773 0467 D87E     		.sleb128 -168
 774 0469 11       		.uleb128 0x11
 775 046a 3E000000 		.4byte	.LVL12
 776 046e 68060000 		.4byte	0x668
 777 0472 8C040000 		.4byte	0x48c
 778 0476 12       		.uleb128 0x12
 779 0477 01       		.uleb128 0x1
 780 0478 50       		.byte	0x50
 781 0479 02       		.uleb128 0x2
 782 047a 7D       		.byte	0x7d
 783 047b 00       		.sleb128 0
 784 047c 12       		.uleb128 0x12
 785 047d 01       		.uleb128 0x1
 786 047e 51       		.byte	0x51
 787 047f 05       		.uleb128 0x5
 788 0480 03       		.byte	0x3
 789 0481 00000000 		.4byte	.LC0
 790 0485 12       		.uleb128 0x12
 791 0486 01       		.uleb128 0x1
 792 0487 52       		.byte	0x52
 793 0488 02       		.uleb128 0x2
 794 0489 78       		.byte	0x78
 795 048a 00       		.sleb128 0
 796 048b 00       		.byte	0
 797 048c 13       		.uleb128 0x13
 798 048d 44000000 		.4byte	.LVL13
 799 0491 73060000 		.4byte	0x673
 800 0495 12       		.uleb128 0x12
 801 0496 01       		.uleb128 0x1
 802 0497 50       		.byte	0x50
 803 0498 02       		.uleb128 0x2
 804 0499 7D       		.byte	0x7d
 805 049a 00       		.sleb128 0
 806 049b 00       		.byte	0
 807 049c 00       		.byte	0
 808 049d 10       		.uleb128 0x10
 809 049e 9E000000 		.4byte	.LBB3
 810 04a2 10000000 		.4byte	.LBE3-.LBB3
ARM GAS  C:\Users\saman\AppData\Local\Temp\cc48ZE2B.s 			page 17


 811 04a6 ED040000 		.4byte	0x4ed
 812 04aa 0F       		.uleb128 0xf
 813 04ab 20050000 		.4byte	.LASF104
 814 04af 01       		.byte	0x1
 815 04b0 50       		.byte	0x50
 816 04b1 10060000 		.4byte	0x610
 817 04b5 03       		.uleb128 0x3
 818 04b6 91       		.byte	0x91
 819 04b7 D87E     		.sleb128 -168
 820 04b9 11       		.uleb128 0x11
 821 04ba A8000000 		.4byte	.LVL28
 822 04be 68060000 		.4byte	0x668
 823 04c2 DC040000 		.4byte	0x4dc
 824 04c6 12       		.uleb128 0x12
 825 04c7 01       		.uleb128 0x1
 826 04c8 50       		.byte	0x50
 827 04c9 02       		.uleb128 0x2
 828 04ca 7D       		.byte	0x7d
 829 04cb 00       		.sleb128 0
 830 04cc 12       		.uleb128 0x12
 831 04cd 01       		.uleb128 0x1
 832 04ce 51       		.byte	0x51
 833 04cf 05       		.uleb128 0x5
 834 04d0 03       		.byte	0x3
 835 04d1 08000000 		.4byte	.LC1
 836 04d5 12       		.uleb128 0x12
 837 04d6 01       		.uleb128 0x1
 838 04d7 52       		.byte	0x52
 839 04d8 02       		.uleb128 0x2
 840 04d9 77       		.byte	0x77
 841 04da 00       		.sleb128 0
 842 04db 00       		.byte	0
 843 04dc 13       		.uleb128 0x13
 844 04dd AE000000 		.4byte	.LVL29
 845 04e1 73060000 		.4byte	0x673
 846 04e5 12       		.uleb128 0x12
 847 04e6 01       		.uleb128 0x1
 848 04e7 50       		.byte	0x50
 849 04e8 02       		.uleb128 0x2
 850 04e9 7D       		.byte	0x7d
 851 04ea 00       		.sleb128 0
 852 04eb 00       		.byte	0
 853 04ec 00       		.byte	0
 854 04ed 10       		.uleb128 0x10
 855 04ee CA000000 		.4byte	.LBB4
 856 04f2 10000000 		.4byte	.LBE4-.LBB4
 857 04f6 3D050000 		.4byte	0x53d
 858 04fa 0F       		.uleb128 0xf
 859 04fb 20050000 		.4byte	.LASF104
 860 04ff 01       		.byte	0x1
 861 0500 5D       		.byte	0x5d
 862 0501 10060000 		.4byte	0x610
 863 0505 03       		.uleb128 0x3
 864 0506 91       		.byte	0x91
 865 0507 D87E     		.sleb128 -168
 866 0509 11       		.uleb128 0x11
 867 050a D4000000 		.4byte	.LVL36
ARM GAS  C:\Users\saman\AppData\Local\Temp\cc48ZE2B.s 			page 18


 868 050e 68060000 		.4byte	0x668
 869 0512 2C050000 		.4byte	0x52c
 870 0516 12       		.uleb128 0x12
 871 0517 01       		.uleb128 0x1
 872 0518 50       		.byte	0x50
 873 0519 02       		.uleb128 0x2
 874 051a 7D       		.byte	0x7d
 875 051b 00       		.sleb128 0
 876 051c 12       		.uleb128 0x12
 877 051d 01       		.uleb128 0x1
 878 051e 51       		.byte	0x51
 879 051f 05       		.uleb128 0x5
 880 0520 03       		.byte	0x3
 881 0521 00000000 		.4byte	.LC0
 882 0525 12       		.uleb128 0x12
 883 0526 01       		.uleb128 0x1
 884 0527 52       		.byte	0x52
 885 0528 02       		.uleb128 0x2
 886 0529 7A       		.byte	0x7a
 887 052a 00       		.sleb128 0
 888 052b 00       		.byte	0
 889 052c 13       		.uleb128 0x13
 890 052d DA000000 		.4byte	.LVL37
 891 0531 73060000 		.4byte	0x673
 892 0535 12       		.uleb128 0x12
 893 0536 01       		.uleb128 0x1
 894 0537 50       		.byte	0x50
 895 0538 02       		.uleb128 0x2
 896 0539 7D       		.byte	0x7d
 897 053a 00       		.sleb128 0
 898 053b 00       		.byte	0
 899 053c 00       		.byte	0
 900 053d 11       		.uleb128 0x11
 901 053e 26000000 		.4byte	.LVL9
 902 0542 7F060000 		.4byte	0x67f
 903 0546 57050000 		.4byte	0x557
 904 054a 12       		.uleb128 0x12
 905 054b 01       		.uleb128 0x1
 906 054c 50       		.byte	0x50
 907 054d 02       		.uleb128 0x2
 908 054e 77       		.byte	0x77
 909 054f 00       		.sleb128 0
 910 0550 12       		.uleb128 0x12
 911 0551 01       		.uleb128 0x1
 912 0552 51       		.byte	0x51
 913 0553 02       		.uleb128 0x2
 914 0554 76       		.byte	0x76
 915 0555 00       		.sleb128 0
 916 0556 00       		.byte	0
 917 0557 11       		.uleb128 0x11
 918 0558 2E000000 		.4byte	.LVL10
 919 055c 8B060000 		.4byte	0x68b
 920 0560 71050000 		.4byte	0x571
 921 0564 12       		.uleb128 0x12
 922 0565 01       		.uleb128 0x1
 923 0566 50       		.byte	0x50
 924 0567 02       		.uleb128 0x2
ARM GAS  C:\Users\saman\AppData\Local\Temp\cc48ZE2B.s 			page 19


 925 0568 79       		.byte	0x79
 926 0569 00       		.sleb128 0
 927 056a 12       		.uleb128 0x12
 928 056b 01       		.uleb128 0x1
 929 056c 51       		.byte	0x51
 930 056d 02       		.uleb128 0x2
 931 056e 7B       		.byte	0x7b
 932 056f 00       		.sleb128 0
 933 0570 00       		.byte	0
 934 0571 11       		.uleb128 0x11
 935 0572 34000000 		.4byte	.LVL11
 936 0576 96060000 		.4byte	0x696
 937 057a 85050000 		.4byte	0x585
 938 057e 12       		.uleb128 0x12
 939 057f 01       		.uleb128 0x1
 940 0580 50       		.byte	0x50
 941 0581 02       		.uleb128 0x2
 942 0582 75       		.byte	0x75
 943 0583 00       		.sleb128 0
 944 0584 00       		.byte	0
 945 0585 11       		.uleb128 0x11
 946 0586 8E000000 		.4byte	.LVL25
 947 058a 8B060000 		.4byte	0x68b
 948 058e 9E050000 		.4byte	0x59e
 949 0592 12       		.uleb128 0x12
 950 0593 01       		.uleb128 0x1
 951 0594 50       		.byte	0x50
 952 0595 02       		.uleb128 0x2
 953 0596 09       		.byte	0x9
 954 0597 FF       		.byte	0xff
 955 0598 12       		.uleb128 0x12
 956 0599 01       		.uleb128 0x1
 957 059a 51       		.byte	0x51
 958 059b 01       		.uleb128 0x1
 959 059c 30       		.byte	0x30
 960 059d 00       		.byte	0
 961 059e 11       		.uleb128 0x11
 962 059f 94000000 		.4byte	.LVL26
 963 05a3 96060000 		.4byte	0x696
 964 05a7 B2050000 		.4byte	0x5b2
 965 05ab 12       		.uleb128 0x12
 966 05ac 01       		.uleb128 0x1
 967 05ad 50       		.byte	0x50
 968 05ae 02       		.uleb128 0x2
 969 05af 75       		.byte	0x75
 970 05b0 00       		.sleb128 0
 971 05b1 00       		.byte	0
 972 05b2 11       		.uleb128 0x11
 973 05b3 9E000000 		.4byte	.LVL27
 974 05b7 7F060000 		.4byte	0x67f
 975 05bb CC050000 		.4byte	0x5cc
 976 05bf 12       		.uleb128 0x12
 977 05c0 01       		.uleb128 0x1
 978 05c1 50       		.byte	0x50
 979 05c2 02       		.uleb128 0x2
 980 05c3 78       		.byte	0x78
 981 05c4 00       		.sleb128 0
ARM GAS  C:\Users\saman\AppData\Local\Temp\cc48ZE2B.s 			page 20


 982 05c5 12       		.uleb128 0x12
 983 05c6 01       		.uleb128 0x1
 984 05c7 51       		.byte	0x51
 985 05c8 02       		.uleb128 0x2
 986 05c9 76       		.byte	0x76
 987 05ca 00       		.sleb128 0
 988 05cb 00       		.byte	0
 989 05cc 14       		.uleb128 0x14
 990 05cd BC000000 		.4byte	.LVL33
 991 05d1 7F060000 		.4byte	0x67f
 992 05d5 11       		.uleb128 0x11
 993 05d6 C4000000 		.4byte	.LVL34
 994 05da 8B060000 		.4byte	0x68b
 995 05de EF050000 		.4byte	0x5ef
 996 05e2 12       		.uleb128 0x12
 997 05e3 01       		.uleb128 0x1
 998 05e4 50       		.byte	0x50
 999 05e5 02       		.uleb128 0x2
 1000 05e6 76       		.byte	0x76
 1001 05e7 00       		.sleb128 0
 1002 05e8 12       		.uleb128 0x12
 1003 05e9 01       		.uleb128 0x1
 1004 05ea 51       		.byte	0x51
 1005 05eb 02       		.uleb128 0x2
 1006 05ec 77       		.byte	0x77
 1007 05ed 00       		.sleb128 0
 1008 05ee 00       		.byte	0
 1009 05ef 13       		.uleb128 0x13
 1010 05f0 CA000000 		.4byte	.LVL35
 1011 05f4 96060000 		.4byte	0x696
 1012 05f8 12       		.uleb128 0x12
 1013 05f9 01       		.uleb128 0x1
 1014 05fa 50       		.byte	0x50
 1015 05fb 02       		.uleb128 0x2
 1016 05fc 75       		.byte	0x75
 1017 05fd 00       		.sleb128 0
 1018 05fe 00       		.byte	0
 1019 05ff 00       		.byte	0
 1020 0600 15       		.uleb128 0x15
 1021 0601 04       		.byte	0x4
 1022 0602 06060000 		.4byte	0x606
 1023 0606 16       		.uleb128 0x16
 1024 0607 37030000 		.4byte	0x337
 1025 060b 16       		.uleb128 0x16
 1026 060c 00060000 		.4byte	0x600
 1027 0610 17       		.uleb128 0x17
 1028 0611 BB000000 		.4byte	0xbb
 1029 0615 20060000 		.4byte	0x620
 1030 0619 18       		.uleb128 0x18
 1031 061a 00010000 		.4byte	0x100
 1032 061e 7F       		.byte	0x7f
 1033 061f 00       		.byte	0
 1034 0620 19       		.uleb128 0x19
 1035 0621 2A060000 		.4byte	.LASF105
 1036 0625 0A       		.byte	0xa
 1037 0626 40       		.byte	0x40
 1038 0627 DF000000 		.4byte	0xdf
ARM GAS  C:\Users\saman\AppData\Local\Temp\cc48ZE2B.s 			page 21


 1039 062b 19       		.uleb128 0x19
 1040 062c 4E020000 		.4byte	.LASF106
 1041 0630 0A       		.byte	0xa
 1042 0631 47       		.byte	0x47
 1043 0632 EA000000 		.4byte	0xea
 1044 0636 19       		.uleb128 0x19
 1045 0637 BE040000 		.4byte	.LASF107
 1046 063b 0A       		.byte	0xa
 1047 063c 4A       		.byte	0x4a
 1048 063d DF000000 		.4byte	0xdf
 1049 0641 19       		.uleb128 0x19
 1050 0642 D9010000 		.4byte	.LASF108
 1051 0646 0B       		.byte	0xb
 1052 0647 48       		.byte	0x48
 1053 0648 F5000000 		.4byte	0xf5
 1054 064c 19       		.uleb128 0x19
 1055 064d A2010000 		.4byte	.LASF109
 1056 0651 0C       		.byte	0xc
 1057 0652 44       		.byte	0x44
 1058 0653 DF000000 		.4byte	0xdf
 1059 0657 1A       		.uleb128 0x1a
 1060 0658 1D040000 		.4byte	.LASF110
 1061 065c 0D       		.byte	0xd
 1062 065d 1207     		.2byte	0x712
 1063 065f 63060000 		.4byte	0x663
 1064 0663 1B       		.uleb128 0x1b
 1065 0664 A2000000 		.4byte	0xa2
 1066 0668 1C       		.uleb128 0x1c
 1067 0669 2B030000 		.4byte	.LASF111
 1068 066d 2B030000 		.4byte	.LASF111
 1069 0671 0E       		.byte	0xe
 1070 0672 E7       		.byte	0xe7
 1071 0673 1D       		.uleb128 0x1d
 1072 0674 5C000000 		.4byte	.LASF112
 1073 0678 5C000000 		.4byte	.LASF112
 1074 067c 07       		.byte	0x7
 1075 067d AC01     		.2byte	0x1ac
 1076 067f 1D       		.uleb128 0x1d
 1077 0680 67040000 		.4byte	.LASF113
 1078 0684 67040000 		.4byte	.LASF113
 1079 0688 07       		.byte	0x7
 1080 0689 7501     		.2byte	0x175
 1081 068b 1C       		.uleb128 0x1c
 1082 068c C6010000 		.4byte	.LASF114
 1083 0690 C6010000 		.4byte	.LASF114
 1084 0694 07       		.byte	0x7
 1085 0695 B9       		.byte	0xb9
 1086 0696 1D       		.uleb128 0x1d
 1087 0697 2E050000 		.4byte	.LASF115
 1088 069b 2E050000 		.4byte	.LASF115
 1089 069f 07       		.byte	0x7
 1090 06a0 8A01     		.2byte	0x18a
 1091 06a2 00       		.byte	0
 1092              		.section	.debug_abbrev,"",%progbits
 1093              	.Ldebug_abbrev0:
 1094 0000 01       		.uleb128 0x1
 1095 0001 11       		.uleb128 0x11
ARM GAS  C:\Users\saman\AppData\Local\Temp\cc48ZE2B.s 			page 22


 1096 0002 01       		.byte	0x1
 1097 0003 25       		.uleb128 0x25
 1098 0004 0E       		.uleb128 0xe
 1099 0005 13       		.uleb128 0x13
 1100 0006 0B       		.uleb128 0xb
 1101 0007 03       		.uleb128 0x3
 1102 0008 0E       		.uleb128 0xe
 1103 0009 1B       		.uleb128 0x1b
 1104 000a 0E       		.uleb128 0xe
 1105 000b 55       		.uleb128 0x55
 1106 000c 17       		.uleb128 0x17
 1107 000d 11       		.uleb128 0x11
 1108 000e 01       		.uleb128 0x1
 1109 000f 10       		.uleb128 0x10
 1110 0010 17       		.uleb128 0x17
 1111 0011 00       		.byte	0
 1112 0012 00       		.byte	0
 1113 0013 02       		.uleb128 0x2
 1114 0014 24       		.uleb128 0x24
 1115 0015 00       		.byte	0
 1116 0016 0B       		.uleb128 0xb
 1117 0017 0B       		.uleb128 0xb
 1118 0018 3E       		.uleb128 0x3e
 1119 0019 0B       		.uleb128 0xb
 1120 001a 03       		.uleb128 0x3
 1121 001b 0E       		.uleb128 0xe
 1122 001c 00       		.byte	0
 1123 001d 00       		.byte	0
 1124 001e 03       		.uleb128 0x3
 1125 001f 16       		.uleb128 0x16
 1126 0020 00       		.byte	0
 1127 0021 03       		.uleb128 0x3
 1128 0022 0E       		.uleb128 0xe
 1129 0023 3A       		.uleb128 0x3a
 1130 0024 0B       		.uleb128 0xb
 1131 0025 3B       		.uleb128 0x3b
 1132 0026 0B       		.uleb128 0xb
 1133 0027 49       		.uleb128 0x49
 1134 0028 13       		.uleb128 0x13
 1135 0029 00       		.byte	0
 1136 002a 00       		.byte	0
 1137 002b 04       		.uleb128 0x4
 1138 002c 24       		.uleb128 0x24
 1139 002d 00       		.byte	0
 1140 002e 0B       		.uleb128 0xb
 1141 002f 0B       		.uleb128 0xb
 1142 0030 3E       		.uleb128 0x3e
 1143 0031 0B       		.uleb128 0xb
 1144 0032 03       		.uleb128 0x3
 1145 0033 08       		.uleb128 0x8
 1146 0034 00       		.byte	0
 1147 0035 00       		.byte	0
 1148 0036 05       		.uleb128 0x5
 1149 0037 04       		.uleb128 0x4
 1150 0038 01       		.byte	0x1
 1151 0039 0B       		.uleb128 0xb
 1152 003a 0B       		.uleb128 0xb
ARM GAS  C:\Users\saman\AppData\Local\Temp\cc48ZE2B.s 			page 23


 1153 003b 49       		.uleb128 0x49
 1154 003c 13       		.uleb128 0x13
 1155 003d 3A       		.uleb128 0x3a
 1156 003e 0B       		.uleb128 0xb
 1157 003f 3B       		.uleb128 0x3b
 1158 0040 0B       		.uleb128 0xb
 1159 0041 01       		.uleb128 0x1
 1160 0042 13       		.uleb128 0x13
 1161 0043 00       		.byte	0
 1162 0044 00       		.byte	0
 1163 0045 06       		.uleb128 0x6
 1164 0046 28       		.uleb128 0x28
 1165 0047 00       		.byte	0
 1166 0048 03       		.uleb128 0x3
 1167 0049 0E       		.uleb128 0xe
 1168 004a 1C       		.uleb128 0x1c
 1169 004b 0B       		.uleb128 0xb
 1170 004c 00       		.byte	0
 1171 004d 00       		.byte	0
 1172 004e 07       		.uleb128 0x7
 1173 004f 28       		.uleb128 0x28
 1174 0050 00       		.byte	0
 1175 0051 03       		.uleb128 0x3
 1176 0052 0E       		.uleb128 0xe
 1177 0053 1C       		.uleb128 0x1c
 1178 0054 0D       		.uleb128 0xd
 1179 0055 00       		.byte	0
 1180 0056 00       		.byte	0
 1181 0057 08       		.uleb128 0x8
 1182 0058 28       		.uleb128 0x28
 1183 0059 00       		.byte	0
 1184 005a 03       		.uleb128 0x3
 1185 005b 0E       		.uleb128 0xe
 1186 005c 1C       		.uleb128 0x1c
 1187 005d 05       		.uleb128 0x5
 1188 005e 00       		.byte	0
 1189 005f 00       		.byte	0
 1190 0060 09       		.uleb128 0x9
 1191 0061 28       		.uleb128 0x28
 1192 0062 00       		.byte	0
 1193 0063 03       		.uleb128 0x3
 1194 0064 08       		.uleb128 0x8
 1195 0065 1C       		.uleb128 0x1c
 1196 0066 0B       		.uleb128 0xb
 1197 0067 00       		.byte	0
 1198 0068 00       		.byte	0
 1199 0069 0A       		.uleb128 0xa
 1200 006a 13       		.uleb128 0x13
 1201 006b 01       		.byte	0x1
 1202 006c 0B       		.uleb128 0xb
 1203 006d 0B       		.uleb128 0xb
 1204 006e 3A       		.uleb128 0x3a
 1205 006f 0B       		.uleb128 0xb
 1206 0070 3B       		.uleb128 0x3b
 1207 0071 0B       		.uleb128 0xb
 1208 0072 01       		.uleb128 0x1
 1209 0073 13       		.uleb128 0x13
ARM GAS  C:\Users\saman\AppData\Local\Temp\cc48ZE2B.s 			page 24


 1210 0074 00       		.byte	0
 1211 0075 00       		.byte	0
 1212 0076 0B       		.uleb128 0xb
 1213 0077 0D       		.uleb128 0xd
 1214 0078 00       		.byte	0
 1215 0079 03       		.uleb128 0x3
 1216 007a 0E       		.uleb128 0xe
 1217 007b 3A       		.uleb128 0x3a
 1218 007c 0B       		.uleb128 0xb
 1219 007d 3B       		.uleb128 0x3b
 1220 007e 0B       		.uleb128 0xb
 1221 007f 49       		.uleb128 0x49
 1222 0080 13       		.uleb128 0x13
 1223 0081 38       		.uleb128 0x38
 1224 0082 0B       		.uleb128 0xb
 1225 0083 00       		.byte	0
 1226 0084 00       		.byte	0
 1227 0085 0C       		.uleb128 0xc
 1228 0086 2E       		.uleb128 0x2e
 1229 0087 01       		.byte	0x1
 1230 0088 3F       		.uleb128 0x3f
 1231 0089 19       		.uleb128 0x19
 1232 008a 03       		.uleb128 0x3
 1233 008b 0E       		.uleb128 0xe
 1234 008c 3A       		.uleb128 0x3a
 1235 008d 0B       		.uleb128 0xb
 1236 008e 3B       		.uleb128 0x3b
 1237 008f 0B       		.uleb128 0xb
 1238 0090 27       		.uleb128 0x27
 1239 0091 19       		.uleb128 0x19
 1240 0092 49       		.uleb128 0x49
 1241 0093 13       		.uleb128 0x13
 1242 0094 11       		.uleb128 0x11
 1243 0095 01       		.uleb128 0x1
 1244 0096 12       		.uleb128 0x12
 1245 0097 06       		.uleb128 0x6
 1246 0098 40       		.uleb128 0x40
 1247 0099 18       		.uleb128 0x18
 1248 009a 9642     		.uleb128 0x2116
 1249 009c 19       		.uleb128 0x19
 1250 009d 01       		.uleb128 0x1
 1251 009e 13       		.uleb128 0x13
 1252 009f 00       		.byte	0
 1253 00a0 00       		.byte	0
 1254 00a1 0D       		.uleb128 0xd
 1255 00a2 05       		.uleb128 0x5
 1256 00a3 00       		.byte	0
 1257 00a4 03       		.uleb128 0x3
 1258 00a5 0E       		.uleb128 0xe
 1259 00a6 3A       		.uleb128 0x3a
 1260 00a7 0B       		.uleb128 0xb
 1261 00a8 3B       		.uleb128 0x3b
 1262 00a9 0B       		.uleb128 0xb
 1263 00aa 49       		.uleb128 0x49
 1264 00ab 13       		.uleb128 0x13
 1265 00ac 02       		.uleb128 0x2
 1266 00ad 17       		.uleb128 0x17
ARM GAS  C:\Users\saman\AppData\Local\Temp\cc48ZE2B.s 			page 25


 1267 00ae 00       		.byte	0
 1268 00af 00       		.byte	0
 1269 00b0 0E       		.uleb128 0xe
 1270 00b1 34       		.uleb128 0x34
 1271 00b2 00       		.byte	0
 1272 00b3 03       		.uleb128 0x3
 1273 00b4 0E       		.uleb128 0xe
 1274 00b5 3A       		.uleb128 0x3a
 1275 00b6 0B       		.uleb128 0xb
 1276 00b7 3B       		.uleb128 0x3b
 1277 00b8 0B       		.uleb128 0xb
 1278 00b9 49       		.uleb128 0x49
 1279 00ba 13       		.uleb128 0x13
 1280 00bb 02       		.uleb128 0x2
 1281 00bc 17       		.uleb128 0x17
 1282 00bd 00       		.byte	0
 1283 00be 00       		.byte	0
 1284 00bf 0F       		.uleb128 0xf
 1285 00c0 34       		.uleb128 0x34
 1286 00c1 00       		.byte	0
 1287 00c2 03       		.uleb128 0x3
 1288 00c3 0E       		.uleb128 0xe
 1289 00c4 3A       		.uleb128 0x3a
 1290 00c5 0B       		.uleb128 0xb
 1291 00c6 3B       		.uleb128 0x3b
 1292 00c7 0B       		.uleb128 0xb
 1293 00c8 49       		.uleb128 0x49
 1294 00c9 13       		.uleb128 0x13
 1295 00ca 02       		.uleb128 0x2
 1296 00cb 18       		.uleb128 0x18
 1297 00cc 00       		.byte	0
 1298 00cd 00       		.byte	0
 1299 00ce 10       		.uleb128 0x10
 1300 00cf 0B       		.uleb128 0xb
 1301 00d0 01       		.byte	0x1
 1302 00d1 11       		.uleb128 0x11
 1303 00d2 01       		.uleb128 0x1
 1304 00d3 12       		.uleb128 0x12
 1305 00d4 06       		.uleb128 0x6
 1306 00d5 01       		.uleb128 0x1
 1307 00d6 13       		.uleb128 0x13
 1308 00d7 00       		.byte	0
 1309 00d8 00       		.byte	0
 1310 00d9 11       		.uleb128 0x11
 1311 00da 898201   		.uleb128 0x4109
 1312 00dd 01       		.byte	0x1
 1313 00de 11       		.uleb128 0x11
 1314 00df 01       		.uleb128 0x1
 1315 00e0 31       		.uleb128 0x31
 1316 00e1 13       		.uleb128 0x13
 1317 00e2 01       		.uleb128 0x1
 1318 00e3 13       		.uleb128 0x13
 1319 00e4 00       		.byte	0
 1320 00e5 00       		.byte	0
 1321 00e6 12       		.uleb128 0x12
 1322 00e7 8A8201   		.uleb128 0x410a
 1323 00ea 00       		.byte	0
ARM GAS  C:\Users\saman\AppData\Local\Temp\cc48ZE2B.s 			page 26


 1324 00eb 02       		.uleb128 0x2
 1325 00ec 18       		.uleb128 0x18
 1326 00ed 9142     		.uleb128 0x2111
 1327 00ef 18       		.uleb128 0x18
 1328 00f0 00       		.byte	0
 1329 00f1 00       		.byte	0
 1330 00f2 13       		.uleb128 0x13
 1331 00f3 898201   		.uleb128 0x4109
 1332 00f6 01       		.byte	0x1
 1333 00f7 11       		.uleb128 0x11
 1334 00f8 01       		.uleb128 0x1
 1335 00f9 31       		.uleb128 0x31
 1336 00fa 13       		.uleb128 0x13
 1337 00fb 00       		.byte	0
 1338 00fc 00       		.byte	0
 1339 00fd 14       		.uleb128 0x14
 1340 00fe 898201   		.uleb128 0x4109
 1341 0101 00       		.byte	0
 1342 0102 11       		.uleb128 0x11
 1343 0103 01       		.uleb128 0x1
 1344 0104 31       		.uleb128 0x31
 1345 0105 13       		.uleb128 0x13
 1346 0106 00       		.byte	0
 1347 0107 00       		.byte	0
 1348 0108 15       		.uleb128 0x15
 1349 0109 0F       		.uleb128 0xf
 1350 010a 00       		.byte	0
 1351 010b 0B       		.uleb128 0xb
 1352 010c 0B       		.uleb128 0xb
 1353 010d 49       		.uleb128 0x49
 1354 010e 13       		.uleb128 0x13
 1355 010f 00       		.byte	0
 1356 0110 00       		.byte	0
 1357 0111 16       		.uleb128 0x16
 1358 0112 26       		.uleb128 0x26
 1359 0113 00       		.byte	0
 1360 0114 49       		.uleb128 0x49
 1361 0115 13       		.uleb128 0x13
 1362 0116 00       		.byte	0
 1363 0117 00       		.byte	0
 1364 0118 17       		.uleb128 0x17
 1365 0119 01       		.uleb128 0x1
 1366 011a 01       		.byte	0x1
 1367 011b 49       		.uleb128 0x49
 1368 011c 13       		.uleb128 0x13
 1369 011d 01       		.uleb128 0x1
 1370 011e 13       		.uleb128 0x13
 1371 011f 00       		.byte	0
 1372 0120 00       		.byte	0
 1373 0121 18       		.uleb128 0x18
 1374 0122 21       		.uleb128 0x21
 1375 0123 00       		.byte	0
 1376 0124 49       		.uleb128 0x49
 1377 0125 13       		.uleb128 0x13
 1378 0126 2F       		.uleb128 0x2f
 1379 0127 0B       		.uleb128 0xb
 1380 0128 00       		.byte	0
ARM GAS  C:\Users\saman\AppData\Local\Temp\cc48ZE2B.s 			page 27


 1381 0129 00       		.byte	0
 1382 012a 19       		.uleb128 0x19
 1383 012b 34       		.uleb128 0x34
 1384 012c 00       		.byte	0
 1385 012d 03       		.uleb128 0x3
 1386 012e 0E       		.uleb128 0xe
 1387 012f 3A       		.uleb128 0x3a
 1388 0130 0B       		.uleb128 0xb
 1389 0131 3B       		.uleb128 0x3b
 1390 0132 0B       		.uleb128 0xb
 1391 0133 49       		.uleb128 0x49
 1392 0134 13       		.uleb128 0x13
 1393 0135 3F       		.uleb128 0x3f
 1394 0136 19       		.uleb128 0x19
 1395 0137 3C       		.uleb128 0x3c
 1396 0138 19       		.uleb128 0x19
 1397 0139 00       		.byte	0
 1398 013a 00       		.byte	0
 1399 013b 1A       		.uleb128 0x1a
 1400 013c 34       		.uleb128 0x34
 1401 013d 00       		.byte	0
 1402 013e 03       		.uleb128 0x3
 1403 013f 0E       		.uleb128 0xe
 1404 0140 3A       		.uleb128 0x3a
 1405 0141 0B       		.uleb128 0xb
 1406 0142 3B       		.uleb128 0x3b
 1407 0143 05       		.uleb128 0x5
 1408 0144 49       		.uleb128 0x49
 1409 0145 13       		.uleb128 0x13
 1410 0146 3F       		.uleb128 0x3f
 1411 0147 19       		.uleb128 0x19
 1412 0148 3C       		.uleb128 0x3c
 1413 0149 19       		.uleb128 0x19
 1414 014a 00       		.byte	0
 1415 014b 00       		.byte	0
 1416 014c 1B       		.uleb128 0x1b
 1417 014d 35       		.uleb128 0x35
 1418 014e 00       		.byte	0
 1419 014f 49       		.uleb128 0x49
 1420 0150 13       		.uleb128 0x13
 1421 0151 00       		.byte	0
 1422 0152 00       		.byte	0
 1423 0153 1C       		.uleb128 0x1c
 1424 0154 2E       		.uleb128 0x2e
 1425 0155 00       		.byte	0
 1426 0156 3F       		.uleb128 0x3f
 1427 0157 19       		.uleb128 0x19
 1428 0158 3C       		.uleb128 0x3c
 1429 0159 19       		.uleb128 0x19
 1430 015a 6E       		.uleb128 0x6e
 1431 015b 0E       		.uleb128 0xe
 1432 015c 03       		.uleb128 0x3
 1433 015d 0E       		.uleb128 0xe
 1434 015e 3A       		.uleb128 0x3a
 1435 015f 0B       		.uleb128 0xb
 1436 0160 3B       		.uleb128 0x3b
 1437 0161 0B       		.uleb128 0xb
ARM GAS  C:\Users\saman\AppData\Local\Temp\cc48ZE2B.s 			page 28


 1438 0162 00       		.byte	0
 1439 0163 00       		.byte	0
 1440 0164 1D       		.uleb128 0x1d
 1441 0165 2E       		.uleb128 0x2e
 1442 0166 00       		.byte	0
 1443 0167 3F       		.uleb128 0x3f
 1444 0168 19       		.uleb128 0x19
 1445 0169 3C       		.uleb128 0x3c
 1446 016a 19       		.uleb128 0x19
 1447 016b 6E       		.uleb128 0x6e
 1448 016c 0E       		.uleb128 0xe
 1449 016d 03       		.uleb128 0x3
 1450 016e 0E       		.uleb128 0xe
 1451 016f 3A       		.uleb128 0x3a
 1452 0170 0B       		.uleb128 0xb
 1453 0171 3B       		.uleb128 0x3b
 1454 0172 05       		.uleb128 0x5
 1455 0173 00       		.byte	0
 1456 0174 00       		.byte	0
 1457 0175 00       		.byte	0
 1458              		.section	.debug_loc,"",%progbits
 1459              	.Ldebug_loc0:
 1460              	.LLST0:
 1461 0000 00000000 		.4byte	.LVL0
 1462 0004 22000000 		.4byte	.LVL8
 1463 0008 0100     		.2byte	0x1
 1464 000a 50       		.byte	0x50
 1465 000b 22000000 		.4byte	.LVL8
 1466 000f E2000000 		.4byte	.LVL38
 1467 0013 0100     		.2byte	0x1
 1468 0015 54       		.byte	0x54
 1469 0016 E2000000 		.4byte	.LVL38
 1470 001a F4000000 		.4byte	.LFE111
 1471 001e 0400     		.2byte	0x4
 1472 0020 F3       		.byte	0xf3
 1473 0021 01       		.uleb128 0x1
 1474 0022 50       		.byte	0x50
 1475 0023 9F       		.byte	0x9f
 1476 0024 00000000 		.4byte	0
 1477 0028 00000000 		.4byte	0
 1478              	.LLST1:
 1479 002c 08000000 		.4byte	.LVL1
 1480 0030 7C000000 		.4byte	.LVL23
 1481 0034 0300     		.2byte	0x3
 1482 0036 08       		.byte	0x8
 1483 0037 3A       		.byte	0x3a
 1484 0038 9F       		.byte	0x9f
 1485 0039 7C000000 		.4byte	.LVL23
 1486 003d 84000000 		.4byte	.LVL24
 1487 0041 0300     		.2byte	0x3
 1488 0043 08       		.byte	0x8
 1489 0044 20       		.byte	0x20
 1490 0045 9F       		.byte	0x9f
 1491 0046 84000000 		.4byte	.LVL24
 1492 004a B0000000 		.4byte	.LVL30
 1493 004e 0100     		.2byte	0x1
 1494 0050 57       		.byte	0x57
ARM GAS  C:\Users\saman\AppData\Local\Temp\cc48ZE2B.s 			page 29


 1495 0051 00000000 		.4byte	0
 1496 0055 00000000 		.4byte	0
 1497              	.LLST2:
 1498 0059 0C000000 		.4byte	.LVL2
 1499 005d 54000000 		.4byte	.LVL16
 1500 0061 0600     		.2byte	0x6
 1501 0063 78       		.byte	0x78
 1502 0064 00       		.sleb128 0
 1503 0065 08       		.byte	0x8
 1504 0066 FF       		.byte	0xff
 1505 0067 1A       		.byte	0x1a
 1506 0068 9F       		.byte	0x9f
 1507 0069 00000000 		.4byte	0
 1508 006d 00000000 		.4byte	0
 1509              	.LLST3:
 1510 0071 10000000 		.4byte	.LVL3
 1511 0075 E2000000 		.4byte	.LVL38
 1512 0079 0600     		.2byte	0x6
 1513 007b 7A       		.byte	0x7a
 1514 007c 00       		.sleb128 0
 1515 007d 08       		.byte	0x8
 1516 007e FF       		.byte	0xff
 1517 007f 1A       		.byte	0x1a
 1518 0080 9F       		.byte	0x9f
 1519 0081 00000000 		.4byte	0
 1520 0085 00000000 		.4byte	0
 1521              	.LLST4:
 1522 0089 14000000 		.4byte	.LVL4
 1523 008d E2000000 		.4byte	.LVL38
 1524 0091 0100     		.2byte	0x1
 1525 0093 5B       		.byte	0x5b
 1526 0094 00000000 		.4byte	0
 1527 0098 00000000 		.4byte	0
 1528              	.LLST5:
 1529 009c 18000000 		.4byte	.LVL5
 1530 00a0 56000000 		.4byte	.LVL17
 1531 00a4 0100     		.2byte	0x1
 1532 00a6 59       		.byte	0x59
 1533 00a7 00000000 		.4byte	0
 1534 00ab 00000000 		.4byte	0
 1535              	.LLST6:
 1536 00af 1A000000 		.4byte	.LVL6
 1537 00b3 B4000000 		.4byte	.LVL32
 1538 00b7 0600     		.2byte	0x6
 1539 00b9 75       		.byte	0x75
 1540 00ba 00       		.sleb128 0
 1541 00bb 08       		.byte	0x8
 1542 00bc FF       		.byte	0xff
 1543 00bd 1A       		.byte	0x1a
 1544 00be 9F       		.byte	0x9f
 1545 00bf 00000000 		.4byte	0
 1546 00c3 00000000 		.4byte	0
 1547              	.LLST7:
 1548 00c7 1C000000 		.4byte	.LVL7
 1549 00cb 7A000000 		.4byte	.LVL22
 1550 00cf 0600     		.2byte	0x6
 1551 00d1 77       		.byte	0x77
ARM GAS  C:\Users\saman\AppData\Local\Temp\cc48ZE2B.s 			page 30


 1552 00d2 00       		.sleb128 0
 1553 00d3 08       		.byte	0x8
 1554 00d4 FF       		.byte	0xff
 1555 00d5 1A       		.byte	0x1a
 1556 00d6 9F       		.byte	0x9f
 1557 00d7 7C000000 		.4byte	.LVL23
 1558 00db 84000000 		.4byte	.LVL24
 1559 00df 0600     		.2byte	0x6
 1560 00e1 77       		.byte	0x77
 1561 00e2 00       		.sleb128 0
 1562 00e3 08       		.byte	0x8
 1563 00e4 FF       		.byte	0xff
 1564 00e5 1A       		.byte	0x1a
 1565 00e6 9F       		.byte	0x9f
 1566 00e7 00000000 		.4byte	0
 1567 00eb 00000000 		.4byte	0
 1568              	.LLST8:
 1569 00ef 1C000000 		.4byte	.LVL7
 1570 00f3 22000000 		.4byte	.LVL8
 1571 00f7 0800     		.2byte	0x8
 1572 00f9 70       		.byte	0x70
 1573 00fa 09       		.sleb128 9
 1574 00fb 94       		.byte	0x94
 1575 00fc 01       		.byte	0x1
 1576 00fd 08       		.byte	0x8
 1577 00fe FF       		.byte	0xff
 1578 00ff 1A       		.byte	0x1a
 1579 0100 9F       		.byte	0x9f
 1580 0101 22000000 		.4byte	.LVL8
 1581 0105 25000000 		.4byte	.LVL9-1
 1582 0109 0800     		.2byte	0x8
 1583 010b 74       		.byte	0x74
 1584 010c 09       		.sleb128 9
 1585 010d 94       		.byte	0x94
 1586 010e 01       		.byte	0x1
 1587 010f 08       		.byte	0x8
 1588 0110 FF       		.byte	0xff
 1589 0111 1A       		.byte	0x1a
 1590 0112 9F       		.byte	0x9f
 1591 0113 25000000 		.4byte	.LVL9-1
 1592 0117 B2000000 		.4byte	.LVL31
 1593 011b 0600     		.2byte	0x6
 1594 011d 76       		.byte	0x76
 1595 011e 00       		.sleb128 0
 1596 011f 08       		.byte	0x8
 1597 0120 FF       		.byte	0xff
 1598 0121 1A       		.byte	0x1a
 1599 0122 9F       		.byte	0x9f
 1600 0123 00000000 		.4byte	0
 1601 0127 00000000 		.4byte	0
 1602              	.LLST9:
 1603 012b 6C000000 		.4byte	.LVL21
 1604 012f E2000000 		.4byte	.LVL38
 1605 0133 0100     		.2byte	0x1
 1606 0135 58       		.byte	0x58
 1607 0136 00000000 		.4byte	0
 1608 013a 00000000 		.4byte	0
ARM GAS  C:\Users\saman\AppData\Local\Temp\cc48ZE2B.s 			page 31


 1609              	.LLST10:
 1610 013e B0000000 		.4byte	.LVL30
 1611 0142 E2000000 		.4byte	.LVL38
 1612 0146 0100     		.2byte	0x1
 1613 0148 57       		.byte	0x57
 1614 0149 00000000 		.4byte	0
 1615 014d 00000000 		.4byte	0
 1616              	.LLST11:
 1617 0151 B2000000 		.4byte	.LVL31
 1618 0155 E2000000 		.4byte	.LVL38
 1619 0159 0100     		.2byte	0x1
 1620 015b 56       		.byte	0x56
 1621 015c 00000000 		.4byte	0
 1622 0160 00000000 		.4byte	0
 1623              	.LLST12:
 1624 0164 B4000000 		.4byte	.LVL32
 1625 0168 E2000000 		.4byte	.LVL38
 1626 016c 0600     		.2byte	0x6
 1627 016e 75       		.byte	0x75
 1628 016f 00       		.sleb128 0
 1629 0170 08       		.byte	0x8
 1630 0171 FF       		.byte	0xff
 1631 0172 1A       		.byte	0x1a
 1632 0173 9F       		.byte	0x9f
 1633 0174 00000000 		.4byte	0
 1634 0178 00000000 		.4byte	0
 1635              	.LLST13:
 1636 017c B4000000 		.4byte	.LVL32
 1637 0180 BB000000 		.4byte	.LVL33-1
 1638 0184 0800     		.2byte	0x8
 1639 0186 74       		.byte	0x74
 1640 0187 14       		.sleb128 20
 1641 0188 94       		.byte	0x94
 1642 0189 01       		.byte	0x1
 1643 018a 08       		.byte	0x8
 1644 018b FF       		.byte	0xff
 1645 018c 1A       		.byte	0x1a
 1646 018d 9F       		.byte	0x9f
 1647 018e 00000000 		.4byte	0
 1648 0192 00000000 		.4byte	0
 1649              	.LLST14:
 1650 0196 B4000000 		.4byte	.LVL32
 1651 019a BB000000 		.4byte	.LVL33-1
 1652 019e 0800     		.2byte	0x8
 1653 01a0 74       		.byte	0x74
 1654 01a1 15       		.sleb128 21
 1655 01a2 94       		.byte	0x94
 1656 01a3 01       		.byte	0x1
 1657 01a4 08       		.byte	0x8
 1658 01a5 FF       		.byte	0xff
 1659 01a6 1A       		.byte	0x1a
 1660 01a7 9F       		.byte	0x9f
 1661 01a8 00000000 		.4byte	0
 1662 01ac 00000000 		.4byte	0
 1663              		.section	.debug_aranges,"",%progbits
 1664 0000 1C000000 		.4byte	0x1c
 1665 0004 0200     		.2byte	0x2
ARM GAS  C:\Users\saman\AppData\Local\Temp\cc48ZE2B.s 			page 32


 1666 0006 00000000 		.4byte	.Ldebug_info0
 1667 000a 04       		.byte	0x4
 1668 000b 00       		.byte	0
 1669 000c 0000     		.2byte	0
 1670 000e 0000     		.2byte	0
 1671 0010 00000000 		.4byte	.LFB111
 1672 0014 F4000000 		.4byte	.LFE111-.LFB111
 1673 0018 00000000 		.4byte	0
 1674 001c 00000000 		.4byte	0
 1675              		.section	.debug_ranges,"",%progbits
 1676              	.Ldebug_ranges0:
 1677 0000 00000000 		.4byte	.LFB111
 1678 0004 F4000000 		.4byte	.LFE111
 1679 0008 00000000 		.4byte	0
 1680 000c 00000000 		.4byte	0
 1681              		.section	.debug_line,"",%progbits
 1682              	.Ldebug_line0:
 1683 0000 03030000 		.section	.debug_str,"MS",%progbits,1
 1683      0200D102 
 1683      00000201 
 1683      FB0E0D00 
 1683      01010101 
 1684              	.LASF75:
 1685 0000 4E4F4E45 		.ascii	"NONE\000"
 1685      00
 1686              	.LASF21:
 1687 0005 45455F55 		.ascii	"EE_UREG\000"
 1687      52454700 
 1688              	.LASF25:
 1689 000d 52435F53 		.ascii	"RC_SUCCESS\000"
 1689      55434345 
 1689      535300
 1690              	.LASF40:
 1691 0018 52435F45 		.ascii	"RC_ERROR_WRITE_ONLY\000"
 1691      52524F52 
 1691      5F575249 
 1691      54455F4F 
 1691      4E4C5900 
 1692              	.LASF2:
 1693 002c 73686F72 		.ascii	"short int\000"
 1693      7420696E 
 1693      7400
 1694              	.LASF31:
 1695 0036 52435F45 		.ascii	"RC_ERROR_OVERRUN\000"
 1695      52524F52 
 1695      5F4F5645 
 1695      5252554E 
 1695      00
 1696              	.LASF43:
 1697 0047 52435F45 		.ascii	"RC_ERROR_WRITE_FAILS\000"
 1697      52524F52 
 1697      5F575249 
 1697      54455F46 
 1697      41494C53 
 1698              	.LASF112:
 1699 005c 5446545F 		.ascii	"TFT_print\000"
 1699      7072696E 
ARM GAS  C:\Users\saman\AppData\Local\Temp\cc48ZE2B.s 			page 33


 1699      7400
 1700              	.LASF24:
 1701 0066 73697A65 		.ascii	"sizetype\000"
 1701      74797065 
 1701      00
 1702              	.LASF119:
 1703 006f 53435F44 		.ascii	"SC_DISPLAY_driverOut\000"
 1703      4953504C 
 1703      41595F64 
 1703      72697665 
 1703      724F7574 
 1704              	.LASF95:
 1705 0084 686F7572 		.ascii	"hour_size\000"
 1705      5F73697A 
 1705      6500
 1706              	.LASF118:
 1707 008e 443A5C68 		.ascii	"D:\\h_da\\sem2\\eaa\\lab2\\lab2\\my\\assignment2\\E"
 1707      5F64615C 
 1707      73656D32 
 1707      5C656161 
 1707      5C6C6162 
 1708 00b9 436C6F63 		.ascii	"Clock.cydsn\000"
 1708      6B2E6379 
 1708      64736E00 
 1709              	.LASF28:
 1710 00c5 52435F45 		.ascii	"RC_ERROR_ZERO\000"
 1710      52524F52 
 1710      5F5A4552 
 1710      4F00
 1711              	.LASF22:
 1712 00d3 45455F46 		.ascii	"EE_FREG\000"
 1712      52454700 
 1713              	.LASF18:
 1714 00db 6C6F6E67 		.ascii	"long double\000"
 1714      20646F75 
 1714      626C6500 
 1715              	.LASF78:
 1716 00e7 62675F63 		.ascii	"bg_colour\000"
 1716      6F6C6F75 
 1716      7200
 1717              	.LASF68:
 1718 00f1 4C494748 		.ascii	"LIGHTGREEN\000"
 1718      54475245 
 1718      454E00
 1719              	.LASF92:
 1720 00fc 6C6F6361 		.ascii	"local_minute_value\000"
 1720      6C5F6D69 
 1720      6E757465 
 1720      5F76616C 
 1720      756500
 1721              	.LASF4:
 1722 010f 5F5F7569 		.ascii	"__uint16_t\000"
 1722      6E743136 
 1722      5F7400
 1723              	.LASF23:
 1724 011a 45455F54 		.ascii	"EE_TID\000"
 1724      494400
ARM GAS  C:\Users\saman\AppData\Local\Temp\cc48ZE2B.s 			page 34


 1725              	.LASF88:
 1726 0121 53435F44 		.ascii	"SC_DISPLAY_data_t\000"
 1726      4953504C 
 1726      41595F64 
 1726      6174615F 
 1726      7400
 1727              	.LASF84:
 1728 0133 76616C75 		.ascii	"value\000"
 1728      6500
 1729              	.LASF57:
 1730 0139 47424C55 		.ascii	"GBLUE\000"
 1730      4500
 1731              	.LASF85:
 1732 013f 434C4F43 		.ascii	"CLOCK_display_t\000"
 1732      4B5F6469 
 1732      73706C61 
 1732      795F7400 
 1733              	.LASF96:
 1734 014f 686F7572 		.ascii	"hour_x_pos\000"
 1734      5F785F70 
 1734      6F7300
 1735              	.LASF12:
 1736 015a 75696E74 		.ascii	"uint8_t\000"
 1736      385F7400 
 1737              	.LASF48:
 1738 0162 52435F45 		.ascii	"RC_ERROR_INVALID_STATE\000"
 1738      52524F52 
 1738      5F494E56 
 1738      414C4944 
 1738      5F535441 
 1739              	.LASF79:
 1740 0179 77696467 		.ascii	"widget\000"
 1740      657400
 1741              	.LASF61:
 1742 0180 59454C4C 		.ascii	"YELLOW\000"
 1742      4F5700
 1743              	.LASF99:
 1744 0187 62675F63 		.ascii	"bg_color_min\000"
 1744      6F6C6F72 
 1744      5F6D696E 
 1744      00
 1745              	.LASF98:
 1746 0194 626C696E 		.ascii	"blinker_x_pos\000"
 1746      6B65725F 
 1746      785F706F 
 1746      7300
 1747              	.LASF109:
 1748 01a2 45455F49 		.ascii	"EE_IRQ_nesting_level\000"
 1748      52515F6E 
 1748      65737469 
 1748      6E675F6C 
 1748      6576656C 
 1749              	.LASF56:
 1750 01b7 47524544 		.ascii	"GRED\000"
 1750      00
 1751              	.LASF70:
 1752 01bc 4C475241 		.ascii	"LGRAYBLUE\000"
ARM GAS  C:\Users\saman\AppData\Local\Temp\cc48ZE2B.s 			page 35


 1752      59424C55 
 1752      4500
 1753              	.LASF114:
 1754 01c6 5446545F 		.ascii	"TFT_setColors\000"
 1754      73657443 
 1754      6F6C6F72 
 1754      7300
 1755              	.LASF64:
 1756 01d4 47524159 		.ascii	"GRAY\000"
 1756      00
 1757              	.LASF108:
 1758 01d9 45455F73 		.ascii	"EE_std_endcycle_next_tid\000"
 1758      74645F65 
 1758      6E646379 
 1758      636C655F 
 1758      6E657874 
 1759              	.LASF30:
 1760 01f2 52435F45 		.ascii	"RC_ERROR_RANGE\000"
 1760      52524F52 
 1760      5F52414E 
 1760      474500
 1761              	.LASF15:
 1762 0201 666C6F61 		.ascii	"float\000"
 1762      7400
 1763              	.LASF69:
 1764 0207 4C475241 		.ascii	"LGRAY\000"
 1764      5900
 1765              	.LASF11:
 1766 020d 756E7369 		.ascii	"unsigned int\000"
 1766      676E6564 
 1766      20696E74 
 1766      00
 1767              	.LASF50:
 1768 021a 52435F45 		.ascii	"RC_ERROR_NOT_IMPLEMENTED\000"
 1768      52524F52 
 1768      5F4E4F54 
 1768      5F494D50 
 1768      4C454D45 
 1769              	.LASF9:
 1770 0233 6C6F6E67 		.ascii	"long long int\000"
 1770      206C6F6E 
 1770      6720696E 
 1770      7400
 1771              	.LASF82:
 1772 0241 434C4F43 		.ascii	"CLOCK_font_t\000"
 1772      4B5F666F 
 1772      6E745F74 
 1772      00
 1773              	.LASF106:
 1774 024e 45455F6F 		.ascii	"EE_oo_IRQ_suspend_status\000"
 1774      6F5F4952 
 1774      515F7375 
 1774      7370656E 
 1774      645F7374 
 1775              	.LASF44:
 1776 0267 52435F45 		.ascii	"RC_ERROR_NOT_MATCH\000"
 1776      52524F52 
ARM GAS  C:\Users\saman\AppData\Local\Temp\cc48ZE2B.s 			page 36


 1776      5F4E4F54 
 1776      5F4D4154 
 1776      434800
 1777              	.LASF49:
 1778 027a 52435F45 		.ascii	"RC_ERROR_UNKNOWN\000"
 1778      52524F52 
 1778      5F554E4B 
 1778      4E4F574E 
 1778      00
 1779              	.LASF7:
 1780 028b 6C6F6E67 		.ascii	"long int\000"
 1780      20696E74 
 1780      00
 1781              	.LASF32:
 1782 0294 52435F45 		.ascii	"RC_ERROR_UNDERRUN\000"
 1782      52524F52 
 1782      5F554E44 
 1782      45525255 
 1782      4E00
 1783              	.LASF80:
 1784 02a6 785F706F 		.ascii	"x_pos\000"
 1784      7300
 1785              	.LASF35:
 1786 02ac 52435F45 		.ascii	"RC_ERROR_BUSY\000"
 1786      52524F52 
 1786      5F425553 
 1786      5900
 1787              	.LASF60:
 1788 02ba 4359414E 		.ascii	"CYAN\000"
 1788      00
 1789              	.LASF3:
 1790 02bf 5F5F7569 		.ascii	"__uint8_t\000"
 1790      6E74385F 
 1790      7400
 1791              	.LASF41:
 1792 02c9 52435F45 		.ascii	"RC_ERROR_INVALID\000"
 1792      52524F52 
 1792      5F494E56 
 1792      414C4944 
 1792      00
 1793              	.LASF66:
 1794 02da 4C494748 		.ascii	"LIGHTBLUE\000"
 1794      54424C55 
 1794      4500
 1795              	.LASF46:
 1796 02e4 52435F45 		.ascii	"RC_ERROR_BAD_DATA\000"
 1796      52524F52 
 1796      5F424144 
 1796      5F444154 
 1796      4100
 1797              	.LASF117:
 1798 02f6 736F7572 		.ascii	"source\\rte\\sc_display_type.c\000"
 1798      63655C72 
 1798      74655C73 
 1798      635F6469 
 1798      73706C61 
 1799              	.LASF39:
ARM GAS  C:\Users\saman\AppData\Local\Temp\cc48ZE2B.s 			page 37


 1800 0313 52435F45 		.ascii	"RC_ERROR_READ_ONLY\000"
 1800      52524F52 
 1800      5F524541 
 1800      445F4F4E 
 1800      4C5900
 1801              	.LASF86:
 1802 0326 686F7572 		.ascii	"hour\000"
 1802      00
 1803              	.LASF111:
 1804 032b 73707269 		.ascii	"sprintf\000"
 1804      6E746600 
 1805              	.LASF1:
 1806 0333 756E7369 		.ascii	"unsigned char\000"
 1806      676E6564 
 1806      20636861 
 1806      7200
 1807              	.LASF20:
 1808 0341 45455F55 		.ascii	"EE_UINT32\000"
 1808      494E5433 
 1808      3200
 1809              	.LASF0:
 1810 034b 7369676E 		.ascii	"signed char\000"
 1810      65642063 
 1810      68617200 
 1811              	.LASF10:
 1812 0357 6C6F6E67 		.ascii	"long long unsigned int\000"
 1812      206C6F6E 
 1812      6720756E 
 1812      7369676E 
 1812      65642069 
 1813              	.LASF72:
 1814 036e 5446545F 		.ascii	"TFT_colors_t\000"
 1814      636F6C6F 
 1814      72735F74 
 1814      00
 1815              	.LASF53:
 1816 037b 424C4143 		.ascii	"BLACK\000"
 1816      4B00
 1817              	.LASF93:
 1818 0381 62675F63 		.ascii	"bg_color_hour\000"
 1818      6F6C6F72 
 1818      5F686F75 
 1818      7200
 1819              	.LASF37:
 1820 038f 52435F45 		.ascii	"RC_ERROR_OPEN\000"
 1820      52524F52 
 1820      5F4F5045 
 1820      4E00
 1821              	.LASF13:
 1822 039d 75696E74 		.ascii	"uint16_t\000"
 1822      31365F74 
 1822      00
 1823              	.LASF27:
 1824 03a6 52435F45 		.ascii	"RC_ERROR_NULL\000"
 1824      52524F52 
 1824      5F4E554C 
 1824      4C00
ARM GAS  C:\Users\saman\AppData\Local\Temp\cc48ZE2B.s 			page 38


 1825              	.LASF97:
 1826 03b4 686F7572 		.ascii	"hour_y_pos\000"
 1826      5F795F70 
 1826      6F7300
 1827              	.LASF19:
 1828 03bf 45455F49 		.ascii	"EE_INT32\000"
 1828      4E543332 
 1828      00
 1829              	.LASF103:
 1830 03c8 6D696E75 		.ascii	"minute_y_pos\000"
 1830      74655F79 
 1830      5F706F73 
 1830      00
 1831              	.LASF102:
 1832 03d5 6D696E75 		.ascii	"minute_x_pos\000"
 1832      74655F78 
 1832      5F706F73 
 1832      00
 1833              	.LASF67:
 1834 03e2 47524159 		.ascii	"GRAYBLUE\000"
 1834      424C5545 
 1834      00
 1835              	.LASF5:
 1836 03eb 73686F72 		.ascii	"short unsigned int\000"
 1836      7420756E 
 1836      7369676E 
 1836      65642069 
 1836      6E7400
 1837              	.LASF100:
 1838 03fe 7478745F 		.ascii	"txt_color_min\000"
 1838      636F6C6F 
 1838      725F6D69 
 1838      6E00
 1839              	.LASF101:
 1840 040c 6D696E75 		.ascii	"minute_size\000"
 1840      74655F73 
 1840      697A6500 
 1841              	.LASF17:
 1842 0418 63686172 		.ascii	"char\000"
 1842      00
 1843              	.LASF110:
 1844 041d 49544D5F 		.ascii	"ITM_RxBuffer\000"
 1844      52784275 
 1844      66666572 
 1844      00
 1845              	.LASF29:
 1846 042a 52435F45 		.ascii	"RC_ERROR_MEMORY\000"
 1846      52524F52 
 1846      5F4D454D 
 1846      4F525900 
 1847              	.LASF33:
 1848 043a 52435F45 		.ascii	"RC_ERROR_BUFFER_FULL\000"
 1848      52524F52 
 1848      5F425546 
 1848      4645525F 
 1848      46554C4C 
 1849              	.LASF14:
ARM GAS  C:\Users\saman\AppData\Local\Temp\cc48ZE2B.s 			page 39


 1850 044f 696E7433 		.ascii	"int32_t\000"
 1850      325F7400 
 1851              	.LASF52:
 1852 0457 57484954 		.ascii	"WHITE\000"
 1852      4500
 1853              	.LASF6:
 1854 045d 5F5F696E 		.ascii	"__int32_t\000"
 1854      7433325F 
 1854      7400
 1855              	.LASF113:
 1856 0467 5446545F 		.ascii	"TFT_setCursor\000"
 1856      73657443 
 1856      7572736F 
 1856      7200
 1857              	.LASF42:
 1858 0475 52435F45 		.ascii	"RC_ERROR_READ_FAILS\000"
 1858      52524F52 
 1858      5F524541 
 1858      445F4641 
 1858      494C5300 
 1859              	.LASF45:
 1860 0489 52435F45 		.ascii	"RC_ERROR_BAD_PARAM\000"
 1860      52524F52 
 1860      5F424144 
 1860      5F504152 
 1860      414D00
 1861              	.LASF26:
 1862 049c 52435F45 		.ascii	"RC_ERROR\000"
 1862      52524F52 
 1862      00
 1863              	.LASF120:
 1864 04a5 64617461 		.ascii	"data\000"
 1864      00
 1865              	.LASF71:
 1866 04aa 4C42424C 		.ascii	"LBBLUE\000"
 1866      554500
 1867              	.LASF87:
 1868 04b1 6D696E75 		.ascii	"minute\000"
 1868      746500
 1869              	.LASF81:
 1870 04b8 795F706F 		.ascii	"y_pos\000"
 1870      7300
 1871              	.LASF107:
 1872 04be 45455F41 		.ascii	"EE_ApplicationMode\000"
 1872      70706C69 
 1872      63617469 
 1872      6F6E4D6F 
 1872      646500
 1873              	.LASF8:
 1874 04d1 6C6F6E67 		.ascii	"long unsigned int\000"
 1874      20756E73 
 1874      69676E65 
 1874      6420696E 
 1874      7400
 1875              	.LASF63:
 1876 04e3 42525245 		.ascii	"BRRED\000"
 1876      4400
ARM GAS  C:\Users\saman\AppData\Local\Temp\cc48ZE2B.s 			page 40


 1877              	.LASF16:
 1878 04e9 646F7562 		.ascii	"double\000"
 1878      6C6500
 1879              	.LASF58:
 1880 04f0 4D414745 		.ascii	"MAGENTA\000"
 1880      4E544100 
 1881              	.LASF38:
 1882 04f8 52435F45 		.ascii	"RC_ERROR_CHECKSUM\000"
 1882      52524F52 
 1882      5F434845 
 1882      434B5355 
 1882      4D00
 1883              	.LASF77:
 1884 050a 73697A65 		.ascii	"size\000"
 1884      00
 1885              	.LASF89:
 1886 050f 626C696E 		.ascii	"blinker\000"
 1886      6B657200 
 1887              	.LASF65:
 1888 0517 4441524B 		.ascii	"DARKBLUE\000"
 1888      424C5545 
 1888      00
 1889              	.LASF104:
 1890 0520 7466745F 		.ascii	"tft_buf\000"
 1890      62756600 
 1891              	.LASF62:
 1892 0528 42524F57 		.ascii	"BROWN\000"
 1892      4E00
 1893              	.LASF115:
 1894 052e 5446545F 		.ascii	"TFT_setTextSize\000"
 1894      73657454 
 1894      65787453 
 1894      697A6500 
 1895              	.LASF47:
 1896 053e 52435F45 		.ascii	"RC_ERROR_CANCELED\000"
 1896      52524F52 
 1896      5F43414E 
 1896      43454C45 
 1896      4400
 1897              	.LASF73:
 1898 0550 434C4F43 		.ascii	"CLOCK_HOURWIDGET\000"
 1898      4B5F484F 
 1898      55525749 
 1898      44474554 
 1898      00
 1899              	.LASF94:
 1900 0561 7478745F 		.ascii	"txt_color_hour\000"
 1900      636F6C6F 
 1900      725F686F 
 1900      757200
 1901              	.LASF74:
 1902 0570 434C4F43 		.ascii	"CLOCK_MINWIDGET\000"
 1902      4B5F4D49 
 1902      4E574944 
 1902      47455400 
 1903              	.LASF116:
 1904 0580 474E5520 		.ascii	"GNU C11 5.4.1 20160609 (release) [ARM/embedded-5-br"
ARM GAS  C:\Users\saman\AppData\Local\Temp\cc48ZE2B.s 			page 41


 1904      43313120 
 1904      352E342E 
 1904      31203230 
 1904      31363036 
 1905 05b3 616E6368 		.ascii	"anch revision 237715] -mcpu=cortex-m3 -mthumb -g -O"
 1905      20726576 
 1905      6973696F 
 1905      6E203233 
 1905      37373135 
 1906 05e6 67202D66 		.ascii	"g -ffunction-sections -ffat-lto-objects\000"
 1906      66756E63 
 1906      74696F6E 
 1906      2D736563 
 1906      74696F6E 
 1907              	.LASF59:
 1908 060e 47524545 		.ascii	"GREEN\000"
 1908      4E00
 1909              	.LASF91:
 1910 0614 6C6F6361 		.ascii	"local_hour_value\000"
 1910      6C5F686F 
 1910      75725F76 
 1910      616C7565 
 1910      00
 1911              	.LASF54:
 1912 0625 424C5545 		.ascii	"BLUE\000"
 1912      00
 1913              	.LASF105:
 1914 062a 45455F6F 		.ascii	"EE_oo_IRQ_disable_count\000"
 1914      6F5F4952 
 1914      515F6469 
 1914      7361626C 
 1914      655F636F 
 1915              	.LASF90:
 1916 0642 746F6767 		.ascii	"toggle\000"
 1916      6C6500
 1917              	.LASF76:
 1918 0649 434C4F43 		.ascii	"CLOCK_Active_Widget_t\000"
 1918      4B5F4163 
 1918      74697665 
 1918      5F576964 
 1918      6765745F 
 1919              	.LASF55:
 1920 065f 42524544 		.ascii	"BRED\000"
 1920      00
 1921              	.LASF34:
 1922 0664 52435F45 		.ascii	"RC_ERROR_BUFFER_EMTPY\000"
 1922      52524F52 
 1922      5F425546 
 1922      4645525F 
 1922      454D5450 
 1923              	.LASF51:
 1924 067a 52435F74 		.ascii	"RC_t\000"
 1924      00
 1925              	.LASF83:
 1926 067f 666F6E74 		.ascii	"font_type\000"
 1926      5F747970 
 1926      6500
ARM GAS  C:\Users\saman\AppData\Local\Temp\cc48ZE2B.s 			page 42


 1927              	.LASF36:
 1928 0689 52435F45 		.ascii	"RC_ERROR_TIME_OUT\000"
 1928      52524F52 
 1928      5F54494D 
 1928      455F4F55 
 1928      5400
 1929              		.ident	"GCC: (GNU Tools for ARM Embedded Processors) 5.4.1 20160609 (release) [ARM/embedded-5-bran
