ARM GAS  C:\Users\saman\AppData\Local\Temp\ccEQQ3FD.s 			page 1


   1              		.syntax unified
   2              		.cpu cortex-m3
   3              		.fpu softvfp
   4              		.eabi_attribute 20, 1
   5              		.eabi_attribute 21, 1
   6              		.eabi_attribute 23, 3
   7              		.eabi_attribute 24, 1
   8              		.eabi_attribute 25, 1
   9              		.eabi_attribute 26, 1
  10              		.eabi_attribute 30, 1
  11              		.eabi_attribute 34, 1
  12              		.eabi_attribute 18, 4
  13              		.thumb
  14              		.syntax unified
  15              		.file	"sc_input_type.c"
  16              		.text
  17              	.Ltext0:
  18              		.cfi_sections	.debug_frame
  19              		.section	.text.SC_INPUT_driverIn,"ax",%progbits
  20              		.align	2
  21              		.global	SC_INPUT_driverIn
  22              		.thumb
  23              		.thumb_func
  24              		.type	SC_INPUT_driverIn, %function
  25              	SC_INPUT_driverIn:
  26              	.LFB111:
  27              		.file 1 "source\\rte\\sc_input_type.c"
   1:source\rte/sc_input_type.c **** /*
   2:source\rte/sc_input_type.c ****  * Filename: sc_input_type.c
   3:source\rte/sc_input_type.c ****  *
   4:source\rte/sc_input_type.c ****  * Author: Autogenerated by H-DA RTE Generator, (c) Prof. Fromm
   5:source\rte/sc_input_type.c ****  *
   6:source\rte/sc_input_type.c ****  * description: Signalclass
   7:source\rte/sc_input_type.c ****  * name: sc_input
   8:source\rte/sc_input_type.c ****  * shortname: input
   9:source\rte/sc_input_type.c ****  *
  10:source\rte/sc_input_type.c ****  */
  11:source\rte/sc_input_type.c **** 
  12:source\rte/sc_input_type.c **** #include "project.h"
  13:source\rte/sc_input_type.c **** #include "global.h"
  14:source\rte/sc_input_type.c **** #include "rte.h"
  15:source\rte/sc_input_type.c **** #include "rte_types.h"
  16:source\rte/sc_input_type.c **** #include "sc_input_type.h"
  17:source\rte/sc_input_type.c **** 
  18:source\rte/sc_input_type.c **** 
  19:source\rte/sc_input_type.c **** 
  20:source\rte/sc_input_type.c **** /* USER CODE START SC_INPUT_INCLUDE */
  21:source\rte/sc_input_type.c **** #include "stdlib.h"
  22:source\rte/sc_input_type.c **** /* USER CODE END SC_INPUT_INCLUDE */
  23:source\rte/sc_input_type.c **** 
  24:source\rte/sc_input_type.c **** 
  25:source\rte/sc_input_type.c **** 
  26:source\rte/sc_input_type.c **** 
  27:source\rte/sc_input_type.c **** /* USER CODE START SC_INPUT_USERDEFINITIONS */
  28:source\rte/sc_input_type.c **** 
  29:source\rte/sc_input_type.c **** /* USER CODE END SC_INPUT_USERDEFINITIONS */
  30:source\rte/sc_input_type.c **** 
ARM GAS  C:\Users\saman\AppData\Local\Temp\ccEQQ3FD.s 			page 2


  31:source\rte/sc_input_type.c **** 
  32:source\rte/sc_input_type.c **** /*****************************************************************************************
  33:source\rte/sc_input_type.c ****  *************** Port Wrapper Implementation for SC_INPUT signal  ****************
  34:source\rte/sc_input_type.c ****  *****************************************************************************************/
  35:source\rte/sc_input_type.c ****  
  36:source\rte/sc_input_type.c ****  
  37:source\rte/sc_input_type.c **** 
  38:source\rte/sc_input_type.c **** /**
  39:source\rte/sc_input_type.c ****  * Default IN driver API
  40:source\rte/sc_input_type.c ****  */
  41:source\rte/sc_input_type.c **** inline RC_t SC_INPUT_driverIn(SC_INPUT_data_t *const data)
  42:source\rte/sc_input_type.c **** {
  28              		.loc 1 42 0
  29              		.cfi_startproc
  30              		@ args = 0, pretend = 0, frame = 0
  31              		@ frame_needed = 0, uses_anonymous_args = 0
  32              	.LVL0:
  33 0000 38B5     		push	{r3, r4, r5, lr}
  34              		.cfi_def_cfa_offset 16
  35              		.cfi_offset 3, -16
  36              		.cfi_offset 4, -12
  37              		.cfi_offset 5, -8
  38              		.cfi_offset 14, -4
  39 0002 0446     		mov	r4, r0
  43:source\rte/sc_input_type.c **** 	/* USER CODE START driverInSC_INPUT */
  44:source\rte/sc_input_type.c **** data->m_ev = EV_NONE;
  40              		.loc 1 44 0
  41 0004 0025     		movs	r5, #0
  42 0006 8570     		strb	r5, [r0, #2]
  45:source\rte/sc_input_type.c ****     data->Button_L_Status = Button_1_Read();
  43              		.loc 1 45 0
  44 0008 FFF7FEFF 		bl	Button_1_Read
  45              	.LVL1:
  46 000c 2070     		strb	r0, [r4]
  46:source\rte/sc_input_type.c ****     data->Button_R_Status = Button_2_Read();
  47              		.loc 1 46 0
  48 000e FFF7FEFF 		bl	Button_2_Read
  49              	.LVL2:
  50 0012 6070     		strb	r0, [r4, #1]
  47:source\rte/sc_input_type.c **** 	//Read data from the MCAL driver
  48:source\rte/sc_input_type.c **** 
  49:source\rte/sc_input_type.c **** 	//Scale it to the application type
  50:source\rte/sc_input_type.c **** 
  51:source\rte/sc_input_type.c **** 	return RC_SUCCESS;
  52:source\rte/sc_input_type.c **** 	/* USER CODE END driverInSC_INPUT */
  53:source\rte/sc_input_type.c **** }
  51              		.loc 1 53 0
  52 0014 2846     		mov	r0, r5
  53 0016 38BD     		pop	{r3, r4, r5, pc}
  54              		.cfi_endproc
  55              	.LFE111:
  56              		.size	SC_INPUT_driverIn, .-SC_INPUT_driverIn
  57              		.text
  58              	.Letext0:
  59              		.file 2 "c:\\program files (x86)\\cypress\\psoc creator\\4.4\\psoc creator\\import\\gnu\\arm\\5.4.
  60              		.file 3 "c:\\program files (x86)\\cypress\\psoc creator\\4.4\\psoc creator\\import\\gnu\\arm\\5.4.
  61              		.file 4 "Generated_Source\\PSoC5/ErikaOS_common_ee_types.inc"
ARM GAS  C:\Users\saman\AppData\Local\Temp\ccEQQ3FD.s 			page 3


  62              		.file 5 "Generated_Source\\PSoC5/ErikaOS_cortex_mx_ee_cpu.inc"
  63              		.file 6 ".\\source\\bsw/global.h"
  64              		.file 7 ".\\source\\bsw\\tft/tft.h"
  65              		.file 8 ".\\source\\asw/clock_type.h"
  66              		.file 9 ".\\source\\asw/statemachine.h"
  67              		.file 10 ".\\source\\asw/clock.h"
  68              		.file 11 "source\\rte\\sc_input_type.h"
  69              		.file 12 "Generated_Source\\PSoC5/ErikaOS_ee_oo_intfunc.inc"
  70              		.file 13 "Generated_Source\\PSoC5/ErikaOS_cortex_mx_ee_context.inc"
  71              		.file 14 "Generated_Source\\PSoC5/ErikaOS_common_ee_primitives.inc"
  72              		.file 15 "Generated_Source\\PSoC5/core_cm3.h"
  73              		.file 16 "Generated_Source\\PSoC5/Button_1.h"
  74              		.file 17 "Generated_Source\\PSoC5/Button_2.h"
  75              		.section	.debug_info,"",%progbits
  76              	.Ldebug_info0:
  77 0000 C4050000 		.4byte	0x5c4
  78 0004 0400     		.2byte	0x4
  79 0006 00000000 		.4byte	.Ldebug_abbrev0
  80 000a 04       		.byte	0x4
  81 000b 01       		.uleb128 0x1
  82 000c 62050000 		.4byte	.LASF134
  83 0010 0C       		.byte	0xc
  84 0011 2E020000 		.4byte	.LASF135
  85 0015 DC060000 		.4byte	.LASF136
  86 0019 00000000 		.4byte	.Ldebug_ranges0+0
  87 001d 00000000 		.4byte	0
  88 0021 00000000 		.4byte	.Ldebug_line0
  89 0025 02       		.uleb128 0x2
  90 0026 01       		.byte	0x1
  91 0027 06       		.byte	0x6
  92 0028 1D010000 		.4byte	.LASF0
  93 002c 03       		.uleb128 0x3
  94 002d 54000000 		.4byte	.LASF3
  95 0031 02       		.byte	0x2
  96 0032 1D       		.byte	0x1d
  97 0033 37000000 		.4byte	0x37
  98 0037 02       		.uleb128 0x2
  99 0038 01       		.byte	0x1
 100 0039 08       		.byte	0x8
 101 003a EB040000 		.4byte	.LASF1
 102 003e 02       		.uleb128 0x2
 103 003f 02       		.byte	0x2
 104 0040 05       		.byte	0x5
 105 0041 1B050000 		.4byte	.LASF2
 106 0045 03       		.uleb128 0x3
 107 0046 4A060000 		.4byte	.LASF4
 108 004a 02       		.byte	0x2
 109 004b 2B       		.byte	0x2b
 110 004c 50000000 		.4byte	0x50
 111 0050 02       		.uleb128 0x2
 112 0051 02       		.byte	0x2
 113 0052 07       		.byte	0x7
 114 0053 22030000 		.4byte	.LASF5
 115 0057 03       		.uleb128 0x3
 116 0058 D4000000 		.4byte	.LASF6
 117 005c 02       		.byte	0x2
 118 005d 3F       		.byte	0x3f
ARM GAS  C:\Users\saman\AppData\Local\Temp\ccEQQ3FD.s 			page 4


 119 005e 62000000 		.4byte	0x62
 120 0062 02       		.uleb128 0x2
 121 0063 04       		.byte	0x4
 122 0064 05       		.byte	0x5
 123 0065 9D010000 		.4byte	.LASF7
 124 0069 02       		.uleb128 0x2
 125 006a 04       		.byte	0x4
 126 006b 07       		.byte	0x7
 127 006c B7020000 		.4byte	.LASF8
 128 0070 02       		.uleb128 0x2
 129 0071 08       		.byte	0x8
 130 0072 05       		.byte	0x5
 131 0073 0F010000 		.4byte	.LASF9
 132 0077 02       		.uleb128 0x2
 133 0078 08       		.byte	0x8
 134 0079 07       		.byte	0x7
 135 007a 00030000 		.4byte	.LASF10
 136 007e 04       		.uleb128 0x4
 137 007f 04       		.byte	0x4
 138 0080 05       		.byte	0x5
 139 0081 696E7400 		.ascii	"int\000"
 140 0085 02       		.uleb128 0x2
 141 0086 04       		.byte	0x4
 142 0087 07       		.byte	0x7
 143 0088 6E020000 		.4byte	.LASF11
 144 008c 03       		.uleb128 0x3
 145 008d 72070000 		.4byte	.LASF12
 146 0091 03       		.byte	0x3
 147 0092 18       		.byte	0x18
 148 0093 2C000000 		.4byte	0x2c
 149 0097 03       		.uleb128 0x3
 150 0098 83020000 		.4byte	.LASF13
 151 009c 03       		.byte	0x3
 152 009d 24       		.byte	0x24
 153 009e 45000000 		.4byte	0x45
 154 00a2 03       		.uleb128 0x3
 155 00a3 E3040000 		.4byte	.LASF14
 156 00a7 03       		.byte	0x3
 157 00a8 2C       		.byte	0x2c
 158 00a9 57000000 		.4byte	0x57
 159 00ad 02       		.uleb128 0x2
 160 00ae 04       		.byte	0x4
 161 00af 04       		.byte	0x4
 162 00b0 29060000 		.4byte	.LASF15
 163 00b4 02       		.uleb128 0x2
 164 00b5 08       		.byte	0x8
 165 00b6 04       		.byte	0x4
 166 00b7 D5010000 		.4byte	.LASF16
 167 00bb 02       		.uleb128 0x2
 168 00bc 01       		.byte	0x1
 169 00bd 08       		.byte	0x8
 170 00be 2F060000 		.4byte	.LASF17
 171 00c2 02       		.uleb128 0x2
 172 00c3 08       		.byte	0x8
 173 00c4 04       		.byte	0x4
 174 00c5 F0030000 		.4byte	.LASF18
 175 00c9 03       		.uleb128 0x3
ARM GAS  C:\Users\saman\AppData\Local\Temp\ccEQQ3FD.s 			page 5


 176 00ca 69070000 		.4byte	.LASF19
 177 00ce 04       		.byte	0x4
 178 00cf 53       		.byte	0x53
 179 00d0 7E000000 		.4byte	0x7e
 180 00d4 03       		.uleb128 0x3
 181 00d5 50070000 		.4byte	.LASF20
 182 00d9 04       		.byte	0x4
 183 00da 54       		.byte	0x54
 184 00db 85000000 		.4byte	0x85
 185 00df 03       		.uleb128 0x3
 186 00e0 9D020000 		.4byte	.LASF21
 187 00e4 05       		.byte	0x5
 188 00e5 4D       		.byte	0x4d
 189 00e6 D4000000 		.4byte	0xd4
 190 00ea 03       		.uleb128 0x3
 191 00eb D2070000 		.4byte	.LASF22
 192 00ef 05       		.byte	0x5
 193 00f0 4F       		.byte	0x4f
 194 00f1 D4000000 		.4byte	0xd4
 195 00f5 03       		.uleb128 0x3
 196 00f6 55020000 		.4byte	.LASF23
 197 00fa 05       		.byte	0x5
 198 00fb 78       		.byte	0x78
 199 00fc C9000000 		.4byte	0xc9
 200 0100 02       		.uleb128 0x2
 201 0101 04       		.byte	0x4
 202 0102 07       		.byte	0x7
 203 0103 D5030000 		.4byte	.LASF24
 204 0107 03       		.uleb128 0x3
 205 0108 FC030000 		.4byte	.LASF25
 206 010c 06       		.byte	0x6
 207 010d 9C       		.byte	0x9c
 208 010e 37000000 		.4byte	0x37
 209 0112 05       		.uleb128 0x5
 210 0113 01       		.byte	0x1
 211 0114 25000000 		.4byte	0x25
 212 0118 06       		.byte	0x6
 213 0119 CF       		.byte	0xcf
 214 011a BB010000 		.4byte	0x1bb
 215 011e 06       		.uleb128 0x6
 216 011f D7020000 		.4byte	.LASF26
 217 0123 00       		.byte	0
 218 0124 07       		.uleb128 0x7
 219 0125 9B040000 		.4byte	.LASF27
 220 0129 7F       		.sleb128 -1
 221 012a 07       		.uleb128 0x7
 222 012b C9020000 		.4byte	.LASF28
 223 012f 7E       		.sleb128 -2
 224 0130 07       		.uleb128 0x7
 225 0131 F5050000 		.4byte	.LASF29
 226 0135 7D       		.sleb128 -3
 227 0136 07       		.uleb128 0x7
 228 0137 29010000 		.4byte	.LASF30
 229 013b 7C       		.sleb128 -4
 230 013c 07       		.uleb128 0x7
 231 013d 5A070000 		.4byte	.LASF31
 232 0141 7B       		.sleb128 -5
ARM GAS  C:\Users\saman\AppData\Local\Temp\ccEQQ3FD.s 			page 6


 233 0142 07       		.uleb128 0x7
 234 0143 90060000 		.4byte	.LASF32
 235 0147 7A       		.sleb128 -6
 236 0148 07       		.uleb128 0x7
 237 0149 6C040000 		.4byte	.LASF33
 238 014d 79       		.sleb128 -7
 239 014e 07       		.uleb128 0x7
 240 014f 4D030000 		.4byte	.LASF34
 241 0153 78       		.sleb128 -8
 242 0154 07       		.uleb128 0x7
 243 0155 70010000 		.4byte	.LASF35
 244 0159 77       		.sleb128 -9
 245 015a 07       		.uleb128 0x7
 246 015b C6040000 		.4byte	.LASF36
 247 015f 76       		.sleb128 -10
 248 0160 07       		.uleb128 0x7
 249 0161 AD000000 		.4byte	.LASF37
 250 0165 75       		.sleb128 -11
 251 0166 07       		.uleb128 0x7
 252 0167 BE010000 		.4byte	.LASF38
 253 016b 74       		.sleb128 -12
 254 016c 07       		.uleb128 0x7
 255 016d A5020000 		.4byte	.LASF39
 256 0171 73       		.sleb128 -13
 257 0172 07       		.uleb128 0x7
 258 0173 16060000 		.4byte	.LASF40
 259 0177 72       		.sleb128 -14
 260 0178 07       		.uleb128 0x7
 261 0179 63000000 		.4byte	.LASF41
 262 017d 71       		.sleb128 -15
 263 017e 07       		.uleb128 0x7
 264 017f 31040000 		.4byte	.LASF42
 265 0183 70       		.sleb128 -16
 266 0184 07       		.uleb128 0x7
 267 0185 7E040000 		.4byte	.LASF43
 268 0189 6F       		.sleb128 -17
 269 018a 07       		.uleb128 0x7
 270 018b 84030000 		.4byte	.LASF44
 271 018f 6E       		.sleb128 -18
 272 0190 07       		.uleb128 0x7
 273 0191 99030000 		.4byte	.LASF45
 274 0195 6D       		.sleb128 -19
 275 0196 07       		.uleb128 0x7
 276 0197 03060000 		.4byte	.LASF46
 277 019b 6C       		.sleb128 -20
 278 019c 07       		.uleb128 0x7
 279 019d 9B000000 		.4byte	.LASF47
 280 01a1 6B       		.sleb128 -21
 281 01a2 07       		.uleb128 0x7
 282 01a3 55040000 		.4byte	.LASF48
 283 01a7 6A       		.sleb128 -22
 284 01a8 07       		.uleb128 0x7
 285 01a9 30000000 		.4byte	.LASF49
 286 01ad 69       		.sleb128 -23
 287 01ae 07       		.uleb128 0x7
 288 01af 8C020000 		.4byte	.LASF50
 289 01b3 68       		.sleb128 -24
ARM GAS  C:\Users\saman\AppData\Local\Temp\ccEQQ3FD.s 			page 7


 290 01b4 07       		.uleb128 0x7
 291 01b5 6F060000 		.4byte	.LASF51
 292 01b9 67       		.sleb128 -25
 293 01ba 00       		.byte	0
 294 01bb 03       		.uleb128 0x3
 295 01bc 5E000000 		.4byte	.LASF52
 296 01c0 06       		.byte	0x6
 297 01c1 EA       		.byte	0xea
 298 01c2 12010000 		.4byte	0x112
 299 01c6 05       		.uleb128 0x5
 300 01c7 02       		.byte	0x2
 301 01c8 50000000 		.4byte	0x50
 302 01cc 07       		.byte	0x7
 303 01cd 5C       		.byte	0x5c
 304 01ce 64020000 		.4byte	0x264
 305 01d2 08       		.uleb128 0x8
 306 01d3 FC000000 		.4byte	.LASF53
 307 01d7 FFFF     		.2byte	0xffff
 308 01d9 06       		.uleb128 0x6
 309 01da 34060000 		.4byte	.LASF54
 310 01de 00       		.byte	0
 311 01df 08       		.uleb128 0x8
 312 01e0 55060000 		.4byte	.LASF55
 313 01e4 00F8     		.2byte	0xf800
 314 01e6 08       		.uleb128 0x8
 315 01e7 B4040000 		.4byte	.LASF56
 316 01eb 1FF8     		.2byte	0xf81f
 317 01ed 08       		.uleb128 0x8
 318 01ee 4F000000 		.4byte	.LASF57
 319 01f2 FF07     		.2byte	0x7ff
 320 01f4 08       		.uleb128 0x8
 321 01f5 FA020000 		.4byte	.LASF58
 322 01f9 E0FF     		.2byte	0xffe0
 323 01fb 09       		.uleb128 0x9
 324 01fc 52454400 		.ascii	"RED\000"
 325 0200 1F       		.byte	0x1f
 326 0201 08       		.uleb128 0x8
 327 0202 47000000 		.4byte	.LASF59
 328 0206 1FF8     		.2byte	0xf81f
 329 0208 08       		.uleb128 0x8
 330 0209 69060000 		.4byte	.LASF60
 331 020d E007     		.2byte	0x7e0
 332 020f 08       		.uleb128 0x8
 333 0210 F0050000 		.4byte	.LASF61
 334 0214 E0FF     		.2byte	0xffe0
 335 0216 08       		.uleb128 0x8
 336 0217 B7010000 		.4byte	.LASF62
 337 021b FF07     		.2byte	0x7ff
 338 021d 08       		.uleb128 0x8
 339 021e A6010000 		.4byte	.LASF63
 340 0222 3D02     		.2byte	0x23d
 341 0224 08       		.uleb128 0x8
 342 0225 28020000 		.4byte	.LASF64
 343 0229 3FE0     		.2byte	0xe03f
 344 022b 08       		.uleb128 0x8
 345 022c 67040000 		.4byte	.LASF65
 346 0230 210C     		.2byte	0xc21
ARM GAS  C:\Users\saman\AppData\Local\Temp\ccEQQ3FD.s 			page 8


 347 0232 08       		.uleb128 0x8
 348 0233 92040000 		.4byte	.LASF66
 349 0237 89F3     		.2byte	0xf389
 350 0239 08       		.uleb128 0x8
 351 023a B3030000 		.4byte	.LASF67
 352 023e BE3E     		.2byte	0x3ebe
 353 0240 08       		.uleb128 0x8
 354 0241 B6070000 		.4byte	.LASF68
 355 0245 2A1A     		.2byte	0x1a2a
 356 0247 08       		.uleb128 0x8
 357 0248 A1060000 		.4byte	.LASF69
 358 024c 21F8     		.2byte	0xf821
 359 024e 08       		.uleb128 0x8
 360 024f 49020000 		.4byte	.LASF70
 361 0253 6318     		.2byte	0x1863
 362 0255 08       		.uleb128 0x8
 363 0256 7A030000 		.4byte	.LASF71
 364 025a 658A     		.2byte	0x8a65
 365 025c 08       		.uleb128 0x8
 366 025d 62030000 		.4byte	.LASF72
 367 0261 D448     		.2byte	0x48d4
 368 0263 00       		.byte	0
 369 0264 03       		.uleb128 0x3
 370 0265 02010000 		.4byte	.LASF73
 371 0269 07       		.byte	0x7
 372 026a 72       		.byte	0x72
 373 026b C6010000 		.4byte	0x1c6
 374 026f 05       		.uleb128 0x5
 375 0270 01       		.byte	0x1
 376 0271 37000000 		.4byte	0x37
 377 0275 08       		.byte	0x8
 378 0276 14       		.byte	0x14
 379 0277 A0020000 		.4byte	0x2a0
 380 027b 06       		.uleb128 0x6
 381 027c 88060000 		.4byte	.LASF74
 382 0280 00       		.byte	0
 383 0281 06       		.uleb128 0x6
 384 0282 16000000 		.4byte	.LASF75
 385 0286 01       		.byte	0x1
 386 0287 06       		.uleb128 0x6
 387 0288 1C020000 		.4byte	.LASF76
 388 028c 02       		.byte	0x2
 389 028d 06       		.uleb128 0x6
 390 028e A1070000 		.4byte	.LASF77
 391 0292 03       		.byte	0x3
 392 0293 06       		.uleb128 0x6
 393 0294 CC010000 		.4byte	.LASF78
 394 0298 04       		.byte	0x4
 395 0299 06       		.uleb128 0x6
 396 029a 7B020000 		.4byte	.LASF79
 397 029e 05       		.byte	0x5
 398 029f 00       		.byte	0
 399 02a0 03       		.uleb128 0x3
 400 02a1 CD030000 		.4byte	.LASF80
 401 02a5 08       		.byte	0x8
 402 02a6 1C       		.byte	0x1c
 403 02a7 6F020000 		.4byte	0x26f
ARM GAS  C:\Users\saman\AppData\Local\Temp\ccEQQ3FD.s 			page 9


 404 02ab 05       		.uleb128 0x5
 405 02ac 01       		.byte	0x1
 406 02ad 37000000 		.4byte	0x37
 407 02b1 08       		.byte	0x8
 408 02b2 23       		.byte	0x23
 409 02b3 DC020000 		.4byte	0x2dc
 410 02b7 06       		.uleb128 0x6
 411 02b8 BF000000 		.4byte	.LASF81
 412 02bc 00       		.byte	0
 413 02bd 06       		.uleb128 0x6
 414 02be 39010000 		.4byte	.LASF82
 415 02c2 01       		.byte	0x1
 416 02c3 06       		.uleb128 0x6
 417 02c4 2C050000 		.4byte	.LASF83
 418 02c8 02       		.byte	0x2
 419 02c9 06       		.uleb128 0x6
 420 02ca B6060000 		.4byte	.LASF84
 421 02ce 03       		.byte	0x3
 422 02cf 06       		.uleb128 0x6
 423 02d0 DE030000 		.4byte	.LASF85
 424 02d4 04       		.byte	0x4
 425 02d5 06       		.uleb128 0x6
 426 02d6 E2020000 		.4byte	.LASF86
 427 02da 05       		.byte	0x5
 428 02db 00       		.byte	0
 429 02dc 03       		.uleb128 0x3
 430 02dd 93070000 		.4byte	.LASF87
 431 02e1 08       		.byte	0x8
 432 02e2 2D       		.byte	0x2d
 433 02e3 AB020000 		.4byte	0x2ab
 434 02e7 05       		.uleb128 0x5
 435 02e8 01       		.byte	0x1
 436 02e9 37000000 		.4byte	0x37
 437 02ed 08       		.byte	0x8
 438 02ee 34       		.byte	0x34
 439 02ef 06030000 		.4byte	0x306
 440 02f3 06       		.uleb128 0x6
 441 02f4 DE000000 		.4byte	.LASF88
 442 02f8 00       		.byte	0
 443 02f9 06       		.uleb128 0x6
 444 02fa BD030000 		.4byte	.LASF89
 445 02fe 01       		.byte	0x1
 446 02ff 06       		.uleb128 0x6
 447 0300 75030000 		.4byte	.LASF90
 448 0304 02       		.byte	0x2
 449 0305 00       		.byte	0
 450 0306 03       		.uleb128 0x3
 451 0307 00000000 		.4byte	.LASF91
 452 030b 08       		.byte	0x8
 453 030c 38       		.byte	0x38
 454 030d E7020000 		.4byte	0x2e7
 455 0311 0A       		.uleb128 0xa
 456 0312 08       		.byte	0x8
 457 0313 08       		.byte	0x8
 458 0314 3A       		.byte	0x3a
 459 0315 56030000 		.4byte	0x356
 460 0319 0B       		.uleb128 0xb
ARM GAS  C:\Users\saman\AppData\Local\Temp\ccEQQ3FD.s 			page 10


 461 031a 1D030000 		.4byte	.LASF92
 462 031e 08       		.byte	0x8
 463 031f 3C       		.byte	0x3c
 464 0320 8C000000 		.4byte	0x8c
 465 0324 00       		.byte	0
 466 0325 0B       		.uleb128 0xb
 467 0326 31070000 		.4byte	.LASF93
 468 032a 08       		.byte	0x8
 469 032b 3D       		.byte	0x3d
 470 032c 64020000 		.4byte	0x264
 471 0330 02       		.byte	0x2
 472 0331 0B       		.uleb128 0xb
 473 0332 25050000 		.4byte	.LASF94
 474 0336 08       		.byte	0x8
 475 0337 3E       		.byte	0x3e
 476 0338 64020000 		.4byte	0x264
 477 033c 04       		.byte	0x4
 478 033d 0B       		.uleb128 0xb
 479 033e 4F020000 		.4byte	.LASF95
 480 0342 08       		.byte	0x8
 481 0343 3F       		.byte	0x3f
 482 0344 8C000000 		.4byte	0x8c
 483 0348 06       		.byte	0x6
 484 0349 0B       		.uleb128 0xb
 485 034a E4010000 		.4byte	.LASF96
 486 034e 08       		.byte	0x8
 487 034f 40       		.byte	0x40
 488 0350 8C000000 		.4byte	0x8c
 489 0354 07       		.byte	0x7
 490 0355 00       		.byte	0
 491 0356 03       		.uleb128 0x3
 492 0357 BF070000 		.4byte	.LASF97
 493 035b 08       		.byte	0x8
 494 035c 41       		.byte	0x41
 495 035d 11030000 		.4byte	0x311
 496 0361 03       		.uleb128 0x3
 497 0362 5C020000 		.4byte	.LASF98
 498 0366 09       		.byte	0x9
 499 0367 31       		.byte	0x31
 500 0368 6C030000 		.4byte	0x36c
 501 036c 0C       		.uleb128 0xc
 502 036d 04       		.byte	0x4
 503 036e 72030000 		.4byte	0x372
 504 0372 0D       		.uleb128 0xd
 505 0373 79030000 		.4byte	0x379
 506 0377 0E       		.uleb128 0xe
 507 0378 00       		.byte	0
 508 0379 03       		.uleb128 0x3
 509 037a 8C010000 		.4byte	.LASF99
 510 037e 09       		.byte	0x9
 511 037f 36       		.byte	0x36
 512 0380 84030000 		.4byte	0x384
 513 0384 0C       		.uleb128 0xc
 514 0385 04       		.byte	0x4
 515 0386 8A030000 		.4byte	0x38a
 516 038a 0F       		.uleb128 0xf
 517 038b 07010000 		.4byte	0x107
ARM GAS  C:\Users\saman\AppData\Local\Temp\ccEQQ3FD.s 			page 11


 518 038f 95030000 		.4byte	0x395
 519 0393 0E       		.uleb128 0xe
 520 0394 00       		.byte	0
 521 0395 0A       		.uleb128 0xa
 522 0396 0C       		.byte	0xc
 523 0397 09       		.byte	0x9
 524 0398 3D       		.byte	0x3d
 525 0399 CE030000 		.4byte	0x3ce
 526 039d 0B       		.uleb128 0xb
 527 039e 17030000 		.4byte	.LASF100
 528 03a2 09       		.byte	0x9
 529 03a3 3F       		.byte	0x3f
 530 03a4 97000000 		.4byte	0x97
 531 03a8 00       		.byte	0
 532 03a9 0B       		.uleb128 0xb
 533 03aa 85000000 		.4byte	.LASF101
 534 03ae 09       		.byte	0x9
 535 03af 40       		.byte	0x40
 536 03b0 97000000 		.4byte	0x97
 537 03b4 02       		.byte	0x2
 538 03b5 0B       		.uleb128 0xb
 539 03b6 CC070000 		.4byte	.LASF102
 540 03ba 09       		.byte	0x9
 541 03bb 41       		.byte	0x41
 542 03bc 79030000 		.4byte	0x379
 543 03c0 04       		.byte	0x4
 544 03c1 0B       		.uleb128 0xb
 545 03c2 CB060000 		.4byte	.LASF103
 546 03c6 09       		.byte	0x9
 547 03c7 42       		.byte	0x42
 548 03c8 61030000 		.4byte	0x361
 549 03cc 08       		.byte	0x8
 550 03cd 00       		.byte	0
 551 03ce 03       		.uleb128 0x3
 552 03cf 06040000 		.4byte	.LASF104
 553 03d3 09       		.byte	0x9
 554 03d4 44       		.byte	0x44
 555 03d5 95030000 		.4byte	0x395
 556 03d9 03       		.uleb128 0x3
 557 03da F9040000 		.4byte	.LASF105
 558 03de 09       		.byte	0x9
 559 03df 46       		.byte	0x46
 560 03e0 E4030000 		.4byte	0x3e4
 561 03e4 10       		.uleb128 0x10
 562 03e5 CE030000 		.4byte	0x3ce
 563 03e9 EF030000 		.4byte	0x3ef
 564 03ed 11       		.uleb128 0x11
 565 03ee 00       		.byte	0
 566 03ef 0A       		.uleb128 0xa
 567 03f0 0C       		.byte	0xc
 568 03f1 09       		.byte	0x9
 569 03f2 59       		.byte	0x59
 570 03f3 1C040000 		.4byte	0x41c
 571 03f7 0B       		.uleb128 0xb
 572 03f8 86010000 		.4byte	.LASF106
 573 03fc 09       		.byte	0x9
 574 03fd 5B       		.byte	0x5b
ARM GAS  C:\Users\saman\AppData\Local\Temp\ccEQQ3FD.s 			page 12


 575 03fe 97000000 		.4byte	0x97
 576 0402 00       		.byte	0
 577 0403 0B       		.uleb128 0xb
 578 0404 69030000 		.4byte	.LASF107
 579 0408 09       		.byte	0x9
 580 0409 5C       		.byte	0x5c
 581 040a 61030000 		.4byte	0x361
 582 040e 04       		.byte	0x4
 583 040f 0B       		.uleb128 0xb
 584 0410 AC010000 		.4byte	.LASF108
 585 0414 09       		.byte	0x9
 586 0415 5D       		.byte	0x5d
 587 0416 61030000 		.4byte	0x361
 588 041a 08       		.byte	0x8
 589 041b 00       		.byte	0
 590 041c 03       		.uleb128 0x3
 591 041d 1D070000 		.4byte	.LASF109
 592 0421 09       		.byte	0x9
 593 0422 5E       		.byte	0x5e
 594 0423 EF030000 		.4byte	0x3ef
 595 0427 0A       		.uleb128 0xa
 596 0428 18       		.byte	0x18
 597 0429 0A       		.byte	0xa
 598 042a 13       		.byte	0x13
 599 042b 6C040000 		.4byte	0x46c
 600 042f 0B       		.uleb128 0xb
 601 0430 23040000 		.4byte	.LASF110
 602 0434 0A       		.byte	0xa
 603 0435 15       		.byte	0x15
 604 0436 DC020000 		.4byte	0x2dc
 605 043a 00       		.byte	0
 606 043b 0B       		.uleb128 0xb
 607 043c 8D000000 		.4byte	.LASF111
 608 0440 0A       		.byte	0xa
 609 0441 16       		.byte	0x16
 610 0442 6C040000 		.4byte	0x46c
 611 0446 04       		.byte	0x4
 612 0447 0B       		.uleb128 0xb
 613 0448 D4040000 		.4byte	.LASF112
 614 044c 0A       		.byte	0xa
 615 044d 17       		.byte	0x17
 616 044e 72040000 		.4byte	0x472
 617 0452 08       		.byte	0x8
 618 0453 0B       		.uleb128 0xb
 619 0454 DC010000 		.4byte	.LASF113
 620 0458 0A       		.byte	0xa
 621 0459 18       		.byte	0x18
 622 045a 8C000000 		.4byte	0x8c
 623 045e 0C       		.byte	0xc
 624 045f 0B       		.uleb128 0xb
 625 0460 AC030000 		.4byte	.LASF114
 626 0464 0A       		.byte	0xa
 627 0465 19       		.byte	0x19
 628 0466 56030000 		.4byte	0x356
 629 046a 0E       		.byte	0xe
 630 046b 00       		.byte	0
 631 046c 0C       		.uleb128 0xc
ARM GAS  C:\Users\saman\AppData\Local\Temp\ccEQQ3FD.s 			page 13


 632 046d 04       		.byte	0x4
 633 046e D9030000 		.4byte	0x3d9
 634 0472 0C       		.uleb128 0xc
 635 0473 04       		.byte	0x4
 636 0474 1C040000 		.4byte	0x41c
 637 0478 03       		.uleb128 0x3
 638 0479 21000000 		.4byte	.LASF115
 639 047d 0A       		.byte	0xa
 640 047e 1A       		.byte	0x1a
 641 047f 27040000 		.4byte	0x427
 642 0483 0A       		.uleb128 0xa
 643 0484 40       		.byte	0x40
 644 0485 0A       		.byte	0xa
 645 0486 1C       		.byte	0x1c
 646 0487 D4040000 		.4byte	0x4d4
 647 048b 0B       		.uleb128 0xb
 648 048c 82070000 		.4byte	.LASF116
 649 0490 0A       		.byte	0xa
 650 0491 1E       		.byte	0x1e
 651 0492 DC020000 		.4byte	0x2dc
 652 0496 00       		.byte	0
 653 0497 0B       		.uleb128 0xb
 654 0498 8D000000 		.4byte	.LASF111
 655 049c 0A       		.byte	0xa
 656 049d 1F       		.byte	0x1f
 657 049e 6C040000 		.4byte	0x46c
 658 04a2 04       		.byte	0x4
 659 04a3 0B       		.uleb128 0xb
 660 04a4 D4040000 		.4byte	.LASF112
 661 04a8 0A       		.byte	0xa
 662 04a9 20       		.byte	0x20
 663 04aa 72040000 		.4byte	0x472
 664 04ae 08       		.byte	0x8
 665 04af 0B       		.uleb128 0xb
 666 04b0 5A060000 		.4byte	.LASF117
 667 04b4 0A       		.byte	0xa
 668 04b5 21       		.byte	0x21
 669 04b6 06030000 		.4byte	0x306
 670 04ba 0C       		.byte	0xc
 671 04bb 0B       		.uleb128 0xb
 672 04bc 7A070000 		.4byte	.LASF118
 673 04c0 0A       		.byte	0xa
 674 04c1 22       		.byte	0x22
 675 04c2 78040000 		.4byte	0x478
 676 04c6 10       		.byte	0x10
 677 04c7 0B       		.uleb128 0xb
 678 04c8 13070000 		.4byte	.LASF119
 679 04cc 0A       		.byte	0xa
 680 04cd 23       		.byte	0x23
 681 04ce 78040000 		.4byte	0x478
 682 04d2 28       		.byte	0x28
 683 04d3 00       		.byte	0
 684 04d4 03       		.uleb128 0x3
 685 04d5 45050000 		.4byte	.LASF120
 686 04d9 0A       		.byte	0xa
 687 04da 24       		.byte	0x24
 688 04db 83040000 		.4byte	0x483
ARM GAS  C:\Users\saman\AppData\Local\Temp\ccEQQ3FD.s 			page 14


 689 04df 0A       		.uleb128 0xa
 690 04e0 44       		.byte	0x44
 691 04e1 0B       		.byte	0xb
 692 04e2 21       		.byte	0x21
 693 04e3 18050000 		.4byte	0x518
 694 04e7 0B       		.uleb128 0xb
 695 04e8 A4040000 		.4byte	.LASF121
 696 04ec 0B       		.byte	0xb
 697 04ed 22       		.byte	0x22
 698 04ee 8C000000 		.4byte	0x8c
 699 04f2 00       		.byte	0
 700 04f3 0B       		.uleb128 0xb
 701 04f4 3A060000 		.4byte	.LASF122
 702 04f8 0B       		.byte	0xb
 703 04f9 23       		.byte	0x23
 704 04fa 8C000000 		.4byte	0x8c
 705 04fe 01       		.byte	0x1
 706 04ff 0B       		.uleb128 0xb
 707 0500 B1060000 		.4byte	.LASF123
 708 0504 0B       		.byte	0xb
 709 0505 24       		.byte	0x24
 710 0506 A0020000 		.4byte	0x2a0
 711 050a 02       		.byte	0x2
 712 050b 0B       		.uleb128 0xb
 713 050c B9040000 		.4byte	.LASF124
 714 0510 0B       		.byte	0xb
 715 0511 25       		.byte	0x25
 716 0512 D4040000 		.4byte	0x4d4
 717 0516 04       		.byte	0x4
 718 0517 00       		.byte	0
 719 0518 03       		.uleb128 0x3
 720 0519 52050000 		.4byte	.LASF125
 721 051d 0B       		.byte	0xb
 722 051e 28       		.byte	0x28
 723 051f DF040000 		.4byte	0x4df
 724 0523 12       		.uleb128 0x12
 725 0524 50010000 		.4byte	.LASF137
 726 0528 01       		.byte	0x1
 727 0529 29       		.byte	0x29
 728 052a BB010000 		.4byte	0x1bb
 729 052e 00000000 		.4byte	.LFB111
 730 0532 18000000 		.4byte	.LFE111-.LFB111
 731 0536 01       		.uleb128 0x1
 732 0537 9C       		.byte	0x9c
 733 0538 5E050000 		.4byte	0x55e
 734 053c 13       		.uleb128 0x13
 735 053d AC060000 		.4byte	.LASF138
 736 0541 01       		.byte	0x1
 737 0542 29       		.byte	0x29
 738 0543 64050000 		.4byte	0x564
 739 0547 00000000 		.4byte	.LLST0
 740 054b 14       		.uleb128 0x14
 741 054c 0C000000 		.4byte	.LVL1
 742 0550 B1050000 		.4byte	0x5b1
 743 0554 14       		.uleb128 0x14
 744 0555 12000000 		.4byte	.LVL2
 745 0559 BC050000 		.4byte	0x5bc
ARM GAS  C:\Users\saman\AppData\Local\Temp\ccEQQ3FD.s 			page 15


 746 055d 00       		.byte	0
 747 055e 0C       		.uleb128 0xc
 748 055f 04       		.byte	0x4
 749 0560 18050000 		.4byte	0x518
 750 0564 15       		.uleb128 0x15
 751 0565 5E050000 		.4byte	0x55e
 752 0569 16       		.uleb128 0x16
 753 056a 35030000 		.4byte	.LASF126
 754 056e 0C       		.byte	0xc
 755 056f 40       		.byte	0x40
 756 0570 DF000000 		.4byte	0xdf
 757 0574 16       		.uleb128 0x16
 758 0575 EA010000 		.4byte	.LASF127
 759 0579 0C       		.byte	0xc
 760 057a 47       		.byte	0x47
 761 057b EA000000 		.4byte	0xea
 762 057f 16       		.uleb128 0x16
 763 0580 42040000 		.4byte	.LASF128
 764 0584 0C       		.byte	0xc
 765 0585 4A       		.byte	0x4a
 766 0586 DF000000 		.4byte	0xdf
 767 058a 16       		.uleb128 0x16
 768 058b 03020000 		.4byte	.LASF129
 769 058f 0D       		.byte	0xd
 770 0590 48       		.byte	0x48
 771 0591 F5000000 		.4byte	0xf5
 772 0595 16       		.uleb128 0x16
 773 0596 3B070000 		.4byte	.LASF130
 774 059a 0E       		.byte	0xe
 775 059b 44       		.byte	0x44
 776 059c DF000000 		.4byte	0xdf
 777 05a0 17       		.uleb128 0x17
 778 05a1 EF000000 		.4byte	.LASF131
 779 05a5 0F       		.byte	0xf
 780 05a6 1207     		.2byte	0x712
 781 05a8 AC050000 		.4byte	0x5ac
 782 05ac 18       		.uleb128 0x18
 783 05ad A2000000 		.4byte	0xa2
 784 05b1 19       		.uleb128 0x19
 785 05b2 77000000 		.4byte	.LASF132
 786 05b6 77000000 		.4byte	.LASF132
 787 05ba 10       		.byte	0x10
 788 05bb 29       		.byte	0x29
 789 05bc 19       		.uleb128 0x19
 790 05bd 62010000 		.4byte	.LASF133
 791 05c1 62010000 		.4byte	.LASF133
 792 05c5 11       		.byte	0x11
 793 05c6 29       		.byte	0x29
 794 05c7 00       		.byte	0
 795              		.section	.debug_abbrev,"",%progbits
 796              	.Ldebug_abbrev0:
 797 0000 01       		.uleb128 0x1
 798 0001 11       		.uleb128 0x11
 799 0002 01       		.byte	0x1
 800 0003 25       		.uleb128 0x25
 801 0004 0E       		.uleb128 0xe
 802 0005 13       		.uleb128 0x13
ARM GAS  C:\Users\saman\AppData\Local\Temp\ccEQQ3FD.s 			page 16


 803 0006 0B       		.uleb128 0xb
 804 0007 03       		.uleb128 0x3
 805 0008 0E       		.uleb128 0xe
 806 0009 1B       		.uleb128 0x1b
 807 000a 0E       		.uleb128 0xe
 808 000b 55       		.uleb128 0x55
 809 000c 17       		.uleb128 0x17
 810 000d 11       		.uleb128 0x11
 811 000e 01       		.uleb128 0x1
 812 000f 10       		.uleb128 0x10
 813 0010 17       		.uleb128 0x17
 814 0011 00       		.byte	0
 815 0012 00       		.byte	0
 816 0013 02       		.uleb128 0x2
 817 0014 24       		.uleb128 0x24
 818 0015 00       		.byte	0
 819 0016 0B       		.uleb128 0xb
 820 0017 0B       		.uleb128 0xb
 821 0018 3E       		.uleb128 0x3e
 822 0019 0B       		.uleb128 0xb
 823 001a 03       		.uleb128 0x3
 824 001b 0E       		.uleb128 0xe
 825 001c 00       		.byte	0
 826 001d 00       		.byte	0
 827 001e 03       		.uleb128 0x3
 828 001f 16       		.uleb128 0x16
 829 0020 00       		.byte	0
 830 0021 03       		.uleb128 0x3
 831 0022 0E       		.uleb128 0xe
 832 0023 3A       		.uleb128 0x3a
 833 0024 0B       		.uleb128 0xb
 834 0025 3B       		.uleb128 0x3b
 835 0026 0B       		.uleb128 0xb
 836 0027 49       		.uleb128 0x49
 837 0028 13       		.uleb128 0x13
 838 0029 00       		.byte	0
 839 002a 00       		.byte	0
 840 002b 04       		.uleb128 0x4
 841 002c 24       		.uleb128 0x24
 842 002d 00       		.byte	0
 843 002e 0B       		.uleb128 0xb
 844 002f 0B       		.uleb128 0xb
 845 0030 3E       		.uleb128 0x3e
 846 0031 0B       		.uleb128 0xb
 847 0032 03       		.uleb128 0x3
 848 0033 08       		.uleb128 0x8
 849 0034 00       		.byte	0
 850 0035 00       		.byte	0
 851 0036 05       		.uleb128 0x5
 852 0037 04       		.uleb128 0x4
 853 0038 01       		.byte	0x1
 854 0039 0B       		.uleb128 0xb
 855 003a 0B       		.uleb128 0xb
 856 003b 49       		.uleb128 0x49
 857 003c 13       		.uleb128 0x13
 858 003d 3A       		.uleb128 0x3a
 859 003e 0B       		.uleb128 0xb
ARM GAS  C:\Users\saman\AppData\Local\Temp\ccEQQ3FD.s 			page 17


 860 003f 3B       		.uleb128 0x3b
 861 0040 0B       		.uleb128 0xb
 862 0041 01       		.uleb128 0x1
 863 0042 13       		.uleb128 0x13
 864 0043 00       		.byte	0
 865 0044 00       		.byte	0
 866 0045 06       		.uleb128 0x6
 867 0046 28       		.uleb128 0x28
 868 0047 00       		.byte	0
 869 0048 03       		.uleb128 0x3
 870 0049 0E       		.uleb128 0xe
 871 004a 1C       		.uleb128 0x1c
 872 004b 0B       		.uleb128 0xb
 873 004c 00       		.byte	0
 874 004d 00       		.byte	0
 875 004e 07       		.uleb128 0x7
 876 004f 28       		.uleb128 0x28
 877 0050 00       		.byte	0
 878 0051 03       		.uleb128 0x3
 879 0052 0E       		.uleb128 0xe
 880 0053 1C       		.uleb128 0x1c
 881 0054 0D       		.uleb128 0xd
 882 0055 00       		.byte	0
 883 0056 00       		.byte	0
 884 0057 08       		.uleb128 0x8
 885 0058 28       		.uleb128 0x28
 886 0059 00       		.byte	0
 887 005a 03       		.uleb128 0x3
 888 005b 0E       		.uleb128 0xe
 889 005c 1C       		.uleb128 0x1c
 890 005d 05       		.uleb128 0x5
 891 005e 00       		.byte	0
 892 005f 00       		.byte	0
 893 0060 09       		.uleb128 0x9
 894 0061 28       		.uleb128 0x28
 895 0062 00       		.byte	0
 896 0063 03       		.uleb128 0x3
 897 0064 08       		.uleb128 0x8
 898 0065 1C       		.uleb128 0x1c
 899 0066 0B       		.uleb128 0xb
 900 0067 00       		.byte	0
 901 0068 00       		.byte	0
 902 0069 0A       		.uleb128 0xa
 903 006a 13       		.uleb128 0x13
 904 006b 01       		.byte	0x1
 905 006c 0B       		.uleb128 0xb
 906 006d 0B       		.uleb128 0xb
 907 006e 3A       		.uleb128 0x3a
 908 006f 0B       		.uleb128 0xb
 909 0070 3B       		.uleb128 0x3b
 910 0071 0B       		.uleb128 0xb
 911 0072 01       		.uleb128 0x1
 912 0073 13       		.uleb128 0x13
 913 0074 00       		.byte	0
 914 0075 00       		.byte	0
 915 0076 0B       		.uleb128 0xb
 916 0077 0D       		.uleb128 0xd
ARM GAS  C:\Users\saman\AppData\Local\Temp\ccEQQ3FD.s 			page 18


 917 0078 00       		.byte	0
 918 0079 03       		.uleb128 0x3
 919 007a 0E       		.uleb128 0xe
 920 007b 3A       		.uleb128 0x3a
 921 007c 0B       		.uleb128 0xb
 922 007d 3B       		.uleb128 0x3b
 923 007e 0B       		.uleb128 0xb
 924 007f 49       		.uleb128 0x49
 925 0080 13       		.uleb128 0x13
 926 0081 38       		.uleb128 0x38
 927 0082 0B       		.uleb128 0xb
 928 0083 00       		.byte	0
 929 0084 00       		.byte	0
 930 0085 0C       		.uleb128 0xc
 931 0086 0F       		.uleb128 0xf
 932 0087 00       		.byte	0
 933 0088 0B       		.uleb128 0xb
 934 0089 0B       		.uleb128 0xb
 935 008a 49       		.uleb128 0x49
 936 008b 13       		.uleb128 0x13
 937 008c 00       		.byte	0
 938 008d 00       		.byte	0
 939 008e 0D       		.uleb128 0xd
 940 008f 15       		.uleb128 0x15
 941 0090 01       		.byte	0x1
 942 0091 01       		.uleb128 0x1
 943 0092 13       		.uleb128 0x13
 944 0093 00       		.byte	0
 945 0094 00       		.byte	0
 946 0095 0E       		.uleb128 0xe
 947 0096 18       		.uleb128 0x18
 948 0097 00       		.byte	0
 949 0098 00       		.byte	0
 950 0099 00       		.byte	0
 951 009a 0F       		.uleb128 0xf
 952 009b 15       		.uleb128 0x15
 953 009c 01       		.byte	0x1
 954 009d 49       		.uleb128 0x49
 955 009e 13       		.uleb128 0x13
 956 009f 01       		.uleb128 0x1
 957 00a0 13       		.uleb128 0x13
 958 00a1 00       		.byte	0
 959 00a2 00       		.byte	0
 960 00a3 10       		.uleb128 0x10
 961 00a4 01       		.uleb128 0x1
 962 00a5 01       		.byte	0x1
 963 00a6 49       		.uleb128 0x49
 964 00a7 13       		.uleb128 0x13
 965 00a8 01       		.uleb128 0x1
 966 00a9 13       		.uleb128 0x13
 967 00aa 00       		.byte	0
 968 00ab 00       		.byte	0
 969 00ac 11       		.uleb128 0x11
 970 00ad 21       		.uleb128 0x21
 971 00ae 00       		.byte	0
 972 00af 00       		.byte	0
 973 00b0 00       		.byte	0
ARM GAS  C:\Users\saman\AppData\Local\Temp\ccEQQ3FD.s 			page 19


 974 00b1 12       		.uleb128 0x12
 975 00b2 2E       		.uleb128 0x2e
 976 00b3 01       		.byte	0x1
 977 00b4 3F       		.uleb128 0x3f
 978 00b5 19       		.uleb128 0x19
 979 00b6 03       		.uleb128 0x3
 980 00b7 0E       		.uleb128 0xe
 981 00b8 3A       		.uleb128 0x3a
 982 00b9 0B       		.uleb128 0xb
 983 00ba 3B       		.uleb128 0x3b
 984 00bb 0B       		.uleb128 0xb
 985 00bc 27       		.uleb128 0x27
 986 00bd 19       		.uleb128 0x19
 987 00be 49       		.uleb128 0x49
 988 00bf 13       		.uleb128 0x13
 989 00c0 11       		.uleb128 0x11
 990 00c1 01       		.uleb128 0x1
 991 00c2 12       		.uleb128 0x12
 992 00c3 06       		.uleb128 0x6
 993 00c4 40       		.uleb128 0x40
 994 00c5 18       		.uleb128 0x18
 995 00c6 9742     		.uleb128 0x2117
 996 00c8 19       		.uleb128 0x19
 997 00c9 01       		.uleb128 0x1
 998 00ca 13       		.uleb128 0x13
 999 00cb 00       		.byte	0
 1000 00cc 00       		.byte	0
 1001 00cd 13       		.uleb128 0x13
 1002 00ce 05       		.uleb128 0x5
 1003 00cf 00       		.byte	0
 1004 00d0 03       		.uleb128 0x3
 1005 00d1 0E       		.uleb128 0xe
 1006 00d2 3A       		.uleb128 0x3a
 1007 00d3 0B       		.uleb128 0xb
 1008 00d4 3B       		.uleb128 0x3b
 1009 00d5 0B       		.uleb128 0xb
 1010 00d6 49       		.uleb128 0x49
 1011 00d7 13       		.uleb128 0x13
 1012 00d8 02       		.uleb128 0x2
 1013 00d9 17       		.uleb128 0x17
 1014 00da 00       		.byte	0
 1015 00db 00       		.byte	0
 1016 00dc 14       		.uleb128 0x14
 1017 00dd 898201   		.uleb128 0x4109
 1018 00e0 00       		.byte	0
 1019 00e1 11       		.uleb128 0x11
 1020 00e2 01       		.uleb128 0x1
 1021 00e3 31       		.uleb128 0x31
 1022 00e4 13       		.uleb128 0x13
 1023 00e5 00       		.byte	0
 1024 00e6 00       		.byte	0
 1025 00e7 15       		.uleb128 0x15
 1026 00e8 26       		.uleb128 0x26
 1027 00e9 00       		.byte	0
 1028 00ea 49       		.uleb128 0x49
 1029 00eb 13       		.uleb128 0x13
 1030 00ec 00       		.byte	0
ARM GAS  C:\Users\saman\AppData\Local\Temp\ccEQQ3FD.s 			page 20


 1031 00ed 00       		.byte	0
 1032 00ee 16       		.uleb128 0x16
 1033 00ef 34       		.uleb128 0x34
 1034 00f0 00       		.byte	0
 1035 00f1 03       		.uleb128 0x3
 1036 00f2 0E       		.uleb128 0xe
 1037 00f3 3A       		.uleb128 0x3a
 1038 00f4 0B       		.uleb128 0xb
 1039 00f5 3B       		.uleb128 0x3b
 1040 00f6 0B       		.uleb128 0xb
 1041 00f7 49       		.uleb128 0x49
 1042 00f8 13       		.uleb128 0x13
 1043 00f9 3F       		.uleb128 0x3f
 1044 00fa 19       		.uleb128 0x19
 1045 00fb 3C       		.uleb128 0x3c
 1046 00fc 19       		.uleb128 0x19
 1047 00fd 00       		.byte	0
 1048 00fe 00       		.byte	0
 1049 00ff 17       		.uleb128 0x17
 1050 0100 34       		.uleb128 0x34
 1051 0101 00       		.byte	0
 1052 0102 03       		.uleb128 0x3
 1053 0103 0E       		.uleb128 0xe
 1054 0104 3A       		.uleb128 0x3a
 1055 0105 0B       		.uleb128 0xb
 1056 0106 3B       		.uleb128 0x3b
 1057 0107 05       		.uleb128 0x5
 1058 0108 49       		.uleb128 0x49
 1059 0109 13       		.uleb128 0x13
 1060 010a 3F       		.uleb128 0x3f
 1061 010b 19       		.uleb128 0x19
 1062 010c 3C       		.uleb128 0x3c
 1063 010d 19       		.uleb128 0x19
 1064 010e 00       		.byte	0
 1065 010f 00       		.byte	0
 1066 0110 18       		.uleb128 0x18
 1067 0111 35       		.uleb128 0x35
 1068 0112 00       		.byte	0
 1069 0113 49       		.uleb128 0x49
 1070 0114 13       		.uleb128 0x13
 1071 0115 00       		.byte	0
 1072 0116 00       		.byte	0
 1073 0117 19       		.uleb128 0x19
 1074 0118 2E       		.uleb128 0x2e
 1075 0119 00       		.byte	0
 1076 011a 3F       		.uleb128 0x3f
 1077 011b 19       		.uleb128 0x19
 1078 011c 3C       		.uleb128 0x3c
 1079 011d 19       		.uleb128 0x19
 1080 011e 6E       		.uleb128 0x6e
 1081 011f 0E       		.uleb128 0xe
 1082 0120 03       		.uleb128 0x3
 1083 0121 0E       		.uleb128 0xe
 1084 0122 3A       		.uleb128 0x3a
 1085 0123 0B       		.uleb128 0xb
 1086 0124 3B       		.uleb128 0x3b
 1087 0125 0B       		.uleb128 0xb
ARM GAS  C:\Users\saman\AppData\Local\Temp\ccEQQ3FD.s 			page 21


 1088 0126 00       		.byte	0
 1089 0127 00       		.byte	0
 1090 0128 00       		.byte	0
 1091              		.section	.debug_loc,"",%progbits
 1092              	.Ldebug_loc0:
 1093              	.LLST0:
 1094 0000 00000000 		.4byte	.LVL0
 1095 0004 0B000000 		.4byte	.LVL1-1
 1096 0008 0100     		.2byte	0x1
 1097 000a 50       		.byte	0x50
 1098 000b 0B000000 		.4byte	.LVL1-1
 1099 000f 18000000 		.4byte	.LFE111
 1100 0013 0100     		.2byte	0x1
 1101 0015 54       		.byte	0x54
 1102 0016 00000000 		.4byte	0
 1103 001a 00000000 		.4byte	0
 1104              		.section	.debug_aranges,"",%progbits
 1105 0000 1C000000 		.4byte	0x1c
 1106 0004 0200     		.2byte	0x2
 1107 0006 00000000 		.4byte	.Ldebug_info0
 1108 000a 04       		.byte	0x4
 1109 000b 00       		.byte	0
 1110 000c 0000     		.2byte	0
 1111 000e 0000     		.2byte	0
 1112 0010 00000000 		.4byte	.LFB111
 1113 0014 18000000 		.4byte	.LFE111-.LFB111
 1114 0018 00000000 		.4byte	0
 1115 001c 00000000 		.4byte	0
 1116              		.section	.debug_ranges,"",%progbits
 1117              	.Ldebug_ranges0:
 1118 0000 00000000 		.4byte	.LFB111
 1119 0004 18000000 		.4byte	.LFE111
 1120 0008 00000000 		.4byte	0
 1121 000c 00000000 		.4byte	0
 1122              		.section	.debug_line,"",%progbits
 1123              	.Ldebug_line0:
 1124 0000 AC020000 		.section	.debug_str,"MS",%progbits,1
 1124      02009302 
 1124      00000201 
 1124      FB0E0D00 
 1124      01010101 
 1125              	.LASF91:
 1126 0000 434C4F43 		.ascii	"CLOCK_Active_Widget_t\000"
 1126      4B5F4163 
 1126      74697665 
 1126      5F576964 
 1126      6765745F 
 1127              	.LASF75:
 1128 0016 45565F4B 		.ascii	"EV_KEYLEFT\000"
 1128      45594C45 
 1128      465400
 1129              	.LASF115:
 1130 0021 434C4F43 		.ascii	"CLOCK_widget_t\000"
 1130      4B5F7769 
 1130      64676574 
 1130      5F7400
 1131              	.LASF49:
ARM GAS  C:\Users\saman\AppData\Local\Temp\ccEQQ3FD.s 			page 22


 1132 0030 52435F45 		.ascii	"RC_ERROR_INVALID_STATE\000"
 1132      52524F52 
 1132      5F494E56 
 1132      414C4944 
 1132      5F535441 
 1133              	.LASF59:
 1134 0047 4D414745 		.ascii	"MAGENTA\000"
 1134      4E544100 
 1135              	.LASF57:
 1136 004f 47524544 		.ascii	"GRED\000"
 1136      00
 1137              	.LASF3:
 1138 0054 5F5F7569 		.ascii	"__uint8_t\000"
 1138      6E74385F 
 1138      7400
 1139              	.LASF52:
 1140 005e 52435F74 		.ascii	"RC_t\000"
 1140      00
 1141              	.LASF41:
 1142 0063 52435F45 		.ascii	"RC_ERROR_WRITE_ONLY\000"
 1142      52524F52 
 1142      5F575249 
 1142      54455F4F 
 1142      4E4C5900 
 1143              	.LASF132:
 1144 0077 42757474 		.ascii	"Button_1_Read\000"
 1144      6F6E5F31 
 1144      5F526561 
 1144      6400
 1145              	.LASF101:
 1146 0085 746F5374 		.ascii	"toState\000"
 1146      61746500 
 1147              	.LASF111:
 1148 008d 6D5F7472 		.ascii	"m_transitions\000"
 1148      616E7369 
 1148      74696F6E 
 1148      7300
 1149              	.LASF47:
 1150 009b 52435F45 		.ascii	"RC_ERROR_BAD_DATA\000"
 1150      52524F52 
 1150      5F424144 
 1150      5F444154 
 1150      4100
 1151              	.LASF37:
 1152 00ad 52435F45 		.ascii	"RC_ERROR_TIME_OUT\000"
 1152      52524F52 
 1152      5F54494D 
 1152      455F4F55 
 1152      5400
 1153              	.LASF81:
 1154 00bf 434C4F43 		.ascii	"CLOCK_C_ISDISPLAYING\000"
 1154      4B5F435F 
 1154      49534449 
 1154      53504C41 
 1154      59494E47 
 1155              	.LASF6:
 1156 00d4 5F5F696E 		.ascii	"__int32_t\000"
ARM GAS  C:\Users\saman\AppData\Local\Temp\ccEQQ3FD.s 			page 23


 1156      7433325F 
 1156      7400
 1157              	.LASF88:
 1158 00de 434C4F43 		.ascii	"CLOCK_HOURWIDGET\000"
 1158      4B5F484F 
 1158      55525749 
 1158      44474554 
 1158      00
 1159              	.LASF131:
 1160 00ef 49544D5F 		.ascii	"ITM_RxBuffer\000"
 1160      52784275 
 1160      66666572 
 1160      00
 1161              	.LASF53:
 1162 00fc 57484954 		.ascii	"WHITE\000"
 1162      4500
 1163              	.LASF73:
 1164 0102 5446545F 		.ascii	"TFT_colors_t\000"
 1164      636F6C6F 
 1164      72735F74 
 1164      00
 1165              	.LASF9:
 1166 010f 6C6F6E67 		.ascii	"long long int\000"
 1166      206C6F6E 
 1166      6720696E 
 1166      7400
 1167              	.LASF0:
 1168 011d 7369676E 		.ascii	"signed char\000"
 1168      65642063 
 1168      68617200 
 1169              	.LASF30:
 1170 0129 52435F45 		.ascii	"RC_ERROR_MEMORY\000"
 1170      52524F52 
 1170      5F4D454D 
 1170      4F525900 
 1171              	.LASF82:
 1172 0139 434C4F43 		.ascii	"CLOCK_C_ISEDITINGHOURS\000"
 1172      4B5F435F 
 1172      49534544 
 1172      4954494E 
 1172      47484F55 
 1173              	.LASF137:
 1174 0150 53435F49 		.ascii	"SC_INPUT_driverIn\000"
 1174      4E505554 
 1174      5F647269 
 1174      76657249 
 1174      6E00
 1175              	.LASF133:
 1176 0162 42757474 		.ascii	"Button_2_Read\000"
 1176      6F6E5F32 
 1176      5F526561 
 1176      6400
 1177              	.LASF35:
 1178 0170 52435F45 		.ascii	"RC_ERROR_BUFFER_EMTPY\000"
 1178      52524F52 
 1178      5F425546 
 1178      4645525F 
ARM GAS  C:\Users\saman\AppData\Local\Temp\ccEQQ3FD.s 			page 24


 1178      454D5450 
 1179              	.LASF106:
 1180 0186 73746174 		.ascii	"state\000"
 1180      6500
 1181              	.LASF99:
 1182 018c 53544154 		.ascii	"STATE_GuardPtr_t\000"
 1182      455F4775 
 1182      61726450 
 1182      74725F74 
 1182      00
 1183              	.LASF7:
 1184 019d 6C6F6E67 		.ascii	"long int\000"
 1184      20696E74 
 1184      00
 1185              	.LASF63:
 1186 01a6 42524F57 		.ascii	"BROWN\000"
 1186      4E00
 1187              	.LASF108:
 1188 01ac 61637469 		.ascii	"actionExit\000"
 1188      6F6E4578 
 1188      697400
 1189              	.LASF62:
 1190 01b7 59454C4C 		.ascii	"YELLOW\000"
 1190      4F5700
 1191              	.LASF38:
 1192 01be 52435F45 		.ascii	"RC_ERROR_OPEN\000"
 1192      52524F52 
 1192      5F4F5045 
 1192      4E00
 1193              	.LASF78:
 1194 01cc 45565F32 		.ascii	"EV_250MS\000"
 1194      35304D53 
 1194      00
 1195              	.LASF16:
 1196 01d5 646F7562 		.ascii	"double\000"
 1196      6C6500
 1197              	.LASF113:
 1198 01dc 6D5F7661 		.ascii	"m_value\000"
 1198      6C756500 
 1199              	.LASF96:
 1200 01e4 795F706F 		.ascii	"y_pos\000"
 1200      7300
 1201              	.LASF127:
 1202 01ea 45455F6F 		.ascii	"EE_oo_IRQ_suspend_status\000"
 1202      6F5F4952 
 1202      515F7375 
 1202      7370656E 
 1202      645F7374 
 1203              	.LASF129:
 1204 0203 45455F73 		.ascii	"EE_std_endcycle_next_tid\000"
 1204      74645F65 
 1204      6E646379 
 1204      636C655F 
 1204      6E657874 
 1205              	.LASF76:
 1206 021c 45565F4B 		.ascii	"EV_KEYRIGHT\000"
 1206      45595249 
ARM GAS  C:\Users\saman\AppData\Local\Temp\ccEQQ3FD.s 			page 25


 1206      47485400 
 1207              	.LASF64:
 1208 0228 42525245 		.ascii	"BRRED\000"
 1208      4400
 1209              	.LASF135:
 1210 022e 736F7572 		.ascii	"source\\rte\\sc_input_type.c\000"
 1210      63655C72 
 1210      74655C73 
 1210      635F696E 
 1210      7075745F 
 1211              	.LASF70:
 1212 0249 4C475241 		.ascii	"LGRAY\000"
 1212      5900
 1213              	.LASF95:
 1214 024f 785F706F 		.ascii	"x_pos\000"
 1214      7300
 1215              	.LASF23:
 1216 0255 45455F54 		.ascii	"EE_TID\000"
 1216      494400
 1217              	.LASF98:
 1218 025c 53544154 		.ascii	"STATE_ActionPtr_t\000"
 1218      455F4163 
 1218      74696F6E 
 1218      5074725F 
 1218      7400
 1219              	.LASF11:
 1220 026e 756E7369 		.ascii	"unsigned int\000"
 1220      676E6564 
 1220      20696E74 
 1220      00
 1221              	.LASF79:
 1222 027b 45565F31 		.ascii	"EV_1MIN\000"
 1222      4D494E00 
 1223              	.LASF13:
 1224 0283 75696E74 		.ascii	"uint16_t\000"
 1224      31365F74 
 1224      00
 1225              	.LASF50:
 1226 028c 52435F45 		.ascii	"RC_ERROR_UNKNOWN\000"
 1226      52524F52 
 1226      5F554E4B 
 1226      4E4F574E 
 1226      00
 1227              	.LASF21:
 1228 029d 45455F55 		.ascii	"EE_UREG\000"
 1228      52454700 
 1229              	.LASF39:
 1230 02a5 52435F45 		.ascii	"RC_ERROR_CHECKSUM\000"
 1230      52524F52 
 1230      5F434845 
 1230      434B5355 
 1230      4D00
 1231              	.LASF8:
 1232 02b7 6C6F6E67 		.ascii	"long unsigned int\000"
 1232      20756E73 
 1232      69676E65 
 1232      6420696E 
ARM GAS  C:\Users\saman\AppData\Local\Temp\ccEQQ3FD.s 			page 26


 1232      7400
 1233              	.LASF28:
 1234 02c9 52435F45 		.ascii	"RC_ERROR_NULL\000"
 1234      52524F52 
 1234      5F4E554C 
 1234      4C00
 1235              	.LASF26:
 1236 02d7 52435F53 		.ascii	"RC_SUCCESS\000"
 1236      55434345 
 1236      535300
 1237              	.LASF86:
 1238 02e2 434C4F43 		.ascii	"CLOCK_W_ISAUTOINCREMENT\000"
 1238      4B5F575F 
 1238      49534155 
 1238      544F494E 
 1238      4352454D 
 1239              	.LASF58:
 1240 02fa 47424C55 		.ascii	"GBLUE\000"
 1240      4500
 1241              	.LASF10:
 1242 0300 6C6F6E67 		.ascii	"long long unsigned int\000"
 1242      206C6F6E 
 1242      6720756E 
 1242      7369676E 
 1242      65642069 
 1243              	.LASF100:
 1244 0317 6576656E 		.ascii	"event\000"
 1244      7400
 1245              	.LASF92:
 1246 031d 73697A65 		.ascii	"size\000"
 1246      00
 1247              	.LASF5:
 1248 0322 73686F72 		.ascii	"short unsigned int\000"
 1248      7420756E 
 1248      7369676E 
 1248      65642069 
 1248      6E7400
 1249              	.LASF126:
 1250 0335 45455F6F 		.ascii	"EE_oo_IRQ_disable_count\000"
 1250      6F5F4952 
 1250      515F6469 
 1250      7361626C 
 1250      655F636F 
 1251              	.LASF34:
 1252 034d 52435F45 		.ascii	"RC_ERROR_BUFFER_FULL\000"
 1252      52524F52 
 1252      5F425546 
 1252      4645525F 
 1252      46554C4C 
 1253              	.LASF72:
 1254 0362 4C42424C 		.ascii	"LBBLUE\000"
 1254      554500
 1255              	.LASF107:
 1256 0369 61637469 		.ascii	"actionEntry\000"
 1256      6F6E456E 
 1256      74727900 
 1257              	.LASF90:
ARM GAS  C:\Users\saman\AppData\Local\Temp\ccEQQ3FD.s 			page 27


 1258 0375 4E4F4E45 		.ascii	"NONE\000"
 1258      00
 1259              	.LASF71:
 1260 037a 4C475241 		.ascii	"LGRAYBLUE\000"
 1260      59424C55 
 1260      4500
 1261              	.LASF44:
 1262 0384 52435F45 		.ascii	"RC_ERROR_WRITE_FAILS\000"
 1262      52524F52 
 1262      5F575249 
 1262      54455F46 
 1262      41494C53 
 1263              	.LASF45:
 1264 0399 52435F45 		.ascii	"RC_ERROR_NOT_MATCH\000"
 1264      52524F52 
 1264      5F4E4F54 
 1264      5F4D4154 
 1264      434800
 1265              	.LASF114:
 1266 03ac 6D5F666F 		.ascii	"m_font\000"
 1266      6E7400
 1267              	.LASF67:
 1268 03b3 4C494748 		.ascii	"LIGHTBLUE\000"
 1268      54424C55 
 1268      4500
 1269              	.LASF89:
 1270 03bd 434C4F43 		.ascii	"CLOCK_MINWIDGET\000"
 1270      4B5F4D49 
 1270      4E574944 
 1270      47455400 
 1271              	.LASF80:
 1272 03cd 4556454E 		.ascii	"EVENT_t\000"
 1272      545F7400 
 1273              	.LASF24:
 1274 03d5 73697A65 		.ascii	"sizetype\000"
 1274      74797065 
 1274      00
 1275              	.LASF85:
 1276 03de 434C4F43 		.ascii	"CLOCK_W_ISEDITING\000"
 1276      4B5F575F 
 1276      49534544 
 1276      4954494E 
 1276      4700
 1277              	.LASF18:
 1278 03f0 6C6F6E67 		.ascii	"long double\000"
 1278      20646F75 
 1278      626C6500 
 1279              	.LASF25:
 1280 03fc 626F6F6C 		.ascii	"boolean_t\000"
 1280      65616E5F 
 1280      7400
 1281              	.LASF104:
 1282 0406 53544154 		.ascii	"STATE_stateInnerTransition_t\000"
 1282      455F7374 
 1282      61746549 
 1282      6E6E6572 
 1282      5472616E 
ARM GAS  C:\Users\saman\AppData\Local\Temp\ccEQQ3FD.s 			page 28


 1283              	.LASF110:
 1284 0423 6D5F7769 		.ascii	"m_widgetState\000"
 1284      64676574 
 1284      53746174 
 1284      6500
 1285              	.LASF42:
 1286 0431 52435F45 		.ascii	"RC_ERROR_INVALID\000"
 1286      52524F52 
 1286      5F494E56 
 1286      414C4944 
 1286      00
 1287              	.LASF128:
 1288 0442 45455F41 		.ascii	"EE_ApplicationMode\000"
 1288      70706C69 
 1288      63617469 
 1288      6F6E4D6F 
 1288      646500
 1289              	.LASF48:
 1290 0455 52435F45 		.ascii	"RC_ERROR_CANCELED\000"
 1290      52524F52 
 1290      5F43414E 
 1290      43454C45 
 1290      4400
 1291              	.LASF65:
 1292 0467 47524159 		.ascii	"GRAY\000"
 1292      00
 1293              	.LASF33:
 1294 046c 52435F45 		.ascii	"RC_ERROR_UNDERRUN\000"
 1294      52524F52 
 1294      5F554E44 
 1294      45525255 
 1294      4E00
 1295              	.LASF43:
 1296 047e 52435F45 		.ascii	"RC_ERROR_READ_FAILS\000"
 1296      52524F52 
 1296      5F524541 
 1296      445F4641 
 1296      494C5300 
 1297              	.LASF66:
 1298 0492 4441524B 		.ascii	"DARKBLUE\000"
 1298      424C5545 
 1298      00
 1299              	.LASF27:
 1300 049b 52435F45 		.ascii	"RC_ERROR\000"
 1300      52524F52 
 1300      00
 1301              	.LASF121:
 1302 04a4 42757474 		.ascii	"Button_L_Status\000"
 1302      6F6E5F4C 
 1302      5F537461 
 1302      74757300 
 1303              	.LASF56:
 1304 04b4 42524544 		.ascii	"BRED\000"
 1304      00
 1305              	.LASF124:
 1306 04b9 6D5F636C 		.ascii	"m_clock_data\000"
 1306      6F636B5F 
ARM GAS  C:\Users\saman\AppData\Local\Temp\ccEQQ3FD.s 			page 29


 1306      64617461 
 1306      00
 1307              	.LASF36:
 1308 04c6 52435F45 		.ascii	"RC_ERROR_BUSY\000"
 1308      52524F52 
 1308      5F425553 
 1308      5900
 1309              	.LASF112:
 1310 04d4 6D5F7374 		.ascii	"m_stateActions\000"
 1310      61746541 
 1310      6374696F 
 1310      6E7300
 1311              	.LASF14:
 1312 04e3 696E7433 		.ascii	"int32_t\000"
 1312      325F7400 
 1313              	.LASF1:
 1314 04eb 756E7369 		.ascii	"unsigned char\000"
 1314      676E6564 
 1314      20636861 
 1314      7200
 1315              	.LASF105:
 1316 04f9 53544154 		.ascii	"STATE_stateInnerTransitionTable_t\000"
 1316      455F7374 
 1316      61746549 
 1316      6E6E6572 
 1316      5472616E 
 1317              	.LASF2:
 1318 051b 73686F72 		.ascii	"short int\000"
 1318      7420696E 
 1318      7400
 1319              	.LASF94:
 1320 0525 77696467 		.ascii	"widget\000"
 1320      657400
 1321              	.LASF83:
 1322 052c 434C4F43 		.ascii	"CLOCK_C_ISEDITINGMINUTES\000"
 1322      4B5F435F 
 1322      49534544 
 1322      4954494E 
 1322      474D494E 
 1323              	.LASF120:
 1324 0545 434C4F43 		.ascii	"CLOCK_data_t\000"
 1324      4B5F6461 
 1324      74615F74 
 1324      00
 1325              	.LASF125:
 1326 0552 53435F49 		.ascii	"SC_INPUT_data_t\000"
 1326      4E505554 
 1326      5F646174 
 1326      615F7400 
 1327              	.LASF134:
 1328 0562 474E5520 		.ascii	"GNU C11 5.4.1 20160609 (release) [ARM/embedded-5-br"
 1328      43313120 
 1328      352E342E 
 1328      31203230 
 1328      31363036 
 1329 0595 616E6368 		.ascii	"anch revision 237715] -mcpu=cortex-m3 -mthumb -g -O"
 1329      20726576 
ARM GAS  C:\Users\saman\AppData\Local\Temp\ccEQQ3FD.s 			page 30


 1329      6973696F 
 1329      6E203233 
 1329      37373135 
 1330 05c8 67202D66 		.ascii	"g -ffunction-sections -ffat-lto-objects\000"
 1330      66756E63 
 1330      74696F6E 
 1330      2D736563 
 1330      74696F6E 
 1331              	.LASF61:
 1332 05f0 4359414E 		.ascii	"CYAN\000"
 1332      00
 1333              	.LASF29:
 1334 05f5 52435F45 		.ascii	"RC_ERROR_ZERO\000"
 1334      52524F52 
 1334      5F5A4552 
 1334      4F00
 1335              	.LASF46:
 1336 0603 52435F45 		.ascii	"RC_ERROR_BAD_PARAM\000"
 1336      52524F52 
 1336      5F424144 
 1336      5F504152 
 1336      414D00
 1337              	.LASF40:
 1338 0616 52435F45 		.ascii	"RC_ERROR_READ_ONLY\000"
 1338      52524F52 
 1338      5F524541 
 1338      445F4F4E 
 1338      4C5900
 1339              	.LASF15:
 1340 0629 666C6F61 		.ascii	"float\000"
 1340      7400
 1341              	.LASF17:
 1342 062f 63686172 		.ascii	"char\000"
 1342      00
 1343              	.LASF54:
 1344 0634 424C4143 		.ascii	"BLACK\000"
 1344      4B00
 1345              	.LASF122:
 1346 063a 42757474 		.ascii	"Button_R_Status\000"
 1346      6F6E5F52 
 1346      5F537461 
 1346      74757300 
 1347              	.LASF4:
 1348 064a 5F5F7569 		.ascii	"__uint16_t\000"
 1348      6E743136 
 1348      5F7400
 1349              	.LASF55:
 1350 0655 424C5545 		.ascii	"BLUE\000"
 1350      00
 1351              	.LASF117:
 1352 065a 6D5F6163 		.ascii	"m_activeWidget\000"
 1352      74697665 
 1352      57696467 
 1352      657400
 1353              	.LASF60:
 1354 0669 47524545 		.ascii	"GREEN\000"
 1354      4E00
ARM GAS  C:\Users\saman\AppData\Local\Temp\ccEQQ3FD.s 			page 31


 1355              	.LASF51:
 1356 066f 52435F45 		.ascii	"RC_ERROR_NOT_IMPLEMENTED\000"
 1356      52524F52 
 1356      5F4E4F54 
 1356      5F494D50 
 1356      4C454D45 
 1357              	.LASF74:
 1358 0688 45565F4E 		.ascii	"EV_NONE\000"
 1358      4F4E4500 
 1359              	.LASF32:
 1360 0690 52435F45 		.ascii	"RC_ERROR_OVERRUN\000"
 1360      52524F52 
 1360      5F4F5645 
 1360      5252554E 
 1360      00
 1361              	.LASF69:
 1362 06a1 4C494748 		.ascii	"LIGHTGREEN\000"
 1362      54475245 
 1362      454E00
 1363              	.LASF138:
 1364 06ac 64617461 		.ascii	"data\000"
 1364      00
 1365              	.LASF123:
 1366 06b1 6D5F6576 		.ascii	"m_ev\000"
 1366      00
 1367              	.LASF84:
 1368 06b6 434C4F43 		.ascii	"CLOCK_W_ISDISPLAYING\000"
 1368      4B5F575F 
 1368      49534449 
 1368      53504C41 
 1368      59494E47 
 1369              	.LASF103:
 1370 06cb 61637469 		.ascii	"actionTransition\000"
 1370      6F6E5472 
 1370      616E7369 
 1370      74696F6E 
 1370      00
 1371              	.LASF136:
 1372 06dc 443A5C68 		.ascii	"D:\\h_da\\sem2\\eaa\\lab2\\lab2\\my\\assignment2\\E"
 1372      5F64615C 
 1372      73656D32 
 1372      5C656161 
 1372      5C6C6162 
 1373 0707 436C6F63 		.ascii	"Clock.cydsn\000"
 1373      6B2E6379 
 1373      64736E00 
 1374              	.LASF119:
 1375 0713 6D5F6D69 		.ascii	"m_minutes\000"
 1375      6E757465 
 1375      7300
 1376              	.LASF109:
 1377 071d 53544154 		.ascii	"STATE_stateAction_t\000"
 1377      455F7374 
 1377      61746541 
 1377      6374696F 
 1377      6E5F7400 
 1378              	.LASF93:
ARM GAS  C:\Users\saman\AppData\Local\Temp\ccEQQ3FD.s 			page 32


 1379 0731 62675F63 		.ascii	"bg_colour\000"
 1379      6F6C6F75 
 1379      7200
 1380              	.LASF130:
 1381 073b 45455F49 		.ascii	"EE_IRQ_nesting_level\000"
 1381      52515F6E 
 1381      65737469 
 1381      6E675F6C 
 1381      6576656C 
 1382              	.LASF20:
 1383 0750 45455F55 		.ascii	"EE_UINT32\000"
 1383      494E5433 
 1383      3200
 1384              	.LASF31:
 1385 075a 52435F45 		.ascii	"RC_ERROR_RANGE\000"
 1385      52524F52 
 1385      5F52414E 
 1385      474500
 1386              	.LASF19:
 1387 0769 45455F49 		.ascii	"EE_INT32\000"
 1387      4E543332 
 1387      00
 1388              	.LASF12:
 1389 0772 75696E74 		.ascii	"uint8_t\000"
 1389      385F7400 
 1390              	.LASF118:
 1391 077a 6D5F686F 		.ascii	"m_hours\000"
 1391      75727300 
 1392              	.LASF116:
 1393 0782 6D5F636F 		.ascii	"m_containerState\000"
 1393      6E746169 
 1393      6E657253 
 1393      74617465 
 1393      00
 1394              	.LASF87:
 1395 0793 434C4F43 		.ascii	"CLOCK_state_t\000"
 1395      4B5F7374 
 1395      6174655F 
 1395      7400
 1396              	.LASF77:
 1397 07a1 45565F4B 		.ascii	"EV_KEYRIGHTLONGPRESS\000"
 1397      45595249 
 1397      4748544C 
 1397      4F4E4750 
 1397      52455353 
 1398              	.LASF68:
 1399 07b6 47524159 		.ascii	"GRAYBLUE\000"
 1399      424C5545 
 1399      00
 1400              	.LASF97:
 1401 07bf 434C4F43 		.ascii	"CLOCK_font_t\000"
 1401      4B5F666F 
 1401      6E745F74 
 1401      00
 1402              	.LASF102:
 1403 07cc 67756172 		.ascii	"guard\000"
 1403      6400
ARM GAS  C:\Users\saman\AppData\Local\Temp\ccEQQ3FD.s 			page 33


 1404              	.LASF22:
 1405 07d2 45455F46 		.ascii	"EE_FREG\000"
 1405      52454700 
 1406              		.ident	"GCC: (GNU Tools for ARM Embedded Processors) 5.4.1 20160609 (release) [ARM/embedded-5-bran
