ARM GAS  C:\Users\saman\AppData\Local\Temp\ccsqY3pk.s 			page 1


   1              		.syntax unified
   2              		.cpu cortex-m3
   3              		.fpu softvfp
   4              		.eabi_attribute 20, 1
   5              		.eabi_attribute 21, 1
   6              		.eabi_attribute 23, 3
   7              		.eabi_attribute 24, 1
   8              		.eabi_attribute 25, 1
   9              		.eabi_attribute 26, 1
  10              		.eabi_attribute 30, 1
  11              		.eabi_attribute 34, 1
  12              		.eabi_attribute 18, 4
  13              		.thumb
  14              		.syntax unified
  15              		.file	"tsk_control.c"
  16              		.text
  17              	.Ltext0:
  18              		.cfi_sections	.debug_frame
  19              		.section	.text.Functsk_control,"ax",%progbits
  20              		.align	2
  21              		.global	Functsk_control
  22              		.thumb
  23              		.thumb_func
  24              		.type	Functsk_control, %function
  25              	Functsk_control:
  26              	.LFB110:
  27              		.file 1 "source\\asw\\tsk_control.c"
   1:source\asw/tsk_control.c **** /*
   2:source\asw/tsk_control.c ****  * Filename: tsk_control.c
   3:source\asw/tsk_control.c ****  *
   4:source\asw/tsk_control.c ****  * Author: Autogenerated by H-DA RTE Generator, (c) Prof. Fromm
   5:source\asw/tsk_control.c ****  *
   6:source\asw/tsk_control.c ****  * description: Task for handling the state machine
   7:source\asw/tsk_control.c ****  * events: ev_button|ev_onData
   8:source\asw/tsk_control.c ****  * mode: Event
   9:source\asw/tsk_control.c ****  * name: tsk_control
  10:source\asw/tsk_control.c ****  * shortname: control
  11:source\asw/tsk_control.c ****  * signalpoolsRO: sp_common
  12:source\asw/tsk_control.c ****  * signalpoolsRW: sp_common
  13:source\asw/tsk_control.c ****  * tickEvent: 0
  14:source\asw/tsk_control.c ****  * timertickperiod: 0
  15:source\asw/tsk_control.c ****  *
  16:source\asw/tsk_control.c ****  */
  17:source\asw/tsk_control.c **** 
  18:source\asw/tsk_control.c **** #include "project.h"
  19:source\asw/tsk_control.c **** #include "global.h"
  20:source\asw/tsk_control.c **** #include "rte.h"
  21:source\asw/tsk_control.c **** #include "rte_types.h"
  22:source\asw/tsk_control.c **** #include "tsk_control.h"
  23:source\asw/tsk_control.c **** 
  24:source\asw/tsk_control.c **** 
  25:source\asw/tsk_control.c **** 
  26:source\asw/tsk_control.c **** /* USER CODE START TSK_CONTROL_INCLUDE */
  27:source\asw/tsk_control.c **** 
  28:source\asw/tsk_control.c **** /* USER CODE END TSK_CONTROL_INCLUDE */
  29:source\asw/tsk_control.c **** 
  30:source\asw/tsk_control.c **** #include "swc_clock.h"
ARM GAS  C:\Users\saman\AppData\Local\Temp\ccsqY3pk.s 			page 2


  31:source\asw/tsk_control.c **** 
  32:source\asw/tsk_control.c **** 
  33:source\asw/tsk_control.c **** 
  34:source\asw/tsk_control.c **** /* USER CODE START TSK_CONTROL_USERDEFINITIONS */
  35:source\asw/tsk_control.c **** 
  36:source\asw/tsk_control.c **** /* USER CODE END TSK_CONTROL_USERDEFINITIONS */
  37:source\asw/tsk_control.c **** 
  38:source\asw/tsk_control.c **** /*******************************************************************************
  39:source\asw/tsk_control.c ****  * Runnable Tables from Activation Engine
  40:source\asw/tsk_control.c ****  *******************************************************************************/
  41:source\asw/tsk_control.c **** 
  42:source\asw/tsk_control.c **** /* Event Table */
  43:source\asw/tsk_control.c **** const RTE_eventTable_t RTE_eventActivationTable_tsk_control[] = {
  44:source\asw/tsk_control.c ****     { CLOCK_control_run, ev_onData },  //Runnable
  45:source\asw/tsk_control.c ****     { CLOCK_control_run, ev_button },  //Runnable
  46:source\asw/tsk_control.c **** }; 
  47:source\asw/tsk_control.c **** const uint16_t RTE_eventActivation_tsk_control_size = sizeof (RTE_eventActivationTable_tsk_control)
  48:source\asw/tsk_control.c **** 
  49:source\asw/tsk_control.c **** /*******************************************************************************
  50:source\asw/tsk_control.c ****  * Task Body
  51:source\asw/tsk_control.c ****  *******************************************************************************/
  52:source\asw/tsk_control.c **** 
  53:source\asw/tsk_control.c **** 
  54:source\asw/tsk_control.c **** /*
  55:source\asw/tsk_control.c ****  * description: Task for handling the state machine
  56:source\asw/tsk_control.c ****  * events: ev_button|ev_onData
  57:source\asw/tsk_control.c ****  * mode: Event
  58:source\asw/tsk_control.c ****  * name: tsk_control
  59:source\asw/tsk_control.c ****  * shortname: control
  60:source\asw/tsk_control.c ****  * signalpoolsRO: sp_common
  61:source\asw/tsk_control.c ****  * signalpoolsRW: sp_common
  62:source\asw/tsk_control.c ****  * tickEvent: 0
  63:source\asw/tsk_control.c ****  * timertickperiod: 0
  64:source\asw/tsk_control.c ****  */
  65:source\asw/tsk_control.c **** TASK(tsk_control)
  66:source\asw/tsk_control.c **** {
  28              		.loc 1 66 0
  29              		.cfi_startproc
  30              		@ args = 0, pretend = 0, frame = 8
  31              		@ frame_needed = 0, uses_anonymous_args = 0
  32 0000 00B5     		push	{lr}
  33              		.cfi_def_cfa_offset 4
  34              		.cfi_offset 14, -4
  35 0002 83B0     		sub	sp, sp, #12
  36              		.cfi_def_cfa_offset 16
  67:source\asw/tsk_control.c ****     EventMaskType ev = 0;
  37              		.loc 1 67 0
  38 0004 0023     		movs	r3, #0
  39 0006 0193     		str	r3, [sp, #4]
  40              	.L2:
  68:source\asw/tsk_control.c ****     
  69:source\asw/tsk_control.c **** 	/* USER CODE START TSK_CONTROL_INIT */
  70:source\asw/tsk_control.c **** 
  71:source\asw/tsk_control.c **** 	/* USER CODE END TSK_CONTROL_INIT */
  72:source\asw/tsk_control.c **** 	
  73:source\asw/tsk_control.c ****     while(1)
  74:source\asw/tsk_control.c ****     {
ARM GAS  C:\Users\saman\AppData\Local\Temp\ccsqY3pk.s 			page 3


  75:source\asw/tsk_control.c ****         //Wait, read and clear the event
  76:source\asw/tsk_control.c ****         WaitEvent(ev_button|ev_onData);
  41              		.loc 1 76 0 discriminator 1
  42 0008 0320     		movs	r0, #3
  43 000a FFF7FEFF 		bl	EE_oo_WaitEvent
  44              	.LVL0:
  77:source\asw/tsk_control.c ****         GetEvent(tsk_control,&ev);
  45              		.loc 1 77 0 discriminator 1
  46 000e 01A9     		add	r1, sp, #4
  47 0010 0320     		movs	r0, #3
  48 0012 FFF7FEFF 		bl	EE_oo_GetEvent
  49              	.LVL1:
  78:source\asw/tsk_control.c ****         ClearEvent(ev);
  50              		.loc 1 78 0 discriminator 1
  51 0016 0198     		ldr	r0, [sp, #4]
  52 0018 FFF7FEFF 		bl	EE_oo_ClearEvent
  53              	.LVL2:
  79:source\asw/tsk_control.c **** 		
  80:source\asw/tsk_control.c **** 		/* USER CODE START TSK_CONTROL_TASKBOBY_PRE */
  81:source\asw/tsk_control.c **** 
  82:source\asw/tsk_control.c **** 		/* USER CODE END TSK_CONTROL_TASKBODY_PRE */
  83:source\asw/tsk_control.c ****     
  84:source\asw/tsk_control.c **** 
  85:source\asw/tsk_control.c ****         //Process Event table on event
  86:source\asw/tsk_control.c ****         RTE_ProcessEventTable(RTE_eventActivationTable_tsk_control, RTE_eventActivation_tsk_control
  54              		.loc 1 86 0 discriminator 1
  55 001c 019A     		ldr	r2, [sp, #4]
  56 001e 0221     		movs	r1, #2
  57 0020 0148     		ldr	r0, .L4
  58 0022 FFF7FEFF 		bl	RTE_ProcessEventTable
  59              	.LVL3:
  60 0026 EFE7     		b	.L2
  61              	.L5:
  62              		.align	2
  63              	.L4:
  64 0028 00000000 		.word	.LANCHOR0
  65              		.cfi_endproc
  66              	.LFE110:
  67              		.size	Functsk_control, .-Functsk_control
  68              		.global	RTE_eventActivation_tsk_control_size
  69              		.global	RTE_eventActivationTable_tsk_control
  70              		.section	.rodata
  71              		.align	2
  72              		.set	.LANCHOR0,. + 0
  73              		.type	RTE_eventActivationTable_tsk_control, %object
  74              		.size	RTE_eventActivationTable_tsk_control, 16
  75              	RTE_eventActivationTable_tsk_control:
  76 0000 00000000 		.word	CLOCK_control_run
  77 0004 01000000 		.word	1
  78 0008 00000000 		.word	CLOCK_control_run
  79 000c 02000000 		.word	2
  80              		.type	RTE_eventActivation_tsk_control_size, %object
  81              		.size	RTE_eventActivation_tsk_control_size, 2
  82              	RTE_eventActivation_tsk_control_size:
  83 0010 0200     		.short	2
  84              		.text
  85              	.Letext0:
ARM GAS  C:\Users\saman\AppData\Local\Temp\ccsqY3pk.s 			page 4


  86              		.file 2 "c:\\program files (x86)\\cypress\\psoc creator\\4.4\\psoc creator\\import\\gnu\\arm\\5.4.
  87              		.file 3 "c:\\program files (x86)\\cypress\\psoc creator\\4.4\\psoc creator\\import\\gnu\\arm\\5.4.
  88              		.file 4 "Generated_Source\\PSoC5/ErikaOS_common_ee_types.inc"
  89              		.file 5 "Generated_Source\\PSoC5/ErikaOS_cortex_mx_ee_cpu.inc"
  90              		.file 6 "Generated_Source\\PSoC5/ErikaOS_ee_oo_common.inc"
  91              		.file 7 ".\\source\\rte/rte_types.h"
  92              		.file 8 ".\\source\\rte/rte.h"
  93              		.file 9 "Generated_Source\\PSoC5/ErikaOS_ee_oo_intfunc.inc"
  94              		.file 10 "Generated_Source\\PSoC5/ErikaOS_cortex_mx_ee_context.inc"
  95              		.file 11 "Generated_Source\\PSoC5/ErikaOS_common_ee_primitives.inc"
  96              		.file 12 "Generated_Source\\PSoC5/core_cm3.h"
  97              		.file 13 "Generated_Source\\PSoC5/ErikaOS_ee_oo_kernel.inc"
  98              		.section	.debug_info,"",%progbits
  99              	.Ldebug_info0:
 100 0000 75020000 		.4byte	0x275
 101 0004 0400     		.2byte	0x4
 102 0006 00000000 		.4byte	.Ldebug_abbrev0
 103 000a 04       		.byte	0x4
 104 000b 01       		.uleb128 0x1
 105 000c CE000000 		.4byte	.LASF40
 106 0010 0C       		.byte	0xc
 107 0011 A7020000 		.4byte	.LASF41
 108 0015 C0020000 		.4byte	.LASF42
 109 0019 00000000 		.4byte	.Ldebug_ranges0+0
 110 001d 00000000 		.4byte	0
 111 0021 00000000 		.4byte	.Ldebug_line0
 112 0025 02       		.uleb128 0x2
 113 0026 01       		.byte	0x1
 114 0027 06       		.byte	0x6
 115 0028 0C030000 		.4byte	.LASF0
 116 002c 02       		.uleb128 0x2
 117 002d 01       		.byte	0x1
 118 002e 08       		.byte	0x8
 119 002f C0000000 		.4byte	.LASF1
 120 0033 02       		.uleb128 0x2
 121 0034 02       		.byte	0x2
 122 0035 05       		.byte	0x5
 123 0036 94020000 		.4byte	.LASF2
 124 003a 03       		.uleb128 0x3
 125 003b AF010000 		.4byte	.LASF4
 126 003f 02       		.byte	0x2
 127 0040 2B       		.byte	0x2b
 128 0041 45000000 		.4byte	0x45
 129 0045 02       		.uleb128 0x2
 130 0046 02       		.byte	0x2
 131 0047 07       		.byte	0x7
 132 0048 77010000 		.4byte	.LASF3
 133 004c 03       		.uleb128 0x3
 134 004d 31000000 		.4byte	.LASF5
 135 0051 02       		.byte	0x2
 136 0052 3F       		.byte	0x3f
 137 0053 57000000 		.4byte	0x57
 138 0057 02       		.uleb128 0x2
 139 0058 04       		.byte	0x4
 140 0059 05       		.byte	0x5
 141 005a F7020000 		.4byte	.LASF6
 142 005e 02       		.uleb128 0x2
ARM GAS  C:\Users\saman\AppData\Local\Temp\ccsqY3pk.s 			page 5


 143 005f 04       		.byte	0x4
 144 0060 07       		.byte	0x7
 145 0061 65010000 		.4byte	.LASF7
 146 0065 02       		.uleb128 0x2
 147 0066 08       		.byte	0x8
 148 0067 05       		.byte	0x5
 149 0068 64020000 		.4byte	.LASF8
 150 006c 02       		.uleb128 0x2
 151 006d 08       		.byte	0x8
 152 006e 07       		.byte	0x7
 153 006f 13020000 		.4byte	.LASF9
 154 0073 04       		.uleb128 0x4
 155 0074 04       		.byte	0x4
 156 0075 05       		.byte	0x5
 157 0076 696E7400 		.ascii	"int\000"
 158 007a 02       		.uleb128 0x2
 159 007b 04       		.byte	0x4
 160 007c 07       		.byte	0x7
 161 007d F4010000 		.4byte	.LASF10
 162 0081 03       		.uleb128 0x3
 163 0082 9E020000 		.4byte	.LASF11
 164 0086 03       		.byte	0x3
 165 0087 24       		.byte	0x24
 166 0088 3A000000 		.4byte	0x3a
 167 008c 03       		.uleb128 0x3
 168 008d 53020000 		.4byte	.LASF12
 169 0091 03       		.byte	0x3
 170 0092 2C       		.byte	0x2c
 171 0093 4C000000 		.4byte	0x4c
 172 0097 02       		.uleb128 0x2
 173 0098 04       		.byte	0x4
 174 0099 04       		.byte	0x4
 175 009a 95000000 		.4byte	.LASF13
 176 009e 02       		.uleb128 0x2
 177 009f 08       		.byte	0x8
 178 00a0 04       		.byte	0x4
 179 00a1 6E000000 		.4byte	.LASF14
 180 00a5 02       		.uleb128 0x2
 181 00a6 01       		.byte	0x1
 182 00a7 08       		.byte	0x8
 183 00a8 72020000 		.4byte	.LASF15
 184 00ac 02       		.uleb128 0x2
 185 00ad 08       		.byte	0x8
 186 00ae 04       		.byte	0x4
 187 00af 00030000 		.4byte	.LASF16
 188 00b3 03       		.uleb128 0x3
 189 00b4 5C010000 		.4byte	.LASF17
 190 00b8 04       		.byte	0x4
 191 00b9 53       		.byte	0x53
 192 00ba 73000000 		.4byte	0x73
 193 00be 03       		.uleb128 0x3
 194 00bf 09020000 		.4byte	.LASF18
 195 00c3 04       		.byte	0x4
 196 00c4 54       		.byte	0x54
 197 00c5 7A000000 		.4byte	0x7a
 198 00c9 03       		.uleb128 0x3
 199 00ca 77020000 		.4byte	.LASF19
ARM GAS  C:\Users\saman\AppData\Local\Temp\ccsqY3pk.s 			page 6


 200 00ce 05       		.byte	0x5
 201 00cf 4D       		.byte	0x4d
 202 00d0 BE000000 		.4byte	0xbe
 203 00d4 03       		.uleb128 0x3
 204 00d5 01020000 		.4byte	.LASF20
 205 00d9 05       		.byte	0x5
 206 00da 4F       		.byte	0x4f
 207 00db BE000000 		.4byte	0xbe
 208 00df 03       		.uleb128 0x3
 209 00e0 8E000000 		.4byte	.LASF21
 210 00e4 05       		.byte	0x5
 211 00e5 78       		.byte	0x78
 212 00e6 B3000000 		.4byte	0xb3
 213 00ea 05       		.uleb128 0x5
 214 00eb 3B000000 		.4byte	.LASF22
 215 00ef 06       		.byte	0x6
 216 00f0 2C02     		.2byte	0x22c
 217 00f2 C9000000 		.4byte	0xc9
 218 00f6 02       		.uleb128 0x2
 219 00f7 04       		.byte	0x4
 220 00f8 07       		.byte	0x7
 221 00f9 5B020000 		.4byte	.LASF23
 222 00fd 03       		.uleb128 0x3
 223 00fe BA010000 		.4byte	.LASF24
 224 0102 07       		.byte	0x7
 225 0103 21       		.byte	0x21
 226 0104 EA000000 		.4byte	0xea
 227 0108 03       		.uleb128 0x3
 228 0109 18030000 		.4byte	.LASF25
 229 010d 08       		.byte	0x8
 230 010e 66       		.byte	0x66
 231 010f 13010000 		.4byte	0x113
 232 0113 06       		.uleb128 0x6
 233 0114 04       		.byte	0x4
 234 0115 19010000 		.4byte	0x119
 235 0119 07       		.uleb128 0x7
 236 011a 24010000 		.4byte	0x124
 237 011e 08       		.uleb128 0x8
 238 011f FD000000 		.4byte	0xfd
 239 0123 00       		.byte	0
 240 0124 09       		.uleb128 0x9
 241 0125 08       		.byte	0x8
 242 0126 08       		.byte	0x8
 243 0127 74       		.byte	0x74
 244 0128 45010000 		.4byte	0x145
 245 012c 0A       		.uleb128 0xa
 246 012d 72756E00 		.ascii	"run\000"
 247 0131 08       		.byte	0x8
 248 0132 76       		.byte	0x76
 249 0133 08010000 		.4byte	0x108
 250 0137 00       		.byte	0
 251 0138 0B       		.uleb128 0xb
 252 0139 D5010000 		.4byte	.LASF26
 253 013d 08       		.byte	0x8
 254 013e 77       		.byte	0x77
 255 013f EA000000 		.4byte	0xea
 256 0143 04       		.byte	0x4
ARM GAS  C:\Users\saman\AppData\Local\Temp\ccsqY3pk.s 			page 7


 257 0144 00       		.byte	0
 258 0145 03       		.uleb128 0x3
 259 0146 20000000 		.4byte	.LASF27
 260 014a 08       		.byte	0x8
 261 014b 78       		.byte	0x78
 262 014c 24010000 		.4byte	0x124
 263 0150 0C       		.uleb128 0xc
 264 0151 00000000 		.4byte	.LASF43
 265 0155 01       		.byte	0x1
 266 0156 41       		.byte	0x41
 267 0157 00000000 		.4byte	.LFB110
 268 015b 2C000000 		.4byte	.LFE110-.LFB110
 269 015f 01       		.uleb128 0x1
 270 0160 9C       		.byte	0x9c
 271 0161 C0010000 		.4byte	0x1c0
 272 0165 0D       		.uleb128 0xd
 273 0166 657600   		.ascii	"ev\000"
 274 0169 01       		.byte	0x1
 275 016a 43       		.byte	0x43
 276 016b EA000000 		.4byte	0xea
 277 016f 02       		.uleb128 0x2
 278 0170 91       		.byte	0x91
 279 0171 74       		.sleb128 -12
 280 0172 0E       		.uleb128 0xe
 281 0173 0E000000 		.4byte	.LVL0
 282 0177 49020000 		.4byte	0x249
 283 017b 85010000 		.4byte	0x185
 284 017f 0F       		.uleb128 0xf
 285 0180 01       		.uleb128 0x1
 286 0181 50       		.byte	0x50
 287 0182 01       		.uleb128 0x1
 288 0183 33       		.byte	0x33
 289 0184 00       		.byte	0
 290 0185 0E       		.uleb128 0xe
 291 0186 16000000 		.4byte	.LVL1
 292 018a 55020000 		.4byte	0x255
 293 018e 9E010000 		.4byte	0x19e
 294 0192 0F       		.uleb128 0xf
 295 0193 01       		.uleb128 0x1
 296 0194 50       		.byte	0x50
 297 0195 01       		.uleb128 0x1
 298 0196 33       		.byte	0x33
 299 0197 0F       		.uleb128 0xf
 300 0198 01       		.uleb128 0x1
 301 0199 51       		.byte	0x51
 302 019a 02       		.uleb128 0x2
 303 019b 91       		.byte	0x91
 304 019c 74       		.sleb128 -12
 305 019d 00       		.byte	0
 306 019e 10       		.uleb128 0x10
 307 019f 1C000000 		.4byte	.LVL2
 308 01a3 61020000 		.4byte	0x261
 309 01a7 11       		.uleb128 0x11
 310 01a8 26000000 		.4byte	.LVL3
 311 01ac 6D020000 		.4byte	0x26d
 312 01b0 0F       		.uleb128 0xf
 313 01b1 01       		.uleb128 0x1
ARM GAS  C:\Users\saman\AppData\Local\Temp\ccsqY3pk.s 			page 8


 314 01b2 50       		.byte	0x50
 315 01b3 05       		.uleb128 0x5
 316 01b4 03       		.byte	0x3
 317 01b5 00000000 		.4byte	.LANCHOR0
 318 01b9 0F       		.uleb128 0xf
 319 01ba 01       		.uleb128 0x1
 320 01bb 51       		.byte	0x51
 321 01bc 01       		.uleb128 0x1
 322 01bd 32       		.byte	0x32
 323 01be 00       		.byte	0
 324 01bf 00       		.byte	0
 325 01c0 12       		.uleb128 0x12
 326 01c1 8A010000 		.4byte	.LASF28
 327 01c5 09       		.byte	0x9
 328 01c6 40       		.byte	0x40
 329 01c7 C9000000 		.4byte	0xc9
 330 01cb 12       		.uleb128 0x12
 331 01cc 75000000 		.4byte	.LASF29
 332 01d0 09       		.byte	0x9
 333 01d1 47       		.byte	0x47
 334 01d2 D4000000 		.4byte	0xd4
 335 01d6 12       		.uleb128 0x12
 336 01d7 2A020000 		.4byte	.LASF30
 337 01db 09       		.byte	0x9
 338 01dc 4A       		.byte	0x4a
 339 01dd C9000000 		.4byte	0xc9
 340 01e1 12       		.uleb128 0x12
 341 01e2 DB010000 		.4byte	.LASF31
 342 01e6 0A       		.byte	0xa
 343 01e7 48       		.byte	0x48
 344 01e8 DF000000 		.4byte	0xdf
 345 01ec 12       		.uleb128 0x12
 346 01ed 7F020000 		.4byte	.LASF32
 347 01f1 0B       		.byte	0xb
 348 01f2 44       		.byte	0x44
 349 01f3 C9000000 		.4byte	0xc9
 350 01f7 13       		.uleb128 0x13
 351 01f8 A2010000 		.4byte	.LASF33
 352 01fc 0C       		.byte	0xc
 353 01fd 1207     		.2byte	0x712
 354 01ff 03020000 		.4byte	0x203
 355 0203 14       		.uleb128 0x14
 356 0204 8C000000 		.4byte	0x8c
 357 0208 15       		.uleb128 0x15
 358 0209 18020000 		.4byte	0x218
 359 020d 18020000 		.4byte	0x218
 360 0211 16       		.uleb128 0x16
 361 0212 F6000000 		.4byte	0xf6
 362 0216 01       		.byte	0x1
 363 0217 00       		.byte	0
 364 0218 17       		.uleb128 0x17
 365 0219 45010000 		.4byte	0x145
 366 021d 18       		.uleb128 0x18
 367 021e 9B000000 		.4byte	.LASF34
 368 0222 01       		.byte	0x1
 369 0223 2B       		.byte	0x2b
 370 0224 2E020000 		.4byte	0x22e
ARM GAS  C:\Users\saman\AppData\Local\Temp\ccsqY3pk.s 			page 9


 371 0228 05       		.uleb128 0x5
 372 0229 03       		.byte	0x3
 373 022a 00000000 		.4byte	RTE_eventActivationTable_tsk_control
 374 022e 17       		.uleb128 0x17
 375 022f 08020000 		.4byte	0x208
 376 0233 18       		.uleb128 0x18
 377 0234 49000000 		.4byte	.LASF35
 378 0238 01       		.byte	0x1
 379 0239 2F       		.byte	0x2f
 380 023a 44020000 		.4byte	0x244
 381 023e 05       		.uleb128 0x5
 382 023f 03       		.byte	0x3
 383 0240 00000000 		.4byte	RTE_eventActivation_tsk_control_size
 384 0244 17       		.uleb128 0x17
 385 0245 81000000 		.4byte	0x81
 386 0249 19       		.uleb128 0x19
 387 024a 10000000 		.4byte	.LASF36
 388 024e 10000000 		.4byte	.LASF36
 389 0252 0D       		.byte	0xd
 390 0253 5901     		.2byte	0x159
 391 0255 19       		.uleb128 0x19
 392 0256 26030000 		.4byte	.LASF37
 393 025a 26030000 		.4byte	.LASF37
 394 025e 0D       		.byte	0xd
 395 025f 5401     		.2byte	0x154
 396 0261 19       		.uleb128 0x19
 397 0262 C4010000 		.4byte	.LASF38
 398 0266 C4010000 		.4byte	.LASF38
 399 026a 0D       		.byte	0xd
 400 026b 4F01     		.2byte	0x14f
 401 026d 1A       		.uleb128 0x1a
 402 026e 3D020000 		.4byte	.LASF39
 403 0272 3D020000 		.4byte	.LASF39
 404 0276 08       		.byte	0x8
 405 0277 97       		.byte	0x97
 406 0278 00       		.byte	0
 407              		.section	.debug_abbrev,"",%progbits
 408              	.Ldebug_abbrev0:
 409 0000 01       		.uleb128 0x1
 410 0001 11       		.uleb128 0x11
 411 0002 01       		.byte	0x1
 412 0003 25       		.uleb128 0x25
 413 0004 0E       		.uleb128 0xe
 414 0005 13       		.uleb128 0x13
 415 0006 0B       		.uleb128 0xb
 416 0007 03       		.uleb128 0x3
 417 0008 0E       		.uleb128 0xe
 418 0009 1B       		.uleb128 0x1b
 419 000a 0E       		.uleb128 0xe
 420 000b 55       		.uleb128 0x55
 421 000c 17       		.uleb128 0x17
 422 000d 11       		.uleb128 0x11
 423 000e 01       		.uleb128 0x1
 424 000f 10       		.uleb128 0x10
 425 0010 17       		.uleb128 0x17
 426 0011 00       		.byte	0
 427 0012 00       		.byte	0
ARM GAS  C:\Users\saman\AppData\Local\Temp\ccsqY3pk.s 			page 10


 428 0013 02       		.uleb128 0x2
 429 0014 24       		.uleb128 0x24
 430 0015 00       		.byte	0
 431 0016 0B       		.uleb128 0xb
 432 0017 0B       		.uleb128 0xb
 433 0018 3E       		.uleb128 0x3e
 434 0019 0B       		.uleb128 0xb
 435 001a 03       		.uleb128 0x3
 436 001b 0E       		.uleb128 0xe
 437 001c 00       		.byte	0
 438 001d 00       		.byte	0
 439 001e 03       		.uleb128 0x3
 440 001f 16       		.uleb128 0x16
 441 0020 00       		.byte	0
 442 0021 03       		.uleb128 0x3
 443 0022 0E       		.uleb128 0xe
 444 0023 3A       		.uleb128 0x3a
 445 0024 0B       		.uleb128 0xb
 446 0025 3B       		.uleb128 0x3b
 447 0026 0B       		.uleb128 0xb
 448 0027 49       		.uleb128 0x49
 449 0028 13       		.uleb128 0x13
 450 0029 00       		.byte	0
 451 002a 00       		.byte	0
 452 002b 04       		.uleb128 0x4
 453 002c 24       		.uleb128 0x24
 454 002d 00       		.byte	0
 455 002e 0B       		.uleb128 0xb
 456 002f 0B       		.uleb128 0xb
 457 0030 3E       		.uleb128 0x3e
 458 0031 0B       		.uleb128 0xb
 459 0032 03       		.uleb128 0x3
 460 0033 08       		.uleb128 0x8
 461 0034 00       		.byte	0
 462 0035 00       		.byte	0
 463 0036 05       		.uleb128 0x5
 464 0037 16       		.uleb128 0x16
 465 0038 00       		.byte	0
 466 0039 03       		.uleb128 0x3
 467 003a 0E       		.uleb128 0xe
 468 003b 3A       		.uleb128 0x3a
 469 003c 0B       		.uleb128 0xb
 470 003d 3B       		.uleb128 0x3b
 471 003e 05       		.uleb128 0x5
 472 003f 49       		.uleb128 0x49
 473 0040 13       		.uleb128 0x13
 474 0041 00       		.byte	0
 475 0042 00       		.byte	0
 476 0043 06       		.uleb128 0x6
 477 0044 0F       		.uleb128 0xf
 478 0045 00       		.byte	0
 479 0046 0B       		.uleb128 0xb
 480 0047 0B       		.uleb128 0xb
 481 0048 49       		.uleb128 0x49
 482 0049 13       		.uleb128 0x13
 483 004a 00       		.byte	0
 484 004b 00       		.byte	0
ARM GAS  C:\Users\saman\AppData\Local\Temp\ccsqY3pk.s 			page 11


 485 004c 07       		.uleb128 0x7
 486 004d 15       		.uleb128 0x15
 487 004e 01       		.byte	0x1
 488 004f 27       		.uleb128 0x27
 489 0050 19       		.uleb128 0x19
 490 0051 01       		.uleb128 0x1
 491 0052 13       		.uleb128 0x13
 492 0053 00       		.byte	0
 493 0054 00       		.byte	0
 494 0055 08       		.uleb128 0x8
 495 0056 05       		.uleb128 0x5
 496 0057 00       		.byte	0
 497 0058 49       		.uleb128 0x49
 498 0059 13       		.uleb128 0x13
 499 005a 00       		.byte	0
 500 005b 00       		.byte	0
 501 005c 09       		.uleb128 0x9
 502 005d 13       		.uleb128 0x13
 503 005e 01       		.byte	0x1
 504 005f 0B       		.uleb128 0xb
 505 0060 0B       		.uleb128 0xb
 506 0061 3A       		.uleb128 0x3a
 507 0062 0B       		.uleb128 0xb
 508 0063 3B       		.uleb128 0x3b
 509 0064 0B       		.uleb128 0xb
 510 0065 01       		.uleb128 0x1
 511 0066 13       		.uleb128 0x13
 512 0067 00       		.byte	0
 513 0068 00       		.byte	0
 514 0069 0A       		.uleb128 0xa
 515 006a 0D       		.uleb128 0xd
 516 006b 00       		.byte	0
 517 006c 03       		.uleb128 0x3
 518 006d 08       		.uleb128 0x8
 519 006e 3A       		.uleb128 0x3a
 520 006f 0B       		.uleb128 0xb
 521 0070 3B       		.uleb128 0x3b
 522 0071 0B       		.uleb128 0xb
 523 0072 49       		.uleb128 0x49
 524 0073 13       		.uleb128 0x13
 525 0074 38       		.uleb128 0x38
 526 0075 0B       		.uleb128 0xb
 527 0076 00       		.byte	0
 528 0077 00       		.byte	0
 529 0078 0B       		.uleb128 0xb
 530 0079 0D       		.uleb128 0xd
 531 007a 00       		.byte	0
 532 007b 03       		.uleb128 0x3
 533 007c 0E       		.uleb128 0xe
 534 007d 3A       		.uleb128 0x3a
 535 007e 0B       		.uleb128 0xb
 536 007f 3B       		.uleb128 0x3b
 537 0080 0B       		.uleb128 0xb
 538 0081 49       		.uleb128 0x49
 539 0082 13       		.uleb128 0x13
 540 0083 38       		.uleb128 0x38
 541 0084 0B       		.uleb128 0xb
ARM GAS  C:\Users\saman\AppData\Local\Temp\ccsqY3pk.s 			page 12


 542 0085 00       		.byte	0
 543 0086 00       		.byte	0
 544 0087 0C       		.uleb128 0xc
 545 0088 2E       		.uleb128 0x2e
 546 0089 01       		.byte	0x1
 547 008a 3F       		.uleb128 0x3f
 548 008b 19       		.uleb128 0x19
 549 008c 03       		.uleb128 0x3
 550 008d 0E       		.uleb128 0xe
 551 008e 3A       		.uleb128 0x3a
 552 008f 0B       		.uleb128 0xb
 553 0090 3B       		.uleb128 0x3b
 554 0091 0B       		.uleb128 0xb
 555 0092 27       		.uleb128 0x27
 556 0093 19       		.uleb128 0x19
 557 0094 8701     		.uleb128 0x87
 558 0096 19       		.uleb128 0x19
 559 0097 11       		.uleb128 0x11
 560 0098 01       		.uleb128 0x1
 561 0099 12       		.uleb128 0x12
 562 009a 06       		.uleb128 0x6
 563 009b 40       		.uleb128 0x40
 564 009c 18       		.uleb128 0x18
 565 009d 9742     		.uleb128 0x2117
 566 009f 19       		.uleb128 0x19
 567 00a0 01       		.uleb128 0x1
 568 00a1 13       		.uleb128 0x13
 569 00a2 00       		.byte	0
 570 00a3 00       		.byte	0
 571 00a4 0D       		.uleb128 0xd
 572 00a5 34       		.uleb128 0x34
 573 00a6 00       		.byte	0
 574 00a7 03       		.uleb128 0x3
 575 00a8 08       		.uleb128 0x8
 576 00a9 3A       		.uleb128 0x3a
 577 00aa 0B       		.uleb128 0xb
 578 00ab 3B       		.uleb128 0x3b
 579 00ac 0B       		.uleb128 0xb
 580 00ad 49       		.uleb128 0x49
 581 00ae 13       		.uleb128 0x13
 582 00af 02       		.uleb128 0x2
 583 00b0 18       		.uleb128 0x18
 584 00b1 00       		.byte	0
 585 00b2 00       		.byte	0
 586 00b3 0E       		.uleb128 0xe
 587 00b4 898201   		.uleb128 0x4109
 588 00b7 01       		.byte	0x1
 589 00b8 11       		.uleb128 0x11
 590 00b9 01       		.uleb128 0x1
 591 00ba 31       		.uleb128 0x31
 592 00bb 13       		.uleb128 0x13
 593 00bc 01       		.uleb128 0x1
 594 00bd 13       		.uleb128 0x13
 595 00be 00       		.byte	0
 596 00bf 00       		.byte	0
 597 00c0 0F       		.uleb128 0xf
 598 00c1 8A8201   		.uleb128 0x410a
ARM GAS  C:\Users\saman\AppData\Local\Temp\ccsqY3pk.s 			page 13


 599 00c4 00       		.byte	0
 600 00c5 02       		.uleb128 0x2
 601 00c6 18       		.uleb128 0x18
 602 00c7 9142     		.uleb128 0x2111
 603 00c9 18       		.uleb128 0x18
 604 00ca 00       		.byte	0
 605 00cb 00       		.byte	0
 606 00cc 10       		.uleb128 0x10
 607 00cd 898201   		.uleb128 0x4109
 608 00d0 00       		.byte	0
 609 00d1 11       		.uleb128 0x11
 610 00d2 01       		.uleb128 0x1
 611 00d3 31       		.uleb128 0x31
 612 00d4 13       		.uleb128 0x13
 613 00d5 00       		.byte	0
 614 00d6 00       		.byte	0
 615 00d7 11       		.uleb128 0x11
 616 00d8 898201   		.uleb128 0x4109
 617 00db 01       		.byte	0x1
 618 00dc 11       		.uleb128 0x11
 619 00dd 01       		.uleb128 0x1
 620 00de 31       		.uleb128 0x31
 621 00df 13       		.uleb128 0x13
 622 00e0 00       		.byte	0
 623 00e1 00       		.byte	0
 624 00e2 12       		.uleb128 0x12
 625 00e3 34       		.uleb128 0x34
 626 00e4 00       		.byte	0
 627 00e5 03       		.uleb128 0x3
 628 00e6 0E       		.uleb128 0xe
 629 00e7 3A       		.uleb128 0x3a
 630 00e8 0B       		.uleb128 0xb
 631 00e9 3B       		.uleb128 0x3b
 632 00ea 0B       		.uleb128 0xb
 633 00eb 49       		.uleb128 0x49
 634 00ec 13       		.uleb128 0x13
 635 00ed 3F       		.uleb128 0x3f
 636 00ee 19       		.uleb128 0x19
 637 00ef 3C       		.uleb128 0x3c
 638 00f0 19       		.uleb128 0x19
 639 00f1 00       		.byte	0
 640 00f2 00       		.byte	0
 641 00f3 13       		.uleb128 0x13
 642 00f4 34       		.uleb128 0x34
 643 00f5 00       		.byte	0
 644 00f6 03       		.uleb128 0x3
 645 00f7 0E       		.uleb128 0xe
 646 00f8 3A       		.uleb128 0x3a
 647 00f9 0B       		.uleb128 0xb
 648 00fa 3B       		.uleb128 0x3b
 649 00fb 05       		.uleb128 0x5
 650 00fc 49       		.uleb128 0x49
 651 00fd 13       		.uleb128 0x13
 652 00fe 3F       		.uleb128 0x3f
 653 00ff 19       		.uleb128 0x19
 654 0100 3C       		.uleb128 0x3c
 655 0101 19       		.uleb128 0x19
ARM GAS  C:\Users\saman\AppData\Local\Temp\ccsqY3pk.s 			page 14


 656 0102 00       		.byte	0
 657 0103 00       		.byte	0
 658 0104 14       		.uleb128 0x14
 659 0105 35       		.uleb128 0x35
 660 0106 00       		.byte	0
 661 0107 49       		.uleb128 0x49
 662 0108 13       		.uleb128 0x13
 663 0109 00       		.byte	0
 664 010a 00       		.byte	0
 665 010b 15       		.uleb128 0x15
 666 010c 01       		.uleb128 0x1
 667 010d 01       		.byte	0x1
 668 010e 49       		.uleb128 0x49
 669 010f 13       		.uleb128 0x13
 670 0110 01       		.uleb128 0x1
 671 0111 13       		.uleb128 0x13
 672 0112 00       		.byte	0
 673 0113 00       		.byte	0
 674 0114 16       		.uleb128 0x16
 675 0115 21       		.uleb128 0x21
 676 0116 00       		.byte	0
 677 0117 49       		.uleb128 0x49
 678 0118 13       		.uleb128 0x13
 679 0119 2F       		.uleb128 0x2f
 680 011a 0B       		.uleb128 0xb
 681 011b 00       		.byte	0
 682 011c 00       		.byte	0
 683 011d 17       		.uleb128 0x17
 684 011e 26       		.uleb128 0x26
 685 011f 00       		.byte	0
 686 0120 49       		.uleb128 0x49
 687 0121 13       		.uleb128 0x13
 688 0122 00       		.byte	0
 689 0123 00       		.byte	0
 690 0124 18       		.uleb128 0x18
 691 0125 34       		.uleb128 0x34
 692 0126 00       		.byte	0
 693 0127 03       		.uleb128 0x3
 694 0128 0E       		.uleb128 0xe
 695 0129 3A       		.uleb128 0x3a
 696 012a 0B       		.uleb128 0xb
 697 012b 3B       		.uleb128 0x3b
 698 012c 0B       		.uleb128 0xb
 699 012d 49       		.uleb128 0x49
 700 012e 13       		.uleb128 0x13
 701 012f 3F       		.uleb128 0x3f
 702 0130 19       		.uleb128 0x19
 703 0131 02       		.uleb128 0x2
 704 0132 18       		.uleb128 0x18
 705 0133 00       		.byte	0
 706 0134 00       		.byte	0
 707 0135 19       		.uleb128 0x19
 708 0136 2E       		.uleb128 0x2e
 709 0137 00       		.byte	0
 710 0138 3F       		.uleb128 0x3f
 711 0139 19       		.uleb128 0x19
 712 013a 3C       		.uleb128 0x3c
ARM GAS  C:\Users\saman\AppData\Local\Temp\ccsqY3pk.s 			page 15


 713 013b 19       		.uleb128 0x19
 714 013c 6E       		.uleb128 0x6e
 715 013d 0E       		.uleb128 0xe
 716 013e 03       		.uleb128 0x3
 717 013f 0E       		.uleb128 0xe
 718 0140 3A       		.uleb128 0x3a
 719 0141 0B       		.uleb128 0xb
 720 0142 3B       		.uleb128 0x3b
 721 0143 05       		.uleb128 0x5
 722 0144 00       		.byte	0
 723 0145 00       		.byte	0
 724 0146 1A       		.uleb128 0x1a
 725 0147 2E       		.uleb128 0x2e
 726 0148 00       		.byte	0
 727 0149 3F       		.uleb128 0x3f
 728 014a 19       		.uleb128 0x19
 729 014b 3C       		.uleb128 0x3c
 730 014c 19       		.uleb128 0x19
 731 014d 6E       		.uleb128 0x6e
 732 014e 0E       		.uleb128 0xe
 733 014f 03       		.uleb128 0x3
 734 0150 0E       		.uleb128 0xe
 735 0151 3A       		.uleb128 0x3a
 736 0152 0B       		.uleb128 0xb
 737 0153 3B       		.uleb128 0x3b
 738 0154 0B       		.uleb128 0xb
 739 0155 00       		.byte	0
 740 0156 00       		.byte	0
 741 0157 00       		.byte	0
 742              		.section	.debug_aranges,"",%progbits
 743 0000 1C000000 		.4byte	0x1c
 744 0004 0200     		.2byte	0x2
 745 0006 00000000 		.4byte	.Ldebug_info0
 746 000a 04       		.byte	0x4
 747 000b 00       		.byte	0
 748 000c 0000     		.2byte	0
 749 000e 0000     		.2byte	0
 750 0010 00000000 		.4byte	.LFB110
 751 0014 2C000000 		.4byte	.LFE110-.LFB110
 752 0018 00000000 		.4byte	0
 753 001c 00000000 		.4byte	0
 754              		.section	.debug_ranges,"",%progbits
 755              	.Ldebug_ranges0:
 756 0000 00000000 		.4byte	.LFB110
 757 0004 2C000000 		.4byte	.LFE110
 758 0008 00000000 		.4byte	0
 759 000c 00000000 		.4byte	0
 760              		.section	.debug_line,"",%progbits
 761              	.Ldebug_line0:
 762 0000 7F020000 		.section	.debug_str,"MS",%progbits,1
 762      02005202 
 762      00000201 
 762      FB0E0D00 
 762      01010101 
 763              	.LASF43:
 764 0000 46756E63 		.ascii	"Functsk_control\000"
 764      74736B5F 
ARM GAS  C:\Users\saman\AppData\Local\Temp\ccsqY3pk.s 			page 16


 764      636F6E74 
 764      726F6C00 
 765              	.LASF36:
 766 0010 45455F6F 		.ascii	"EE_oo_WaitEvent\000"
 766      6F5F5761 
 766      69744576 
 766      656E7400 
 767              	.LASF27:
 768 0020 5254455F 		.ascii	"RTE_eventTable_t\000"
 768      6576656E 
 768      74546162 
 768      6C655F74 
 768      00
 769              	.LASF5:
 770 0031 5F5F696E 		.ascii	"__int32_t\000"
 770      7433325F 
 770      7400
 771              	.LASF22:
 772 003b 4576656E 		.ascii	"EventMaskType\000"
 772      744D6173 
 772      6B547970 
 772      6500
 773              	.LASF35:
 774 0049 5254455F 		.ascii	"RTE_eventActivation_tsk_control_size\000"
 774      6576656E 
 774      74416374 
 774      69766174 
 774      696F6E5F 
 775              	.LASF14:
 776 006e 646F7562 		.ascii	"double\000"
 776      6C6500
 777              	.LASF29:
 778 0075 45455F6F 		.ascii	"EE_oo_IRQ_suspend_status\000"
 778      6F5F4952 
 778      515F7375 
 778      7370656E 
 778      645F7374 
 779              	.LASF21:
 780 008e 45455F54 		.ascii	"EE_TID\000"
 780      494400
 781              	.LASF13:
 782 0095 666C6F61 		.ascii	"float\000"
 782      7400
 783              	.LASF34:
 784 009b 5254455F 		.ascii	"RTE_eventActivationTable_tsk_control\000"
 784      6576656E 
 784      74416374 
 784      69766174 
 784      696F6E54 
 785              	.LASF1:
 786 00c0 756E7369 		.ascii	"unsigned char\000"
 786      676E6564 
 786      20636861 
 786      7200
 787              	.LASF40:
 788 00ce 474E5520 		.ascii	"GNU C11 5.4.1 20160609 (release) [ARM/embedded-5-br"
 788      43313120 
ARM GAS  C:\Users\saman\AppData\Local\Temp\ccsqY3pk.s 			page 17


 788      352E342E 
 788      31203230 
 788      31363036 
 789 0101 616E6368 		.ascii	"anch revision 237715] -mcpu=cortex-m3 -mthumb -g -O"
 789      20726576 
 789      6973696F 
 789      6E203233 
 789      37373135 
 790 0134 67202D66 		.ascii	"g -ffunction-sections -ffat-lto-objects\000"
 790      66756E63 
 790      74696F6E 
 790      2D736563 
 790      74696F6E 
 791              	.LASF17:
 792 015c 45455F49 		.ascii	"EE_INT32\000"
 792      4E543332 
 792      00
 793              	.LASF7:
 794 0165 6C6F6E67 		.ascii	"long unsigned int\000"
 794      20756E73 
 794      69676E65 
 794      6420696E 
 794      7400
 795              	.LASF3:
 796 0177 73686F72 		.ascii	"short unsigned int\000"
 796      7420756E 
 796      7369676E 
 796      65642069 
 796      6E7400
 797              	.LASF28:
 798 018a 45455F6F 		.ascii	"EE_oo_IRQ_disable_count\000"
 798      6F5F4952 
 798      515F6469 
 798      7361626C 
 798      655F636F 
 799              	.LASF33:
 800 01a2 49544D5F 		.ascii	"ITM_RxBuffer\000"
 800      52784275 
 800      66666572 
 800      00
 801              	.LASF4:
 802 01af 5F5F7569 		.ascii	"__uint16_t\000"
 802      6E743136 
 802      5F7400
 803              	.LASF24:
 804 01ba 5254455F 		.ascii	"RTE_event\000"
 804      6576656E 
 804      7400
 805              	.LASF38:
 806 01c4 45455F6F 		.ascii	"EE_oo_ClearEvent\000"
 806      6F5F436C 
 806      65617245 
 806      76656E74 
 806      00
 807              	.LASF26:
 808 01d5 6576656E 		.ascii	"event\000"
 808      7400
ARM GAS  C:\Users\saman\AppData\Local\Temp\ccsqY3pk.s 			page 18


 809              	.LASF31:
 810 01db 45455F73 		.ascii	"EE_std_endcycle_next_tid\000"
 810      74645F65 
 810      6E646379 
 810      636C655F 
 810      6E657874 
 811              	.LASF10:
 812 01f4 756E7369 		.ascii	"unsigned int\000"
 812      676E6564 
 812      20696E74 
 812      00
 813              	.LASF20:
 814 0201 45455F46 		.ascii	"EE_FREG\000"
 814      52454700 
 815              	.LASF18:
 816 0209 45455F55 		.ascii	"EE_UINT32\000"
 816      494E5433 
 816      3200
 817              	.LASF9:
 818 0213 6C6F6E67 		.ascii	"long long unsigned int\000"
 818      206C6F6E 
 818      6720756E 
 818      7369676E 
 818      65642069 
 819              	.LASF30:
 820 022a 45455F41 		.ascii	"EE_ApplicationMode\000"
 820      70706C69 
 820      63617469 
 820      6F6E4D6F 
 820      646500
 821              	.LASF39:
 822 023d 5254455F 		.ascii	"RTE_ProcessEventTable\000"
 822      50726F63 
 822      65737345 
 822      76656E74 
 822      5461626C 
 823              	.LASF12:
 824 0253 696E7433 		.ascii	"int32_t\000"
 824      325F7400 
 825              	.LASF23:
 826 025b 73697A65 		.ascii	"sizetype\000"
 826      74797065 
 826      00
 827              	.LASF8:
 828 0264 6C6F6E67 		.ascii	"long long int\000"
 828      206C6F6E 
 828      6720696E 
 828      7400
 829              	.LASF15:
 830 0272 63686172 		.ascii	"char\000"
 830      00
 831              	.LASF19:
 832 0277 45455F55 		.ascii	"EE_UREG\000"
 832      52454700 
 833              	.LASF32:
 834 027f 45455F49 		.ascii	"EE_IRQ_nesting_level\000"
 834      52515F6E 
ARM GAS  C:\Users\saman\AppData\Local\Temp\ccsqY3pk.s 			page 19


 834      65737469 
 834      6E675F6C 
 834      6576656C 
 835              	.LASF2:
 836 0294 73686F72 		.ascii	"short int\000"
 836      7420696E 
 836      7400
 837              	.LASF11:
 838 029e 75696E74 		.ascii	"uint16_t\000"
 838      31365F74 
 838      00
 839              	.LASF41:
 840 02a7 736F7572 		.ascii	"source\\asw\\tsk_control.c\000"
 840      63655C61 
 840      73775C74 
 840      736B5F63 
 840      6F6E7472 
 841              	.LASF42:
 842 02c0 443A5C68 		.ascii	"D:\\h_da\\sem2\\eaa\\lab2\\lab2\\my\\assignment2\\E"
 842      5F64615C 
 842      73656D32 
 842      5C656161 
 842      5C6C6162 
 843 02eb 436C6F63 		.ascii	"Clock.cydsn\000"
 843      6B2E6379 
 843      64736E00 
 844              	.LASF6:
 845 02f7 6C6F6E67 		.ascii	"long int\000"
 845      20696E74 
 845      00
 846              	.LASF16:
 847 0300 6C6F6E67 		.ascii	"long double\000"
 847      20646F75 
 847      626C6500 
 848              	.LASF0:
 849 030c 7369676E 		.ascii	"signed char\000"
 849      65642063 
 849      68617200 
 850              	.LASF25:
 851 0318 5254455F 		.ascii	"RTE_pRunnable\000"
 851      7052756E 
 851      6E61626C 
 851      6500
 852              	.LASF37:
 853 0326 45455F6F 		.ascii	"EE_oo_GetEvent\000"
 853      6F5F4765 
 853      74457665 
 853      6E7400
 854              		.ident	"GCC: (GNU Tools for ARM Embedded Processors) 5.4.1 20160609 (release) [ARM/embedded-5-bran
